<?xml version="1.0" encoding="UTF-8"?>
<testsuites name="Holden_Sprint_All_Dev" time="3" tests="1" failures="0" errors="0">
   <testsuite name="Holden_Sprint_All_Dev" tests="1" failures="0" errors="0" time="3" timestamp="2018-10-12 14:38:12" hostname="vinh.le - TITAN-V-2001.titandms.local" id="Test Suites/API_Holden/Holden_Sprint_All_Dev">
      <properties>
         <property name="deviceName" value=""/>
         <property name="devicePlatform" value=""/>
         <property name="logFolder" value="C:\\Users\\vinh.le\\git\\TitanAPIKatalon\\Reports\\API_Holden\\Holden_Sprint_All_Dev\\20181012_143811"/>
         <property name="logFiles" value="C:\\Users\\vinh.le\\git\\TitanAPIKatalon\\Reports\\API_Holden\\Holden_Sprint_All_Dev\\20181012_143811\\execution0.log"/>
         <property name="attachments" value=""/>
         <property name="hostName" value="vinh.le - TITAN-V-2001.titandms.local"/>
         <property name="hostAddress" value="192.168.3.19"/>
         <property name="os" value="Windows 10 64bit"/>
         <property name="katalonVersion" value="5.7.1.1"/>
      </properties>
      <testcase name="Test Cases/HOLDEN/Main Holden Test Case - All Sprint" classname="Test Cases/HOLDEN/Main Holden Test Case - All Sprint" status="PASSED">
         <system-out><![CDATA[2018-10-12 14:38:13 - [TEST_CASE][PASSED] - Test Cases/HOLDEN/Main Holden Test Case - All Sprint: Test Cases/HOLDEN/Main Holden Test Case - All Sprint

2018-10-12 14:38:13 - [TEST_STEP][PASSED] - callTestCase: Call Test Case 'Test Cases/HOLDEN/Library Test Case/Holden_00_Setup_Method_And_Variables' successfully

2018-10-12 14:38:13 - [TEST_CASE][PASSED] - Test Cases/HOLDEN/Library Test Case/Holden_00_Setup_Method_And_Variables: Test Cases/HOLDEN/Library Test Case/Holden_00_Setup_Method_And_Variables

2018-10-12 14:38:13 - [TEST_STEP][PASSED] - Statement - If (!(Setup_Dealer_Code == "")): null

2018-10-12 14:38:13 - [TEST_STEP][PASSED] - Statement - If (!(Setup_FirstName == "")): null

2018-10-12 14:38:13 - [TEST_STEP][PASSED] - Statement - If (!(Setup_LastName == "")): null

2018-10-12 14:38:13 - [TEST_STEP][PASSED] - Statement - If (!(Setup_StartSearchDate == "")): null

2018-10-12 14:38:13 - [TEST_STEP][PASSED] - Statement - If (!(Setup_EndSearchDate == "")): null

2018-10-12 14:38:13 - [TEST_STEP][PASSED] - Statement - If (Setup_CustomerType.toString().toLowerCase() == "exist"): null

2018-10-12 14:38:13 - [TEST_STEP][PASSED] - Statement - If (!(Setup_AddJobLine == "")): null

2018-10-12 14:38:13 - [TEST_STEP][PASSED] - Statement - If (!(Setup_BookingId == "")): null

2018-10-12 14:38:13 - [TEST_STEP][PASSED] - Statement - If (!(Setup_TradingEntityId == "")): null

2018-10-12 14:38:13 - [TEST_STEP][PASSED] - Statement - If (!(Setup_LineOne == "")): null

2018-10-12 14:38:13 - [TEST_STEP][PASSED] - Statement - If (!(Setup_CityName == "")): null

2018-10-12 14:38:13 - [TEST_STEP][PASSED] - Statement - If (!(Setup_CountryID == "")): null

2018-10-12 14:38:13 - [TEST_STEP][PASSED] - Statement - If (!(Setup_Postcode == "")): null

2018-10-12 14:38:13 - [TEST_STEP][PASSED] - Statement - If (!(Setup_State == "")): null

2018-10-12 14:38:13 - [TEST_STEP][PASSED] - Statement - If (!(Setup_ChannelCode == "")): null

2018-10-12 14:38:13 - [TEST_STEP][PASSED] - Statement - If (!(Setup_PhoneNumber == "")): null

2018-10-12 14:38:13 - [TEST_STEP][PASSED] - Statement - If (!(Setup_Email == "")): null

2018-10-12 14:38:13 - [TEST_STEP][PASSED] - Statement - If (!(Setup_Model == "")): null

2018-10-12 14:38:13 - [TEST_STEP][PASSED] - Statement - If (!(Setup_ModelYear == "")): null

2018-10-12 14:38:13 - [TEST_STEP][PASSED] - Statement - If (!(Setup_MakeString == "")): null

2018-10-12 14:38:13 - [TEST_STEP][PASSED] - Statement - If (!(Setup_ManufacturerName == "")): null

2018-10-12 14:38:13 - [TEST_STEP][PASSED] - Statement - If (!(Setup_VehicleID == "")): null

2018-10-12 14:38:13 - [TEST_STEP][PASSED] - Statement - SetDate = { java.util.Date current_time, int number_month, int number_day, int number_hour, java.lang.String format_date -> ... }: null

2018-10-12 14:38:13 - [TEST_STEP][PASSED] - Statement - RandomNumber = { int number -> ... }: null

2018-10-12 14:38:13 - [TEST_STEP][PASSED] - Statement - today = new java.util.Date(): null

2018-10-12 14:38:13 - [TEST_STEP][PASSED] - Statement - current_date = today.format("YYYY-MM-dd"): null

2018-10-12 14:38:13 - [TEST_STEP][PASSED] - Statement - Glb_Current_Date = current_date: null

2018-10-12 14:38:13 - [TEST_STEP][PASSED] - Statement - Glb_Current_Hour = SetDate.call(today, 0, 0, 4, "HH:mm"): null

2018-10-12 14:38:13 - [TEST_STEP][PASSED] - Statement - If (Glb_StartSearchDate.toString().toLowerCase() == "cr"): null

2018-10-12 14:38:13 - [TEST_STEP][PASSED] - Statement - If (Glb_EndSearchDate.toString().toLowerCase() == "cr"): null

2018-10-12 14:38:13 - [TEST_STEP][PASSED] - Statement - Glb_ContactId = "1901" + RandomNumber.call(999999): null

2018-10-12 14:38:13 - [MESSAGE][PASSED] - Call Test Case 'Test Cases/HOLDEN/Library Test Case/Holden_00_Setup_Method_And_Variables' successfully

2018-10-12 14:38:13 - [TEST_STEP][PASSED] - Statement - If (var_Status_GetIntegration == "true"): Call Test Case 'Test Cases/HOLDEN/Library Test Case/Holden_01_GetIntegrationConfiguration' successfully

2018-10-12 14:38:13 - [TEST_CASE][PASSED] - Test Cases/HOLDEN/Library Test Case/Holden_01_GetIntegrationConfiguration: Test Cases/HOLDEN/Library Test Case/Holden_01_GetIntegrationConfiguration

2018-10-12 14:38:14 - [TEST_STEP][PASSED] - Statement - println(Glb_Dealer_Code): null

2018-10-12 14:38:14 - [TEST_STEP][PASSED] - Statement - IntegrationConfig = com.kms.katalon.core.testobject.ObjectRepository.findTestObject(Holden/Holden_01_GetIntegrationConfiguration, [obj_DealerId:internal.GlobalVariable.Glb_Dealer_Code]): Finding Test Object with id 'Object Repository/Holden/Holden_01_GetIntegrationConfiguration'

2018-10-12 14:38:14 - [TEST_STEP][PASSED] - Statement - res_IntegrationConfig = com.kms.katalon.core.webservice.keyword.WSBuiltInKeywords.sendRequest(IntegrationConfig): Send request successfully

2018-10-12 14:38:14 - [MESSAGE][PASSED] - Send request successfully

2018-10-12 14:38:14 - [TEST_STEP][PASSED] - qaVinhLe.Library_Method_VinhLe.verifyResponseCode_Msg: qaVinhLe.Library_Method_VinhLe.verifyResponseCode_Msg is PASSED

2018-10-12 14:38:14 - [MESSAGE][PASSED] - Verify response status code successfully

2018-10-12 14:38:14 - [MESSAGE][PASSED] - qaVinhLe.Library_Method_VinhLe.verifyResponseCode_Msg is PASSED

2018-10-12 14:38:14 - [TEST_STEP][PASSED] - qaVinhLe.Library_Method_VinhLe.verifyValueSOAPNode: qaVinhLe.Library_Method_VinhLe.verifyValueSOAPNode is PASSED

2018-10-12 14:38:14 - [MESSAGE][PASSED] - qaVinhLe.Library_Method_VinhLe.verifyValueSOAPNode is PASSED

2018-10-12 14:38:14 - [TEST_STEP][PASSED] - qaVinhLe.Library_Method_VinhLe.verifyValueSOAPNode: qaVinhLe.Library_Method_VinhLe.verifyValueSOAPNode is PASSED

2018-10-12 14:38:14 - [MESSAGE][PASSED] - qaVinhLe.Library_Method_VinhLe.verifyValueSOAPNode is PASSED

2018-10-12 14:38:14 - [TEST_STEP][PASSED] - qaVinhLe.Library_Method_VinhLe.verifyValueSOAPNode: qaVinhLe.Library_Method_VinhLe.verifyValueSOAPNode is PASSED

2018-10-12 14:38:14 - [MESSAGE][PASSED] - qaVinhLe.Library_Method_VinhLe.verifyValueSOAPNode is PASSED

2018-10-12 14:38:14 - [TEST_STEP][PASSED] - qaVinhLe.Library_Method_VinhLe.verifyValueSOAPNode: qaVinhLe.Library_Method_VinhLe.verifyValueSOAPNode is PASSED

2018-10-12 14:38:14 - [MESSAGE][PASSED] - qaVinhLe.Library_Method_VinhLe.verifyValueSOAPNode is PASSED

2018-10-12 14:38:14 - [TEST_STEP][PASSED] - qaVinhLe.Library_Method_VinhLe.verifyValueSOAPNode: qaVinhLe.Library_Method_VinhLe.verifyValueSOAPNode is PASSED

2018-10-12 14:38:14 - [MESSAGE][PASSED] - qaVinhLe.Library_Method_VinhLe.verifyValueSOAPNode is PASSED

2018-10-12 14:38:14 - [TEST_STEP][PASSED] - qaVinhLe.Library_Method_VinhLe.verifyValueSOAPNode: qaVinhLe.Library_Method_VinhLe.verifyValueSOAPNode is PASSED

2018-10-12 14:38:14 - [MESSAGE][PASSED] - qaVinhLe.Library_Method_VinhLe.verifyValueSOAPNode is PASSED

2018-10-12 14:38:14 - [TEST_STEP][PASSED] - qaVinhLe.Library_Method_VinhLe.verifyValueSOAPNode: qaVinhLe.Library_Method_VinhLe.verifyValueSOAPNode is PASSED

2018-10-12 14:38:14 - [MESSAGE][PASSED] - qaVinhLe.Library_Method_VinhLe.verifyValueSOAPNode is PASSED

2018-10-12 14:38:14 - [TEST_STEP][PASSED] - qaVinhLe.Library_Method_VinhLe.verifyValueSOAPNode: qaVinhLe.Library_Method_VinhLe.verifyValueSOAPNode is PASSED

2018-10-12 14:38:14 - [MESSAGE][PASSED] - qaVinhLe.Library_Method_VinhLe.verifyValueSOAPNode is PASSED

2018-10-12 14:38:14 - [TEST_STEP][PASSED] - qaVinhLe.Library_Method_VinhLe.verifyValueSOAPNode: qaVinhLe.Library_Method_VinhLe.verifyValueSOAPNode is PASSED

2018-10-12 14:38:14 - [MESSAGE][PASSED] - qaVinhLe.Library_Method_VinhLe.verifyValueSOAPNode is PASSED

2018-10-12 14:38:14 - [TEST_STEP][PASSED] - qaVinhLe.Library_Method_VinhLe.verifyValueSOAPNode: qaVinhLe.Library_Method_VinhLe.verifyValueSOAPNode is PASSED

2018-10-12 14:38:14 - [MESSAGE][PASSED] - qaVinhLe.Library_Method_VinhLe.verifyValueSOAPNode is PASSED

2018-10-12 14:38:14 - [TEST_STEP][PASSED] - qaVinhLe.Library_Method_VinhLe.verifyAttributeSOAPNode: qaVinhLe.Library_Method_VinhLe.verifyAttributeSOAPNode is PASSED

2018-10-12 14:38:14 - [MESSAGE][PASSED] - qaVinhLe.Library_Method_VinhLe.verifyAttributeSOAPNode is PASSED

2018-10-12 14:38:14 - [TEST_STEP][PASSED] - qaVinhLe.Library_Method_VinhLe.verifyValueSOAPNode: qaVinhLe.Library_Method_VinhLe.verifyValueSOAPNode is PASSED

2018-10-12 14:38:14 - [MESSAGE][PASSED] - qaVinhLe.Library_Method_VinhLe.verifyValueSOAPNode is PASSED

2018-10-12 14:38:14 - [TEST_STEP][PASSED] - qaVinhLe.Library_Method_VinhLe.verifyValueSOAPNode: qaVinhLe.Library_Method_VinhLe.verifyValueSOAPNode is PASSED

2018-10-12 14:38:14 - [MESSAGE][PASSED] - qaVinhLe.Library_Method_VinhLe.verifyValueSOAPNode is PASSED

2018-10-12 14:38:14 - [TEST_STEP][PASSED] - qaVinhLe.Library_Method_VinhLe.verifyValueSOAPNode: qaVinhLe.Library_Method_VinhLe.verifyValueSOAPNode is PASSED

2018-10-12 14:38:14 - [MESSAGE][PASSED] - qaVinhLe.Library_Method_VinhLe.verifyValueSOAPNode is PASSED

2018-10-12 14:38:14 - [TEST_STEP][PASSED] - qaVinhLe.Library_Method_VinhLe.verifyValueSOAPNode: qaVinhLe.Library_Method_VinhLe.verifyValueSOAPNode is PASSED

2018-10-12 14:38:14 - [MESSAGE][PASSED] - qaVinhLe.Library_Method_VinhLe.verifyValueSOAPNode is PASSED

2018-10-12 14:38:14 - [TEST_STEP][PASSED] - qaVinhLe.Library_Method_VinhLe.verifyValueSOAPNode: qaVinhLe.Library_Method_VinhLe.verifyValueSOAPNode is PASSED

2018-10-12 14:38:14 - [MESSAGE][PASSED] - qaVinhLe.Library_Method_VinhLe.verifyValueSOAPNode is PASSED

2018-10-12 14:38:14 - [TEST_STEP][PASSED] - qaVinhLe.Library_Method_VinhLe.verifyValueSOAPNode: qaVinhLe.Library_Method_VinhLe.verifyValueSOAPNode is PASSED

2018-10-12 14:38:14 - [MESSAGE][PASSED] - qaVinhLe.Library_Method_VinhLe.verifyValueSOAPNode is PASSED

2018-10-12 14:38:14 - [TEST_STEP][PASSED] - qaVinhLe.Library_Method_VinhLe.verifyValueSOAPNode: qaVinhLe.Library_Method_VinhLe.verifyValueSOAPNode is PASSED

2018-10-12 14:38:14 - [MESSAGE][PASSED] - qaVinhLe.Library_Method_VinhLe.verifyValueSOAPNode is PASSED

2018-10-12 14:38:14 - [TEST_STEP][PASSED] - qaVinhLe.Library_Method_VinhLe.verifyValueSOAPNode: qaVinhLe.Library_Method_VinhLe.verifyValueSOAPNode is PASSED

2018-10-12 14:38:14 - [MESSAGE][PASSED] - qaVinhLe.Library_Method_VinhLe.verifyValueSOAPNode is PASSED

2018-10-12 14:38:14 - [TEST_STEP][PASSED] - qaVinhLe.Library_Method_VinhLe.verifyValueSOAPNode: qaVinhLe.Library_Method_VinhLe.verifyValueSOAPNode is PASSED

2018-10-12 14:38:14 - [MESSAGE][PASSED] - qaVinhLe.Library_Method_VinhLe.verifyValueSOAPNode is PASSED

2018-10-12 14:38:14 - [TEST_STEP][PASSED] - qaVinhLe.Library_Method_VinhLe.verifyValueSOAPNode: qaVinhLe.Library_Method_VinhLe.verifyValueSOAPNode is PASSED

2018-10-12 14:38:14 - [MESSAGE][PASSED] - qaVinhLe.Library_Method_VinhLe.verifyValueSOAPNode is PASSED

2018-10-12 14:38:14 - [TEST_STEP][PASSED] - qaVinhLe.Library_Method_VinhLe.verifyValueSOAPNode: qaVinhLe.Library_Method_VinhLe.verifyValueSOAPNode is PASSED

2018-10-12 14:38:14 - [MESSAGE][PASSED] - qaVinhLe.Library_Method_VinhLe.verifyValueSOAPNode is PASSED

2018-10-12 14:38:14 - [TEST_STEP][PASSED] - qaVinhLe.Library_Method_VinhLe.verifyValueSOAPNode: qaVinhLe.Library_Method_VinhLe.verifyValueSOAPNode is PASSED

2018-10-12 14:38:14 - [MESSAGE][PASSED] - qaVinhLe.Library_Method_VinhLe.verifyValueSOAPNode is PASSED

2018-10-12 14:38:14 - [TEST_STEP][PASSED] - qaVinhLe.Library_Method_VinhLe.verifyValueSOAPNode: qaVinhLe.Library_Method_VinhLe.verifyValueSOAPNode is PASSED

2018-10-12 14:38:14 - [MESSAGE][PASSED] - qaVinhLe.Library_Method_VinhLe.verifyValueSOAPNode is PASSED

2018-10-12 14:38:14 - [TEST_STEP][PASSED] - qaVinhLe.Library_Method_VinhLe.verifyValueSOAPNode: qaVinhLe.Library_Method_VinhLe.verifyValueSOAPNode is PASSED

2018-10-12 14:38:14 - [MESSAGE][PASSED] - qaVinhLe.Library_Method_VinhLe.verifyValueSOAPNode is PASSED

2018-10-12 14:38:14 - [MESSAGE][PASSED] - Call Test Case 'Test Cases/HOLDEN/Library Test Case/Holden_01_GetIntegrationConfiguration' successfully

2018-10-12 14:38:14 - [TEST_STEP][PASSED] - Statement - If (var_Status_GetCustomer == "true"): Call Test Case 'Test Cases/HOLDEN/Library Test Case/Holden_02_SearchCustomerInformation' successfully

2018-10-12 14:38:14 - [TEST_CASE][PASSED] - Test Cases/HOLDEN/Library Test Case/Holden_02_SearchCustomerInformation: Test Cases/HOLDEN/Library Test Case/Holden_02_SearchCustomerInformation

2018-10-12 14:38:14 - [TEST_STEP][PASSED] - Statement - SearchCustomerInformation = com.kms.katalon.core.testobject.ObjectRepository.findTestObject(Holden/Holden_02_SearchCustomerInformation, [obj_DealerId:internal.GlobalVariable.Glb_Dealer_Code, obj_GivenName:internal.GlobalVariable.Glb_FirstName, obj_FamilyName:internal.GlobalVariable.Glb_LastName]): Finding Test Object with id 'Object Repository/Holden/Holden_02_SearchCustomerInformation'

2018-10-12 14:38:14 - [TEST_STEP][PASSED] - Statement - res_SearchCustomerInformation = com.kms.katalon.core.webservice.keyword.WSBuiltInKeywords.sendRequest(SearchCustomerInformation): Send request successfully

2018-10-12 14:38:15 - [MESSAGE][PASSED] - Send request successfully

2018-10-12 14:38:15 - [TEST_STEP][PASSED] - qaVinhLe.Library_Method_VinhLe.verifyResponseCode_Msg: qaVinhLe.Library_Method_VinhLe.verifyResponseCode_Msg is PASSED

2018-10-12 14:38:15 - [MESSAGE][PASSED] - Verify response status code successfully

2018-10-12 14:38:15 - [MESSAGE][PASSED] - qaVinhLe.Library_Method_VinhLe.verifyResponseCode_Msg is PASSED

2018-10-12 14:38:15 - [TEST_STEP][PASSED] - qaVinhLe.Library_Method_VinhLe.verifyValueSOAPNode: qaVinhLe.Library_Method_VinhLe.verifyValueSOAPNode is PASSED

2018-10-12 14:38:15 - [MESSAGE][PASSED] - qaVinhLe.Library_Method_VinhLe.verifyValueSOAPNode is PASSED

2018-10-12 14:38:15 - [TEST_STEP][PASSED] - qaVinhLe.Library_Method_VinhLe.verifyValueSOAPNode: qaVinhLe.Library_Method_VinhLe.verifyValueSOAPNode is PASSED

2018-10-12 14:38:15 - [MESSAGE][PASSED] - qaVinhLe.Library_Method_VinhLe.verifyValueSOAPNode is PASSED

2018-10-12 14:38:15 - [TEST_STEP][PASSED] - qaVinhLe.Library_Method_VinhLe.verifyValueSOAPNode: qaVinhLe.Library_Method_VinhLe.verifyValueSOAPNode is PASSED

2018-10-12 14:38:15 - [MESSAGE][PASSED] - qaVinhLe.Library_Method_VinhLe.verifyValueSOAPNode is PASSED

2018-10-12 14:38:15 - [TEST_STEP][PASSED] - qaVinhLe.Library_Method_VinhLe.verifyValueSOAPNode: qaVinhLe.Library_Method_VinhLe.verifyValueSOAPNode is PASSED

2018-10-12 14:38:15 - [MESSAGE][PASSED] - qaVinhLe.Library_Method_VinhLe.verifyValueSOAPNode is PASSED

2018-10-12 14:38:15 - [TEST_STEP][PASSED] - qaVinhLe.Library_Method_VinhLe.verifyValueSOAPNode: qaVinhLe.Library_Method_VinhLe.verifyValueSOAPNode is PASSED

2018-10-12 14:38:15 - [MESSAGE][PASSED] - qaVinhLe.Library_Method_VinhLe.verifyValueSOAPNode is PASSED

2018-10-12 14:38:15 - [TEST_STEP][PASSED] - qaVinhLe.Library_Method_VinhLe.verifyValueSOAPNode: qaVinhLe.Library_Method_VinhLe.verifyValueSOAPNode is PASSED

2018-10-12 14:38:15 - [MESSAGE][PASSED] - qaVinhLe.Library_Method_VinhLe.verifyValueSOAPNode is PASSED

2018-10-12 14:38:15 - [TEST_STEP][PASSED] - qaVinhLe.Library_Method_VinhLe.verifyValueSOAPNode: qaVinhLe.Library_Method_VinhLe.verifyValueSOAPNode is PASSED

2018-10-12 14:38:15 - [MESSAGE][PASSED] - qaVinhLe.Library_Method_VinhLe.verifyValueSOAPNode is PASSED

2018-10-12 14:38:15 - [TEST_STEP][PASSED] - qaVinhLe.Library_Method_VinhLe.verifyValueSOAPNode: qaVinhLe.Library_Method_VinhLe.verifyValueSOAPNode is PASSED

2018-10-12 14:38:15 - [MESSAGE][PASSED] - qaVinhLe.Library_Method_VinhLe.verifyValueSOAPNode is PASSED

2018-10-12 14:38:15 - [TEST_STEP][PASSED] - qaVinhLe.Library_Method_VinhLe.verifyValueSOAPNode: qaVinhLe.Library_Method_VinhLe.verifyValueSOAPNode is PASSED

2018-10-12 14:38:15 - [MESSAGE][PASSED] - qaVinhLe.Library_Method_VinhLe.verifyValueSOAPNode is PASSED

2018-10-12 14:38:15 - [TEST_STEP][PASSED] - qaVinhLe.Library_Method_VinhLe.verifyValueSOAPNode: qaVinhLe.Library_Method_VinhLe.verifyValueSOAPNode is PASSED

2018-10-12 14:38:15 - [MESSAGE][PASSED] - qaVinhLe.Library_Method_VinhLe.verifyValueSOAPNode is PASSED

2018-10-12 14:38:15 - [TEST_STEP][PASSED] - qaVinhLe.Library_Method_VinhLe.verifyAttributeSOAPNode: qaVinhLe.Library_Method_VinhLe.verifyAttributeSOAPNode is PASSED

2018-10-12 14:38:15 - [MESSAGE][PASSED] - qaVinhLe.Library_Method_VinhLe.verifyAttributeSOAPNode is PASSED

2018-10-12 14:38:15 - [TEST_STEP][PASSED] - qaVinhLe.Library_Method_VinhLe.verifyValueSOAPNode: qaVinhLe.Library_Method_VinhLe.verifyValueSOAPNode is PASSED

2018-10-12 14:38:15 - [MESSAGE][PASSED] - qaVinhLe.Library_Method_VinhLe.verifyValueSOAPNode is PASSED

2018-10-12 14:38:15 - [TEST_STEP][PASSED] - qaVinhLe.Library_Method_VinhLe.verifyValueSOAPNode: qaVinhLe.Library_Method_VinhLe.verifyValueSOAPNode is PASSED

2018-10-12 14:38:15 - [MESSAGE][PASSED] - qaVinhLe.Library_Method_VinhLe.verifyValueSOAPNode is PASSED

2018-10-12 14:38:15 - [TEST_STEP][PASSED] - qaVinhLe.Library_Method_VinhLe.verifyValueSOAPNode: qaVinhLe.Library_Method_VinhLe.verifyValueSOAPNode is PASSED

2018-10-12 14:38:15 - [MESSAGE][PASSED] - qaVinhLe.Library_Method_VinhLe.verifyValueSOAPNode is PASSED

2018-10-12 14:38:15 - [TEST_STEP][PASSED] - qaVinhLe.Library_Method_VinhLe.verifyValueSOAPNode: qaVinhLe.Library_Method_VinhLe.verifyValueSOAPNode is PASSED

2018-10-12 14:38:15 - [MESSAGE][PASSED] - qaVinhLe.Library_Method_VinhLe.verifyValueSOAPNode is PASSED

2018-10-12 14:38:15 - [TEST_STEP][PASSED] - qaVinhLe.Library_Method_VinhLe.verifyValueSOAPNode: qaVinhLe.Library_Method_VinhLe.verifyValueSOAPNode is PASSED

2018-10-12 14:38:15 - [MESSAGE][PASSED] - qaVinhLe.Library_Method_VinhLe.verifyValueSOAPNode is PASSED

2018-10-12 14:38:15 - [TEST_STEP][PASSED] - qaVinhLe.Library_Method_VinhLe.verifyValueSOAPNode: qaVinhLe.Library_Method_VinhLe.verifyValueSOAPNode is PASSED

2018-10-12 14:38:15 - [MESSAGE][PASSED] - qaVinhLe.Library_Method_VinhLe.verifyValueSOAPNode is PASSED

2018-10-12 14:38:15 - [TEST_STEP][PASSED] - qaVinhLe.Library_Method_VinhLe.verifyValueSOAPNode: qaVinhLe.Library_Method_VinhLe.verifyValueSOAPNode is PASSED

2018-10-12 14:38:15 - [MESSAGE][PASSED] - qaVinhLe.Library_Method_VinhLe.verifyValueSOAPNode is PASSED

2018-10-12 14:38:15 - [TEST_STEP][PASSED] - qaVinhLe.Library_Method_VinhLe.verifyValueSOAPNode: qaVinhLe.Library_Method_VinhLe.verifyValueSOAPNode is PASSED

2018-10-12 14:38:15 - [MESSAGE][PASSED] - qaVinhLe.Library_Method_VinhLe.verifyValueSOAPNode is PASSED

2018-10-12 14:38:15 - [TEST_STEP][PASSED] - qaVinhLe.Library_Method_VinhLe.verifyValueSOAPNode: qaVinhLe.Library_Method_VinhLe.verifyValueSOAPNode is PASSED

2018-10-12 14:38:15 - [MESSAGE][PASSED] - qaVinhLe.Library_Method_VinhLe.verifyValueSOAPNode is PASSED

2018-10-12 14:38:15 - [TEST_STEP][PASSED] - qaVinhLe.Library_Method_VinhLe.verifyValueSOAPNode: qaVinhLe.Library_Method_VinhLe.verifyValueSOAPNode is PASSED

2018-10-12 14:38:15 - [MESSAGE][PASSED] - qaVinhLe.Library_Method_VinhLe.verifyValueSOAPNode is PASSED

2018-10-12 14:38:15 - [TEST_STEP][PASSED] - qaVinhLe.Library_Method_VinhLe.verifyValueSOAPNode: qaVinhLe.Library_Method_VinhLe.verifyValueSOAPNode is PASSED

2018-10-12 14:38:15 - [MESSAGE][PASSED] - qaVinhLe.Library_Method_VinhLe.verifyValueSOAPNode is PASSED

2018-10-12 14:38:15 - [TEST_STEP][PASSED] - qaVinhLe.Library_Method_VinhLe.verifyValueSOAPNode: qaVinhLe.Library_Method_VinhLe.verifyValueSOAPNode is PASSED

2018-10-12 14:38:15 - [MESSAGE][PASSED] - qaVinhLe.Library_Method_VinhLe.verifyValueSOAPNode is PASSED

2018-10-12 14:38:15 - [TEST_STEP][PASSED] - qaVinhLe.Library_Method_VinhLe.verifyValueSOAPNode: qaVinhLe.Library_Method_VinhLe.verifyValueSOAPNode is PASSED

2018-10-12 14:38:15 - [MESSAGE][PASSED] - qaVinhLe.Library_Method_VinhLe.verifyValueSOAPNode is PASSED

2018-10-12 14:38:15 - [TEST_STEP][PASSED] - qaVinhLe.Library_Method_VinhLe.verifyValueSOAPNode: qaVinhLe.Library_Method_VinhLe.verifyValueSOAPNode is PASSED

2018-10-12 14:38:15 - [MESSAGE][PASSED] - qaVinhLe.Library_Method_VinhLe.verifyValueSOAPNode is PASSED

2018-10-12 14:38:15 - [TEST_STEP][PASSED] - qaVinhLe.Library_Method_VinhLe.verifyValueSOAPNode: qaVinhLe.Library_Method_VinhLe.verifyValueSOAPNode is PASSED

2018-10-12 14:38:15 - [MESSAGE][PASSED] - qaVinhLe.Library_Method_VinhLe.verifyValueSOAPNode is PASSED

2018-10-12 14:38:15 - [MESSAGE][PASSED] - Call Test Case 'Test Cases/HOLDEN/Library Test Case/Holden_02_SearchCustomerInformation' successfully]]></system-out>
         <system-err><![CDATA[]]></system-err>
      </testcase>
      <system-out><![CDATA[2018-10-12 14:38:12 - [TEST_SUITE][PASSED] - Holden_Sprint_All_Dev: Test Cases/HOLDEN/Main Holden Test Case - All Sprint]]></system-out>
      <system-err><![CDATA[]]></system-err>
   </testsuite>
</testsuites>
