<?xml version="1.0" encoding="UTF-8"?>
<testsuites name="Toyota" time="10" tests="2" failures="0" errors="0">
   <testsuite name="Toyota" tests="2" failures="0" errors="0" time="10" timestamp="2018-09-18 16:43:42" hostname="nhien.do - TITAN-V-10.titandms.local" id="Test Suites/Toyota">
      <properties>
         <property name="deviceName" value=""/>
         <property name="devicePlatform" value=""/>
         <property name="logFolder" value="C:\\Users\\nhien.do\\git\\TitanAPIKatalon\\Reports\\Toyota\\20180918_164337"/>
         <property name="logFiles" value="C:\\Users\\nhien.do\\git\\TitanAPIKatalon\\Reports\\Toyota\\20180918_164337\\execution0.log"/>
         <property name="attachments" value=""/>
         <property name="hostName" value="nhien.do - TITAN-V-10.titandms.local"/>
         <property name="hostAddress" value="169.254.14.157"/>
         <property name="os" value="Windows 10 64bit"/>
         <property name="katalonVersion" value="5.7.1.1"/>
      </properties>
      <testcase name="Test Cases/Toyota_GetDropOffTimes_JSON" classname="Test Cases/Toyota_GetDropOffTimes_JSON" status="PASSED">
         <system-out><![CDATA[2018-09-18 16:43:42 - [TEST_CASE][PASSED] - Test Cases/Toyota_GetDropOffTimes_JSON: Test Cases/Toyota_GetDropOffTimes_JSON

2018-09-18 16:43:43 - [TEST_STEP][PASSED] - Statement - getTokenTestObject = com.kms.katalon.core.testobject.ObjectRepository.findTestObject(Toyota_Logon): Finding Test Object with id 'Object Repository/Toyota_Logon'

2018-09-18 16:43:43 - [TEST_STEP][PASSED] - Statement - responseTokenObject = com.kms.katalon.core.webservice.keyword.WSBuiltInKeywords.sendRequest(getTokenTestObject): Send request successfully

2018-09-18 16:43:43 - [MESSAGE][PASSED] - Send request successfully

2018-09-18 16:43:43 - [TEST_STEP][PASSED] - Statement - tokenObject = new groovy.json.JsonSlurper().parseText(responseTokenObject.getResponseText()): null

2018-09-18 16:43:43 - [TEST_STEP][PASSED] - Statement - token = access_token: null

2018-09-18 16:43:43 - [TEST_STEP][PASSED] - Statement - mainrequest = com.kms.katalon.core.testobject.ObjectRepository.findTestObject(GetDropOffTimes_JSON): Finding Test Object with id 'Object Repository/GetDropOffTimes_JSON'

2018-09-18 16:43:43 - [TEST_STEP][PASSED] - Statement - mainrequest.getHttpHeaderProperties().add(new com.kms.katalon.core.testobject.TestObjectProperty(Authorization, com.kms.katalon.core.testobject.ConditionType.EQUALS, (Bearer  + token))): null

2018-09-18 16:43:43 - [TEST_STEP][PASSED] - Statement - response = com.kms.katalon.core.webservice.keyword.WSBuiltInKeywords.sendRequest(mainrequest): Send request successfully

2018-09-18 16:43:44 - [MESSAGE][PASSED] - Send request successfully

2018-09-18 16:43:44 - [TEST_STEP][PASSED] - verifyResponseStatusCode: Verify response status code successfully

2018-09-18 16:43:44 - [MESSAGE][PASSED] - Verify response status code successfully]]></system-out>
         <system-err><![CDATA[]]></system-err>
      </testcase>
      <testcase name="Test Cases/Toyota_GetServiceOperation" classname="Test Cases/Toyota_GetServiceOperation" status="PASSED">
         <system-out><![CDATA[2018-09-18 16:43:44 - [TEST_CASE][PASSED] - Test Cases/Toyota_GetServiceOperation: Test Cases/Toyota_GetServiceOperation

2018-09-18 16:43:44 - [TEST_STEP][PASSED] - Statement - getTokenTestObject = com.kms.katalon.core.testobject.ObjectRepository.findTestObject(Toyota_Logon): Finding Test Object with id 'Object Repository/Toyota_Logon'

2018-09-18 16:43:44 - [TEST_STEP][PASSED] - Statement - responseTokenObject = com.kms.katalon.core.webservice.keyword.WSBuiltInKeywords.sendRequest(getTokenTestObject): Send request successfully

2018-09-18 16:43:44 - [MESSAGE][PASSED] - Send request successfully

2018-09-18 16:43:44 - [TEST_STEP][PASSED] - Statement - tokenObject = new groovy.json.JsonSlurper().parseText(responseTokenObject.getResponseText()): null

2018-09-18 16:43:44 - [TEST_STEP][PASSED] - Statement - token = access_token: null

2018-09-18 16:43:44 - [TEST_STEP][PASSED] - Statement - mainrequest = com.kms.katalon.core.testobject.ObjectRepository.findTestObject(GetServiceOperations_JSON): Finding Test Object with id 'Object Repository/GetServiceOperations_JSON'

2018-09-18 16:43:44 - [TEST_STEP][PASSED] - Statement - mainrequest.getHttpHeaderProperties().add(new com.kms.katalon.core.testobject.TestObjectProperty(Authorization, com.kms.katalon.core.testobject.ConditionType.EQUALS, (Bearer  + token))): null

2018-09-18 16:43:44 - [TEST_STEP][PASSED] - Statement - response = com.kms.katalon.core.webservice.keyword.WSBuiltInKeywords.sendRequest(mainrequest): Send request successfully

2018-09-18 16:43:52 - [MESSAGE][PASSED] - Send request successfully

2018-09-18 16:43:52 - [TEST_STEP][PASSED] - verifyResponseStatusCode: Verify response status code successfully

2018-09-18 16:43:52 - [MESSAGE][PASSED] - Verify response status code successfully]]></system-out>
         <system-err><![CDATA[]]></system-err>
      </testcase>
      <system-out><![CDATA[2018-09-18 16:43:42 - [TEST_SUITE][PASSED] - Toyota: Test Cases/Toyota_GetServiceOperation]]></system-out>
      <system-err><![CDATA[]]></system-err>
   </testsuite>
</testsuites>
