<?xml version="1.0" encoding="UTF-8"?>
<testsuites name="Holden_Sprint_All_Dev" time="1" tests="1" failures="0" errors="0">
   <testsuite name="Holden_Sprint_All_Dev" tests="1" failures="0" errors="0" time="1" timestamp="2018-10-12 15:52:08" hostname="vinh.le - TITAN-V-2001.titandms.local" id="Test Suites/API_Holden/Holden_Sprint_All_Dev">
      <properties>
         <property name="deviceName" value=""/>
         <property name="devicePlatform" value=""/>
         <property name="logFolder" value="C:\\Users\\vinh.le\\git\\TitanAPIKatalon\\Reports\\API_Holden\\Holden_Sprint_All_Dev\\20181012_155208"/>
         <property name="logFiles" value="C:\\Users\\vinh.le\\git\\TitanAPIKatalon\\Reports\\API_Holden\\Holden_Sprint_All_Dev\\20181012_155208\\execution0.log"/>
         <property name="attachments" value=""/>
         <property name="hostName" value="vinh.le - TITAN-V-2001.titandms.local"/>
         <property name="hostAddress" value="192.168.3.19"/>
         <property name="os" value="Windows 10 64bit"/>
         <property name="katalonVersion" value="5.7.1.1"/>
      </properties>
      <testcase name="Test Cases/HOLDEN/Main Holden Test Case - All Sprint" classname="Test Cases/HOLDEN/Main Holden Test Case - All Sprint" status="PASSED">
         <system-out><![CDATA[2018-10-12 15:52:09 - [TEST_CASE][PASSED] - Test Cases/HOLDEN/Main Holden Test Case - All Sprint: Test Cases/HOLDEN/Main Holden Test Case - All Sprint

2018-10-12 15:52:09 - [TEST_STEP][PASSED] - callTestCase: Call Test Case 'Test Cases/HOLDEN/Library Test Case/Holden_00_Setup_Method_And_Variables' successfully

2018-10-12 15:52:09 - [TEST_CASE][PASSED] - Test Cases/HOLDEN/Library Test Case/Holden_00_Setup_Method_And_Variables: Test Cases/HOLDEN/Library Test Case/Holden_00_Setup_Method_And_Variables

2018-10-12 15:52:09 - [TEST_STEP][PASSED] - Statement - If (!(Setup_Dealer_Code == "")): null

2018-10-12 15:52:09 - [TEST_STEP][PASSED] - Statement - If (!(Setup_FirstName == "")): null

2018-10-12 15:52:09 - [TEST_STEP][PASSED] - Statement - If (!(Setup_LastName == "")): null

2018-10-12 15:52:09 - [TEST_STEP][PASSED] - Statement - If (!(Setup_StartSearchDate == "")): null

2018-10-12 15:52:09 - [TEST_STEP][PASSED] - Statement - If (!(Setup_EndSearchDate == "")): null

2018-10-12 15:52:09 - [TEST_STEP][PASSED] - Statement - If (Setup_CustomerType.toString().toLowerCase() == "exist"): null

2018-10-12 15:52:09 - [TEST_STEP][PASSED] - Statement - If (!(Setup_AddJobLine == "")): null

2018-10-12 15:52:09 - [TEST_STEP][PASSED] - Statement - If (!(Setup_BookingId == "")): null

2018-10-12 15:52:09 - [TEST_STEP][PASSED] - Statement - If (!(Setup_TradingEntityId == "")): null

2018-10-12 15:52:09 - [TEST_STEP][PASSED] - Statement - If (!(Setup_LineOne == "")): null

2018-10-12 15:52:09 - [TEST_STEP][PASSED] - Statement - If (!(Setup_CityName == "")): null

2018-10-12 15:52:09 - [TEST_STEP][PASSED] - Statement - If (!(Setup_CountryID == "")): null

2018-10-12 15:52:09 - [TEST_STEP][PASSED] - Statement - If (!(Setup_Postcode == "")): null

2018-10-12 15:52:09 - [TEST_STEP][PASSED] - Statement - If (!(Setup_State == "")): null

2018-10-12 15:52:09 - [TEST_STEP][PASSED] - Statement - If (!(Setup_ChannelCode == "")): null

2018-10-12 15:52:09 - [TEST_STEP][PASSED] - Statement - If (!(Setup_PhoneNumber == "")): null

2018-10-12 15:52:09 - [TEST_STEP][PASSED] - Statement - If (!(Setup_Email == "")): null

2018-10-12 15:52:09 - [TEST_STEP][PASSED] - Statement - If (!(Setup_Model == "")): null

2018-10-12 15:52:09 - [TEST_STEP][PASSED] - Statement - If (!(Setup_ModelYear == "")): null

2018-10-12 15:52:09 - [TEST_STEP][PASSED] - Statement - If (!(Setup_MakeString == "")): null

2018-10-12 15:52:09 - [TEST_STEP][PASSED] - Statement - If (!(Setup_ManufacturerName == "")): null

2018-10-12 15:52:09 - [TEST_STEP][PASSED] - Statement - If (!(Setup_VehicleID == "")): null

2018-10-12 15:52:09 - [TEST_STEP][PASSED] - Statement - SetDate = { java.util.Date current_time, int number_month, int number_day, int number_hour, java.lang.String format_date -> ... }: null

2018-10-12 15:52:09 - [TEST_STEP][PASSED] - Statement - RandomNumber = { int number -> ... }: null

2018-10-12 15:52:09 - [TEST_STEP][PASSED] - Statement - today = new java.util.Date(): null

2018-10-12 15:52:09 - [TEST_STEP][PASSED] - Statement - current_date = today.format("YYYY-MM-dd"): null

2018-10-12 15:52:09 - [TEST_STEP][PASSED] - Statement - Glb_Current_Date = current_date: null

2018-10-12 15:52:09 - [TEST_STEP][PASSED] - Statement - Glb_Current_Hour = SetDate.call(today, 0, 0, 4, "HH:mm"): null

2018-10-12 15:52:09 - [TEST_STEP][PASSED] - Statement - If (Glb_StartSearchDate.toString().toLowerCase() == "cr"): null

2018-10-12 15:52:09 - [TEST_STEP][PASSED] - Statement - If (Glb_EndSearchDate.toString().toLowerCase() == "cr"): null

2018-10-12 15:52:09 - [TEST_STEP][PASSED] - Statement - Glb_ContactId = "1901" + RandomNumber.call(999999): null

2018-10-12 15:52:09 - [MESSAGE][PASSED] - Call Test Case 'Test Cases/HOLDEN/Library Test Case/Holden_00_Setup_Method_And_Variables' successfully

2018-10-12 15:52:09 - [TEST_STEP][PASSED] - Statement - If (var_Status_GetIntegration == "true"): null

2018-10-12 15:52:09 - [TEST_STEP][PASSED] - Statement - If (var_Status_GetCustomer == "true"): null

2018-10-12 15:52:09 - [TEST_STEP][PASSED] - Statement - If (var_Status_GetPersonel == "true"): Call Test Case 'Test Cases/HOLDEN/Library Test Case/Holden_03_GetPersonel' successfully

2018-10-12 15:52:10 - [TEST_CASE][PASSED] - Test Cases/HOLDEN/Library Test Case/Holden_03_GetPersonel: Test Cases/HOLDEN/Library Test Case/Holden_03_GetPersonel

2018-10-12 15:52:10 - [TEST_STEP][PASSED] - Statement - GetPersonel = com.kms.katalon.core.testobject.ObjectRepository.findTestObject(Holden/Holden_03_GetPersonel, [obj_DealerCode:internal.GlobalVariable.Glb_Dealer_Code]): Finding Test Object with id 'Object Repository/Holden/Holden_03_GetPersonel'

2018-10-12 15:52:10 - [TEST_STEP][PASSED] - Statement - res_GetPersonel = com.kms.katalon.core.webservice.keyword.WSBuiltInKeywords.sendRequest(GetPersonel): Send request successfully

2018-10-12 15:52:10 - [MESSAGE][PASSED] - Send request successfully

2018-10-12 15:52:10 - [TEST_STEP][PASSED] - qaVinhLe.Library_Method_VinhLe.verifyResponseCode_Msg: qaVinhLe.Library_Method_VinhLe.verifyResponseCode_Msg is PASSED

2018-10-12 15:52:10 - [MESSAGE][PASSED] - Verify response status code successfully

2018-10-12 15:52:10 - [MESSAGE][PASSED] - qaVinhLe.Library_Method_VinhLe.verifyResponseCode_Msg is PASSED

2018-10-12 15:52:10 - [TEST_STEP][PASSED] - qaVinhLe.Library_Method_VinhLe.verifyValueSOAPNode: qaVinhLe.Library_Method_VinhLe.verifyValueSOAPNode is PASSED

2018-10-12 15:52:10 - [MESSAGE][PASSED] - qaVinhLe.Library_Method_VinhLe.verifyValueSOAPNode is PASSED

2018-10-12 15:52:10 - [TEST_STEP][PASSED] - qaVinhLe.Library_Method_VinhLe.verifyValueSOAPNode: qaVinhLe.Library_Method_VinhLe.verifyValueSOAPNode is PASSED

2018-10-12 15:52:10 - [MESSAGE][PASSED] - qaVinhLe.Library_Method_VinhLe.verifyValueSOAPNode is PASSED

2018-10-12 15:52:10 - [TEST_STEP][PASSED] - qaVinhLe.Library_Method_VinhLe.verifyValueSOAPNode: qaVinhLe.Library_Method_VinhLe.verifyValueSOAPNode is PASSED

2018-10-12 15:52:10 - [MESSAGE][PASSED] - qaVinhLe.Library_Method_VinhLe.verifyValueSOAPNode is PASSED

2018-10-12 15:52:10 - [TEST_STEP][PASSED] - qaVinhLe.Library_Method_VinhLe.verifyValueSOAPNode: qaVinhLe.Library_Method_VinhLe.verifyValueSOAPNode is PASSED

2018-10-12 15:52:10 - [MESSAGE][PASSED] - qaVinhLe.Library_Method_VinhLe.verifyValueSOAPNode is PASSED

2018-10-12 15:52:10 - [TEST_STEP][PASSED] - qaVinhLe.Library_Method_VinhLe.verifyValueSOAPNode: qaVinhLe.Library_Method_VinhLe.verifyValueSOAPNode is PASSED

2018-10-12 15:52:10 - [MESSAGE][PASSED] - qaVinhLe.Library_Method_VinhLe.verifyValueSOAPNode is PASSED

2018-10-12 15:52:10 - [TEST_STEP][PASSED] - qaVinhLe.Library_Method_VinhLe.verifyValueSOAPNode: qaVinhLe.Library_Method_VinhLe.verifyValueSOAPNode is PASSED

2018-10-12 15:52:10 - [MESSAGE][PASSED] - qaVinhLe.Library_Method_VinhLe.verifyValueSOAPNode is PASSED

2018-10-12 15:52:10 - [TEST_STEP][PASSED] - qaVinhLe.Library_Method_VinhLe.verifyValueSOAPNode: qaVinhLe.Library_Method_VinhLe.verifyValueSOAPNode is PASSED

2018-10-12 15:52:10 - [MESSAGE][PASSED] - qaVinhLe.Library_Method_VinhLe.verifyValueSOAPNode is PASSED

2018-10-12 15:52:10 - [TEST_STEP][PASSED] - qaVinhLe.Library_Method_VinhLe.verifyValueSOAPNode: qaVinhLe.Library_Method_VinhLe.verifyValueSOAPNode is PASSED

2018-10-12 15:52:10 - [MESSAGE][PASSED] - qaVinhLe.Library_Method_VinhLe.verifyValueSOAPNode is PASSED

2018-10-12 15:52:10 - [TEST_STEP][PASSED] - qaVinhLe.Library_Method_VinhLe.verifyValueSOAPNode: qaVinhLe.Library_Method_VinhLe.verifyValueSOAPNode is PASSED

2018-10-12 15:52:10 - [MESSAGE][PASSED] - qaVinhLe.Library_Method_VinhLe.verifyValueSOAPNode is PASSED

2018-10-12 15:52:10 - [TEST_STEP][PASSED] - qaVinhLe.Library_Method_VinhLe.verifyValueSOAPNode: qaVinhLe.Library_Method_VinhLe.verifyValueSOAPNode is PASSED

2018-10-12 15:52:10 - [MESSAGE][PASSED] - qaVinhLe.Library_Method_VinhLe.verifyValueSOAPNode is PASSED

2018-10-12 15:52:10 - [TEST_STEP][PASSED] - Statement - sizeSQl = 0: null

2018-10-12 15:52:10 - [TEST_STEP][PASSED] - Statement - listId = []: null

2018-10-12 15:52:10 - [TEST_STEP][PASSED] - Statement - listName = []: null

2018-10-12 15:52:10 - [TEST_STEP][PASSED] - Statement - sqlUser = "TitanDBA": null

2018-10-12 15:52:10 - [TEST_STEP][PASSED] - Statement - sqlPass = "T1t@nDB4F0rBRIS-DEV-QADB": null

2018-10-12 15:52:10 - [TEST_STEP][PASSED] - Statement - sqlURL = "jdbc:sqlserver://HCM-DEV-DB;databaseName=qa_bmg_1_24": null

2018-10-12 15:52:10 - [TEST_STEP][PASSED] - Statement - sqlQuery = "exec Get_All_Service_Advisors @TerminationDate= '12/10/2018', @FinancialYearKey= 20": null

2018-10-12 15:52:10 - [TEST_STEP][PASSED] - qaVinhLe.Library_Method_VinhLe.getSQLValue: qaVinhLe.Library_Method_VinhLe.getSQLValue is PASSED

2018-10-12 15:52:10 - [MESSAGE][PASSED] - qaVinhLe.Library_Method_VinhLe.getSQLValue is PASSED

2018-10-12 15:52:10 - [TEST_STEP][PASSED] - Statement - println(sizeSQl): null

2018-10-12 15:52:10 - [MESSAGE][PASSED] - Call Test Case 'Test Cases/HOLDEN/Library Test Case/Holden_03_GetPersonel' successfully]]></system-out>
         <system-err><![CDATA[]]></system-err>
      </testcase>
      <system-out><![CDATA[2018-10-12 15:52:08 - [TEST_SUITE][PASSED] - Holden_Sprint_All_Dev: Test Cases/HOLDEN/Main Holden Test Case - All Sprint]]></system-out>
      <system-err><![CDATA[]]></system-err>
   </testsuite>
</testsuites>
