<?xml version="1.0" encoding="UTF-8"?>
<testsuites name="Sprint_GetOperationCode" time="164" tests="32" failures="0" errors="0">
   <testsuite name="Sprint_GetOperationCode" tests="32" failures="0" errors="0" time="164" timestamp="2018-10-02 15:04:54" hostname="vinh.le - TITAN-V-2001.titandms.local" id="Test Suites/API_Toyota/Sprint_GetOperationCode">
      <properties>
         <property name="deviceName" value=""/>
         <property name="devicePlatform" value=""/>
         <property name="logFolder" value="C:\\Users\\vinh.le\\git\\TitanAPIKatalon\\Reports\\API_Toyota\\Sprint_GetOperationCode\\20181002_150452"/>
         <property name="logFiles" value="C:\\Users\\vinh.le\\git\\TitanAPIKatalon\\Reports\\API_Toyota\\Sprint_GetOperationCode\\20181002_150452\\execution0.log"/>
         <property name="attachments" value=""/>
         <property name="hostName" value="vinh.le - TITAN-V-2001.titandms.local"/>
         <property name="hostAddress" value="192.168.3.19"/>
         <property name="os" value="Windows 10 64bit"/>
         <property name="katalonVersion" value="5.7.1.1"/>
      </properties>
      <testcase name="Test Cases/TOYOTA/Main_Toyota_TestCase - AllSprints" classname="Test Cases/TOYOTA/Main_Toyota_TestCase - AllSprints" status="PASSED">
         <system-out><![CDATA[2018-10-02 15:04:54 - [TEST_CASE][PASSED] - Test Cases/TOYOTA/Main_Toyota_TestCase - AllSprints: Test Cases/TOYOTA/Main_Toyota_TestCase - AllSprints

2018-10-02 15:04:54 - [TEST_STEP][PASSED] - callTestCase: Call Test Case 'Test Cases/TOYOTA/Library_TestCase/Setup_Method_And_Variables - V1' successfully

2018-10-02 15:04:54 - [TEST_CASE][PASSED] - Test Cases/TOYOTA/Library_TestCase/Setup_Method_And_Variables - V1: Test Cases/TOYOTA/Library_TestCase/Setup_Method_And_Variables - V1

2018-10-02 15:04:54 - [TEST_STEP][PASSED] - Statement - If (!(Setup_Interval == "")): null

2018-10-02 15:04:54 - [TEST_STEP][PASSED] - Statement - If (!(Setup_WorkshopStart == "")): null

2018-10-02 15:04:54 - [TEST_STEP][PASSED] - Statement - If (!(Setup_WorkshopEnd == "")): null

2018-10-02 15:04:54 - [TEST_STEP][PASSED] - Statement - If (!(Setup_Dealer_Code == "")): null

2018-10-02 15:04:54 - [TEST_STEP][PASSED] - Statement - If (!(Setup_Location_Code == "")): null

2018-10-02 15:04:54 - [TEST_STEP][PASSED] - Statement - If (!(Setup_VIN == "")): null

2018-10-02 15:04:54 - [TEST_STEP][PASSED] - Statement - If (!(Setup_REGNumber == "")): null

2018-10-02 15:04:54 - [TEST_STEP][PASSED] - Statement - If (!(Setup_FirstName == "")): null

2018-10-02 15:04:54 - [TEST_STEP][PASSED] - Statement - If (!(Setup_LastName == "")): null

2018-10-02 15:04:54 - [TEST_STEP][PASSED] - Statement - If (!(Setup_TotalPrice == "")): null

2018-10-02 15:04:54 - [TEST_STEP][PASSED] - Statement - If (!(Setup_TotalDuration == "")): null

2018-10-02 15:04:54 - [TEST_STEP][PASSED] - Statement - If (!(Setup_StartDropDate == "")): null

2018-10-02 15:04:54 - [TEST_STEP][PASSED] - Statement - If (!(Setup_EndDropDate == "")): null

2018-10-02 15:04:54 - [TEST_STEP][PASSED] - Statement - If (!(Setup_StartSearchDate == "")): null

2018-10-02 15:04:54 - [TEST_STEP][PASSED] - Statement - If (!(Setup_EndSearchDate == "")): null

2018-10-02 15:04:54 - [TEST_STEP][PASSED] - Statement - If (!(Setup_Duration == "")): null

2018-10-02 15:04:54 - [TEST_STEP][PASSED] - Statement - If (!(Setup_ServiceDate == "")): null

2018-10-02 15:04:54 - [TEST_STEP][PASSED] - Statement - If (!(Setup_StartDropDate == "")): null

2018-10-02 15:04:54 - [TEST_STEP][PASSED] - Statement - If (!(Setup_EndDropDate == "")): null

2018-10-02 15:04:54 - [TEST_STEP][PASSED] - Statement - If (!(Setup_StartSearchDate == "")): null

2018-10-02 15:04:54 - [TEST_STEP][PASSED] - Statement - If (!(Setup_EndSearchDate == "")): null

2018-10-02 15:04:54 - [TEST_STEP][PASSED] - Statement - If (!(Setup_BookingId == "")): null

2018-10-02 15:04:54 - [TEST_STEP][PASSED] - Statement - If (!(Setup_ServiceType == "")): null

2018-10-02 15:04:54 - [TEST_STEP][PASSED] - Statement - SetDate = { java.util.Date current_time, int number_month, int number_day, int number_hour, java.lang.String format_date -> ... }: null

2018-10-02 15:04:54 - [TEST_STEP][PASSED] - Statement - RandomNumber = { int number -> ... }: null

2018-10-02 15:04:54 - [TEST_STEP][PASSED] - Statement - today = new java.util.Date(): null

2018-10-02 15:04:54 - [TEST_STEP][PASSED] - Statement - current_date = today.format("YYYY-MM-dd"): null

2018-10-02 15:04:54 - [TEST_STEP][PASSED] - Statement - Glb_Current_Date = current_date: null

2018-10-02 15:04:54 - [TEST_STEP][PASSED] - Statement - Glb_Current_Hour = SetDate.call(today, 0, 0, 3, "HH:mm"): null

2018-10-02 15:04:54 - [TEST_STEP][PASSED] - Statement - If (Glb_ServiceDate.toString().toLowerCase() == "cr"): null

2018-10-02 15:04:54 - [TEST_STEP][PASSED] - Statement - If (Glb_StartDate.toString().toLowerCase() == "cr"): null

2018-10-02 15:04:54 - [TEST_STEP][PASSED] - Statement - If (Glb_EndDate.toString().toLowerCase() == "cr"): null

2018-10-02 15:04:54 - [TEST_STEP][PASSED] - Statement - If (Glb_StartSearchDate.toString().toLowerCase() == "cr"): null

2018-10-02 15:04:54 - [TEST_STEP][PASSED] - Statement - If (Glb_EndSearchDate.toString().toLowerCase() == "cr"): null

2018-10-02 15:04:54 - [TEST_STEP][PASSED] - Statement - Glb_ContactId = "1901" + RandomNumber.call(999999): null

2018-10-02 15:04:54 - [MESSAGE][PASSED] - Call Test Case 'Test Cases/TOYOTA/Library_TestCase/Setup_Method_And_Variables - V1' successfully

2018-10-02 15:04:54 - [TEST_STEP][PASSED] - Statement - If (var_Status_OpCode == "true"): Call Test Case 'Test Cases/TOYOTA/Library_TestCase/Toyota_GetServiceOperation_JSON - V2' successfully

2018-10-02 15:04:54 - [TEST_STEP][PASSED] - callTestCase: Call Test Case 'Test Cases/TOYOTA/Library_TestCase/Toyota_GetServiceOperation_JSON - V2' successfully

2018-10-02 15:04:54 - [TEST_CASE][PASSED] - Test Cases/TOYOTA/Library_TestCase/Toyota_GetServiceOperation_JSON - V2: Test Cases/TOYOTA/Library_TestCase/Toyota_GetServiceOperation_JSON - V2

2018-10-02 15:04:55 - [TEST_STEP][PASSED] - Statement - RoundNumber = { java.lang.Float floatnumber -> ... }: null

2018-10-02 15:04:55 - [TEST_STEP][PASSED] - Statement - ServiceType = Glb_ServiceType: null

2018-10-02 15:04:55 - [TEST_STEP][PASSED] - Statement - Filepath = <not implemented yet for class: org.codehaus.groovy.ast.expr.EmptyExpression>: null

2018-10-02 15:04:55 - [TEST_STEP][PASSED] - Statement - If (Glb_ServiceType == "OSB_SERVICE_TYPE_LOGBOOK"): null

2018-10-02 15:04:55 - [TEST_STEP][PASSED] - Statement - Else: null

2018-10-02 15:04:55 - [TEST_STEP][PASSED] - Statement - Filepath = "Data Files/Toyota/OperationCode_ADDITIONAL.csv": null

2018-10-02 15:04:55 - [TEST_STEP][PASSED] - Statement - GetServiceOperation = com.kms.katalon.core.testobject.ObjectRepository.findTestObject(Toyota/GetServiceOperations_JSON, [Dealer_Code:internal.GlobalVariable.Glb_Dealer_Code, Location_Code:internal.GlobalVariable.Glb_Location_Code, VIN:internal.GlobalVariable.Glb_VIN, ... ]): Finding Test Object with id 'Object Repository/Toyota/GetServiceOperations_JSON'

2018-10-02 15:04:55 - [TEST_STEP][PASSED] - Statement - GetServiceOperation.getHttpHeaderProperties().add(new com.kms.katalon.core.testobject.TestObjectProperty(Authorization, com.kms.katalon.core.testobject.ConditionType.EQUALS, (Basic  + internal.GlobalVariable.Glb_Authorization_Token))): null

2018-10-02 15:04:55 - [TEST_STEP][PASSED] - Statement - res_GetServiceOperation = com.kms.katalon.core.webservice.keyword.WSBuiltInKeywords.sendRequest(GetServiceOperation): Send request successfully

2018-10-02 15:05:03 - [MESSAGE][PASSED] - Send request successfully

2018-10-02 15:05:03 - [TEST_STEP][PASSED] - Statement - If (!(Glb_Dealer_Code == "765A")): null

2018-10-02 15:05:03 - [TEST_STEP][PASSED] - Statement - Else If (!(Glb_ServiceType == "OSB_SERVICE_TYPE_LOGBOOK" || Glb_ServiceType == "OSB_SERVICE_TYPE_ADDITIONAL")): null

2018-10-02 15:05:03 - [TEST_STEP][PASSED] - Statement - Else If (Glb_Location_Code == "2" || Glb_Location_Code == "3" || Glb_Location_Code == "5"): null

2018-10-02 15:05:03 - [TEST_STEP][PASSED] - Statement - Else If (!(Glb_Location_Code == "1" || Glb_Location_Code == "4" || Glb_Location_Code == "360")): null

2018-10-02 15:05:03 - [TEST_STEP][PASSED] - Statement - Else If (Glb_VIN.toString().toLowerCase() == "invalid"): null

2018-10-02 15:05:03 - [TEST_STEP][PASSED] - Statement - Else: null

2018-10-02 15:05:03 - [TEST_STEP][PASSED] - Statement - VerifyResponse(res_GetServiceOperation, 200, ""): null

2018-10-02 15:05:03 - [TEST_STEP][PASSED] - verifyResponseStatusCode: Verify response status code successfully

2018-10-02 15:05:03 - [MESSAGE][PASSED] - Verify response status code successfully

2018-10-02 15:05:03 - [TEST_STEP][PASSED] - Statement - res_Text = new groovy.json.JsonSlurper().parseText(response.getResponseText()): null

2018-10-02 15:05:03 - [TEST_STEP][PASSED] - Statement - If (!(ExpectedMessage == "")): null

2018-10-02 15:05:03 - [TEST_STEP][PASSED] - Statement - res_Text = new groovy.json.JsonSlurper().parseText(res_GetServiceOperation.getResponseText()): null

2018-10-02 15:05:03 - [TEST_STEP][PASSED] - Statement - OpCodeJSON = 0: null

2018-10-02 15:05:03 - [TEST_STEP][PASSED] - Statement - res_Text.each({ -> ... }): null

2018-10-02 15:05:03 - [TEST_STEP][PASSED] - Statement - count_CSV = 0: null

2018-10-02 15:05:03 - [TEST_STEP][PASSED] - Statement - CSVReader = new java.io.File(Filepath): null

2018-10-02 15:05:03 - [TEST_STEP][PASSED] - Statement - csv_content = CSVReader.getText("utf-8"): null

2018-10-02 15:05:03 - [TEST_STEP][PASSED] - Statement - CSVData = com.xlson.groovycsv.CsvParser.parseCsv([separator:,, readFirstLine:false], csv_content): null

2018-10-02 15:05:03 - [TEST_STEP][PASSED] - Statement - For (def line : CSVData): null

2018-10-02 15:05:03 - [TEST_STEP][PASSED] - Statement - assert Name == Name: null

2018-10-02 15:05:03 - [TEST_STEP][PASSED] - Statement - assert DMSOperationalCode == DMSOperationalCode: null

2018-10-02 15:05:03 - [TEST_STEP][PASSED] - Statement - _duration = Duration: null

2018-10-02 15:05:03 - [TEST_STEP][PASSED] - Statement - If (!(_duration.contains("."))): null

2018-10-02 15:05:03 - [TEST_STEP][PASSED] - Statement - assert RoundNumber.call(Duration) == _duration: null

2018-10-02 15:05:03 - [TEST_STEP][PASSED] - Statement - _price = DealerPrice: null

2018-10-02 15:05:03 - [TEST_STEP][PASSED] - Statement - If (!(_price.contains("."))): null

2018-10-02 15:05:03 - [TEST_STEP][PASSED] - Statement - assert RoundNumber.call(DealerPrice) == _price: null

2018-10-02 15:05:03 - [TEST_STEP][PASSED] - Statement - assert ServiceType == ServiceType: null

2018-10-02 15:05:03 - [TEST_STEP][PASSED] - Statement - assert ServiceCode == null: null

2018-10-02 15:05:03 - [TEST_STEP][PASSED] - Statement - assert EMFlag == "false": null

2018-10-02 15:05:03 - [TEST_STEP][PASSED] - Statement - assert EMDuration == "0.0": null

2018-10-02 15:05:03 - [TEST_STEP][PASSED] - Statement - assert POAFlag == "false": null

2018-10-02 15:05:03 - [TEST_STEP][PASSED] - Statement - assert Price == "0.0": null

2018-10-02 15:05:03 - [TEST_STEP][PASSED] - Statement - count_CSV += 1: null

2018-10-02 15:05:03 - [TEST_STEP][PASSED] - Statement - assert Name == Name: null

2018-10-02 15:05:03 - [TEST_STEP][PASSED] - Statement - assert DMSOperationalCode == DMSOperationalCode: null

2018-10-02 15:05:03 - [TEST_STEP][PASSED] - Statement - _duration = Duration: null

2018-10-02 15:05:03 - [TEST_STEP][PASSED] - Statement - If (!(_duration.contains("."))): null

2018-10-02 15:05:03 - [TEST_STEP][PASSED] - Statement - assert RoundNumber.call(Duration) == _duration: null

2018-10-02 15:05:03 - [TEST_STEP][PASSED] - Statement - _price = DealerPrice: null

2018-10-02 15:05:03 - [TEST_STEP][PASSED] - Statement - If (!(_price.contains("."))): null

2018-10-02 15:05:03 - [TEST_STEP][PASSED] - Statement - assert RoundNumber.call(DealerPrice) == _price: null

2018-10-02 15:05:03 - [TEST_STEP][PASSED] - Statement - assert ServiceType == ServiceType: null

2018-10-02 15:05:03 - [TEST_STEP][PASSED] - Statement - assert ServiceCode == null: null

2018-10-02 15:05:03 - [TEST_STEP][PASSED] - Statement - assert EMFlag == "false": null

2018-10-02 15:05:03 - [TEST_STEP][PASSED] - Statement - assert EMDuration == "0.0": null

2018-10-02 15:05:03 - [TEST_STEP][PASSED] - Statement - assert POAFlag == "false": null

2018-10-02 15:05:03 - [TEST_STEP][PASSED] - Statement - assert Price == "0.0": null

2018-10-02 15:05:03 - [TEST_STEP][PASSED] - Statement - count_CSV += 1: null

2018-10-02 15:05:03 - [TEST_STEP][PASSED] - Statement - assert Name == Name: null

2018-10-02 15:05:03 - [TEST_STEP][PASSED] - Statement - assert DMSOperationalCode == DMSOperationalCode: null

2018-10-02 15:05:03 - [TEST_STEP][PASSED] - Statement - _duration = Duration: null

2018-10-02 15:05:03 - [TEST_STEP][PASSED] - Statement - If (!(_duration.contains("."))): null

2018-10-02 15:05:03 - [TEST_STEP][PASSED] - Statement - assert RoundNumber.call(Duration) == _duration: null

2018-10-02 15:05:03 - [TEST_STEP][PASSED] - Statement - _price = DealerPrice: null

2018-10-02 15:05:03 - [TEST_STEP][PASSED] - Statement - If (!(_price.contains("."))): null

2018-10-02 15:05:03 - [TEST_STEP][PASSED] - Statement - assert RoundNumber.call(DealerPrice) == _price: null

2018-10-02 15:05:03 - [TEST_STEP][PASSED] - Statement - assert ServiceType == ServiceType: null

2018-10-02 15:05:03 - [TEST_STEP][PASSED] - Statement - assert ServiceCode == null: null

2018-10-02 15:05:03 - [TEST_STEP][PASSED] - Statement - assert EMFlag == "false": null

2018-10-02 15:05:03 - [TEST_STEP][PASSED] - Statement - assert EMDuration == "0.0": null

2018-10-02 15:05:03 - [TEST_STEP][PASSED] - Statement - assert POAFlag == "false": null

2018-10-02 15:05:03 - [TEST_STEP][PASSED] - Statement - assert Price == "0.0": null

2018-10-02 15:05:03 - [TEST_STEP][PASSED] - Statement - count_CSV += 1: null

2018-10-02 15:05:03 - [TEST_STEP][PASSED] - Statement - assert Name == Name: null

2018-10-02 15:05:03 - [TEST_STEP][PASSED] - Statement - assert DMSOperationalCode == DMSOperationalCode: null

2018-10-02 15:05:03 - [TEST_STEP][PASSED] - Statement - _duration = Duration: null

2018-10-02 15:05:03 - [TEST_STEP][PASSED] - Statement - If (!(_duration.contains("."))): null

2018-10-02 15:05:03 - [TEST_STEP][PASSED] - Statement - assert RoundNumber.call(Duration) == _duration: null

2018-10-02 15:05:03 - [TEST_STEP][PASSED] - Statement - _price = DealerPrice: null

2018-10-02 15:05:03 - [TEST_STEP][PASSED] - Statement - If (!(_price.contains("."))): null

2018-10-02 15:05:03 - [TEST_STEP][PASSED] - Statement - assert RoundNumber.call(DealerPrice) == _price: null

2018-10-02 15:05:03 - [TEST_STEP][PASSED] - Statement - assert ServiceType == ServiceType: null

2018-10-02 15:05:03 - [TEST_STEP][PASSED] - Statement - assert ServiceCode == null: null

2018-10-02 15:05:03 - [TEST_STEP][PASSED] - Statement - assert EMFlag == "false": null

2018-10-02 15:05:03 - [TEST_STEP][PASSED] - Statement - assert EMDuration == "0.0": null

2018-10-02 15:05:03 - [TEST_STEP][PASSED] - Statement - assert POAFlag == "false": null

2018-10-02 15:05:03 - [TEST_STEP][PASSED] - Statement - assert Price == "0.0": null

2018-10-02 15:05:03 - [TEST_STEP][PASSED] - Statement - count_CSV += 1: null

2018-10-02 15:05:03 - [TEST_STEP][PASSED] - Statement - assert Name == Name: null

2018-10-02 15:05:03 - [TEST_STEP][PASSED] - Statement - assert DMSOperationalCode == DMSOperationalCode: null

2018-10-02 15:05:03 - [TEST_STEP][PASSED] - Statement - _duration = Duration: null

2018-10-02 15:05:03 - [TEST_STEP][PASSED] - Statement - If (!(_duration.contains("."))): null

2018-10-02 15:05:03 - [TEST_STEP][PASSED] - Statement - assert RoundNumber.call(Duration) == _duration: null

2018-10-02 15:05:03 - [TEST_STEP][PASSED] - Statement - _price = DealerPrice: null

2018-10-02 15:05:03 - [TEST_STEP][PASSED] - Statement - If (!(_price.contains("."))): null

2018-10-02 15:05:03 - [TEST_STEP][PASSED] - Statement - assert RoundNumber.call(DealerPrice) == _price: null

2018-10-02 15:05:03 - [TEST_STEP][PASSED] - Statement - assert ServiceType == ServiceType: null

2018-10-02 15:05:03 - [TEST_STEP][PASSED] - Statement - assert ServiceCode == null: null

2018-10-02 15:05:03 - [TEST_STEP][PASSED] - Statement - assert EMFlag == "false": null

2018-10-02 15:05:03 - [TEST_STEP][PASSED] - Statement - assert EMDuration == "0.0": null

2018-10-02 15:05:03 - [TEST_STEP][PASSED] - Statement - assert POAFlag == "false": null

2018-10-02 15:05:03 - [TEST_STEP][PASSED] - Statement - assert Price == "0.0": null

2018-10-02 15:05:03 - [TEST_STEP][PASSED] - Statement - count_CSV += 1: null

2018-10-02 15:05:03 - [TEST_STEP][PASSED] - Statement - assert Name == Name: null

2018-10-02 15:05:03 - [TEST_STEP][PASSED] - Statement - assert DMSOperationalCode == DMSOperationalCode: null

2018-10-02 15:05:03 - [TEST_STEP][PASSED] - Statement - _duration = Duration: null

2018-10-02 15:05:03 - [TEST_STEP][PASSED] - Statement - If (!(_duration.contains("."))): null

2018-10-02 15:05:03 - [TEST_STEP][PASSED] - Statement - assert RoundNumber.call(Duration) == _duration: null

2018-10-02 15:05:03 - [TEST_STEP][PASSED] - Statement - _price = DealerPrice: null

2018-10-02 15:05:03 - [TEST_STEP][PASSED] - Statement - If (!(_price.contains("."))): null

2018-10-02 15:05:03 - [TEST_STEP][PASSED] - Statement - assert RoundNumber.call(DealerPrice) == _price: null

2018-10-02 15:05:03 - [TEST_STEP][PASSED] - Statement - assert ServiceType == ServiceType: null

2018-10-02 15:05:03 - [TEST_STEP][PASSED] - Statement - assert ServiceCode == null: null

2018-10-02 15:05:03 - [TEST_STEP][PASSED] - Statement - assert EMFlag == "false": null

2018-10-02 15:05:03 - [TEST_STEP][PASSED] - Statement - assert EMDuration == "0.0": null

2018-10-02 15:05:03 - [TEST_STEP][PASSED] - Statement - assert POAFlag == "false": null

2018-10-02 15:05:03 - [TEST_STEP][PASSED] - Statement - assert Price == "0.0": null

2018-10-02 15:05:03 - [TEST_STEP][PASSED] - Statement - count_CSV += 1: null

2018-10-02 15:05:03 - [TEST_STEP][PASSED] - Statement - assert Name == Name: null

2018-10-02 15:05:03 - [TEST_STEP][PASSED] - Statement - assert DMSOperationalCode == DMSOperationalCode: null

2018-10-02 15:05:03 - [TEST_STEP][PASSED] - Statement - _duration = Duration: null

2018-10-02 15:05:03 - [TEST_STEP][PASSED] - Statement - If (!(_duration.contains("."))): null

2018-10-02 15:05:03 - [TEST_STEP][PASSED] - Statement - assert RoundNumber.call(Duration) == _duration: null

2018-10-02 15:05:03 - [TEST_STEP][PASSED] - Statement - _price = DealerPrice: null

2018-10-02 15:05:03 - [TEST_STEP][PASSED] - Statement - If (!(_price.contains("."))): null

2018-10-02 15:05:03 - [TEST_STEP][PASSED] - Statement - assert RoundNumber.call(DealerPrice) == _price: null

2018-10-02 15:05:03 - [TEST_STEP][PASSED] - Statement - assert ServiceType == ServiceType: null

2018-10-02 15:05:03 - [TEST_STEP][PASSED] - Statement - assert ServiceCode == null: null

2018-10-02 15:05:03 - [TEST_STEP][PASSED] - Statement - assert EMFlag == "false": null

2018-10-02 15:05:03 - [TEST_STEP][PASSED] - Statement - assert EMDuration == "0.0": null

2018-10-02 15:05:03 - [TEST_STEP][PASSED] - Statement - assert POAFlag == "false": null

2018-10-02 15:05:03 - [TEST_STEP][PASSED] - Statement - assert Price == "0.0": null

2018-10-02 15:05:03 - [TEST_STEP][PASSED] - Statement - count_CSV += 1: null

2018-10-02 15:05:03 - [TEST_STEP][PASSED] - Statement - assert Name == Name: null

2018-10-02 15:05:03 - [TEST_STEP][PASSED] - Statement - assert DMSOperationalCode == DMSOperationalCode: null

2018-10-02 15:05:03 - [TEST_STEP][PASSED] - Statement - _duration = Duration: null

2018-10-02 15:05:03 - [TEST_STEP][PASSED] - Statement - If (!(_duration.contains("."))): null

2018-10-02 15:05:03 - [TEST_STEP][PASSED] - Statement - assert RoundNumber.call(Duration) == _duration: null

2018-10-02 15:05:03 - [TEST_STEP][PASSED] - Statement - _price = DealerPrice: null

2018-10-02 15:05:03 - [TEST_STEP][PASSED] - Statement - If (!(_price.contains("."))): null

2018-10-02 15:05:03 - [TEST_STEP][PASSED] - Statement - assert RoundNumber.call(DealerPrice) == _price: null

2018-10-02 15:05:03 - [TEST_STEP][PASSED] - Statement - assert ServiceType == ServiceType: null

2018-10-02 15:05:03 - [TEST_STEP][PASSED] - Statement - assert ServiceCode == null: null

2018-10-02 15:05:03 - [TEST_STEP][PASSED] - Statement - assert EMFlag == "false": null

2018-10-02 15:05:03 - [TEST_STEP][PASSED] - Statement - assert EMDuration == "0.0": null

2018-10-02 15:05:03 - [TEST_STEP][PASSED] - Statement - assert POAFlag == "false": null

2018-10-02 15:05:03 - [TEST_STEP][PASSED] - Statement - assert Price == "0.0": null

2018-10-02 15:05:03 - [TEST_STEP][PASSED] - Statement - count_CSV += 1: null

2018-10-02 15:05:03 - [TEST_STEP][PASSED] - Statement - assert Name == Name: null

2018-10-02 15:05:03 - [TEST_STEP][PASSED] - Statement - assert DMSOperationalCode == DMSOperationalCode: null

2018-10-02 15:05:03 - [TEST_STEP][PASSED] - Statement - _duration = Duration: null

2018-10-02 15:05:03 - [TEST_STEP][PASSED] - Statement - If (!(_duration.contains("."))): null

2018-10-02 15:05:03 - [TEST_STEP][PASSED] - Statement - assert RoundNumber.call(Duration) == _duration: null

2018-10-02 15:05:03 - [TEST_STEP][PASSED] - Statement - _price = DealerPrice: null

2018-10-02 15:05:03 - [TEST_STEP][PASSED] - Statement - If (!(_price.contains("."))): null

2018-10-02 15:05:03 - [TEST_STEP][PASSED] - Statement - assert RoundNumber.call(DealerPrice) == _price: null

2018-10-02 15:05:03 - [TEST_STEP][PASSED] - Statement - assert ServiceType == ServiceType: null

2018-10-02 15:05:03 - [TEST_STEP][PASSED] - Statement - assert ServiceCode == null: null

2018-10-02 15:05:03 - [TEST_STEP][PASSED] - Statement - assert EMFlag == "false": null

2018-10-02 15:05:03 - [TEST_STEP][PASSED] - Statement - assert EMDuration == "0.0": null

2018-10-02 15:05:03 - [TEST_STEP][PASSED] - Statement - assert POAFlag == "false": null

2018-10-02 15:05:03 - [TEST_STEP][PASSED] - Statement - assert Price == "0.0": null

2018-10-02 15:05:03 - [TEST_STEP][PASSED] - Statement - count_CSV += 1: null

2018-10-02 15:05:03 - [TEST_STEP][PASSED] - Statement - assert Name == Name: null

2018-10-02 15:05:03 - [TEST_STEP][PASSED] - Statement - assert DMSOperationalCode == DMSOperationalCode: null

2018-10-02 15:05:03 - [TEST_STEP][PASSED] - Statement - _duration = Duration: null

2018-10-02 15:05:03 - [TEST_STEP][PASSED] - Statement - If (!(_duration.contains("."))): null

2018-10-02 15:05:03 - [TEST_STEP][PASSED] - Statement - assert RoundNumber.call(Duration) == _duration: null

2018-10-02 15:05:03 - [TEST_STEP][PASSED] - Statement - _price = DealerPrice: null

2018-10-02 15:05:03 - [TEST_STEP][PASSED] - Statement - If (!(_price.contains("."))): null

2018-10-02 15:05:03 - [TEST_STEP][PASSED] - Statement - assert RoundNumber.call(DealerPrice) == _price: null

2018-10-02 15:05:03 - [TEST_STEP][PASSED] - Statement - assert ServiceType == ServiceType: null

2018-10-02 15:05:03 - [TEST_STEP][PASSED] - Statement - assert ServiceCode == null: null

2018-10-02 15:05:03 - [TEST_STEP][PASSED] - Statement - assert EMFlag == "false": null

2018-10-02 15:05:03 - [TEST_STEP][PASSED] - Statement - assert EMDuration == "0.0": null

2018-10-02 15:05:03 - [TEST_STEP][PASSED] - Statement - assert POAFlag == "false": null

2018-10-02 15:05:03 - [TEST_STEP][PASSED] - Statement - assert Price == "0.0": null

2018-10-02 15:05:03 - [TEST_STEP][PASSED] - Statement - count_CSV += 1: null

2018-10-02 15:05:03 - [TEST_STEP][PASSED] - Statement - assert Name == Name: null

2018-10-02 15:05:03 - [TEST_STEP][PASSED] - Statement - assert DMSOperationalCode == DMSOperationalCode: null

2018-10-02 15:05:03 - [TEST_STEP][PASSED] - Statement - _duration = Duration: null

2018-10-02 15:05:03 - [TEST_STEP][PASSED] - Statement - If (!(_duration.contains("."))): null

2018-10-02 15:05:03 - [TEST_STEP][PASSED] - Statement - assert RoundNumber.call(Duration) == _duration: null

2018-10-02 15:05:03 - [TEST_STEP][PASSED] - Statement - _price = DealerPrice: null

2018-10-02 15:05:03 - [TEST_STEP][PASSED] - Statement - If (!(_price.contains("."))): null

2018-10-02 15:05:03 - [TEST_STEP][PASSED] - Statement - assert RoundNumber.call(DealerPrice) == _price: null

2018-10-02 15:05:03 - [TEST_STEP][PASSED] - Statement - assert ServiceType == ServiceType: null

2018-10-02 15:05:03 - [TEST_STEP][PASSED] - Statement - assert ServiceCode == null: null

2018-10-02 15:05:03 - [TEST_STEP][PASSED] - Statement - assert EMFlag == "false": null

2018-10-02 15:05:03 - [TEST_STEP][PASSED] - Statement - assert EMDuration == "0.0": null

2018-10-02 15:05:03 - [TEST_STEP][PASSED] - Statement - assert POAFlag == "false": null

2018-10-02 15:05:03 - [TEST_STEP][PASSED] - Statement - assert Price == "0.0": null

2018-10-02 15:05:03 - [TEST_STEP][PASSED] - Statement - count_CSV += 1: null

2018-10-02 15:05:03 - [TEST_STEP][PASSED] - Statement - assert Name == Name: null

2018-10-02 15:05:03 - [TEST_STEP][PASSED] - Statement - assert DMSOperationalCode == DMSOperationalCode: null

2018-10-02 15:05:03 - [TEST_STEP][PASSED] - Statement - _duration = Duration: null

2018-10-02 15:05:03 - [TEST_STEP][PASSED] - Statement - If (!(_duration.contains("."))): null

2018-10-02 15:05:03 - [TEST_STEP][PASSED] - Statement - assert RoundNumber.call(Duration) == _duration: null

2018-10-02 15:05:03 - [TEST_STEP][PASSED] - Statement - _price = DealerPrice: null

2018-10-02 15:05:03 - [TEST_STEP][PASSED] - Statement - If (!(_price.contains("."))): null

2018-10-02 15:05:03 - [TEST_STEP][PASSED] - Statement - assert RoundNumber.call(DealerPrice) == _price: null

2018-10-02 15:05:03 - [TEST_STEP][PASSED] - Statement - assert ServiceType == ServiceType: null

2018-10-02 15:05:03 - [TEST_STEP][PASSED] - Statement - assert ServiceCode == null: null

2018-10-02 15:05:03 - [TEST_STEP][PASSED] - Statement - assert EMFlag == "false": null

2018-10-02 15:05:03 - [TEST_STEP][PASSED] - Statement - assert EMDuration == "0.0": null

2018-10-02 15:05:03 - [TEST_STEP][PASSED] - Statement - assert POAFlag == "false": null

2018-10-02 15:05:03 - [TEST_STEP][PASSED] - Statement - assert Price == "0.0": null

2018-10-02 15:05:03 - [TEST_STEP][PASSED] - Statement - count_CSV += 1: null

2018-10-02 15:05:03 - [TEST_STEP][PASSED] - Statement - assert Name == Name: null

2018-10-02 15:05:03 - [TEST_STEP][PASSED] - Statement - assert DMSOperationalCode == DMSOperationalCode: null

2018-10-02 15:05:03 - [TEST_STEP][PASSED] - Statement - _duration = Duration: null

2018-10-02 15:05:03 - [TEST_STEP][PASSED] - Statement - If (!(_duration.contains("."))): null

2018-10-02 15:05:03 - [TEST_STEP][PASSED] - Statement - assert RoundNumber.call(Duration) == _duration: null

2018-10-02 15:05:03 - [TEST_STEP][PASSED] - Statement - _price = DealerPrice: null

2018-10-02 15:05:03 - [TEST_STEP][PASSED] - Statement - If (!(_price.contains("."))): null

2018-10-02 15:05:03 - [TEST_STEP][PASSED] - Statement - assert RoundNumber.call(DealerPrice) == _price: null

2018-10-02 15:05:03 - [TEST_STEP][PASSED] - Statement - assert ServiceType == ServiceType: null

2018-10-02 15:05:03 - [TEST_STEP][PASSED] - Statement - assert ServiceCode == null: null

2018-10-02 15:05:03 - [TEST_STEP][PASSED] - Statement - assert EMFlag == "false": null

2018-10-02 15:05:03 - [TEST_STEP][PASSED] - Statement - assert EMDuration == "0.0": null

2018-10-02 15:05:03 - [TEST_STEP][PASSED] - Statement - assert POAFlag == "false": null

2018-10-02 15:05:03 - [TEST_STEP][PASSED] - Statement - assert Price == "0.0": null

2018-10-02 15:05:03 - [TEST_STEP][PASSED] - Statement - count_CSV += 1: null

2018-10-02 15:05:03 - [TEST_STEP][PASSED] - Statement - assert Name == Name: null

2018-10-02 15:05:03 - [TEST_STEP][PASSED] - Statement - assert DMSOperationalCode == DMSOperationalCode: null

2018-10-02 15:05:03 - [TEST_STEP][PASSED] - Statement - _duration = Duration: null

2018-10-02 15:05:03 - [TEST_STEP][PASSED] - Statement - If (!(_duration.contains("."))): null

2018-10-02 15:05:03 - [TEST_STEP][PASSED] - Statement - assert RoundNumber.call(Duration) == _duration: null

2018-10-02 15:05:03 - [TEST_STEP][PASSED] - Statement - _price = DealerPrice: null

2018-10-02 15:05:03 - [TEST_STEP][PASSED] - Statement - If (!(_price.contains("."))): null

2018-10-02 15:05:03 - [TEST_STEP][PASSED] - Statement - assert RoundNumber.call(DealerPrice) == _price: null

2018-10-02 15:05:03 - [TEST_STEP][PASSED] - Statement - assert ServiceType == ServiceType: null

2018-10-02 15:05:03 - [TEST_STEP][PASSED] - Statement - assert ServiceCode == null: null

2018-10-02 15:05:03 - [TEST_STEP][PASSED] - Statement - assert EMFlag == "false": null

2018-10-02 15:05:03 - [TEST_STEP][PASSED] - Statement - assert EMDuration == "0.0": null

2018-10-02 15:05:03 - [TEST_STEP][PASSED] - Statement - assert POAFlag == "false": null

2018-10-02 15:05:03 - [TEST_STEP][PASSED] - Statement - assert Price == "0.0": null

2018-10-02 15:05:03 - [TEST_STEP][PASSED] - Statement - count_CSV += 1: null

2018-10-02 15:05:03 - [TEST_STEP][PASSED] - Statement - assert Name == Name: null

2018-10-02 15:05:03 - [TEST_STEP][PASSED] - Statement - assert DMSOperationalCode == DMSOperationalCode: null

2018-10-02 15:05:03 - [TEST_STEP][PASSED] - Statement - _duration = Duration: null

2018-10-02 15:05:03 - [TEST_STEP][PASSED] - Statement - If (!(_duration.contains("."))): null

2018-10-02 15:05:03 - [TEST_STEP][PASSED] - Statement - assert RoundNumber.call(Duration) == _duration: null

2018-10-02 15:05:03 - [TEST_STEP][PASSED] - Statement - _price = DealerPrice: null

2018-10-02 15:05:03 - [TEST_STEP][PASSED] - Statement - If (!(_price.contains("."))): null

2018-10-02 15:05:03 - [TEST_STEP][PASSED] - Statement - assert RoundNumber.call(DealerPrice) == _price: null

2018-10-02 15:05:03 - [TEST_STEP][PASSED] - Statement - assert ServiceType == ServiceType: null

2018-10-02 15:05:03 - [TEST_STEP][PASSED] - Statement - assert ServiceCode == null: null

2018-10-02 15:05:03 - [TEST_STEP][PASSED] - Statement - assert EMFlag == "false": null

2018-10-02 15:05:03 - [TEST_STEP][PASSED] - Statement - assert EMDuration == "0.0": null

2018-10-02 15:05:03 - [TEST_STEP][PASSED] - Statement - assert POAFlag == "false": null

2018-10-02 15:05:03 - [TEST_STEP][PASSED] - Statement - assert Price == "0.0": null

2018-10-02 15:05:03 - [TEST_STEP][PASSED] - Statement - count_CSV += 1: null

2018-10-02 15:05:03 - [TEST_STEP][PASSED] - Statement - assert Name == Name: null

2018-10-02 15:05:03 - [TEST_STEP][PASSED] - Statement - assert DMSOperationalCode == DMSOperationalCode: null

2018-10-02 15:05:03 - [TEST_STEP][PASSED] - Statement - _duration = Duration: null

2018-10-02 15:05:03 - [TEST_STEP][PASSED] - Statement - If (!(_duration.contains("."))): null

2018-10-02 15:05:03 - [TEST_STEP][PASSED] - Statement - assert RoundNumber.call(Duration) == _duration: null

2018-10-02 15:05:03 - [TEST_STEP][PASSED] - Statement - _price = DealerPrice: null

2018-10-02 15:05:03 - [TEST_STEP][PASSED] - Statement - If (!(_price.contains("."))): null

2018-10-02 15:05:03 - [TEST_STEP][PASSED] - Statement - assert RoundNumber.call(DealerPrice) == _price: null

2018-10-02 15:05:03 - [TEST_STEP][PASSED] - Statement - assert ServiceType == ServiceType: null

2018-10-02 15:05:03 - [TEST_STEP][PASSED] - Statement - assert ServiceCode == null: null

2018-10-02 15:05:03 - [TEST_STEP][PASSED] - Statement - assert EMFlag == "false": null

2018-10-02 15:05:03 - [TEST_STEP][PASSED] - Statement - assert EMDuration == "0.0": null

2018-10-02 15:05:03 - [TEST_STEP][PASSED] - Statement - assert POAFlag == "false": null

2018-10-02 15:05:03 - [TEST_STEP][PASSED] - Statement - assert Price == "0.0": null

2018-10-02 15:05:03 - [TEST_STEP][PASSED] - Statement - count_CSV += 1: null

2018-10-02 15:05:03 - [TEST_STEP][PASSED] - Statement - assert Name == Name: null

2018-10-02 15:05:03 - [TEST_STEP][PASSED] - Statement - assert DMSOperationalCode == DMSOperationalCode: null

2018-10-02 15:05:03 - [TEST_STEP][PASSED] - Statement - _duration = Duration: null

2018-10-02 15:05:03 - [TEST_STEP][PASSED] - Statement - If (!(_duration.contains("."))): null

2018-10-02 15:05:03 - [TEST_STEP][PASSED] - Statement - assert RoundNumber.call(Duration) == _duration: null

2018-10-02 15:05:03 - [TEST_STEP][PASSED] - Statement - _price = DealerPrice: null

2018-10-02 15:05:03 - [TEST_STEP][PASSED] - Statement - If (!(_price.contains("."))): null

2018-10-02 15:05:03 - [TEST_STEP][PASSED] - Statement - assert RoundNumber.call(DealerPrice) == _price: null

2018-10-02 15:05:03 - [TEST_STEP][PASSED] - Statement - assert ServiceType == ServiceType: null

2018-10-02 15:05:03 - [TEST_STEP][PASSED] - Statement - assert ServiceCode == null: null

2018-10-02 15:05:03 - [TEST_STEP][PASSED] - Statement - assert EMFlag == "false": null

2018-10-02 15:05:03 - [TEST_STEP][PASSED] - Statement - assert EMDuration == "0.0": null

2018-10-02 15:05:03 - [TEST_STEP][PASSED] - Statement - assert POAFlag == "false": null

2018-10-02 15:05:03 - [TEST_STEP][PASSED] - Statement - assert Price == "0.0": null

2018-10-02 15:05:03 - [TEST_STEP][PASSED] - Statement - count_CSV += 1: null

2018-10-02 15:05:03 - [TEST_STEP][PASSED] - Statement - assert Name == Name: null

2018-10-02 15:05:03 - [TEST_STEP][PASSED] - Statement - assert DMSOperationalCode == DMSOperationalCode: null

2018-10-02 15:05:03 - [TEST_STEP][PASSED] - Statement - _duration = Duration: null

2018-10-02 15:05:03 - [TEST_STEP][PASSED] - Statement - If (!(_duration.contains("."))): null

2018-10-02 15:05:03 - [TEST_STEP][PASSED] - Statement - assert RoundNumber.call(Duration) == _duration: null

2018-10-02 15:05:03 - [TEST_STEP][PASSED] - Statement - _price = DealerPrice: null

2018-10-02 15:05:03 - [TEST_STEP][PASSED] - Statement - If (!(_price.contains("."))): null

2018-10-02 15:05:03 - [TEST_STEP][PASSED] - Statement - assert RoundNumber.call(DealerPrice) == _price: null

2018-10-02 15:05:03 - [TEST_STEP][PASSED] - Statement - assert ServiceType == ServiceType: null

2018-10-02 15:05:03 - [TEST_STEP][PASSED] - Statement - assert ServiceCode == null: null

2018-10-02 15:05:03 - [TEST_STEP][PASSED] - Statement - assert EMFlag == "false": null

2018-10-02 15:05:03 - [TEST_STEP][PASSED] - Statement - assert EMDuration == "0.0": null

2018-10-02 15:05:03 - [TEST_STEP][PASSED] - Statement - assert POAFlag == "false": null

2018-10-02 15:05:03 - [TEST_STEP][PASSED] - Statement - assert Price == "0.0": null

2018-10-02 15:05:03 - [TEST_STEP][PASSED] - Statement - count_CSV += 1: null

2018-10-02 15:05:03 - [TEST_STEP][PASSED] - Statement - assert Name == Name: null

2018-10-02 15:05:03 - [TEST_STEP][PASSED] - Statement - assert DMSOperationalCode == DMSOperationalCode: null

2018-10-02 15:05:03 - [TEST_STEP][PASSED] - Statement - _duration = Duration: null

2018-10-02 15:05:03 - [TEST_STEP][PASSED] - Statement - If (!(_duration.contains("."))): null

2018-10-02 15:05:03 - [TEST_STEP][PASSED] - Statement - assert RoundNumber.call(Duration) == _duration: null

2018-10-02 15:05:03 - [TEST_STEP][PASSED] - Statement - _price = DealerPrice: null

2018-10-02 15:05:03 - [TEST_STEP][PASSED] - Statement - If (!(_price.contains("."))): null

2018-10-02 15:05:03 - [TEST_STEP][PASSED] - Statement - assert RoundNumber.call(DealerPrice) == _price: null

2018-10-02 15:05:03 - [TEST_STEP][PASSED] - Statement - assert ServiceType == ServiceType: null

2018-10-02 15:05:03 - [TEST_STEP][PASSED] - Statement - assert ServiceCode == null: null

2018-10-02 15:05:03 - [TEST_STEP][PASSED] - Statement - assert EMFlag == "false": null

2018-10-02 15:05:03 - [TEST_STEP][PASSED] - Statement - assert EMDuration == "0.0": null

2018-10-02 15:05:03 - [TEST_STEP][PASSED] - Statement - assert POAFlag == "false": null

2018-10-02 15:05:03 - [TEST_STEP][PASSED] - Statement - assert Price == "0.0": null

2018-10-02 15:05:03 - [TEST_STEP][PASSED] - Statement - count_CSV += 1: null

2018-10-02 15:05:03 - [TEST_STEP][PASSED] - Statement - assert Name == Name: null

2018-10-02 15:05:03 - [TEST_STEP][PASSED] - Statement - assert DMSOperationalCode == DMSOperationalCode: null

2018-10-02 15:05:03 - [TEST_STEP][PASSED] - Statement - _duration = Duration: null

2018-10-02 15:05:03 - [TEST_STEP][PASSED] - Statement - If (!(_duration.contains("."))): null

2018-10-02 15:05:03 - [TEST_STEP][PASSED] - Statement - assert RoundNumber.call(Duration) == _duration: null

2018-10-02 15:05:03 - [TEST_STEP][PASSED] - Statement - _price = DealerPrice: null

2018-10-02 15:05:03 - [TEST_STEP][PASSED] - Statement - If (!(_price.contains("."))): null

2018-10-02 15:05:03 - [TEST_STEP][PASSED] - Statement - assert RoundNumber.call(DealerPrice) == _price: null

2018-10-02 15:05:03 - [TEST_STEP][PASSED] - Statement - assert ServiceType == ServiceType: null

2018-10-02 15:05:03 - [TEST_STEP][PASSED] - Statement - assert ServiceCode == null: null

2018-10-02 15:05:03 - [TEST_STEP][PASSED] - Statement - assert EMFlag == "false": null

2018-10-02 15:05:03 - [TEST_STEP][PASSED] - Statement - assert EMDuration == "0.0": null

2018-10-02 15:05:03 - [TEST_STEP][PASSED] - Statement - assert POAFlag == "false": null

2018-10-02 15:05:03 - [TEST_STEP][PASSED] - Statement - assert Price == "0.0": null

2018-10-02 15:05:03 - [TEST_STEP][PASSED] - Statement - count_CSV += 1: null

2018-10-02 15:05:03 - [TEST_STEP][PASSED] - Statement - assert Name == Name: null

2018-10-02 15:05:03 - [TEST_STEP][PASSED] - Statement - assert DMSOperationalCode == DMSOperationalCode: null

2018-10-02 15:05:03 - [TEST_STEP][PASSED] - Statement - _duration = Duration: null

2018-10-02 15:05:03 - [TEST_STEP][PASSED] - Statement - If (!(_duration.contains("."))): null

2018-10-02 15:05:03 - [TEST_STEP][PASSED] - Statement - assert RoundNumber.call(Duration) == _duration: null

2018-10-02 15:05:03 - [TEST_STEP][PASSED] - Statement - _price = DealerPrice: null

2018-10-02 15:05:03 - [TEST_STEP][PASSED] - Statement - If (!(_price.contains("."))): null

2018-10-02 15:05:03 - [TEST_STEP][PASSED] - Statement - assert RoundNumber.call(DealerPrice) == _price: null

2018-10-02 15:05:03 - [TEST_STEP][PASSED] - Statement - assert ServiceType == ServiceType: null

2018-10-02 15:05:03 - [TEST_STEP][PASSED] - Statement - assert ServiceCode == null: null

2018-10-02 15:05:03 - [TEST_STEP][PASSED] - Statement - assert EMFlag == "false": null

2018-10-02 15:05:03 - [TEST_STEP][PASSED] - Statement - assert EMDuration == "0.0": null

2018-10-02 15:05:03 - [TEST_STEP][PASSED] - Statement - assert POAFlag == "false": null

2018-10-02 15:05:03 - [TEST_STEP][PASSED] - Statement - assert Price == "0.0": null

2018-10-02 15:05:03 - [TEST_STEP][PASSED] - Statement - count_CSV += 1: null

2018-10-02 15:05:03 - [TEST_STEP][PASSED] - Statement - assert Name == Name: null

2018-10-02 15:05:03 - [TEST_STEP][PASSED] - Statement - assert DMSOperationalCode == DMSOperationalCode: null

2018-10-02 15:05:03 - [TEST_STEP][PASSED] - Statement - _duration = Duration: null

2018-10-02 15:05:03 - [TEST_STEP][PASSED] - Statement - If (!(_duration.contains("."))): null

2018-10-02 15:05:03 - [TEST_STEP][PASSED] - Statement - assert RoundNumber.call(Duration) == _duration: null

2018-10-02 15:05:03 - [TEST_STEP][PASSED] - Statement - _price = DealerPrice: null

2018-10-02 15:05:03 - [TEST_STEP][PASSED] - Statement - If (!(_price.contains("."))): null

2018-10-02 15:05:03 - [TEST_STEP][PASSED] - Statement - assert RoundNumber.call(DealerPrice) == _price: null

2018-10-02 15:05:03 - [TEST_STEP][PASSED] - Statement - assert ServiceType == ServiceType: null

2018-10-02 15:05:03 - [TEST_STEP][PASSED] - Statement - assert ServiceCode == null: null

2018-10-02 15:05:03 - [TEST_STEP][PASSED] - Statement - assert EMFlag == "false": null

2018-10-02 15:05:03 - [TEST_STEP][PASSED] - Statement - assert EMDuration == "0.0": null

2018-10-02 15:05:03 - [TEST_STEP][PASSED] - Statement - assert POAFlag == "false": null

2018-10-02 15:05:03 - [TEST_STEP][PASSED] - Statement - assert Price == "0.0": null

2018-10-02 15:05:03 - [TEST_STEP][PASSED] - Statement - count_CSV += 1: null

2018-10-02 15:05:03 - [TEST_STEP][PASSED] - Statement - assert Name == Name: null

2018-10-02 15:05:03 - [TEST_STEP][PASSED] - Statement - assert DMSOperationalCode == DMSOperationalCode: null

2018-10-02 15:05:03 - [TEST_STEP][PASSED] - Statement - _duration = Duration: null

2018-10-02 15:05:03 - [TEST_STEP][PASSED] - Statement - If (!(_duration.contains("."))): null

2018-10-02 15:05:03 - [TEST_STEP][PASSED] - Statement - assert RoundNumber.call(Duration) == _duration: null

2018-10-02 15:05:03 - [TEST_STEP][PASSED] - Statement - _price = DealerPrice: null

2018-10-02 15:05:03 - [TEST_STEP][PASSED] - Statement - If (!(_price.contains("."))): null

2018-10-02 15:05:03 - [TEST_STEP][PASSED] - Statement - assert RoundNumber.call(DealerPrice) == _price: null

2018-10-02 15:05:03 - [TEST_STEP][PASSED] - Statement - assert ServiceType == ServiceType: null

2018-10-02 15:05:03 - [TEST_STEP][PASSED] - Statement - assert ServiceCode == null: null

2018-10-02 15:05:03 - [TEST_STEP][PASSED] - Statement - assert EMFlag == "false": null

2018-10-02 15:05:03 - [TEST_STEP][PASSED] - Statement - assert EMDuration == "0.0": null

2018-10-02 15:05:03 - [TEST_STEP][PASSED] - Statement - assert POAFlag == "false": null

2018-10-02 15:05:03 - [TEST_STEP][PASSED] - Statement - assert Price == "0.0": null

2018-10-02 15:05:03 - [TEST_STEP][PASSED] - Statement - count_CSV += 1: null

2018-10-02 15:05:03 - [TEST_STEP][PASSED] - Statement - assert Name == Name: null

2018-10-02 15:05:03 - [TEST_STEP][PASSED] - Statement - assert DMSOperationalCode == DMSOperationalCode: null

2018-10-02 15:05:03 - [TEST_STEP][PASSED] - Statement - _duration = Duration: null

2018-10-02 15:05:03 - [TEST_STEP][PASSED] - Statement - If (!(_duration.contains("."))): null

2018-10-02 15:05:03 - [TEST_STEP][PASSED] - Statement - assert RoundNumber.call(Duration) == _duration: null

2018-10-02 15:05:03 - [TEST_STEP][PASSED] - Statement - _price = DealerPrice: null

2018-10-02 15:05:03 - [TEST_STEP][PASSED] - Statement - If (!(_price.contains("."))): null

2018-10-02 15:05:03 - [TEST_STEP][PASSED] - Statement - assert RoundNumber.call(DealerPrice) == _price: null

2018-10-02 15:05:03 - [TEST_STEP][PASSED] - Statement - assert ServiceType == ServiceType: null

2018-10-02 15:05:03 - [TEST_STEP][PASSED] - Statement - assert ServiceCode == null: null

2018-10-02 15:05:03 - [TEST_STEP][PASSED] - Statement - assert EMFlag == "false": null

2018-10-02 15:05:03 - [TEST_STEP][PASSED] - Statement - assert EMDuration == "0.0": null

2018-10-02 15:05:03 - [TEST_STEP][PASSED] - Statement - assert POAFlag == "false": null

2018-10-02 15:05:03 - [TEST_STEP][PASSED] - Statement - assert Price == "0.0": null

2018-10-02 15:05:03 - [TEST_STEP][PASSED] - Statement - count_CSV += 1: null

2018-10-02 15:05:03 - [TEST_STEP][PASSED] - Statement - assert Name == Name: null

2018-10-02 15:05:03 - [TEST_STEP][PASSED] - Statement - assert DMSOperationalCode == DMSOperationalCode: null

2018-10-02 15:05:03 - [TEST_STEP][PASSED] - Statement - _duration = Duration: null

2018-10-02 15:05:03 - [TEST_STEP][PASSED] - Statement - If (!(_duration.contains("."))): null

2018-10-02 15:05:03 - [TEST_STEP][PASSED] - Statement - assert RoundNumber.call(Duration) == _duration: null

2018-10-02 15:05:03 - [TEST_STEP][PASSED] - Statement - _price = DealerPrice: null

2018-10-02 15:05:03 - [TEST_STEP][PASSED] - Statement - If (!(_price.contains("."))): null

2018-10-02 15:05:03 - [TEST_STEP][PASSED] - Statement - assert RoundNumber.call(DealerPrice) == _price: null

2018-10-02 15:05:03 - [TEST_STEP][PASSED] - Statement - assert ServiceType == ServiceType: null

2018-10-02 15:05:03 - [TEST_STEP][PASSED] - Statement - assert ServiceCode == null: null

2018-10-02 15:05:03 - [TEST_STEP][PASSED] - Statement - assert EMFlag == "false": null

2018-10-02 15:05:03 - [TEST_STEP][PASSED] - Statement - assert EMDuration == "0.0": null

2018-10-02 15:05:03 - [TEST_STEP][PASSED] - Statement - assert POAFlag == "false": null

2018-10-02 15:05:03 - [TEST_STEP][PASSED] - Statement - assert Price == "0.0": null

2018-10-02 15:05:03 - [TEST_STEP][PASSED] - Statement - count_CSV += 1: null

2018-10-02 15:05:03 - [TEST_STEP][PASSED] - Statement - assert Name == Name: null

2018-10-02 15:05:03 - [TEST_STEP][PASSED] - Statement - assert DMSOperationalCode == DMSOperationalCode: null

2018-10-02 15:05:03 - [TEST_STEP][PASSED] - Statement - _duration = Duration: null

2018-10-02 15:05:03 - [TEST_STEP][PASSED] - Statement - If (!(_duration.contains("."))): null

2018-10-02 15:05:03 - [TEST_STEP][PASSED] - Statement - assert RoundNumber.call(Duration) == _duration: null

2018-10-02 15:05:03 - [TEST_STEP][PASSED] - Statement - _price = DealerPrice: null

2018-10-02 15:05:03 - [TEST_STEP][PASSED] - Statement - If (!(_price.contains("."))): null

2018-10-02 15:05:03 - [TEST_STEP][PASSED] - Statement - assert RoundNumber.call(DealerPrice) == _price: null

2018-10-02 15:05:03 - [TEST_STEP][PASSED] - Statement - assert ServiceType == ServiceType: null

2018-10-02 15:05:03 - [TEST_STEP][PASSED] - Statement - assert ServiceCode == null: null

2018-10-02 15:05:03 - [TEST_STEP][PASSED] - Statement - assert EMFlag == "false": null

2018-10-02 15:05:03 - [TEST_STEP][PASSED] - Statement - assert EMDuration == "0.0": null

2018-10-02 15:05:03 - [TEST_STEP][PASSED] - Statement - assert POAFlag == "false": null

2018-10-02 15:05:03 - [TEST_STEP][PASSED] - Statement - assert Price == "0.0": null

2018-10-02 15:05:03 - [TEST_STEP][PASSED] - Statement - count_CSV += 1: null

2018-10-02 15:05:03 - [TEST_STEP][PASSED] - Statement - assert Name == Name: null

2018-10-02 15:05:03 - [TEST_STEP][PASSED] - Statement - assert DMSOperationalCode == DMSOperationalCode: null

2018-10-02 15:05:03 - [TEST_STEP][PASSED] - Statement - _duration = Duration: null

2018-10-02 15:05:03 - [TEST_STEP][PASSED] - Statement - If (!(_duration.contains("."))): null

2018-10-02 15:05:03 - [TEST_STEP][PASSED] - Statement - assert RoundNumber.call(Duration) == _duration: null

2018-10-02 15:05:03 - [TEST_STEP][PASSED] - Statement - _price = DealerPrice: null

2018-10-02 15:05:03 - [TEST_STEP][PASSED] - Statement - If (!(_price.contains("."))): null

2018-10-02 15:05:03 - [TEST_STEP][PASSED] - Statement - assert RoundNumber.call(DealerPrice) == _price: null

2018-10-02 15:05:03 - [TEST_STEP][PASSED] - Statement - assert ServiceType == ServiceType: null

2018-10-02 15:05:03 - [TEST_STEP][PASSED] - Statement - assert ServiceCode == null: null

2018-10-02 15:05:03 - [TEST_STEP][PASSED] - Statement - assert EMFlag == "false": null

2018-10-02 15:05:03 - [TEST_STEP][PASSED] - Statement - assert EMDuration == "0.0": null

2018-10-02 15:05:03 - [TEST_STEP][PASSED] - Statement - assert POAFlag == "false": null

2018-10-02 15:05:03 - [TEST_STEP][PASSED] - Statement - assert Price == "0.0": null

2018-10-02 15:05:03 - [TEST_STEP][PASSED] - Statement - count_CSV += 1: null

2018-10-02 15:05:03 - [TEST_STEP][PASSED] - Statement - assert Name == Name: null

2018-10-02 15:05:03 - [TEST_STEP][PASSED] - Statement - assert DMSOperationalCode == DMSOperationalCode: null

2018-10-02 15:05:03 - [TEST_STEP][PASSED] - Statement - _duration = Duration: null

2018-10-02 15:05:03 - [TEST_STEP][PASSED] - Statement - If (!(_duration.contains("."))): null

2018-10-02 15:05:03 - [TEST_STEP][PASSED] - Statement - assert RoundNumber.call(Duration) == _duration: null

2018-10-02 15:05:03 - [TEST_STEP][PASSED] - Statement - _price = DealerPrice: null

2018-10-02 15:05:03 - [TEST_STEP][PASSED] - Statement - If (!(_price.contains("."))): null

2018-10-02 15:05:03 - [TEST_STEP][PASSED] - Statement - assert RoundNumber.call(DealerPrice) == _price: null

2018-10-02 15:05:03 - [TEST_STEP][PASSED] - Statement - assert ServiceType == ServiceType: null

2018-10-02 15:05:03 - [TEST_STEP][PASSED] - Statement - assert ServiceCode == null: null

2018-10-02 15:05:03 - [TEST_STEP][PASSED] - Statement - assert EMFlag == "false": null

2018-10-02 15:05:03 - [TEST_STEP][PASSED] - Statement - assert EMDuration == "0.0": null

2018-10-02 15:05:03 - [TEST_STEP][PASSED] - Statement - assert POAFlag == "false": null

2018-10-02 15:05:03 - [TEST_STEP][PASSED] - Statement - assert Price == "0.0": null

2018-10-02 15:05:03 - [TEST_STEP][PASSED] - Statement - count_CSV += 1: null

2018-10-02 15:05:03 - [TEST_STEP][PASSED] - Statement - assert Name == Name: null

2018-10-02 15:05:03 - [TEST_STEP][PASSED] - Statement - assert DMSOperationalCode == DMSOperationalCode: null

2018-10-02 15:05:03 - [TEST_STEP][PASSED] - Statement - _duration = Duration: null

2018-10-02 15:05:03 - [TEST_STEP][PASSED] - Statement - If (!(_duration.contains("."))): null

2018-10-02 15:05:03 - [TEST_STEP][PASSED] - Statement - assert RoundNumber.call(Duration) == _duration: null

2018-10-02 15:05:03 - [TEST_STEP][PASSED] - Statement - _price = DealerPrice: null

2018-10-02 15:05:03 - [TEST_STEP][PASSED] - Statement - If (!(_price.contains("."))): null

2018-10-02 15:05:03 - [TEST_STEP][PASSED] - Statement - assert RoundNumber.call(DealerPrice) == _price: null

2018-10-02 15:05:03 - [TEST_STEP][PASSED] - Statement - assert ServiceType == ServiceType: null

2018-10-02 15:05:03 - [TEST_STEP][PASSED] - Statement - assert ServiceCode == null: null

2018-10-02 15:05:03 - [TEST_STEP][PASSED] - Statement - assert EMFlag == "false": null

2018-10-02 15:05:03 - [TEST_STEP][PASSED] - Statement - assert EMDuration == "0.0": null

2018-10-02 15:05:03 - [TEST_STEP][PASSED] - Statement - assert POAFlag == "false": null

2018-10-02 15:05:03 - [TEST_STEP][PASSED] - Statement - assert Price == "0.0": null

2018-10-02 15:05:03 - [TEST_STEP][PASSED] - Statement - count_CSV += 1: null

2018-10-02 15:05:03 - [TEST_STEP][PASSED] - Statement - assert Name == Name: null

2018-10-02 15:05:03 - [TEST_STEP][PASSED] - Statement - assert DMSOperationalCode == DMSOperationalCode: null

2018-10-02 15:05:03 - [TEST_STEP][PASSED] - Statement - _duration = Duration: null

2018-10-02 15:05:03 - [TEST_STEP][PASSED] - Statement - If (!(_duration.contains("."))): null

2018-10-02 15:05:03 - [TEST_STEP][PASSED] - Statement - assert RoundNumber.call(Duration) == _duration: null

2018-10-02 15:05:03 - [TEST_STEP][PASSED] - Statement - _price = DealerPrice: null

2018-10-02 15:05:03 - [TEST_STEP][PASSED] - Statement - If (!(_price.contains("."))): null

2018-10-02 15:05:03 - [TEST_STEP][PASSED] - Statement - assert RoundNumber.call(DealerPrice) == _price: null

2018-10-02 15:05:03 - [TEST_STEP][PASSED] - Statement - assert ServiceType == ServiceType: null

2018-10-02 15:05:03 - [TEST_STEP][PASSED] - Statement - assert ServiceCode == null: null

2018-10-02 15:05:03 - [TEST_STEP][PASSED] - Statement - assert EMFlag == "false": null

2018-10-02 15:05:03 - [TEST_STEP][PASSED] - Statement - assert EMDuration == "0.0": null

2018-10-02 15:05:03 - [TEST_STEP][PASSED] - Statement - assert POAFlag == "false": null

2018-10-02 15:05:03 - [TEST_STEP][PASSED] - Statement - assert Price == "0.0": null

2018-10-02 15:05:03 - [TEST_STEP][PASSED] - Statement - count_CSV += 1: null

2018-10-02 15:05:03 - [TEST_STEP][PASSED] - Statement - assert OpCodeJSON == count_CSV: null

2018-10-02 15:05:03 - [MESSAGE][PASSED] - Call Test Case 'Test Cases/TOYOTA/Library_TestCase/Toyota_GetServiceOperation_JSON - V2' successfully

2018-10-02 15:05:03 - [TEST_STEP][PASSED] - Statement - If (var_Status_GetOffTime == "true"): null

2018-10-02 15:05:03 - [TEST_STEP][PASSED] - Statement - If (var_Status_PickupTime == "true"): null

2018-10-02 15:05:03 - [TEST_STEP][PASSED] - Statement - If (var_Status_ReservedTimeslot == "true"): null

2018-10-02 15:05:03 - [TEST_STEP][PASSED] - Statement - If (var_Status_GetTransport == "true"): null

2018-10-02 15:05:03 - [TEST_STEP][PASSED] - Statement - If (var_Status_MakeBooking == "true"): null

2018-10-02 15:05:03 - [TEST_STEP][PASSED] - Statement - If (var_Status_SearchBooking == "true"): null

2018-10-02 15:05:03 - [TEST_STEP][PASSED] - Statement - If (var_Status_GetBookingDetail == "true"): null

2018-10-02 15:05:03 - [TEST_STEP][PASSED] - Statement - If (var_Status_ChangeBooking == "true"): null

2018-10-02 15:05:03 - [TEST_STEP][PASSED] - Statement - If (var_Status_CancelBooking == "true"): null]]></system-out>
         <system-err><![CDATA[]]></system-err>
      </testcase>
      <testcase name="Test Cases/TOYOTA/Main_Toyota_TestCase - AllSprints" classname="Test Cases/TOYOTA/Main_Toyota_TestCase - AllSprints" status="PASSED">
         <system-out><![CDATA[2018-10-02 15:05:03 - [TEST_CASE][PASSED] - Test Cases/TOYOTA/Main_Toyota_TestCase - AllSprints: Test Cases/TOYOTA/Main_Toyota_TestCase - AllSprints

2018-10-02 15:05:03 - [TEST_STEP][PASSED] - callTestCase: Call Test Case 'Test Cases/TOYOTA/Library_TestCase/Setup_Method_And_Variables - V1' successfully

2018-10-02 15:05:03 - [TEST_CASE][PASSED] - Test Cases/TOYOTA/Library_TestCase/Setup_Method_And_Variables - V1: Test Cases/TOYOTA/Library_TestCase/Setup_Method_And_Variables - V1

2018-10-02 15:05:03 - [TEST_STEP][PASSED] - Statement - If (!(Setup_Interval == "")): null

2018-10-02 15:05:03 - [TEST_STEP][PASSED] - Statement - If (!(Setup_WorkshopStart == "")): null

2018-10-02 15:05:03 - [TEST_STEP][PASSED] - Statement - If (!(Setup_WorkshopEnd == "")): null

2018-10-02 15:05:03 - [TEST_STEP][PASSED] - Statement - If (!(Setup_Dealer_Code == "")): null

2018-10-02 15:05:03 - [TEST_STEP][PASSED] - Statement - If (!(Setup_Location_Code == "")): null

2018-10-02 15:05:03 - [TEST_STEP][PASSED] - Statement - If (!(Setup_VIN == "")): null

2018-10-02 15:05:03 - [TEST_STEP][PASSED] - Statement - If (!(Setup_REGNumber == "")): null

2018-10-02 15:05:03 - [TEST_STEP][PASSED] - Statement - If (!(Setup_FirstName == "")): null

2018-10-02 15:05:03 - [TEST_STEP][PASSED] - Statement - If (!(Setup_LastName == "")): null

2018-10-02 15:05:03 - [TEST_STEP][PASSED] - Statement - If (!(Setup_TotalPrice == "")): null

2018-10-02 15:05:03 - [TEST_STEP][PASSED] - Statement - If (!(Setup_TotalDuration == "")): null

2018-10-02 15:05:03 - [TEST_STEP][PASSED] - Statement - If (!(Setup_StartDropDate == "")): null

2018-10-02 15:05:03 - [TEST_STEP][PASSED] - Statement - If (!(Setup_EndDropDate == "")): null

2018-10-02 15:05:03 - [TEST_STEP][PASSED] - Statement - If (!(Setup_StartSearchDate == "")): null

2018-10-02 15:05:03 - [TEST_STEP][PASSED] - Statement - If (!(Setup_EndSearchDate == "")): null

2018-10-02 15:05:03 - [TEST_STEP][PASSED] - Statement - If (!(Setup_Duration == "")): null

2018-10-02 15:05:03 - [TEST_STEP][PASSED] - Statement - If (!(Setup_ServiceDate == "")): null

2018-10-02 15:05:03 - [TEST_STEP][PASSED] - Statement - If (!(Setup_StartDropDate == "")): null

2018-10-02 15:05:03 - [TEST_STEP][PASSED] - Statement - If (!(Setup_EndDropDate == "")): null

2018-10-02 15:05:03 - [TEST_STEP][PASSED] - Statement - If (!(Setup_StartSearchDate == "")): null

2018-10-02 15:05:03 - [TEST_STEP][PASSED] - Statement - If (!(Setup_EndSearchDate == "")): null

2018-10-02 15:05:03 - [TEST_STEP][PASSED] - Statement - If (!(Setup_BookingId == "")): null

2018-10-02 15:05:03 - [TEST_STEP][PASSED] - Statement - If (!(Setup_ServiceType == "")): null

2018-10-02 15:05:03 - [TEST_STEP][PASSED] - Statement - SetDate = { java.util.Date current_time, int number_month, int number_day, int number_hour, java.lang.String format_date -> ... }: null

2018-10-02 15:05:03 - [TEST_STEP][PASSED] - Statement - RandomNumber = { int number -> ... }: null

2018-10-02 15:05:03 - [TEST_STEP][PASSED] - Statement - today = new java.util.Date(): null

2018-10-02 15:05:03 - [TEST_STEP][PASSED] - Statement - current_date = today.format("YYYY-MM-dd"): null

2018-10-02 15:05:03 - [TEST_STEP][PASSED] - Statement - Glb_Current_Date = current_date: null

2018-10-02 15:05:03 - [TEST_STEP][PASSED] - Statement - Glb_Current_Hour = SetDate.call(today, 0, 0, 3, "HH:mm"): null

2018-10-02 15:05:03 - [TEST_STEP][PASSED] - Statement - If (Glb_ServiceDate.toString().toLowerCase() == "cr"): null

2018-10-02 15:05:03 - [TEST_STEP][PASSED] - Statement - If (Glb_StartDate.toString().toLowerCase() == "cr"): null

2018-10-02 15:05:03 - [TEST_STEP][PASSED] - Statement - If (Glb_EndDate.toString().toLowerCase() == "cr"): null

2018-10-02 15:05:03 - [TEST_STEP][PASSED] - Statement - If (Glb_StartSearchDate.toString().toLowerCase() == "cr"): null

2018-10-02 15:05:03 - [TEST_STEP][PASSED] - Statement - If (Glb_EndSearchDate.toString().toLowerCase() == "cr"): null

2018-10-02 15:05:03 - [TEST_STEP][PASSED] - Statement - Glb_ContactId = "1901" + RandomNumber.call(999999): null

2018-10-02 15:05:03 - [MESSAGE][PASSED] - Call Test Case 'Test Cases/TOYOTA/Library_TestCase/Setup_Method_And_Variables - V1' successfully

2018-10-02 15:05:03 - [TEST_STEP][PASSED] - Statement - If (var_Status_OpCode == "true"): Call Test Case 'Test Cases/TOYOTA/Library_TestCase/Toyota_GetServiceOperation_JSON - V2' successfully

2018-10-02 15:05:03 - [TEST_STEP][PASSED] - callTestCase: Call Test Case 'Test Cases/TOYOTA/Library_TestCase/Toyota_GetServiceOperation_JSON - V2' successfully

2018-10-02 15:05:04 - [TEST_CASE][PASSED] - Test Cases/TOYOTA/Library_TestCase/Toyota_GetServiceOperation_JSON - V2: Test Cases/TOYOTA/Library_TestCase/Toyota_GetServiceOperation_JSON - V2

2018-10-02 15:05:04 - [TEST_STEP][PASSED] - Statement - RoundNumber = { java.lang.Float floatnumber -> ... }: null

2018-10-02 15:05:04 - [TEST_STEP][PASSED] - Statement - ServiceType = Glb_ServiceType: null

2018-10-02 15:05:04 - [TEST_STEP][PASSED] - Statement - Filepath = <not implemented yet for class: org.codehaus.groovy.ast.expr.EmptyExpression>: null

2018-10-02 15:05:04 - [TEST_STEP][PASSED] - Statement - If (Glb_ServiceType == "OSB_SERVICE_TYPE_LOGBOOK"): null

2018-10-02 15:05:04 - [TEST_STEP][PASSED] - Statement - Else: null

2018-10-02 15:05:04 - [TEST_STEP][PASSED] - Statement - Filepath = "Data Files/Toyota/OperationCode_ADDITIONAL.csv": null

2018-10-02 15:05:04 - [TEST_STEP][PASSED] - Statement - GetServiceOperation = com.kms.katalon.core.testobject.ObjectRepository.findTestObject(Toyota/GetServiceOperations_JSON, [Dealer_Code:internal.GlobalVariable.Glb_Dealer_Code, Location_Code:internal.GlobalVariable.Glb_Location_Code, VIN:internal.GlobalVariable.Glb_VIN, ... ]): Finding Test Object with id 'Object Repository/Toyota/GetServiceOperations_JSON'

2018-10-02 15:05:04 - [TEST_STEP][PASSED] - Statement - GetServiceOperation.getHttpHeaderProperties().add(new com.kms.katalon.core.testobject.TestObjectProperty(Authorization, com.kms.katalon.core.testobject.ConditionType.EQUALS, (Basic  + internal.GlobalVariable.Glb_Authorization_Token))): null

2018-10-02 15:05:04 - [TEST_STEP][PASSED] - Statement - res_GetServiceOperation = com.kms.katalon.core.webservice.keyword.WSBuiltInKeywords.sendRequest(GetServiceOperation): Send request successfully

2018-10-02 15:05:10 - [MESSAGE][PASSED] - Send request successfully

2018-10-02 15:05:10 - [TEST_STEP][PASSED] - Statement - If (!(Glb_Dealer_Code == "765A")): null

2018-10-02 15:05:10 - [TEST_STEP][PASSED] - Statement - Else If (!(Glb_ServiceType == "OSB_SERVICE_TYPE_LOGBOOK" || Glb_ServiceType == "OSB_SERVICE_TYPE_ADDITIONAL")): null

2018-10-02 15:05:10 - [TEST_STEP][PASSED] - Statement - Else If (Glb_Location_Code == "2" || Glb_Location_Code == "3" || Glb_Location_Code == "5"): null

2018-10-02 15:05:10 - [TEST_STEP][PASSED] - Statement - Else If (!(Glb_Location_Code == "1" || Glb_Location_Code == "4" || Glb_Location_Code == "360")): null

2018-10-02 15:05:10 - [TEST_STEP][PASSED] - Statement - Else If (Glb_VIN.toString().toLowerCase() == "invalid"): null

2018-10-02 15:05:10 - [TEST_STEP][PASSED] - Statement - Else: null

2018-10-02 15:05:10 - [TEST_STEP][PASSED] - Statement - VerifyResponse(res_GetServiceOperation, 200, ""): null

2018-10-02 15:05:10 - [TEST_STEP][PASSED] - verifyResponseStatusCode: Verify response status code successfully

2018-10-02 15:05:10 - [MESSAGE][PASSED] - Verify response status code successfully

2018-10-02 15:05:10 - [TEST_STEP][PASSED] - Statement - res_Text = new groovy.json.JsonSlurper().parseText(response.getResponseText()): null

2018-10-02 15:05:10 - [TEST_STEP][PASSED] - Statement - If (!(ExpectedMessage == "")): null

2018-10-02 15:05:10 - [TEST_STEP][PASSED] - Statement - res_Text = new groovy.json.JsonSlurper().parseText(res_GetServiceOperation.getResponseText()): null

2018-10-02 15:05:10 - [TEST_STEP][PASSED] - Statement - OpCodeJSON = 0: null

2018-10-02 15:05:10 - [TEST_STEP][PASSED] - Statement - res_Text.each({ -> ... }): null

2018-10-02 15:05:10 - [TEST_STEP][PASSED] - Statement - count_CSV = 0: null

2018-10-02 15:05:10 - [TEST_STEP][PASSED] - Statement - CSVReader = new java.io.File(Filepath): null

2018-10-02 15:05:10 - [TEST_STEP][PASSED] - Statement - csv_content = CSVReader.getText("utf-8"): null

2018-10-02 15:05:10 - [TEST_STEP][PASSED] - Statement - CSVData = com.xlson.groovycsv.CsvParser.parseCsv([separator:,, readFirstLine:false], csv_content): null

2018-10-02 15:05:10 - [TEST_STEP][PASSED] - Statement - For (def line : CSVData): null

2018-10-02 15:05:10 - [TEST_STEP][PASSED] - Statement - assert Name == Name: null

2018-10-02 15:05:10 - [TEST_STEP][PASSED] - Statement - assert DMSOperationalCode == DMSOperationalCode: null

2018-10-02 15:05:10 - [TEST_STEP][PASSED] - Statement - _duration = Duration: null

2018-10-02 15:05:10 - [TEST_STEP][PASSED] - Statement - If (!(_duration.contains("."))): null

2018-10-02 15:05:10 - [TEST_STEP][PASSED] - Statement - assert RoundNumber.call(Duration) == _duration: null

2018-10-02 15:05:10 - [TEST_STEP][PASSED] - Statement - _price = DealerPrice: null

2018-10-02 15:05:10 - [TEST_STEP][PASSED] - Statement - If (!(_price.contains("."))): null

2018-10-02 15:05:10 - [TEST_STEP][PASSED] - Statement - assert RoundNumber.call(DealerPrice) == _price: null

2018-10-02 15:05:10 - [TEST_STEP][PASSED] - Statement - assert ServiceType == ServiceType: null

2018-10-02 15:05:10 - [TEST_STEP][PASSED] - Statement - assert ServiceCode == null: null

2018-10-02 15:05:10 - [TEST_STEP][PASSED] - Statement - assert EMFlag == "false": null

2018-10-02 15:05:10 - [TEST_STEP][PASSED] - Statement - assert EMDuration == "0.0": null

2018-10-02 15:05:10 - [TEST_STEP][PASSED] - Statement - assert POAFlag == "false": null

2018-10-02 15:05:10 - [TEST_STEP][PASSED] - Statement - assert Price == "0.0": null

2018-10-02 15:05:10 - [TEST_STEP][PASSED] - Statement - count_CSV += 1: null

2018-10-02 15:05:10 - [TEST_STEP][PASSED] - Statement - assert Name == Name: null

2018-10-02 15:05:10 - [TEST_STEP][PASSED] - Statement - assert DMSOperationalCode == DMSOperationalCode: null

2018-10-02 15:05:10 - [TEST_STEP][PASSED] - Statement - _duration = Duration: null

2018-10-02 15:05:10 - [TEST_STEP][PASSED] - Statement - If (!(_duration.contains("."))): null

2018-10-02 15:05:10 - [TEST_STEP][PASSED] - Statement - assert RoundNumber.call(Duration) == _duration: null

2018-10-02 15:05:10 - [TEST_STEP][PASSED] - Statement - _price = DealerPrice: null

2018-10-02 15:05:10 - [TEST_STEP][PASSED] - Statement - If (!(_price.contains("."))): null

2018-10-02 15:05:10 - [TEST_STEP][PASSED] - Statement - assert RoundNumber.call(DealerPrice) == _price: null

2018-10-02 15:05:10 - [TEST_STEP][PASSED] - Statement - assert ServiceType == ServiceType: null

2018-10-02 15:05:10 - [TEST_STEP][PASSED] - Statement - assert ServiceCode == null: null

2018-10-02 15:05:10 - [TEST_STEP][PASSED] - Statement - assert EMFlag == "false": null

2018-10-02 15:05:10 - [TEST_STEP][PASSED] - Statement - assert EMDuration == "0.0": null

2018-10-02 15:05:10 - [TEST_STEP][PASSED] - Statement - assert POAFlag == "false": null

2018-10-02 15:05:10 - [TEST_STEP][PASSED] - Statement - assert Price == "0.0": null

2018-10-02 15:05:10 - [TEST_STEP][PASSED] - Statement - count_CSV += 1: null

2018-10-02 15:05:10 - [TEST_STEP][PASSED] - Statement - assert Name == Name: null

2018-10-02 15:05:10 - [TEST_STEP][PASSED] - Statement - assert DMSOperationalCode == DMSOperationalCode: null

2018-10-02 15:05:10 - [TEST_STEP][PASSED] - Statement - _duration = Duration: null

2018-10-02 15:05:10 - [TEST_STEP][PASSED] - Statement - If (!(_duration.contains("."))): null

2018-10-02 15:05:10 - [TEST_STEP][PASSED] - Statement - assert RoundNumber.call(Duration) == _duration: null

2018-10-02 15:05:10 - [TEST_STEP][PASSED] - Statement - _price = DealerPrice: null

2018-10-02 15:05:10 - [TEST_STEP][PASSED] - Statement - If (!(_price.contains("."))): null

2018-10-02 15:05:10 - [TEST_STEP][PASSED] - Statement - assert RoundNumber.call(DealerPrice) == _price: null

2018-10-02 15:05:10 - [TEST_STEP][PASSED] - Statement - assert ServiceType == ServiceType: null

2018-10-02 15:05:10 - [TEST_STEP][PASSED] - Statement - assert ServiceCode == null: null

2018-10-02 15:05:10 - [TEST_STEP][PASSED] - Statement - assert EMFlag == "false": null

2018-10-02 15:05:10 - [TEST_STEP][PASSED] - Statement - assert EMDuration == "0.0": null

2018-10-02 15:05:10 - [TEST_STEP][PASSED] - Statement - assert POAFlag == "false": null

2018-10-02 15:05:10 - [TEST_STEP][PASSED] - Statement - assert Price == "0.0": null

2018-10-02 15:05:10 - [TEST_STEP][PASSED] - Statement - count_CSV += 1: null

2018-10-02 15:05:10 - [TEST_STEP][PASSED] - Statement - assert Name == Name: null

2018-10-02 15:05:10 - [TEST_STEP][PASSED] - Statement - assert DMSOperationalCode == DMSOperationalCode: null

2018-10-02 15:05:10 - [TEST_STEP][PASSED] - Statement - _duration = Duration: null

2018-10-02 15:05:10 - [TEST_STEP][PASSED] - Statement - If (!(_duration.contains("."))): null

2018-10-02 15:05:10 - [TEST_STEP][PASSED] - Statement - assert RoundNumber.call(Duration) == _duration: null

2018-10-02 15:05:10 - [TEST_STEP][PASSED] - Statement - _price = DealerPrice: null

2018-10-02 15:05:10 - [TEST_STEP][PASSED] - Statement - If (!(_price.contains("."))): null

2018-10-02 15:05:10 - [TEST_STEP][PASSED] - Statement - assert RoundNumber.call(DealerPrice) == _price: null

2018-10-02 15:05:10 - [TEST_STEP][PASSED] - Statement - assert ServiceType == ServiceType: null

2018-10-02 15:05:10 - [TEST_STEP][PASSED] - Statement - assert ServiceCode == null: null

2018-10-02 15:05:10 - [TEST_STEP][PASSED] - Statement - assert EMFlag == "false": null

2018-10-02 15:05:10 - [TEST_STEP][PASSED] - Statement - assert EMDuration == "0.0": null

2018-10-02 15:05:10 - [TEST_STEP][PASSED] - Statement - assert POAFlag == "false": null

2018-10-02 15:05:10 - [TEST_STEP][PASSED] - Statement - assert Price == "0.0": null

2018-10-02 15:05:10 - [TEST_STEP][PASSED] - Statement - count_CSV += 1: null

2018-10-02 15:05:10 - [TEST_STEP][PASSED] - Statement - assert Name == Name: null

2018-10-02 15:05:10 - [TEST_STEP][PASSED] - Statement - assert DMSOperationalCode == DMSOperationalCode: null

2018-10-02 15:05:10 - [TEST_STEP][PASSED] - Statement - _duration = Duration: null

2018-10-02 15:05:10 - [TEST_STEP][PASSED] - Statement - If (!(_duration.contains("."))): null

2018-10-02 15:05:10 - [TEST_STEP][PASSED] - Statement - assert RoundNumber.call(Duration) == _duration: null

2018-10-02 15:05:10 - [TEST_STEP][PASSED] - Statement - _price = DealerPrice: null

2018-10-02 15:05:10 - [TEST_STEP][PASSED] - Statement - If (!(_price.contains("."))): null

2018-10-02 15:05:10 - [TEST_STEP][PASSED] - Statement - assert RoundNumber.call(DealerPrice) == _price: null

2018-10-02 15:05:10 - [TEST_STEP][PASSED] - Statement - assert ServiceType == ServiceType: null

2018-10-02 15:05:10 - [TEST_STEP][PASSED] - Statement - assert ServiceCode == null: null

2018-10-02 15:05:10 - [TEST_STEP][PASSED] - Statement - assert EMFlag == "false": null

2018-10-02 15:05:10 - [TEST_STEP][PASSED] - Statement - assert EMDuration == "0.0": null

2018-10-02 15:05:10 - [TEST_STEP][PASSED] - Statement - assert POAFlag == "false": null

2018-10-02 15:05:10 - [TEST_STEP][PASSED] - Statement - assert Price == "0.0": null

2018-10-02 15:05:10 - [TEST_STEP][PASSED] - Statement - count_CSV += 1: null

2018-10-02 15:05:10 - [TEST_STEP][PASSED] - Statement - assert Name == Name: null

2018-10-02 15:05:10 - [TEST_STEP][PASSED] - Statement - assert DMSOperationalCode == DMSOperationalCode: null

2018-10-02 15:05:10 - [TEST_STEP][PASSED] - Statement - _duration = Duration: null

2018-10-02 15:05:10 - [TEST_STEP][PASSED] - Statement - If (!(_duration.contains("."))): null

2018-10-02 15:05:10 - [TEST_STEP][PASSED] - Statement - assert RoundNumber.call(Duration) == _duration: null

2018-10-02 15:05:10 - [TEST_STEP][PASSED] - Statement - _price = DealerPrice: null

2018-10-02 15:05:10 - [TEST_STEP][PASSED] - Statement - If (!(_price.contains("."))): null

2018-10-02 15:05:10 - [TEST_STEP][PASSED] - Statement - assert RoundNumber.call(DealerPrice) == _price: null

2018-10-02 15:05:10 - [TEST_STEP][PASSED] - Statement - assert ServiceType == ServiceType: null

2018-10-02 15:05:10 - [TEST_STEP][PASSED] - Statement - assert ServiceCode == null: null

2018-10-02 15:05:10 - [TEST_STEP][PASSED] - Statement - assert EMFlag == "false": null

2018-10-02 15:05:10 - [TEST_STEP][PASSED] - Statement - assert EMDuration == "0.0": null

2018-10-02 15:05:10 - [TEST_STEP][PASSED] - Statement - assert POAFlag == "false": null

2018-10-02 15:05:10 - [TEST_STEP][PASSED] - Statement - assert Price == "0.0": null

2018-10-02 15:05:10 - [TEST_STEP][PASSED] - Statement - count_CSV += 1: null

2018-10-02 15:05:10 - [TEST_STEP][PASSED] - Statement - assert Name == Name: null

2018-10-02 15:05:10 - [TEST_STEP][PASSED] - Statement - assert DMSOperationalCode == DMSOperationalCode: null

2018-10-02 15:05:10 - [TEST_STEP][PASSED] - Statement - _duration = Duration: null

2018-10-02 15:05:10 - [TEST_STEP][PASSED] - Statement - If (!(_duration.contains("."))): null

2018-10-02 15:05:10 - [TEST_STEP][PASSED] - Statement - assert RoundNumber.call(Duration) == _duration: null

2018-10-02 15:05:10 - [TEST_STEP][PASSED] - Statement - _price = DealerPrice: null

2018-10-02 15:05:10 - [TEST_STEP][PASSED] - Statement - If (!(_price.contains("."))): null

2018-10-02 15:05:10 - [TEST_STEP][PASSED] - Statement - assert RoundNumber.call(DealerPrice) == _price: null

2018-10-02 15:05:10 - [TEST_STEP][PASSED] - Statement - assert ServiceType == ServiceType: null

2018-10-02 15:05:10 - [TEST_STEP][PASSED] - Statement - assert ServiceCode == null: null

2018-10-02 15:05:10 - [TEST_STEP][PASSED] - Statement - assert EMFlag == "false": null

2018-10-02 15:05:10 - [TEST_STEP][PASSED] - Statement - assert EMDuration == "0.0": null

2018-10-02 15:05:10 - [TEST_STEP][PASSED] - Statement - assert POAFlag == "false": null

2018-10-02 15:05:10 - [TEST_STEP][PASSED] - Statement - assert Price == "0.0": null

2018-10-02 15:05:10 - [TEST_STEP][PASSED] - Statement - count_CSV += 1: null

2018-10-02 15:05:10 - [TEST_STEP][PASSED] - Statement - assert Name == Name: null

2018-10-02 15:05:10 - [TEST_STEP][PASSED] - Statement - assert DMSOperationalCode == DMSOperationalCode: null

2018-10-02 15:05:10 - [TEST_STEP][PASSED] - Statement - _duration = Duration: null

2018-10-02 15:05:10 - [TEST_STEP][PASSED] - Statement - If (!(_duration.contains("."))): null

2018-10-02 15:05:10 - [TEST_STEP][PASSED] - Statement - assert RoundNumber.call(Duration) == _duration: null

2018-10-02 15:05:10 - [TEST_STEP][PASSED] - Statement - _price = DealerPrice: null

2018-10-02 15:05:10 - [TEST_STEP][PASSED] - Statement - If (!(_price.contains("."))): null

2018-10-02 15:05:10 - [TEST_STEP][PASSED] - Statement - assert RoundNumber.call(DealerPrice) == _price: null

2018-10-02 15:05:10 - [TEST_STEP][PASSED] - Statement - assert ServiceType == ServiceType: null

2018-10-02 15:05:10 - [TEST_STEP][PASSED] - Statement - assert ServiceCode == null: null

2018-10-02 15:05:10 - [TEST_STEP][PASSED] - Statement - assert EMFlag == "false": null

2018-10-02 15:05:10 - [TEST_STEP][PASSED] - Statement - assert EMDuration == "0.0": null

2018-10-02 15:05:10 - [TEST_STEP][PASSED] - Statement - assert POAFlag == "false": null

2018-10-02 15:05:10 - [TEST_STEP][PASSED] - Statement - assert Price == "0.0": null

2018-10-02 15:05:10 - [TEST_STEP][PASSED] - Statement - count_CSV += 1: null

2018-10-02 15:05:10 - [TEST_STEP][PASSED] - Statement - assert Name == Name: null

2018-10-02 15:05:10 - [TEST_STEP][PASSED] - Statement - assert DMSOperationalCode == DMSOperationalCode: null

2018-10-02 15:05:10 - [TEST_STEP][PASSED] - Statement - _duration = Duration: null

2018-10-02 15:05:10 - [TEST_STEP][PASSED] - Statement - If (!(_duration.contains("."))): null

2018-10-02 15:05:10 - [TEST_STEP][PASSED] - Statement - assert RoundNumber.call(Duration) == _duration: null

2018-10-02 15:05:10 - [TEST_STEP][PASSED] - Statement - _price = DealerPrice: null

2018-10-02 15:05:10 - [TEST_STEP][PASSED] - Statement - If (!(_price.contains("."))): null

2018-10-02 15:05:10 - [TEST_STEP][PASSED] - Statement - assert RoundNumber.call(DealerPrice) == _price: null

2018-10-02 15:05:10 - [TEST_STEP][PASSED] - Statement - assert ServiceType == ServiceType: null

2018-10-02 15:05:10 - [TEST_STEP][PASSED] - Statement - assert ServiceCode == null: null

2018-10-02 15:05:10 - [TEST_STEP][PASSED] - Statement - assert EMFlag == "false": null

2018-10-02 15:05:10 - [TEST_STEP][PASSED] - Statement - assert EMDuration == "0.0": null

2018-10-02 15:05:10 - [TEST_STEP][PASSED] - Statement - assert POAFlag == "false": null

2018-10-02 15:05:10 - [TEST_STEP][PASSED] - Statement - assert Price == "0.0": null

2018-10-02 15:05:10 - [TEST_STEP][PASSED] - Statement - count_CSV += 1: null

2018-10-02 15:05:10 - [TEST_STEP][PASSED] - Statement - assert Name == Name: null

2018-10-02 15:05:10 - [TEST_STEP][PASSED] - Statement - assert DMSOperationalCode == DMSOperationalCode: null

2018-10-02 15:05:10 - [TEST_STEP][PASSED] - Statement - _duration = Duration: null

2018-10-02 15:05:10 - [TEST_STEP][PASSED] - Statement - If (!(_duration.contains("."))): null

2018-10-02 15:05:10 - [TEST_STEP][PASSED] - Statement - assert RoundNumber.call(Duration) == _duration: null

2018-10-02 15:05:10 - [TEST_STEP][PASSED] - Statement - _price = DealerPrice: null

2018-10-02 15:05:10 - [TEST_STEP][PASSED] - Statement - If (!(_price.contains("."))): null

2018-10-02 15:05:10 - [TEST_STEP][PASSED] - Statement - assert RoundNumber.call(DealerPrice) == _price: null

2018-10-02 15:05:10 - [TEST_STEP][PASSED] - Statement - assert ServiceType == ServiceType: null

2018-10-02 15:05:10 - [TEST_STEP][PASSED] - Statement - assert ServiceCode == null: null

2018-10-02 15:05:10 - [TEST_STEP][PASSED] - Statement - assert EMFlag == "false": null

2018-10-02 15:05:10 - [TEST_STEP][PASSED] - Statement - assert EMDuration == "0.0": null

2018-10-02 15:05:10 - [TEST_STEP][PASSED] - Statement - assert POAFlag == "false": null

2018-10-02 15:05:10 - [TEST_STEP][PASSED] - Statement - assert Price == "0.0": null

2018-10-02 15:05:10 - [TEST_STEP][PASSED] - Statement - count_CSV += 1: null

2018-10-02 15:05:10 - [TEST_STEP][PASSED] - Statement - assert Name == Name: null

2018-10-02 15:05:10 - [TEST_STEP][PASSED] - Statement - assert DMSOperationalCode == DMSOperationalCode: null

2018-10-02 15:05:10 - [TEST_STEP][PASSED] - Statement - _duration = Duration: null

2018-10-02 15:05:10 - [TEST_STEP][PASSED] - Statement - If (!(_duration.contains("."))): null

2018-10-02 15:05:10 - [TEST_STEP][PASSED] - Statement - assert RoundNumber.call(Duration) == _duration: null

2018-10-02 15:05:10 - [TEST_STEP][PASSED] - Statement - _price = DealerPrice: null

2018-10-02 15:05:10 - [TEST_STEP][PASSED] - Statement - If (!(_price.contains("."))): null

2018-10-02 15:05:10 - [TEST_STEP][PASSED] - Statement - assert RoundNumber.call(DealerPrice) == _price: null

2018-10-02 15:05:10 - [TEST_STEP][PASSED] - Statement - assert ServiceType == ServiceType: null

2018-10-02 15:05:10 - [TEST_STEP][PASSED] - Statement - assert ServiceCode == null: null

2018-10-02 15:05:10 - [TEST_STEP][PASSED] - Statement - assert EMFlag == "false": null

2018-10-02 15:05:10 - [TEST_STEP][PASSED] - Statement - assert EMDuration == "0.0": null

2018-10-02 15:05:10 - [TEST_STEP][PASSED] - Statement - assert POAFlag == "false": null

2018-10-02 15:05:10 - [TEST_STEP][PASSED] - Statement - assert Price == "0.0": null

2018-10-02 15:05:10 - [TEST_STEP][PASSED] - Statement - count_CSV += 1: null

2018-10-02 15:05:10 - [TEST_STEP][PASSED] - Statement - assert Name == Name: null

2018-10-02 15:05:10 - [TEST_STEP][PASSED] - Statement - assert DMSOperationalCode == DMSOperationalCode: null

2018-10-02 15:05:10 - [TEST_STEP][PASSED] - Statement - _duration = Duration: null

2018-10-02 15:05:10 - [TEST_STEP][PASSED] - Statement - If (!(_duration.contains("."))): null

2018-10-02 15:05:10 - [TEST_STEP][PASSED] - Statement - assert RoundNumber.call(Duration) == _duration: null

2018-10-02 15:05:10 - [TEST_STEP][PASSED] - Statement - _price = DealerPrice: null

2018-10-02 15:05:10 - [TEST_STEP][PASSED] - Statement - If (!(_price.contains("."))): null

2018-10-02 15:05:10 - [TEST_STEP][PASSED] - Statement - assert RoundNumber.call(DealerPrice) == _price: null

2018-10-02 15:05:10 - [TEST_STEP][PASSED] - Statement - assert ServiceType == ServiceType: null

2018-10-02 15:05:10 - [TEST_STEP][PASSED] - Statement - assert ServiceCode == null: null

2018-10-02 15:05:10 - [TEST_STEP][PASSED] - Statement - assert EMFlag == "false": null

2018-10-02 15:05:10 - [TEST_STEP][PASSED] - Statement - assert EMDuration == "0.0": null

2018-10-02 15:05:10 - [TEST_STEP][PASSED] - Statement - assert POAFlag == "false": null

2018-10-02 15:05:10 - [TEST_STEP][PASSED] - Statement - assert Price == "0.0": null

2018-10-02 15:05:10 - [TEST_STEP][PASSED] - Statement - count_CSV += 1: null

2018-10-02 15:05:10 - [TEST_STEP][PASSED] - Statement - assert Name == Name: null

2018-10-02 15:05:10 - [TEST_STEP][PASSED] - Statement - assert DMSOperationalCode == DMSOperationalCode: null

2018-10-02 15:05:10 - [TEST_STEP][PASSED] - Statement - _duration = Duration: null

2018-10-02 15:05:10 - [TEST_STEP][PASSED] - Statement - If (!(_duration.contains("."))): null

2018-10-02 15:05:10 - [TEST_STEP][PASSED] - Statement - assert RoundNumber.call(Duration) == _duration: null

2018-10-02 15:05:10 - [TEST_STEP][PASSED] - Statement - _price = DealerPrice: null

2018-10-02 15:05:10 - [TEST_STEP][PASSED] - Statement - If (!(_price.contains("."))): null

2018-10-02 15:05:10 - [TEST_STEP][PASSED] - Statement - assert RoundNumber.call(DealerPrice) == _price: null

2018-10-02 15:05:10 - [TEST_STEP][PASSED] - Statement - assert ServiceType == ServiceType: null

2018-10-02 15:05:10 - [TEST_STEP][PASSED] - Statement - assert ServiceCode == null: null

2018-10-02 15:05:10 - [TEST_STEP][PASSED] - Statement - assert EMFlag == "false": null

2018-10-02 15:05:10 - [TEST_STEP][PASSED] - Statement - assert EMDuration == "0.0": null

2018-10-02 15:05:10 - [TEST_STEP][PASSED] - Statement - assert POAFlag == "false": null

2018-10-02 15:05:10 - [TEST_STEP][PASSED] - Statement - assert Price == "0.0": null

2018-10-02 15:05:10 - [TEST_STEP][PASSED] - Statement - count_CSV += 1: null

2018-10-02 15:05:10 - [TEST_STEP][PASSED] - Statement - assert Name == Name: null

2018-10-02 15:05:10 - [TEST_STEP][PASSED] - Statement - assert DMSOperationalCode == DMSOperationalCode: null

2018-10-02 15:05:10 - [TEST_STEP][PASSED] - Statement - _duration = Duration: null

2018-10-02 15:05:10 - [TEST_STEP][PASSED] - Statement - If (!(_duration.contains("."))): null

2018-10-02 15:05:10 - [TEST_STEP][PASSED] - Statement - assert RoundNumber.call(Duration) == _duration: null

2018-10-02 15:05:10 - [TEST_STEP][PASSED] - Statement - _price = DealerPrice: null

2018-10-02 15:05:10 - [TEST_STEP][PASSED] - Statement - If (!(_price.contains("."))): null

2018-10-02 15:05:10 - [TEST_STEP][PASSED] - Statement - assert RoundNumber.call(DealerPrice) == _price: null

2018-10-02 15:05:10 - [TEST_STEP][PASSED] - Statement - assert ServiceType == ServiceType: null

2018-10-02 15:05:10 - [TEST_STEP][PASSED] - Statement - assert ServiceCode == null: null

2018-10-02 15:05:10 - [TEST_STEP][PASSED] - Statement - assert EMFlag == "false": null

2018-10-02 15:05:10 - [TEST_STEP][PASSED] - Statement - assert EMDuration == "0.0": null

2018-10-02 15:05:10 - [TEST_STEP][PASSED] - Statement - assert POAFlag == "false": null

2018-10-02 15:05:10 - [TEST_STEP][PASSED] - Statement - assert Price == "0.0": null

2018-10-02 15:05:10 - [TEST_STEP][PASSED] - Statement - count_CSV += 1: null

2018-10-02 15:05:10 - [TEST_STEP][PASSED] - Statement - assert Name == Name: null

2018-10-02 15:05:10 - [TEST_STEP][PASSED] - Statement - assert DMSOperationalCode == DMSOperationalCode: null

2018-10-02 15:05:10 - [TEST_STEP][PASSED] - Statement - _duration = Duration: null

2018-10-02 15:05:10 - [TEST_STEP][PASSED] - Statement - If (!(_duration.contains("."))): null

2018-10-02 15:05:10 - [TEST_STEP][PASSED] - Statement - assert RoundNumber.call(Duration) == _duration: null

2018-10-02 15:05:10 - [TEST_STEP][PASSED] - Statement - _price = DealerPrice: null

2018-10-02 15:05:10 - [TEST_STEP][PASSED] - Statement - If (!(_price.contains("."))): null

2018-10-02 15:05:10 - [TEST_STEP][PASSED] - Statement - assert RoundNumber.call(DealerPrice) == _price: null

2018-10-02 15:05:10 - [TEST_STEP][PASSED] - Statement - assert ServiceType == ServiceType: null

2018-10-02 15:05:10 - [TEST_STEP][PASSED] - Statement - assert ServiceCode == null: null

2018-10-02 15:05:10 - [TEST_STEP][PASSED] - Statement - assert EMFlag == "false": null

2018-10-02 15:05:10 - [TEST_STEP][PASSED] - Statement - assert EMDuration == "0.0": null

2018-10-02 15:05:10 - [TEST_STEP][PASSED] - Statement - assert POAFlag == "false": null

2018-10-02 15:05:10 - [TEST_STEP][PASSED] - Statement - assert Price == "0.0": null

2018-10-02 15:05:10 - [TEST_STEP][PASSED] - Statement - count_CSV += 1: null

2018-10-02 15:05:10 - [TEST_STEP][PASSED] - Statement - assert Name == Name: null

2018-10-02 15:05:10 - [TEST_STEP][PASSED] - Statement - assert DMSOperationalCode == DMSOperationalCode: null

2018-10-02 15:05:10 - [TEST_STEP][PASSED] - Statement - _duration = Duration: null

2018-10-02 15:05:10 - [TEST_STEP][PASSED] - Statement - If (!(_duration.contains("."))): null

2018-10-02 15:05:10 - [TEST_STEP][PASSED] - Statement - assert RoundNumber.call(Duration) == _duration: null

2018-10-02 15:05:10 - [TEST_STEP][PASSED] - Statement - _price = DealerPrice: null

2018-10-02 15:05:10 - [TEST_STEP][PASSED] - Statement - If (!(_price.contains("."))): null

2018-10-02 15:05:10 - [TEST_STEP][PASSED] - Statement - assert RoundNumber.call(DealerPrice) == _price: null

2018-10-02 15:05:10 - [TEST_STEP][PASSED] - Statement - assert ServiceType == ServiceType: null

2018-10-02 15:05:10 - [TEST_STEP][PASSED] - Statement - assert ServiceCode == null: null

2018-10-02 15:05:10 - [TEST_STEP][PASSED] - Statement - assert EMFlag == "false": null

2018-10-02 15:05:10 - [TEST_STEP][PASSED] - Statement - assert EMDuration == "0.0": null

2018-10-02 15:05:10 - [TEST_STEP][PASSED] - Statement - assert POAFlag == "false": null

2018-10-02 15:05:10 - [TEST_STEP][PASSED] - Statement - assert Price == "0.0": null

2018-10-02 15:05:10 - [TEST_STEP][PASSED] - Statement - count_CSV += 1: null

2018-10-02 15:05:10 - [TEST_STEP][PASSED] - Statement - assert Name == Name: null

2018-10-02 15:05:10 - [TEST_STEP][PASSED] - Statement - assert DMSOperationalCode == DMSOperationalCode: null

2018-10-02 15:05:10 - [TEST_STEP][PASSED] - Statement - _duration = Duration: null

2018-10-02 15:05:10 - [TEST_STEP][PASSED] - Statement - If (!(_duration.contains("."))): null

2018-10-02 15:05:10 - [TEST_STEP][PASSED] - Statement - assert RoundNumber.call(Duration) == _duration: null

2018-10-02 15:05:10 - [TEST_STEP][PASSED] - Statement - _price = DealerPrice: null

2018-10-02 15:05:10 - [TEST_STEP][PASSED] - Statement - If (!(_price.contains("."))): null

2018-10-02 15:05:10 - [TEST_STEP][PASSED] - Statement - assert RoundNumber.call(DealerPrice) == _price: null

2018-10-02 15:05:10 - [TEST_STEP][PASSED] - Statement - assert ServiceType == ServiceType: null

2018-10-02 15:05:10 - [TEST_STEP][PASSED] - Statement - assert ServiceCode == null: null

2018-10-02 15:05:10 - [TEST_STEP][PASSED] - Statement - assert EMFlag == "false": null

2018-10-02 15:05:10 - [TEST_STEP][PASSED] - Statement - assert EMDuration == "0.0": null

2018-10-02 15:05:10 - [TEST_STEP][PASSED] - Statement - assert POAFlag == "false": null

2018-10-02 15:05:10 - [TEST_STEP][PASSED] - Statement - assert Price == "0.0": null

2018-10-02 15:05:10 - [TEST_STEP][PASSED] - Statement - count_CSV += 1: null

2018-10-02 15:05:10 - [TEST_STEP][PASSED] - Statement - assert Name == Name: null

2018-10-02 15:05:10 - [TEST_STEP][PASSED] - Statement - assert DMSOperationalCode == DMSOperationalCode: null

2018-10-02 15:05:10 - [TEST_STEP][PASSED] - Statement - _duration = Duration: null

2018-10-02 15:05:10 - [TEST_STEP][PASSED] - Statement - If (!(_duration.contains("."))): null

2018-10-02 15:05:10 - [TEST_STEP][PASSED] - Statement - assert RoundNumber.call(Duration) == _duration: null

2018-10-02 15:05:10 - [TEST_STEP][PASSED] - Statement - _price = DealerPrice: null

2018-10-02 15:05:10 - [TEST_STEP][PASSED] - Statement - If (!(_price.contains("."))): null

2018-10-02 15:05:10 - [TEST_STEP][PASSED] - Statement - assert RoundNumber.call(DealerPrice) == _price: null

2018-10-02 15:05:10 - [TEST_STEP][PASSED] - Statement - assert ServiceType == ServiceType: null

2018-10-02 15:05:10 - [TEST_STEP][PASSED] - Statement - assert ServiceCode == null: null

2018-10-02 15:05:10 - [TEST_STEP][PASSED] - Statement - assert EMFlag == "false": null

2018-10-02 15:05:10 - [TEST_STEP][PASSED] - Statement - assert EMDuration == "0.0": null

2018-10-02 15:05:10 - [TEST_STEP][PASSED] - Statement - assert POAFlag == "false": null

2018-10-02 15:05:10 - [TEST_STEP][PASSED] - Statement - assert Price == "0.0": null

2018-10-02 15:05:10 - [TEST_STEP][PASSED] - Statement - count_CSV += 1: null

2018-10-02 15:05:10 - [TEST_STEP][PASSED] - Statement - assert Name == Name: null

2018-10-02 15:05:10 - [TEST_STEP][PASSED] - Statement - assert DMSOperationalCode == DMSOperationalCode: null

2018-10-02 15:05:10 - [TEST_STEP][PASSED] - Statement - _duration = Duration: null

2018-10-02 15:05:10 - [TEST_STEP][PASSED] - Statement - If (!(_duration.contains("."))): null

2018-10-02 15:05:10 - [TEST_STEP][PASSED] - Statement - assert RoundNumber.call(Duration) == _duration: null

2018-10-02 15:05:10 - [TEST_STEP][PASSED] - Statement - _price = DealerPrice: null

2018-10-02 15:05:10 - [TEST_STEP][PASSED] - Statement - If (!(_price.contains("."))): null

2018-10-02 15:05:10 - [TEST_STEP][PASSED] - Statement - assert RoundNumber.call(DealerPrice) == _price: null

2018-10-02 15:05:10 - [TEST_STEP][PASSED] - Statement - assert ServiceType == ServiceType: null

2018-10-02 15:05:10 - [TEST_STEP][PASSED] - Statement - assert ServiceCode == null: null

2018-10-02 15:05:10 - [TEST_STEP][PASSED] - Statement - assert EMFlag == "false": null

2018-10-02 15:05:10 - [TEST_STEP][PASSED] - Statement - assert EMDuration == "0.0": null

2018-10-02 15:05:10 - [TEST_STEP][PASSED] - Statement - assert POAFlag == "false": null

2018-10-02 15:05:10 - [TEST_STEP][PASSED] - Statement - assert Price == "0.0": null

2018-10-02 15:05:10 - [TEST_STEP][PASSED] - Statement - count_CSV += 1: null

2018-10-02 15:05:10 - [TEST_STEP][PASSED] - Statement - assert Name == Name: null

2018-10-02 15:05:10 - [TEST_STEP][PASSED] - Statement - assert DMSOperationalCode == DMSOperationalCode: null

2018-10-02 15:05:10 - [TEST_STEP][PASSED] - Statement - _duration = Duration: null

2018-10-02 15:05:10 - [TEST_STEP][PASSED] - Statement - If (!(_duration.contains("."))): null

2018-10-02 15:05:10 - [TEST_STEP][PASSED] - Statement - assert RoundNumber.call(Duration) == _duration: null

2018-10-02 15:05:10 - [TEST_STEP][PASSED] - Statement - _price = DealerPrice: null

2018-10-02 15:05:10 - [TEST_STEP][PASSED] - Statement - If (!(_price.contains("."))): null

2018-10-02 15:05:10 - [TEST_STEP][PASSED] - Statement - assert RoundNumber.call(DealerPrice) == _price: null

2018-10-02 15:05:10 - [TEST_STEP][PASSED] - Statement - assert ServiceType == ServiceType: null

2018-10-02 15:05:10 - [TEST_STEP][PASSED] - Statement - assert ServiceCode == null: null

2018-10-02 15:05:10 - [TEST_STEP][PASSED] - Statement - assert EMFlag == "false": null

2018-10-02 15:05:10 - [TEST_STEP][PASSED] - Statement - assert EMDuration == "0.0": null

2018-10-02 15:05:10 - [TEST_STEP][PASSED] - Statement - assert POAFlag == "false": null

2018-10-02 15:05:10 - [TEST_STEP][PASSED] - Statement - assert Price == "0.0": null

2018-10-02 15:05:10 - [TEST_STEP][PASSED] - Statement - count_CSV += 1: null

2018-10-02 15:05:10 - [TEST_STEP][PASSED] - Statement - assert Name == Name: null

2018-10-02 15:05:10 - [TEST_STEP][PASSED] - Statement - assert DMSOperationalCode == DMSOperationalCode: null

2018-10-02 15:05:10 - [TEST_STEP][PASSED] - Statement - _duration = Duration: null

2018-10-02 15:05:10 - [TEST_STEP][PASSED] - Statement - If (!(_duration.contains("."))): null

2018-10-02 15:05:10 - [TEST_STEP][PASSED] - Statement - assert RoundNumber.call(Duration) == _duration: null

2018-10-02 15:05:10 - [TEST_STEP][PASSED] - Statement - _price = DealerPrice: null

2018-10-02 15:05:10 - [TEST_STEP][PASSED] - Statement - If (!(_price.contains("."))): null

2018-10-02 15:05:10 - [TEST_STEP][PASSED] - Statement - assert RoundNumber.call(DealerPrice) == _price: null

2018-10-02 15:05:10 - [TEST_STEP][PASSED] - Statement - assert ServiceType == ServiceType: null

2018-10-02 15:05:10 - [TEST_STEP][PASSED] - Statement - assert ServiceCode == null: null

2018-10-02 15:05:10 - [TEST_STEP][PASSED] - Statement - assert EMFlag == "false": null

2018-10-02 15:05:10 - [TEST_STEP][PASSED] - Statement - assert EMDuration == "0.0": null

2018-10-02 15:05:10 - [TEST_STEP][PASSED] - Statement - assert POAFlag == "false": null

2018-10-02 15:05:10 - [TEST_STEP][PASSED] - Statement - assert Price == "0.0": null

2018-10-02 15:05:10 - [TEST_STEP][PASSED] - Statement - count_CSV += 1: null

2018-10-02 15:05:10 - [TEST_STEP][PASSED] - Statement - assert Name == Name: null

2018-10-02 15:05:10 - [TEST_STEP][PASSED] - Statement - assert DMSOperationalCode == DMSOperationalCode: null

2018-10-02 15:05:10 - [TEST_STEP][PASSED] - Statement - _duration = Duration: null

2018-10-02 15:05:10 - [TEST_STEP][PASSED] - Statement - If (!(_duration.contains("."))): null

2018-10-02 15:05:10 - [TEST_STEP][PASSED] - Statement - assert RoundNumber.call(Duration) == _duration: null

2018-10-02 15:05:10 - [TEST_STEP][PASSED] - Statement - _price = DealerPrice: null

2018-10-02 15:05:10 - [TEST_STEP][PASSED] - Statement - If (!(_price.contains("."))): null

2018-10-02 15:05:10 - [TEST_STEP][PASSED] - Statement - assert RoundNumber.call(DealerPrice) == _price: null

2018-10-02 15:05:10 - [TEST_STEP][PASSED] - Statement - assert ServiceType == ServiceType: null

2018-10-02 15:05:10 - [TEST_STEP][PASSED] - Statement - assert ServiceCode == null: null

2018-10-02 15:05:10 - [TEST_STEP][PASSED] - Statement - assert EMFlag == "false": null

2018-10-02 15:05:10 - [TEST_STEP][PASSED] - Statement - assert EMDuration == "0.0": null

2018-10-02 15:05:10 - [TEST_STEP][PASSED] - Statement - assert POAFlag == "false": null

2018-10-02 15:05:10 - [TEST_STEP][PASSED] - Statement - assert Price == "0.0": null

2018-10-02 15:05:10 - [TEST_STEP][PASSED] - Statement - count_CSV += 1: null

2018-10-02 15:05:10 - [TEST_STEP][PASSED] - Statement - assert Name == Name: null

2018-10-02 15:05:10 - [TEST_STEP][PASSED] - Statement - assert DMSOperationalCode == DMSOperationalCode: null

2018-10-02 15:05:10 - [TEST_STEP][PASSED] - Statement - _duration = Duration: null

2018-10-02 15:05:10 - [TEST_STEP][PASSED] - Statement - If (!(_duration.contains("."))): null

2018-10-02 15:05:10 - [TEST_STEP][PASSED] - Statement - assert RoundNumber.call(Duration) == _duration: null

2018-10-02 15:05:10 - [TEST_STEP][PASSED] - Statement - _price = DealerPrice: null

2018-10-02 15:05:10 - [TEST_STEP][PASSED] - Statement - If (!(_price.contains("."))): null

2018-10-02 15:05:10 - [TEST_STEP][PASSED] - Statement - assert RoundNumber.call(DealerPrice) == _price: null

2018-10-02 15:05:10 - [TEST_STEP][PASSED] - Statement - assert ServiceType == ServiceType: null

2018-10-02 15:05:10 - [TEST_STEP][PASSED] - Statement - assert ServiceCode == null: null

2018-10-02 15:05:10 - [TEST_STEP][PASSED] - Statement - assert EMFlag == "false": null

2018-10-02 15:05:10 - [TEST_STEP][PASSED] - Statement - assert EMDuration == "0.0": null

2018-10-02 15:05:10 - [TEST_STEP][PASSED] - Statement - assert POAFlag == "false": null

2018-10-02 15:05:10 - [TEST_STEP][PASSED] - Statement - assert Price == "0.0": null

2018-10-02 15:05:10 - [TEST_STEP][PASSED] - Statement - count_CSV += 1: null

2018-10-02 15:05:10 - [TEST_STEP][PASSED] - Statement - assert Name == Name: null

2018-10-02 15:05:10 - [TEST_STEP][PASSED] - Statement - assert DMSOperationalCode == DMSOperationalCode: null

2018-10-02 15:05:10 - [TEST_STEP][PASSED] - Statement - _duration = Duration: null

2018-10-02 15:05:10 - [TEST_STEP][PASSED] - Statement - If (!(_duration.contains("."))): null

2018-10-02 15:05:10 - [TEST_STEP][PASSED] - Statement - assert RoundNumber.call(Duration) == _duration: null

2018-10-02 15:05:10 - [TEST_STEP][PASSED] - Statement - _price = DealerPrice: null

2018-10-02 15:05:10 - [TEST_STEP][PASSED] - Statement - If (!(_price.contains("."))): null

2018-10-02 15:05:10 - [TEST_STEP][PASSED] - Statement - assert RoundNumber.call(DealerPrice) == _price: null

2018-10-02 15:05:10 - [TEST_STEP][PASSED] - Statement - assert ServiceType == ServiceType: null

2018-10-02 15:05:10 - [TEST_STEP][PASSED] - Statement - assert ServiceCode == null: null

2018-10-02 15:05:10 - [TEST_STEP][PASSED] - Statement - assert EMFlag == "false": null

2018-10-02 15:05:10 - [TEST_STEP][PASSED] - Statement - assert EMDuration == "0.0": null

2018-10-02 15:05:10 - [TEST_STEP][PASSED] - Statement - assert POAFlag == "false": null

2018-10-02 15:05:10 - [TEST_STEP][PASSED] - Statement - assert Price == "0.0": null

2018-10-02 15:05:10 - [TEST_STEP][PASSED] - Statement - count_CSV += 1: null

2018-10-02 15:05:10 - [TEST_STEP][PASSED] - Statement - assert Name == Name: null

2018-10-02 15:05:10 - [TEST_STEP][PASSED] - Statement - assert DMSOperationalCode == DMSOperationalCode: null

2018-10-02 15:05:10 - [TEST_STEP][PASSED] - Statement - _duration = Duration: null

2018-10-02 15:05:10 - [TEST_STEP][PASSED] - Statement - If (!(_duration.contains("."))): null

2018-10-02 15:05:10 - [TEST_STEP][PASSED] - Statement - assert RoundNumber.call(Duration) == _duration: null

2018-10-02 15:05:10 - [TEST_STEP][PASSED] - Statement - _price = DealerPrice: null

2018-10-02 15:05:10 - [TEST_STEP][PASSED] - Statement - If (!(_price.contains("."))): null

2018-10-02 15:05:10 - [TEST_STEP][PASSED] - Statement - assert RoundNumber.call(DealerPrice) == _price: null

2018-10-02 15:05:10 - [TEST_STEP][PASSED] - Statement - assert ServiceType == ServiceType: null

2018-10-02 15:05:10 - [TEST_STEP][PASSED] - Statement - assert ServiceCode == null: null

2018-10-02 15:05:10 - [TEST_STEP][PASSED] - Statement - assert EMFlag == "false": null

2018-10-02 15:05:10 - [TEST_STEP][PASSED] - Statement - assert EMDuration == "0.0": null

2018-10-02 15:05:10 - [TEST_STEP][PASSED] - Statement - assert POAFlag == "false": null

2018-10-02 15:05:10 - [TEST_STEP][PASSED] - Statement - assert Price == "0.0": null

2018-10-02 15:05:10 - [TEST_STEP][PASSED] - Statement - count_CSV += 1: null

2018-10-02 15:05:10 - [TEST_STEP][PASSED] - Statement - assert Name == Name: null

2018-10-02 15:05:10 - [TEST_STEP][PASSED] - Statement - assert DMSOperationalCode == DMSOperationalCode: null

2018-10-02 15:05:10 - [TEST_STEP][PASSED] - Statement - _duration = Duration: null

2018-10-02 15:05:10 - [TEST_STEP][PASSED] - Statement - If (!(_duration.contains("."))): null

2018-10-02 15:05:10 - [TEST_STEP][PASSED] - Statement - assert RoundNumber.call(Duration) == _duration: null

2018-10-02 15:05:10 - [TEST_STEP][PASSED] - Statement - _price = DealerPrice: null

2018-10-02 15:05:10 - [TEST_STEP][PASSED] - Statement - If (!(_price.contains("."))): null

2018-10-02 15:05:10 - [TEST_STEP][PASSED] - Statement - assert RoundNumber.call(DealerPrice) == _price: null

2018-10-02 15:05:10 - [TEST_STEP][PASSED] - Statement - assert ServiceType == ServiceType: null

2018-10-02 15:05:10 - [TEST_STEP][PASSED] - Statement - assert ServiceCode == null: null

2018-10-02 15:05:10 - [TEST_STEP][PASSED] - Statement - assert EMFlag == "false": null

2018-10-02 15:05:10 - [TEST_STEP][PASSED] - Statement - assert EMDuration == "0.0": null

2018-10-02 15:05:10 - [TEST_STEP][PASSED] - Statement - assert POAFlag == "false": null

2018-10-02 15:05:10 - [TEST_STEP][PASSED] - Statement - assert Price == "0.0": null

2018-10-02 15:05:10 - [TEST_STEP][PASSED] - Statement - count_CSV += 1: null

2018-10-02 15:05:10 - [TEST_STEP][PASSED] - Statement - assert Name == Name: null

2018-10-02 15:05:10 - [TEST_STEP][PASSED] - Statement - assert DMSOperationalCode == DMSOperationalCode: null

2018-10-02 15:05:10 - [TEST_STEP][PASSED] - Statement - _duration = Duration: null

2018-10-02 15:05:10 - [TEST_STEP][PASSED] - Statement - If (!(_duration.contains("."))): null

2018-10-02 15:05:10 - [TEST_STEP][PASSED] - Statement - assert RoundNumber.call(Duration) == _duration: null

2018-10-02 15:05:10 - [TEST_STEP][PASSED] - Statement - _price = DealerPrice: null

2018-10-02 15:05:10 - [TEST_STEP][PASSED] - Statement - If (!(_price.contains("."))): null

2018-10-02 15:05:10 - [TEST_STEP][PASSED] - Statement - assert RoundNumber.call(DealerPrice) == _price: null

2018-10-02 15:05:10 - [TEST_STEP][PASSED] - Statement - assert ServiceType == ServiceType: null

2018-10-02 15:05:10 - [TEST_STEP][PASSED] - Statement - assert ServiceCode == null: null

2018-10-02 15:05:10 - [TEST_STEP][PASSED] - Statement - assert EMFlag == "false": null

2018-10-02 15:05:10 - [TEST_STEP][PASSED] - Statement - assert EMDuration == "0.0": null

2018-10-02 15:05:10 - [TEST_STEP][PASSED] - Statement - assert POAFlag == "false": null

2018-10-02 15:05:10 - [TEST_STEP][PASSED] - Statement - assert Price == "0.0": null

2018-10-02 15:05:10 - [TEST_STEP][PASSED] - Statement - count_CSV += 1: null

2018-10-02 15:05:10 - [TEST_STEP][PASSED] - Statement - assert Name == Name: null

2018-10-02 15:05:10 - [TEST_STEP][PASSED] - Statement - assert DMSOperationalCode == DMSOperationalCode: null

2018-10-02 15:05:10 - [TEST_STEP][PASSED] - Statement - _duration = Duration: null

2018-10-02 15:05:10 - [TEST_STEP][PASSED] - Statement - If (!(_duration.contains("."))): null

2018-10-02 15:05:10 - [TEST_STEP][PASSED] - Statement - assert RoundNumber.call(Duration) == _duration: null

2018-10-02 15:05:10 - [TEST_STEP][PASSED] - Statement - _price = DealerPrice: null

2018-10-02 15:05:10 - [TEST_STEP][PASSED] - Statement - If (!(_price.contains("."))): null

2018-10-02 15:05:10 - [TEST_STEP][PASSED] - Statement - assert RoundNumber.call(DealerPrice) == _price: null

2018-10-02 15:05:10 - [TEST_STEP][PASSED] - Statement - assert ServiceType == ServiceType: null

2018-10-02 15:05:10 - [TEST_STEP][PASSED] - Statement - assert ServiceCode == null: null

2018-10-02 15:05:10 - [TEST_STEP][PASSED] - Statement - assert EMFlag == "false": null

2018-10-02 15:05:10 - [TEST_STEP][PASSED] - Statement - assert EMDuration == "0.0": null

2018-10-02 15:05:10 - [TEST_STEP][PASSED] - Statement - assert POAFlag == "false": null

2018-10-02 15:05:10 - [TEST_STEP][PASSED] - Statement - assert Price == "0.0": null

2018-10-02 15:05:10 - [TEST_STEP][PASSED] - Statement - count_CSV += 1: null

2018-10-02 15:05:10 - [TEST_STEP][PASSED] - Statement - assert Name == Name: null

2018-10-02 15:05:10 - [TEST_STEP][PASSED] - Statement - assert DMSOperationalCode == DMSOperationalCode: null

2018-10-02 15:05:10 - [TEST_STEP][PASSED] - Statement - _duration = Duration: null

2018-10-02 15:05:10 - [TEST_STEP][PASSED] - Statement - If (!(_duration.contains("."))): null

2018-10-02 15:05:10 - [TEST_STEP][PASSED] - Statement - assert RoundNumber.call(Duration) == _duration: null

2018-10-02 15:05:10 - [TEST_STEP][PASSED] - Statement - _price = DealerPrice: null

2018-10-02 15:05:10 - [TEST_STEP][PASSED] - Statement - If (!(_price.contains("."))): null

2018-10-02 15:05:10 - [TEST_STEP][PASSED] - Statement - assert RoundNumber.call(DealerPrice) == _price: null

2018-10-02 15:05:10 - [TEST_STEP][PASSED] - Statement - assert ServiceType == ServiceType: null

2018-10-02 15:05:10 - [TEST_STEP][PASSED] - Statement - assert ServiceCode == null: null

2018-10-02 15:05:10 - [TEST_STEP][PASSED] - Statement - assert EMFlag == "false": null

2018-10-02 15:05:10 - [TEST_STEP][PASSED] - Statement - assert EMDuration == "0.0": null

2018-10-02 15:05:10 - [TEST_STEP][PASSED] - Statement - assert POAFlag == "false": null

2018-10-02 15:05:10 - [TEST_STEP][PASSED] - Statement - assert Price == "0.0": null

2018-10-02 15:05:10 - [TEST_STEP][PASSED] - Statement - count_CSV += 1: null

2018-10-02 15:05:10 - [TEST_STEP][PASSED] - Statement - assert Name == Name: null

2018-10-02 15:05:10 - [TEST_STEP][PASSED] - Statement - assert DMSOperationalCode == DMSOperationalCode: null

2018-10-02 15:05:10 - [TEST_STEP][PASSED] - Statement - _duration = Duration: null

2018-10-02 15:05:10 - [TEST_STEP][PASSED] - Statement - If (!(_duration.contains("."))): null

2018-10-02 15:05:10 - [TEST_STEP][PASSED] - Statement - assert RoundNumber.call(Duration) == _duration: null

2018-10-02 15:05:10 - [TEST_STEP][PASSED] - Statement - _price = DealerPrice: null

2018-10-02 15:05:10 - [TEST_STEP][PASSED] - Statement - If (!(_price.contains("."))): null

2018-10-02 15:05:10 - [TEST_STEP][PASSED] - Statement - assert RoundNumber.call(DealerPrice) == _price: null

2018-10-02 15:05:10 - [TEST_STEP][PASSED] - Statement - assert ServiceType == ServiceType: null

2018-10-02 15:05:10 - [TEST_STEP][PASSED] - Statement - assert ServiceCode == null: null

2018-10-02 15:05:10 - [TEST_STEP][PASSED] - Statement - assert EMFlag == "false": null

2018-10-02 15:05:10 - [TEST_STEP][PASSED] - Statement - assert EMDuration == "0.0": null

2018-10-02 15:05:10 - [TEST_STEP][PASSED] - Statement - assert POAFlag == "false": null

2018-10-02 15:05:10 - [TEST_STEP][PASSED] - Statement - assert Price == "0.0": null

2018-10-02 15:05:10 - [TEST_STEP][PASSED] - Statement - count_CSV += 1: null

2018-10-02 15:05:10 - [TEST_STEP][PASSED] - Statement - assert OpCodeJSON == count_CSV: null

2018-10-02 15:05:10 - [MESSAGE][PASSED] - Call Test Case 'Test Cases/TOYOTA/Library_TestCase/Toyota_GetServiceOperation_JSON - V2' successfully

2018-10-02 15:05:10 - [TEST_STEP][PASSED] - Statement - If (var_Status_GetOffTime == "true"): null

2018-10-02 15:05:10 - [TEST_STEP][PASSED] - Statement - If (var_Status_PickupTime == "true"): null

2018-10-02 15:05:10 - [TEST_STEP][PASSED] - Statement - If (var_Status_ReservedTimeslot == "true"): null

2018-10-02 15:05:10 - [TEST_STEP][PASSED] - Statement - If (var_Status_GetTransport == "true"): null

2018-10-02 15:05:10 - [TEST_STEP][PASSED] - Statement - If (var_Status_MakeBooking == "true"): null

2018-10-02 15:05:10 - [TEST_STEP][PASSED] - Statement - If (var_Status_SearchBooking == "true"): null

2018-10-02 15:05:10 - [TEST_STEP][PASSED] - Statement - If (var_Status_GetBookingDetail == "true"): null

2018-10-02 15:05:10 - [TEST_STEP][PASSED] - Statement - If (var_Status_ChangeBooking == "true"): null

2018-10-02 15:05:10 - [TEST_STEP][PASSED] - Statement - If (var_Status_CancelBooking == "true"): null]]></system-out>
         <system-err><![CDATA[]]></system-err>
      </testcase>
      <testcase name="Test Cases/TOYOTA/Main_Toyota_TestCase - AllSprints" classname="Test Cases/TOYOTA/Main_Toyota_TestCase - AllSprints" status="PASSED">
         <system-out><![CDATA[2018-10-02 15:05:10 - [TEST_CASE][PASSED] - Test Cases/TOYOTA/Main_Toyota_TestCase - AllSprints: Test Cases/TOYOTA/Main_Toyota_TestCase - AllSprints

2018-10-02 15:05:10 - [TEST_STEP][PASSED] - callTestCase: Call Test Case 'Test Cases/TOYOTA/Library_TestCase/Setup_Method_And_Variables - V1' successfully

2018-10-02 15:05:10 - [TEST_CASE][PASSED] - Test Cases/TOYOTA/Library_TestCase/Setup_Method_And_Variables - V1: Test Cases/TOYOTA/Library_TestCase/Setup_Method_And_Variables - V1

2018-10-02 15:05:10 - [TEST_STEP][PASSED] - Statement - If (!(Setup_Interval == "")): null

2018-10-02 15:05:10 - [TEST_STEP][PASSED] - Statement - If (!(Setup_WorkshopStart == "")): null

2018-10-02 15:05:10 - [TEST_STEP][PASSED] - Statement - If (!(Setup_WorkshopEnd == "")): null

2018-10-02 15:05:10 - [TEST_STEP][PASSED] - Statement - If (!(Setup_Dealer_Code == "")): null

2018-10-02 15:05:10 - [TEST_STEP][PASSED] - Statement - If (!(Setup_Location_Code == "")): null

2018-10-02 15:05:10 - [TEST_STEP][PASSED] - Statement - If (!(Setup_VIN == "")): null

2018-10-02 15:05:10 - [TEST_STEP][PASSED] - Statement - If (!(Setup_REGNumber == "")): null

2018-10-02 15:05:10 - [TEST_STEP][PASSED] - Statement - If (!(Setup_FirstName == "")): null

2018-10-02 15:05:10 - [TEST_STEP][PASSED] - Statement - If (!(Setup_LastName == "")): null

2018-10-02 15:05:10 - [TEST_STEP][PASSED] - Statement - If (!(Setup_TotalPrice == "")): null

2018-10-02 15:05:10 - [TEST_STEP][PASSED] - Statement - If (!(Setup_TotalDuration == "")): null

2018-10-02 15:05:10 - [TEST_STEP][PASSED] - Statement - If (!(Setup_StartDropDate == "")): null

2018-10-02 15:05:10 - [TEST_STEP][PASSED] - Statement - If (!(Setup_EndDropDate == "")): null

2018-10-02 15:05:10 - [TEST_STEP][PASSED] - Statement - If (!(Setup_StartSearchDate == "")): null

2018-10-02 15:05:10 - [TEST_STEP][PASSED] - Statement - If (!(Setup_EndSearchDate == "")): null

2018-10-02 15:05:10 - [TEST_STEP][PASSED] - Statement - If (!(Setup_Duration == "")): null

2018-10-02 15:05:10 - [TEST_STEP][PASSED] - Statement - If (!(Setup_ServiceDate == "")): null

2018-10-02 15:05:10 - [TEST_STEP][PASSED] - Statement - If (!(Setup_StartDropDate == "")): null

2018-10-02 15:05:10 - [TEST_STEP][PASSED] - Statement - If (!(Setup_EndDropDate == "")): null

2018-10-02 15:05:10 - [TEST_STEP][PASSED] - Statement - If (!(Setup_StartSearchDate == "")): null

2018-10-02 15:05:10 - [TEST_STEP][PASSED] - Statement - If (!(Setup_EndSearchDate == "")): null

2018-10-02 15:05:10 - [TEST_STEP][PASSED] - Statement - If (!(Setup_BookingId == "")): null

2018-10-02 15:05:10 - [TEST_STEP][PASSED] - Statement - If (!(Setup_ServiceType == "")): null

2018-10-02 15:05:10 - [TEST_STEP][PASSED] - Statement - SetDate = { java.util.Date current_time, int number_month, int number_day, int number_hour, java.lang.String format_date -> ... }: null

2018-10-02 15:05:10 - [TEST_STEP][PASSED] - Statement - RandomNumber = { int number -> ... }: null

2018-10-02 15:05:10 - [TEST_STEP][PASSED] - Statement - today = new java.util.Date(): null

2018-10-02 15:05:10 - [TEST_STEP][PASSED] - Statement - current_date = today.format("YYYY-MM-dd"): null

2018-10-02 15:05:10 - [TEST_STEP][PASSED] - Statement - Glb_Current_Date = current_date: null

2018-10-02 15:05:10 - [TEST_STEP][PASSED] - Statement - Glb_Current_Hour = SetDate.call(today, 0, 0, 3, "HH:mm"): null

2018-10-02 15:05:10 - [TEST_STEP][PASSED] - Statement - If (Glb_ServiceDate.toString().toLowerCase() == "cr"): null

2018-10-02 15:05:10 - [TEST_STEP][PASSED] - Statement - If (Glb_StartDate.toString().toLowerCase() == "cr"): null

2018-10-02 15:05:10 - [TEST_STEP][PASSED] - Statement - If (Glb_EndDate.toString().toLowerCase() == "cr"): null

2018-10-02 15:05:10 - [TEST_STEP][PASSED] - Statement - If (Glb_StartSearchDate.toString().toLowerCase() == "cr"): null

2018-10-02 15:05:10 - [TEST_STEP][PASSED] - Statement - If (Glb_EndSearchDate.toString().toLowerCase() == "cr"): null

2018-10-02 15:05:10 - [TEST_STEP][PASSED] - Statement - Glb_ContactId = "1901" + RandomNumber.call(999999): null

2018-10-02 15:05:10 - [MESSAGE][PASSED] - Call Test Case 'Test Cases/TOYOTA/Library_TestCase/Setup_Method_And_Variables - V1' successfully

2018-10-02 15:05:10 - [TEST_STEP][PASSED] - Statement - If (var_Status_OpCode == "true"): Call Test Case 'Test Cases/TOYOTA/Library_TestCase/Toyota_GetServiceOperation_JSON - V2' successfully

2018-10-02 15:05:10 - [TEST_STEP][PASSED] - callTestCase: Call Test Case 'Test Cases/TOYOTA/Library_TestCase/Toyota_GetServiceOperation_JSON - V2' successfully

2018-10-02 15:05:10 - [TEST_CASE][PASSED] - Test Cases/TOYOTA/Library_TestCase/Toyota_GetServiceOperation_JSON - V2: Test Cases/TOYOTA/Library_TestCase/Toyota_GetServiceOperation_JSON - V2

2018-10-02 15:05:10 - [TEST_STEP][PASSED] - Statement - RoundNumber = { java.lang.Float floatnumber -> ... }: null

2018-10-02 15:05:10 - [TEST_STEP][PASSED] - Statement - ServiceType = Glb_ServiceType: null

2018-10-02 15:05:10 - [TEST_STEP][PASSED] - Statement - Filepath = <not implemented yet for class: org.codehaus.groovy.ast.expr.EmptyExpression>: null

2018-10-02 15:05:10 - [TEST_STEP][PASSED] - Statement - If (Glb_ServiceType == "OSB_SERVICE_TYPE_LOGBOOK"): null

2018-10-02 15:05:10 - [TEST_STEP][PASSED] - Statement - Else: null

2018-10-02 15:05:10 - [TEST_STEP][PASSED] - Statement - Filepath = "Data Files/Toyota/OperationCode_ADDITIONAL.csv": null

2018-10-02 15:05:10 - [TEST_STEP][PASSED] - Statement - GetServiceOperation = com.kms.katalon.core.testobject.ObjectRepository.findTestObject(Toyota/GetServiceOperations_JSON, [Dealer_Code:internal.GlobalVariable.Glb_Dealer_Code, Location_Code:internal.GlobalVariable.Glb_Location_Code, VIN:internal.GlobalVariable.Glb_VIN, ... ]): Finding Test Object with id 'Object Repository/Toyota/GetServiceOperations_JSON'

2018-10-02 15:05:10 - [TEST_STEP][PASSED] - Statement - GetServiceOperation.getHttpHeaderProperties().add(new com.kms.katalon.core.testobject.TestObjectProperty(Authorization, com.kms.katalon.core.testobject.ConditionType.EQUALS, (Basic  + internal.GlobalVariable.Glb_Authorization_Token))): null

2018-10-02 15:05:10 - [TEST_STEP][PASSED] - Statement - res_GetServiceOperation = com.kms.katalon.core.webservice.keyword.WSBuiltInKeywords.sendRequest(GetServiceOperation): Send request successfully

2018-10-02 15:05:10 - [MESSAGE][PASSED] - Send request successfully

2018-10-02 15:05:10 - [TEST_STEP][PASSED] - Statement - If (!(Glb_Dealer_Code == "765A")): null

2018-10-02 15:05:10 - [TEST_STEP][PASSED] - verifyResponseStatusCode: Verify response status code successfully

2018-10-02 15:05:10 - [MESSAGE][PASSED] - Verify response status code successfully

2018-10-02 15:05:10 - [TEST_STEP][PASSED] - Statement - res_Text = new groovy.json.JsonSlurper().parseText(response.getResponseText()): null

2018-10-02 15:05:10 - [TEST_STEP][PASSED] - Statement - If (!(ExpectedMessage == "")): null

2018-10-02 15:05:10 - [MESSAGE][PASSED] - Call Test Case 'Test Cases/TOYOTA/Library_TestCase/Toyota_GetServiceOperation_JSON - V2' successfully

2018-10-02 15:05:10 - [TEST_STEP][PASSED] - Statement - If (var_Status_GetOffTime == "true"): null

2018-10-02 15:05:10 - [TEST_STEP][PASSED] - Statement - If (var_Status_PickupTime == "true"): null

2018-10-02 15:05:10 - [TEST_STEP][PASSED] - Statement - If (var_Status_ReservedTimeslot == "true"): null

2018-10-02 15:05:10 - [TEST_STEP][PASSED] - Statement - If (var_Status_GetTransport == "true"): null

2018-10-02 15:05:10 - [TEST_STEP][PASSED] - Statement - If (var_Status_MakeBooking == "true"): null

2018-10-02 15:05:10 - [TEST_STEP][PASSED] - Statement - If (var_Status_SearchBooking == "true"): null

2018-10-02 15:05:10 - [TEST_STEP][PASSED] - Statement - If (var_Status_GetBookingDetail == "true"): null

2018-10-02 15:05:10 - [TEST_STEP][PASSED] - Statement - If (var_Status_ChangeBooking == "true"): null

2018-10-02 15:05:10 - [TEST_STEP][PASSED] - Statement - If (var_Status_CancelBooking == "true"): null]]></system-out>
         <system-err><![CDATA[]]></system-err>
      </testcase>
      <testcase name="Test Cases/TOYOTA/Main_Toyota_TestCase - AllSprints" classname="Test Cases/TOYOTA/Main_Toyota_TestCase - AllSprints" status="PASSED">
         <system-out><![CDATA[2018-10-02 15:05:10 - [TEST_CASE][PASSED] - Test Cases/TOYOTA/Main_Toyota_TestCase - AllSprints: Test Cases/TOYOTA/Main_Toyota_TestCase - AllSprints

2018-10-02 15:05:10 - [TEST_STEP][PASSED] - callTestCase: Call Test Case 'Test Cases/TOYOTA/Library_TestCase/Setup_Method_And_Variables - V1' successfully

2018-10-02 15:05:10 - [TEST_CASE][PASSED] - Test Cases/TOYOTA/Library_TestCase/Setup_Method_And_Variables - V1: Test Cases/TOYOTA/Library_TestCase/Setup_Method_And_Variables - V1

2018-10-02 15:05:10 - [TEST_STEP][PASSED] - Statement - If (!(Setup_Interval == "")): null

2018-10-02 15:05:10 - [TEST_STEP][PASSED] - Statement - If (!(Setup_WorkshopStart == "")): null

2018-10-02 15:05:10 - [TEST_STEP][PASSED] - Statement - If (!(Setup_WorkshopEnd == "")): null

2018-10-02 15:05:10 - [TEST_STEP][PASSED] - Statement - If (!(Setup_Dealer_Code == "")): null

2018-10-02 15:05:10 - [TEST_STEP][PASSED] - Statement - If (!(Setup_Location_Code == "")): null

2018-10-02 15:05:10 - [TEST_STEP][PASSED] - Statement - If (!(Setup_VIN == "")): null

2018-10-02 15:05:10 - [TEST_STEP][PASSED] - Statement - If (!(Setup_REGNumber == "")): null

2018-10-02 15:05:10 - [TEST_STEP][PASSED] - Statement - If (!(Setup_FirstName == "")): null

2018-10-02 15:05:10 - [TEST_STEP][PASSED] - Statement - If (!(Setup_LastName == "")): null

2018-10-02 15:05:10 - [TEST_STEP][PASSED] - Statement - If (!(Setup_TotalPrice == "")): null

2018-10-02 15:05:10 - [TEST_STEP][PASSED] - Statement - If (!(Setup_TotalDuration == "")): null

2018-10-02 15:05:10 - [TEST_STEP][PASSED] - Statement - If (!(Setup_StartDropDate == "")): null

2018-10-02 15:05:10 - [TEST_STEP][PASSED] - Statement - If (!(Setup_EndDropDate == "")): null

2018-10-02 15:05:10 - [TEST_STEP][PASSED] - Statement - If (!(Setup_StartSearchDate == "")): null

2018-10-02 15:05:10 - [TEST_STEP][PASSED] - Statement - If (!(Setup_EndSearchDate == "")): null

2018-10-02 15:05:10 - [TEST_STEP][PASSED] - Statement - If (!(Setup_Duration == "")): null

2018-10-02 15:05:10 - [TEST_STEP][PASSED] - Statement - If (!(Setup_ServiceDate == "")): null

2018-10-02 15:05:10 - [TEST_STEP][PASSED] - Statement - If (!(Setup_StartDropDate == "")): null

2018-10-02 15:05:10 - [TEST_STEP][PASSED] - Statement - If (!(Setup_EndDropDate == "")): null

2018-10-02 15:05:10 - [TEST_STEP][PASSED] - Statement - If (!(Setup_StartSearchDate == "")): null

2018-10-02 15:05:10 - [TEST_STEP][PASSED] - Statement - If (!(Setup_EndSearchDate == "")): null

2018-10-02 15:05:10 - [TEST_STEP][PASSED] - Statement - If (!(Setup_BookingId == "")): null

2018-10-02 15:05:10 - [TEST_STEP][PASSED] - Statement - If (!(Setup_ServiceType == "")): null

2018-10-02 15:05:10 - [TEST_STEP][PASSED] - Statement - SetDate = { java.util.Date current_time, int number_month, int number_day, int number_hour, java.lang.String format_date -> ... }: null

2018-10-02 15:05:10 - [TEST_STEP][PASSED] - Statement - RandomNumber = { int number -> ... }: null

2018-10-02 15:05:10 - [TEST_STEP][PASSED] - Statement - today = new java.util.Date(): null

2018-10-02 15:05:10 - [TEST_STEP][PASSED] - Statement - current_date = today.format("YYYY-MM-dd"): null

2018-10-02 15:05:10 - [TEST_STEP][PASSED] - Statement - Glb_Current_Date = current_date: null

2018-10-02 15:05:10 - [TEST_STEP][PASSED] - Statement - Glb_Current_Hour = SetDate.call(today, 0, 0, 3, "HH:mm"): null

2018-10-02 15:05:10 - [TEST_STEP][PASSED] - Statement - If (Glb_ServiceDate.toString().toLowerCase() == "cr"): null

2018-10-02 15:05:10 - [TEST_STEP][PASSED] - Statement - If (Glb_StartDate.toString().toLowerCase() == "cr"): null

2018-10-02 15:05:10 - [TEST_STEP][PASSED] - Statement - If (Glb_EndDate.toString().toLowerCase() == "cr"): null

2018-10-02 15:05:10 - [TEST_STEP][PASSED] - Statement - If (Glb_StartSearchDate.toString().toLowerCase() == "cr"): null

2018-10-02 15:05:10 - [TEST_STEP][PASSED] - Statement - If (Glb_EndSearchDate.toString().toLowerCase() == "cr"): null

2018-10-02 15:05:10 - [TEST_STEP][PASSED] - Statement - Glb_ContactId = "1901" + RandomNumber.call(999999): null

2018-10-02 15:05:10 - [MESSAGE][PASSED] - Call Test Case 'Test Cases/TOYOTA/Library_TestCase/Setup_Method_And_Variables - V1' successfully

2018-10-02 15:05:10 - [TEST_STEP][PASSED] - Statement - If (var_Status_OpCode == "true"): Call Test Case 'Test Cases/TOYOTA/Library_TestCase/Toyota_GetServiceOperation_JSON - V2' successfully

2018-10-02 15:05:10 - [TEST_STEP][PASSED] - callTestCase: Call Test Case 'Test Cases/TOYOTA/Library_TestCase/Toyota_GetServiceOperation_JSON - V2' successfully

2018-10-02 15:05:10 - [TEST_CASE][PASSED] - Test Cases/TOYOTA/Library_TestCase/Toyota_GetServiceOperation_JSON - V2: Test Cases/TOYOTA/Library_TestCase/Toyota_GetServiceOperation_JSON - V2

2018-10-02 15:05:10 - [TEST_STEP][PASSED] - Statement - RoundNumber = { java.lang.Float floatnumber -> ... }: null

2018-10-02 15:05:10 - [TEST_STEP][PASSED] - Statement - ServiceType = Glb_ServiceType: null

2018-10-02 15:05:10 - [TEST_STEP][PASSED] - Statement - Filepath = <not implemented yet for class: org.codehaus.groovy.ast.expr.EmptyExpression>: null

2018-10-02 15:05:10 - [TEST_STEP][PASSED] - Statement - If (Glb_ServiceType == "OSB_SERVICE_TYPE_LOGBOOK"): null

2018-10-02 15:05:10 - [TEST_STEP][PASSED] - Statement - Else: null

2018-10-02 15:05:10 - [TEST_STEP][PASSED] - Statement - Filepath = "Data Files/Toyota/OperationCode_ADDITIONAL.csv": null

2018-10-02 15:05:10 - [TEST_STEP][PASSED] - Statement - GetServiceOperation = com.kms.katalon.core.testobject.ObjectRepository.findTestObject(Toyota/GetServiceOperations_JSON, [Dealer_Code:internal.GlobalVariable.Glb_Dealer_Code, Location_Code:internal.GlobalVariable.Glb_Location_Code, VIN:internal.GlobalVariable.Glb_VIN, ... ]): Finding Test Object with id 'Object Repository/Toyota/GetServiceOperations_JSON'

2018-10-02 15:05:10 - [TEST_STEP][PASSED] - Statement - GetServiceOperation.getHttpHeaderProperties().add(new com.kms.katalon.core.testobject.TestObjectProperty(Authorization, com.kms.katalon.core.testobject.ConditionType.EQUALS, (Basic  + internal.GlobalVariable.Glb_Authorization_Token))): null

2018-10-02 15:05:10 - [TEST_STEP][PASSED] - Statement - res_GetServiceOperation = com.kms.katalon.core.webservice.keyword.WSBuiltInKeywords.sendRequest(GetServiceOperation): Send request successfully

2018-10-02 15:05:10 - [MESSAGE][PASSED] - Send request successfully

2018-10-02 15:05:10 - [TEST_STEP][PASSED] - Statement - If (!(Glb_Dealer_Code == "765A")): null

2018-10-02 15:05:10 - [TEST_STEP][PASSED] - verifyResponseStatusCode: Verify response status code successfully

2018-10-02 15:05:10 - [MESSAGE][PASSED] - Verify response status code successfully

2018-10-02 15:05:10 - [TEST_STEP][PASSED] - Statement - res_Text = new groovy.json.JsonSlurper().parseText(response.getResponseText()): null

2018-10-02 15:05:10 - [TEST_STEP][PASSED] - Statement - If (!(ExpectedMessage == "")): null

2018-10-02 15:05:10 - [MESSAGE][PASSED] - Call Test Case 'Test Cases/TOYOTA/Library_TestCase/Toyota_GetServiceOperation_JSON - V2' successfully

2018-10-02 15:05:10 - [TEST_STEP][PASSED] - Statement - If (var_Status_GetOffTime == "true"): null

2018-10-02 15:05:10 - [TEST_STEP][PASSED] - Statement - If (var_Status_PickupTime == "true"): null

2018-10-02 15:05:10 - [TEST_STEP][PASSED] - Statement - If (var_Status_ReservedTimeslot == "true"): null

2018-10-02 15:05:10 - [TEST_STEP][PASSED] - Statement - If (var_Status_GetTransport == "true"): null

2018-10-02 15:05:10 - [TEST_STEP][PASSED] - Statement - If (var_Status_MakeBooking == "true"): null

2018-10-02 15:05:10 - [TEST_STEP][PASSED] - Statement - If (var_Status_SearchBooking == "true"): null

2018-10-02 15:05:10 - [TEST_STEP][PASSED] - Statement - If (var_Status_GetBookingDetail == "true"): null

2018-10-02 15:05:10 - [TEST_STEP][PASSED] - Statement - If (var_Status_ChangeBooking == "true"): null

2018-10-02 15:05:10 - [TEST_STEP][PASSED] - Statement - If (var_Status_CancelBooking == "true"): null]]></system-out>
         <system-err><![CDATA[]]></system-err>
      </testcase>
      <testcase name="Test Cases/TOYOTA/Main_Toyota_TestCase - AllSprints" classname="Test Cases/TOYOTA/Main_Toyota_TestCase - AllSprints" status="PASSED">
         <system-out><![CDATA[2018-10-02 15:05:10 - [TEST_CASE][PASSED] - Test Cases/TOYOTA/Main_Toyota_TestCase - AllSprints: Test Cases/TOYOTA/Main_Toyota_TestCase - AllSprints

2018-10-02 15:05:10 - [TEST_STEP][PASSED] - callTestCase: Call Test Case 'Test Cases/TOYOTA/Library_TestCase/Setup_Method_And_Variables - V1' successfully

2018-10-02 15:05:10 - [TEST_CASE][PASSED] - Test Cases/TOYOTA/Library_TestCase/Setup_Method_And_Variables - V1: Test Cases/TOYOTA/Library_TestCase/Setup_Method_And_Variables - V1

2018-10-02 15:05:10 - [TEST_STEP][PASSED] - Statement - If (!(Setup_Interval == "")): null

2018-10-02 15:05:10 - [TEST_STEP][PASSED] - Statement - If (!(Setup_WorkshopStart == "")): null

2018-10-02 15:05:10 - [TEST_STEP][PASSED] - Statement - If (!(Setup_WorkshopEnd == "")): null

2018-10-02 15:05:10 - [TEST_STEP][PASSED] - Statement - If (!(Setup_Dealer_Code == "")): null

2018-10-02 15:05:10 - [TEST_STEP][PASSED] - Statement - If (!(Setup_Location_Code == "")): null

2018-10-02 15:05:10 - [TEST_STEP][PASSED] - Statement - If (!(Setup_VIN == "")): null

2018-10-02 15:05:25 - [TEST_STEP][PASSED] - Statement - If (!(Setup_REGNumber == "")): null

2018-10-02 15:05:25 - [TEST_STEP][PASSED] - Statement - If (!(Setup_FirstName == "")): null

2018-10-02 15:05:25 - [TEST_STEP][PASSED] - Statement - If (!(Setup_LastName == "")): null

2018-10-02 15:05:25 - [TEST_STEP][PASSED] - Statement - If (!(Setup_TotalPrice == "")): null

2018-10-02 15:05:25 - [TEST_STEP][PASSED] - Statement - If (!(Setup_TotalDuration == "")): null

2018-10-02 15:05:25 - [TEST_STEP][PASSED] - Statement - If (!(Setup_StartDropDate == "")): null

2018-10-02 15:05:25 - [TEST_STEP][PASSED] - Statement - If (!(Setup_EndDropDate == "")): null

2018-10-02 15:05:25 - [TEST_STEP][PASSED] - Statement - If (!(Setup_StartSearchDate == "")): null

2018-10-02 15:05:25 - [TEST_STEP][PASSED] - Statement - If (!(Setup_EndSearchDate == "")): null

2018-10-02 15:05:25 - [TEST_STEP][PASSED] - Statement - If (!(Setup_Duration == "")): null

2018-10-02 15:05:25 - [TEST_STEP][PASSED] - Statement - If (!(Setup_ServiceDate == "")): null

2018-10-02 15:05:25 - [TEST_STEP][PASSED] - Statement - If (!(Setup_StartDropDate == "")): null

2018-10-02 15:05:25 - [TEST_STEP][PASSED] - Statement - If (!(Setup_EndDropDate == "")): null

2018-10-02 15:05:25 - [TEST_STEP][PASSED] - Statement - If (!(Setup_StartSearchDate == "")): null

2018-10-02 15:05:25 - [TEST_STEP][PASSED] - Statement - If (!(Setup_EndSearchDate == "")): null

2018-10-02 15:05:25 - [TEST_STEP][PASSED] - Statement - If (!(Setup_BookingId == "")): null

2018-10-02 15:05:25 - [TEST_STEP][PASSED] - Statement - If (!(Setup_ServiceType == "")): null

2018-10-02 15:05:25 - [TEST_STEP][PASSED] - Statement - SetDate = { java.util.Date current_time, int number_month, int number_day, int number_hour, java.lang.String format_date -> ... }: null

2018-10-02 15:05:25 - [TEST_STEP][PASSED] - Statement - RandomNumber = { int number -> ... }: null

2018-10-02 15:05:25 - [TEST_STEP][PASSED] - Statement - today = new java.util.Date(): null

2018-10-02 15:05:25 - [TEST_STEP][PASSED] - Statement - current_date = today.format("YYYY-MM-dd"): null

2018-10-02 15:05:25 - [TEST_STEP][PASSED] - Statement - Glb_Current_Date = current_date: null

2018-10-02 15:05:25 - [TEST_STEP][PASSED] - Statement - Glb_Current_Hour = SetDate.call(today, 0, 0, 3, "HH:mm"): null

2018-10-02 15:05:25 - [TEST_STEP][PASSED] - Statement - If (Glb_ServiceDate.toString().toLowerCase() == "cr"): null

2018-10-02 15:05:25 - [TEST_STEP][PASSED] - Statement - If (Glb_StartDate.toString().toLowerCase() == "cr"): null

2018-10-02 15:05:25 - [TEST_STEP][PASSED] - Statement - If (Glb_EndDate.toString().toLowerCase() == "cr"): null

2018-10-02 15:05:25 - [TEST_STEP][PASSED] - Statement - If (Glb_StartSearchDate.toString().toLowerCase() == "cr"): null

2018-10-02 15:05:25 - [TEST_STEP][PASSED] - Statement - If (Glb_EndSearchDate.toString().toLowerCase() == "cr"): null

2018-10-02 15:05:25 - [TEST_STEP][PASSED] - Statement - Glb_ContactId = "1901" + RandomNumber.call(999999): null

2018-10-02 15:05:25 - [MESSAGE][PASSED] - Call Test Case 'Test Cases/TOYOTA/Library_TestCase/Setup_Method_And_Variables - V1' successfully

2018-10-02 15:05:25 - [TEST_STEP][PASSED] - Statement - If (var_Status_OpCode == "true"): Call Test Case 'Test Cases/TOYOTA/Library_TestCase/Toyota_GetServiceOperation_JSON - V2' successfully

2018-10-02 15:05:25 - [TEST_STEP][PASSED] - callTestCase: Call Test Case 'Test Cases/TOYOTA/Library_TestCase/Toyota_GetServiceOperation_JSON - V2' successfully

2018-10-02 15:05:25 - [TEST_CASE][PASSED] - Test Cases/TOYOTA/Library_TestCase/Toyota_GetServiceOperation_JSON - V2: Test Cases/TOYOTA/Library_TestCase/Toyota_GetServiceOperation_JSON - V2

2018-10-02 15:05:25 - [TEST_STEP][PASSED] - Statement - RoundNumber = { java.lang.Float floatnumber -> ... }: null

2018-10-02 15:05:25 - [TEST_STEP][PASSED] - Statement - ServiceType = Glb_ServiceType: null

2018-10-02 15:05:25 - [TEST_STEP][PASSED] - Statement - Filepath = <not implemented yet for class: org.codehaus.groovy.ast.expr.EmptyExpression>: null

2018-10-02 15:05:25 - [TEST_STEP][PASSED] - Statement - If (Glb_ServiceType == "OSB_SERVICE_TYPE_LOGBOOK"): null

2018-10-02 15:05:25 - [TEST_STEP][PASSED] - Statement - Else: null

2018-10-02 15:05:25 - [TEST_STEP][PASSED] - Statement - Filepath = "Data Files/Toyota/OperationCode_ADDITIONAL.csv": null

2018-10-02 15:05:25 - [TEST_STEP][PASSED] - Statement - GetServiceOperation = com.kms.katalon.core.testobject.ObjectRepository.findTestObject(Toyota/GetServiceOperations_JSON, [Dealer_Code:internal.GlobalVariable.Glb_Dealer_Code, Location_Code:internal.GlobalVariable.Glb_Location_Code, VIN:internal.GlobalVariable.Glb_VIN, ... ]): Finding Test Object with id 'Object Repository/Toyota/GetServiceOperations_JSON'

2018-10-02 15:05:25 - [TEST_STEP][PASSED] - Statement - GetServiceOperation.getHttpHeaderProperties().add(new com.kms.katalon.core.testobject.TestObjectProperty(Authorization, com.kms.katalon.core.testobject.ConditionType.EQUALS, (Basic  + internal.GlobalVariable.Glb_Authorization_Token))): null

2018-10-02 15:05:25 - [TEST_STEP][PASSED] - Statement - res_GetServiceOperation = com.kms.katalon.core.webservice.keyword.WSBuiltInKeywords.sendRequest(GetServiceOperation): Send request successfully

2018-10-02 15:05:31 - [MESSAGE][PASSED] - Send request successfully

2018-10-02 15:05:31 - [TEST_STEP][PASSED] - Statement - If (!(Glb_Dealer_Code == "765A")): null

2018-10-02 15:05:31 - [TEST_STEP][PASSED] - Statement - Else If (!(Glb_ServiceType == "OSB_SERVICE_TYPE_LOGBOOK" || Glb_ServiceType == "OSB_SERVICE_TYPE_ADDITIONAL")): null

2018-10-02 15:05:31 - [TEST_STEP][PASSED] - Statement - Else If (Glb_Location_Code == "2" || Glb_Location_Code == "3" || Glb_Location_Code == "5"): null

2018-10-02 15:05:31 - [TEST_STEP][PASSED] - Statement - Else If (!(Glb_Location_Code == "1" || Glb_Location_Code == "4" || Glb_Location_Code == "360")): null

2018-10-02 15:05:31 - [TEST_STEP][PASSED] - Statement - Else If (Glb_VIN.toString().toLowerCase() == "invalid"): null

2018-10-02 15:05:31 - [TEST_STEP][PASSED] - Statement - Else: null

2018-10-02 15:05:31 - [TEST_STEP][PASSED] - Statement - VerifyResponse(res_GetServiceOperation, 200, ""): null

2018-10-02 15:05:31 - [TEST_STEP][PASSED] - verifyResponseStatusCode: Verify response status code successfully

2018-10-02 15:05:31 - [MESSAGE][PASSED] - Verify response status code successfully

2018-10-02 15:05:31 - [TEST_STEP][PASSED] - Statement - res_Text = new groovy.json.JsonSlurper().parseText(response.getResponseText()): null

2018-10-02 15:05:31 - [TEST_STEP][PASSED] - Statement - If (!(ExpectedMessage == "")): null

2018-10-02 15:05:31 - [TEST_STEP][PASSED] - Statement - res_Text = new groovy.json.JsonSlurper().parseText(res_GetServiceOperation.getResponseText()): null

2018-10-02 15:05:31 - [TEST_STEP][PASSED] - Statement - OpCodeJSON = 0: null

2018-10-02 15:05:31 - [TEST_STEP][PASSED] - Statement - res_Text.each({ -> ... }): null

2018-10-02 15:05:31 - [TEST_STEP][PASSED] - Statement - count_CSV = 0: null

2018-10-02 15:05:31 - [TEST_STEP][PASSED] - Statement - CSVReader = new java.io.File(Filepath): null

2018-10-02 15:05:31 - [TEST_STEP][PASSED] - Statement - csv_content = CSVReader.getText("utf-8"): null

2018-10-02 15:05:31 - [TEST_STEP][PASSED] - Statement - CSVData = com.xlson.groovycsv.CsvParser.parseCsv([separator:,, readFirstLine:false], csv_content): null

2018-10-02 15:05:31 - [TEST_STEP][PASSED] - Statement - For (def line : CSVData): null

2018-10-02 15:05:31 - [TEST_STEP][PASSED] - Statement - assert Name == Name: null

2018-10-02 15:05:31 - [TEST_STEP][PASSED] - Statement - assert DMSOperationalCode == DMSOperationalCode: null

2018-10-02 15:05:31 - [TEST_STEP][PASSED] - Statement - _duration = Duration: null

2018-10-02 15:05:31 - [TEST_STEP][PASSED] - Statement - If (!(_duration.contains("."))): null

2018-10-02 15:05:31 - [TEST_STEP][PASSED] - Statement - assert RoundNumber.call(Duration) == _duration: null

2018-10-02 15:05:31 - [TEST_STEP][PASSED] - Statement - _price = DealerPrice: null

2018-10-02 15:05:31 - [TEST_STEP][PASSED] - Statement - If (!(_price.contains("."))): null

2018-10-02 15:05:31 - [TEST_STEP][PASSED] - Statement - assert RoundNumber.call(DealerPrice) == _price: null

2018-10-02 15:05:31 - [TEST_STEP][PASSED] - Statement - assert ServiceType == ServiceType: null

2018-10-02 15:05:31 - [TEST_STEP][PASSED] - Statement - assert ServiceCode == null: null

2018-10-02 15:05:31 - [TEST_STEP][PASSED] - Statement - assert EMFlag == "false": null

2018-10-02 15:05:31 - [TEST_STEP][PASSED] - Statement - assert EMDuration == "0.0": null

2018-10-02 15:05:31 - [TEST_STEP][PASSED] - Statement - assert POAFlag == "false": null

2018-10-02 15:05:31 - [TEST_STEP][PASSED] - Statement - assert Price == "0.0": null

2018-10-02 15:05:31 - [TEST_STEP][PASSED] - Statement - count_CSV += 1: null

2018-10-02 15:05:31 - [TEST_STEP][PASSED] - Statement - assert Name == Name: null

2018-10-02 15:05:31 - [TEST_STEP][PASSED] - Statement - assert DMSOperationalCode == DMSOperationalCode: null

2018-10-02 15:05:31 - [TEST_STEP][PASSED] - Statement - _duration = Duration: null

2018-10-02 15:05:31 - [TEST_STEP][PASSED] - Statement - If (!(_duration.contains("."))): null

2018-10-02 15:05:31 - [TEST_STEP][PASSED] - Statement - assert RoundNumber.call(Duration) == _duration: null

2018-10-02 15:05:31 - [TEST_STEP][PASSED] - Statement - _price = DealerPrice: null

2018-10-02 15:05:31 - [TEST_STEP][PASSED] - Statement - If (!(_price.contains("."))): null

2018-10-02 15:05:31 - [TEST_STEP][PASSED] - Statement - assert RoundNumber.call(DealerPrice) == _price: null

2018-10-02 15:05:31 - [TEST_STEP][PASSED] - Statement - assert ServiceType == ServiceType: null

2018-10-02 15:05:31 - [TEST_STEP][PASSED] - Statement - assert ServiceCode == null: null

2018-10-02 15:05:31 - [TEST_STEP][PASSED] - Statement - assert EMFlag == "false": null

2018-10-02 15:05:31 - [TEST_STEP][PASSED] - Statement - assert EMDuration == "0.0": null

2018-10-02 15:05:31 - [TEST_STEP][PASSED] - Statement - assert POAFlag == "false": null

2018-10-02 15:05:31 - [TEST_STEP][PASSED] - Statement - assert Price == "0.0": null

2018-10-02 15:05:31 - [TEST_STEP][PASSED] - Statement - count_CSV += 1: null

2018-10-02 15:05:31 - [TEST_STEP][PASSED] - Statement - assert Name == Name: null

2018-10-02 15:05:31 - [TEST_STEP][PASSED] - Statement - assert DMSOperationalCode == DMSOperationalCode: null

2018-10-02 15:05:31 - [TEST_STEP][PASSED] - Statement - _duration = Duration: null

2018-10-02 15:05:31 - [TEST_STEP][PASSED] - Statement - If (!(_duration.contains("."))): null

2018-10-02 15:05:31 - [TEST_STEP][PASSED] - Statement - assert RoundNumber.call(Duration) == _duration: null

2018-10-02 15:05:31 - [TEST_STEP][PASSED] - Statement - _price = DealerPrice: null

2018-10-02 15:05:31 - [TEST_STEP][PASSED] - Statement - If (!(_price.contains("."))): null

2018-10-02 15:05:31 - [TEST_STEP][PASSED] - Statement - assert RoundNumber.call(DealerPrice) == _price: null

2018-10-02 15:05:31 - [TEST_STEP][PASSED] - Statement - assert ServiceType == ServiceType: null

2018-10-02 15:05:31 - [TEST_STEP][PASSED] - Statement - assert ServiceCode == null: null

2018-10-02 15:05:31 - [TEST_STEP][PASSED] - Statement - assert EMFlag == "false": null

2018-10-02 15:05:31 - [TEST_STEP][PASSED] - Statement - assert EMDuration == "0.0": null

2018-10-02 15:05:31 - [TEST_STEP][PASSED] - Statement - assert POAFlag == "false": null

2018-10-02 15:05:31 - [TEST_STEP][PASSED] - Statement - assert Price == "0.0": null

2018-10-02 15:05:31 - [TEST_STEP][PASSED] - Statement - count_CSV += 1: null

2018-10-02 15:05:31 - [TEST_STEP][PASSED] - Statement - assert Name == Name: null

2018-10-02 15:05:31 - [TEST_STEP][PASSED] - Statement - assert DMSOperationalCode == DMSOperationalCode: null

2018-10-02 15:05:31 - [TEST_STEP][PASSED] - Statement - _duration = Duration: null

2018-10-02 15:05:31 - [TEST_STEP][PASSED] - Statement - If (!(_duration.contains("."))): null

2018-10-02 15:05:31 - [TEST_STEP][PASSED] - Statement - assert RoundNumber.call(Duration) == _duration: null

2018-10-02 15:05:31 - [TEST_STEP][PASSED] - Statement - _price = DealerPrice: null

2018-10-02 15:05:31 - [TEST_STEP][PASSED] - Statement - If (!(_price.contains("."))): null

2018-10-02 15:05:31 - [TEST_STEP][PASSED] - Statement - assert RoundNumber.call(DealerPrice) == _price: null

2018-10-02 15:05:31 - [TEST_STEP][PASSED] - Statement - assert ServiceType == ServiceType: null

2018-10-02 15:05:31 - [TEST_STEP][PASSED] - Statement - assert ServiceCode == null: null

2018-10-02 15:05:31 - [TEST_STEP][PASSED] - Statement - assert EMFlag == "false": null

2018-10-02 15:05:31 - [TEST_STEP][PASSED] - Statement - assert EMDuration == "0.0": null

2018-10-02 15:05:31 - [TEST_STEP][PASSED] - Statement - assert POAFlag == "false": null

2018-10-02 15:05:31 - [TEST_STEP][PASSED] - Statement - assert Price == "0.0": null

2018-10-02 15:05:31 - [TEST_STEP][PASSED] - Statement - count_CSV += 1: null

2018-10-02 15:05:31 - [TEST_STEP][PASSED] - Statement - assert Name == Name: null

2018-10-02 15:05:31 - [TEST_STEP][PASSED] - Statement - assert DMSOperationalCode == DMSOperationalCode: null

2018-10-02 15:05:31 - [TEST_STEP][PASSED] - Statement - _duration = Duration: null

2018-10-02 15:05:31 - [TEST_STEP][PASSED] - Statement - If (!(_duration.contains("."))): null

2018-10-02 15:05:31 - [TEST_STEP][PASSED] - Statement - assert RoundNumber.call(Duration) == _duration: null

2018-10-02 15:05:31 - [TEST_STEP][PASSED] - Statement - _price = DealerPrice: null

2018-10-02 15:05:31 - [TEST_STEP][PASSED] - Statement - If (!(_price.contains("."))): null

2018-10-02 15:05:31 - [TEST_STEP][PASSED] - Statement - assert RoundNumber.call(DealerPrice) == _price: null

2018-10-02 15:05:31 - [TEST_STEP][PASSED] - Statement - assert ServiceType == ServiceType: null

2018-10-02 15:05:31 - [TEST_STEP][PASSED] - Statement - assert ServiceCode == null: null

2018-10-02 15:05:31 - [TEST_STEP][PASSED] - Statement - assert EMFlag == "false": null

2018-10-02 15:05:31 - [TEST_STEP][PASSED] - Statement - assert EMDuration == "0.0": null

2018-10-02 15:05:31 - [TEST_STEP][PASSED] - Statement - assert POAFlag == "false": null

2018-10-02 15:05:31 - [TEST_STEP][PASSED] - Statement - assert Price == "0.0": null

2018-10-02 15:05:31 - [TEST_STEP][PASSED] - Statement - count_CSV += 1: null

2018-10-02 15:05:31 - [TEST_STEP][PASSED] - Statement - assert Name == Name: null

2018-10-02 15:05:31 - [TEST_STEP][PASSED] - Statement - assert DMSOperationalCode == DMSOperationalCode: null

2018-10-02 15:05:31 - [TEST_STEP][PASSED] - Statement - _duration = Duration: null

2018-10-02 15:05:31 - [TEST_STEP][PASSED] - Statement - If (!(_duration.contains("."))): null

2018-10-02 15:05:31 - [TEST_STEP][PASSED] - Statement - assert RoundNumber.call(Duration) == _duration: null

2018-10-02 15:05:31 - [TEST_STEP][PASSED] - Statement - _price = DealerPrice: null

2018-10-02 15:05:31 - [TEST_STEP][PASSED] - Statement - If (!(_price.contains("."))): null

2018-10-02 15:05:31 - [TEST_STEP][PASSED] - Statement - assert RoundNumber.call(DealerPrice) == _price: null

2018-10-02 15:05:31 - [TEST_STEP][PASSED] - Statement - assert ServiceType == ServiceType: null

2018-10-02 15:05:31 - [TEST_STEP][PASSED] - Statement - assert ServiceCode == null: null

2018-10-02 15:05:31 - [TEST_STEP][PASSED] - Statement - assert EMFlag == "false": null

2018-10-02 15:05:31 - [TEST_STEP][PASSED] - Statement - assert EMDuration == "0.0": null

2018-10-02 15:05:31 - [TEST_STEP][PASSED] - Statement - assert POAFlag == "false": null

2018-10-02 15:05:31 - [TEST_STEP][PASSED] - Statement - assert Price == "0.0": null

2018-10-02 15:05:31 - [TEST_STEP][PASSED] - Statement - count_CSV += 1: null

2018-10-02 15:05:31 - [TEST_STEP][PASSED] - Statement - assert Name == Name: null

2018-10-02 15:05:31 - [TEST_STEP][PASSED] - Statement - assert DMSOperationalCode == DMSOperationalCode: null

2018-10-02 15:05:31 - [TEST_STEP][PASSED] - Statement - _duration = Duration: null

2018-10-02 15:05:31 - [TEST_STEP][PASSED] - Statement - If (!(_duration.contains("."))): null

2018-10-02 15:05:31 - [TEST_STEP][PASSED] - Statement - assert RoundNumber.call(Duration) == _duration: null

2018-10-02 15:05:31 - [TEST_STEP][PASSED] - Statement - _price = DealerPrice: null

2018-10-02 15:05:31 - [TEST_STEP][PASSED] - Statement - If (!(_price.contains("."))): null

2018-10-02 15:05:31 - [TEST_STEP][PASSED] - Statement - assert RoundNumber.call(DealerPrice) == _price: null

2018-10-02 15:05:31 - [TEST_STEP][PASSED] - Statement - assert ServiceType == ServiceType: null

2018-10-02 15:05:31 - [TEST_STEP][PASSED] - Statement - assert ServiceCode == null: null

2018-10-02 15:05:31 - [TEST_STEP][PASSED] - Statement - assert EMFlag == "false": null

2018-10-02 15:05:31 - [TEST_STEP][PASSED] - Statement - assert EMDuration == "0.0": null

2018-10-02 15:05:31 - [TEST_STEP][PASSED] - Statement - assert POAFlag == "false": null

2018-10-02 15:05:31 - [TEST_STEP][PASSED] - Statement - assert Price == "0.0": null

2018-10-02 15:05:31 - [TEST_STEP][PASSED] - Statement - count_CSV += 1: null

2018-10-02 15:05:31 - [TEST_STEP][PASSED] - Statement - assert Name == Name: null

2018-10-02 15:05:31 - [TEST_STEP][PASSED] - Statement - assert DMSOperationalCode == DMSOperationalCode: null

2018-10-02 15:05:31 - [TEST_STEP][PASSED] - Statement - _duration = Duration: null

2018-10-02 15:05:31 - [TEST_STEP][PASSED] - Statement - If (!(_duration.contains("."))): null

2018-10-02 15:05:31 - [TEST_STEP][PASSED] - Statement - assert RoundNumber.call(Duration) == _duration: null

2018-10-02 15:05:31 - [TEST_STEP][PASSED] - Statement - _price = DealerPrice: null

2018-10-02 15:05:31 - [TEST_STEP][PASSED] - Statement - If (!(_price.contains("."))): null

2018-10-02 15:05:31 - [TEST_STEP][PASSED] - Statement - assert RoundNumber.call(DealerPrice) == _price: null

2018-10-02 15:05:31 - [TEST_STEP][PASSED] - Statement - assert ServiceType == ServiceType: null

2018-10-02 15:05:31 - [TEST_STEP][PASSED] - Statement - assert ServiceCode == null: null

2018-10-02 15:05:31 - [TEST_STEP][PASSED] - Statement - assert EMFlag == "false": null

2018-10-02 15:05:31 - [TEST_STEP][PASSED] - Statement - assert EMDuration == "0.0": null

2018-10-02 15:05:31 - [TEST_STEP][PASSED] - Statement - assert POAFlag == "false": null

2018-10-02 15:05:31 - [TEST_STEP][PASSED] - Statement - assert Price == "0.0": null

2018-10-02 15:05:31 - [TEST_STEP][PASSED] - Statement - count_CSV += 1: null

2018-10-02 15:05:31 - [TEST_STEP][PASSED] - Statement - assert Name == Name: null

2018-10-02 15:05:31 - [TEST_STEP][PASSED] - Statement - assert DMSOperationalCode == DMSOperationalCode: null

2018-10-02 15:05:31 - [TEST_STEP][PASSED] - Statement - _duration = Duration: null

2018-10-02 15:05:31 - [TEST_STEP][PASSED] - Statement - If (!(_duration.contains("."))): null

2018-10-02 15:05:31 - [TEST_STEP][PASSED] - Statement - assert RoundNumber.call(Duration) == _duration: null

2018-10-02 15:05:31 - [TEST_STEP][PASSED] - Statement - _price = DealerPrice: null

2018-10-02 15:05:31 - [TEST_STEP][PASSED] - Statement - If (!(_price.contains("."))): null

2018-10-02 15:05:31 - [TEST_STEP][PASSED] - Statement - assert RoundNumber.call(DealerPrice) == _price: null

2018-10-02 15:05:31 - [TEST_STEP][PASSED] - Statement - assert ServiceType == ServiceType: null

2018-10-02 15:05:31 - [TEST_STEP][PASSED] - Statement - assert ServiceCode == null: null

2018-10-02 15:05:31 - [TEST_STEP][PASSED] - Statement - assert EMFlag == "false": null

2018-10-02 15:05:31 - [TEST_STEP][PASSED] - Statement - assert EMDuration == "0.0": null

2018-10-02 15:05:31 - [TEST_STEP][PASSED] - Statement - assert POAFlag == "false": null

2018-10-02 15:05:31 - [TEST_STEP][PASSED] - Statement - assert Price == "0.0": null

2018-10-02 15:05:31 - [TEST_STEP][PASSED] - Statement - count_CSV += 1: null

2018-10-02 15:05:31 - [TEST_STEP][PASSED] - Statement - assert Name == Name: null

2018-10-02 15:05:31 - [TEST_STEP][PASSED] - Statement - assert DMSOperationalCode == DMSOperationalCode: null

2018-10-02 15:05:31 - [TEST_STEP][PASSED] - Statement - _duration = Duration: null

2018-10-02 15:05:31 - [TEST_STEP][PASSED] - Statement - If (!(_duration.contains("."))): null

2018-10-02 15:05:31 - [TEST_STEP][PASSED] - Statement - assert RoundNumber.call(Duration) == _duration: null

2018-10-02 15:05:31 - [TEST_STEP][PASSED] - Statement - _price = DealerPrice: null

2018-10-02 15:05:31 - [TEST_STEP][PASSED] - Statement - If (!(_price.contains("."))): null

2018-10-02 15:05:31 - [TEST_STEP][PASSED] - Statement - assert RoundNumber.call(DealerPrice) == _price: null

2018-10-02 15:05:31 - [TEST_STEP][PASSED] - Statement - assert ServiceType == ServiceType: null

2018-10-02 15:05:31 - [TEST_STEP][PASSED] - Statement - assert ServiceCode == null: null

2018-10-02 15:05:31 - [TEST_STEP][PASSED] - Statement - assert EMFlag == "false": null

2018-10-02 15:05:31 - [TEST_STEP][PASSED] - Statement - assert EMDuration == "0.0": null

2018-10-02 15:05:31 - [TEST_STEP][PASSED] - Statement - assert POAFlag == "false": null

2018-10-02 15:05:31 - [TEST_STEP][PASSED] - Statement - assert Price == "0.0": null

2018-10-02 15:05:31 - [TEST_STEP][PASSED] - Statement - count_CSV += 1: null

2018-10-02 15:05:31 - [TEST_STEP][PASSED] - Statement - assert Name == Name: null

2018-10-02 15:05:31 - [TEST_STEP][PASSED] - Statement - assert DMSOperationalCode == DMSOperationalCode: null

2018-10-02 15:05:31 - [TEST_STEP][PASSED] - Statement - _duration = Duration: null

2018-10-02 15:05:31 - [TEST_STEP][PASSED] - Statement - If (!(_duration.contains("."))): null

2018-10-02 15:05:31 - [TEST_STEP][PASSED] - Statement - assert RoundNumber.call(Duration) == _duration: null

2018-10-02 15:05:31 - [TEST_STEP][PASSED] - Statement - _price = DealerPrice: null

2018-10-02 15:05:31 - [TEST_STEP][PASSED] - Statement - If (!(_price.contains("."))): null

2018-10-02 15:05:31 - [TEST_STEP][PASSED] - Statement - assert RoundNumber.call(DealerPrice) == _price: null

2018-10-02 15:05:31 - [TEST_STEP][PASSED] - Statement - assert ServiceType == ServiceType: null

2018-10-02 15:05:31 - [TEST_STEP][PASSED] - Statement - assert ServiceCode == null: null

2018-10-02 15:05:31 - [TEST_STEP][PASSED] - Statement - assert EMFlag == "false": null

2018-10-02 15:05:31 - [TEST_STEP][PASSED] - Statement - assert EMDuration == "0.0": null

2018-10-02 15:05:31 - [TEST_STEP][PASSED] - Statement - assert POAFlag == "false": null

2018-10-02 15:05:31 - [TEST_STEP][PASSED] - Statement - assert Price == "0.0": null

2018-10-02 15:05:31 - [TEST_STEP][PASSED] - Statement - count_CSV += 1: null

2018-10-02 15:05:31 - [TEST_STEP][PASSED] - Statement - assert Name == Name: null

2018-10-02 15:05:31 - [TEST_STEP][PASSED] - Statement - assert DMSOperationalCode == DMSOperationalCode: null

2018-10-02 15:05:31 - [TEST_STEP][PASSED] - Statement - _duration = Duration: null

2018-10-02 15:05:31 - [TEST_STEP][PASSED] - Statement - If (!(_duration.contains("."))): null

2018-10-02 15:05:31 - [TEST_STEP][PASSED] - Statement - assert RoundNumber.call(Duration) == _duration: null

2018-10-02 15:05:31 - [TEST_STEP][PASSED] - Statement - _price = DealerPrice: null

2018-10-02 15:05:31 - [TEST_STEP][PASSED] - Statement - If (!(_price.contains("."))): null

2018-10-02 15:05:31 - [TEST_STEP][PASSED] - Statement - assert RoundNumber.call(DealerPrice) == _price: null

2018-10-02 15:05:31 - [TEST_STEP][PASSED] - Statement - assert ServiceType == ServiceType: null

2018-10-02 15:05:31 - [TEST_STEP][PASSED] - Statement - assert ServiceCode == null: null

2018-10-02 15:05:31 - [TEST_STEP][PASSED] - Statement - assert EMFlag == "false": null

2018-10-02 15:05:31 - [TEST_STEP][PASSED] - Statement - assert EMDuration == "0.0": null

2018-10-02 15:05:31 - [TEST_STEP][PASSED] - Statement - assert POAFlag == "false": null

2018-10-02 15:05:31 - [TEST_STEP][PASSED] - Statement - assert Price == "0.0": null

2018-10-02 15:05:31 - [TEST_STEP][PASSED] - Statement - count_CSV += 1: null

2018-10-02 15:05:31 - [TEST_STEP][PASSED] - Statement - assert Name == Name: null

2018-10-02 15:05:31 - [TEST_STEP][PASSED] - Statement - assert DMSOperationalCode == DMSOperationalCode: null

2018-10-02 15:05:31 - [TEST_STEP][PASSED] - Statement - _duration = Duration: null

2018-10-02 15:05:31 - [TEST_STEP][PASSED] - Statement - If (!(_duration.contains("."))): null

2018-10-02 15:05:31 - [TEST_STEP][PASSED] - Statement - assert RoundNumber.call(Duration) == _duration: null

2018-10-02 15:05:31 - [TEST_STEP][PASSED] - Statement - _price = DealerPrice: null

2018-10-02 15:05:31 - [TEST_STEP][PASSED] - Statement - If (!(_price.contains("."))): null

2018-10-02 15:05:31 - [TEST_STEP][PASSED] - Statement - assert RoundNumber.call(DealerPrice) == _price: null

2018-10-02 15:05:31 - [TEST_STEP][PASSED] - Statement - assert ServiceType == ServiceType: null

2018-10-02 15:05:31 - [TEST_STEP][PASSED] - Statement - assert ServiceCode == null: null

2018-10-02 15:05:31 - [TEST_STEP][PASSED] - Statement - assert EMFlag == "false": null

2018-10-02 15:05:31 - [TEST_STEP][PASSED] - Statement - assert EMDuration == "0.0": null

2018-10-02 15:05:31 - [TEST_STEP][PASSED] - Statement - assert POAFlag == "false": null

2018-10-02 15:05:31 - [TEST_STEP][PASSED] - Statement - assert Price == "0.0": null

2018-10-02 15:05:31 - [TEST_STEP][PASSED] - Statement - count_CSV += 1: null

2018-10-02 15:05:31 - [TEST_STEP][PASSED] - Statement - assert Name == Name: null

2018-10-02 15:05:31 - [TEST_STEP][PASSED] - Statement - assert DMSOperationalCode == DMSOperationalCode: null

2018-10-02 15:05:31 - [TEST_STEP][PASSED] - Statement - _duration = Duration: null

2018-10-02 15:05:31 - [TEST_STEP][PASSED] - Statement - If (!(_duration.contains("."))): null

2018-10-02 15:05:31 - [TEST_STEP][PASSED] - Statement - assert RoundNumber.call(Duration) == _duration: null

2018-10-02 15:05:31 - [TEST_STEP][PASSED] - Statement - _price = DealerPrice: null

2018-10-02 15:05:31 - [TEST_STEP][PASSED] - Statement - If (!(_price.contains("."))): null

2018-10-02 15:05:31 - [TEST_STEP][PASSED] - Statement - assert RoundNumber.call(DealerPrice) == _price: null

2018-10-02 15:05:31 - [TEST_STEP][PASSED] - Statement - assert ServiceType == ServiceType: null

2018-10-02 15:05:31 - [TEST_STEP][PASSED] - Statement - assert ServiceCode == null: null

2018-10-02 15:05:31 - [TEST_STEP][PASSED] - Statement - assert EMFlag == "false": null

2018-10-02 15:05:31 - [TEST_STEP][PASSED] - Statement - assert EMDuration == "0.0": null

2018-10-02 15:05:31 - [TEST_STEP][PASSED] - Statement - assert POAFlag == "false": null

2018-10-02 15:05:31 - [TEST_STEP][PASSED] - Statement - assert Price == "0.0": null

2018-10-02 15:05:31 - [TEST_STEP][PASSED] - Statement - count_CSV += 1: null

2018-10-02 15:05:31 - [TEST_STEP][PASSED] - Statement - assert Name == Name: null

2018-10-02 15:05:31 - [TEST_STEP][PASSED] - Statement - assert DMSOperationalCode == DMSOperationalCode: null

2018-10-02 15:05:31 - [TEST_STEP][PASSED] - Statement - _duration = Duration: null

2018-10-02 15:05:31 - [TEST_STEP][PASSED] - Statement - If (!(_duration.contains("."))): null

2018-10-02 15:05:31 - [TEST_STEP][PASSED] - Statement - assert RoundNumber.call(Duration) == _duration: null

2018-10-02 15:05:31 - [TEST_STEP][PASSED] - Statement - _price = DealerPrice: null

2018-10-02 15:05:31 - [TEST_STEP][PASSED] - Statement - If (!(_price.contains("."))): null

2018-10-02 15:05:31 - [TEST_STEP][PASSED] - Statement - assert RoundNumber.call(DealerPrice) == _price: null

2018-10-02 15:05:31 - [TEST_STEP][PASSED] - Statement - assert ServiceType == ServiceType: null

2018-10-02 15:05:31 - [TEST_STEP][PASSED] - Statement - assert ServiceCode == null: null

2018-10-02 15:05:31 - [TEST_STEP][PASSED] - Statement - assert EMFlag == "false": null

2018-10-02 15:05:31 - [TEST_STEP][PASSED] - Statement - assert EMDuration == "0.0": null

2018-10-02 15:05:31 - [TEST_STEP][PASSED] - Statement - assert POAFlag == "false": null

2018-10-02 15:05:31 - [TEST_STEP][PASSED] - Statement - assert Price == "0.0": null

2018-10-02 15:05:31 - [TEST_STEP][PASSED] - Statement - count_CSV += 1: null

2018-10-02 15:05:31 - [TEST_STEP][PASSED] - Statement - assert Name == Name: null

2018-10-02 15:05:31 - [TEST_STEP][PASSED] - Statement - assert DMSOperationalCode == DMSOperationalCode: null

2018-10-02 15:05:31 - [TEST_STEP][PASSED] - Statement - _duration = Duration: null

2018-10-02 15:05:31 - [TEST_STEP][PASSED] - Statement - If (!(_duration.contains("."))): null

2018-10-02 15:05:31 - [TEST_STEP][PASSED] - Statement - assert RoundNumber.call(Duration) == _duration: null

2018-10-02 15:05:31 - [TEST_STEP][PASSED] - Statement - _price = DealerPrice: null

2018-10-02 15:05:31 - [TEST_STEP][PASSED] - Statement - If (!(_price.contains("."))): null

2018-10-02 15:05:31 - [TEST_STEP][PASSED] - Statement - assert RoundNumber.call(DealerPrice) == _price: null

2018-10-02 15:05:31 - [TEST_STEP][PASSED] - Statement - assert ServiceType == ServiceType: null

2018-10-02 15:05:31 - [TEST_STEP][PASSED] - Statement - assert ServiceCode == null: null

2018-10-02 15:05:31 - [TEST_STEP][PASSED] - Statement - assert EMFlag == "false": null

2018-10-02 15:05:31 - [TEST_STEP][PASSED] - Statement - assert EMDuration == "0.0": null

2018-10-02 15:05:31 - [TEST_STEP][PASSED] - Statement - assert POAFlag == "false": null

2018-10-02 15:05:31 - [TEST_STEP][PASSED] - Statement - assert Price == "0.0": null

2018-10-02 15:05:31 - [TEST_STEP][PASSED] - Statement - count_CSV += 1: null

2018-10-02 15:05:31 - [TEST_STEP][PASSED] - Statement - assert Name == Name: null

2018-10-02 15:05:31 - [TEST_STEP][PASSED] - Statement - assert DMSOperationalCode == DMSOperationalCode: null

2018-10-02 15:05:31 - [TEST_STEP][PASSED] - Statement - _duration = Duration: null

2018-10-02 15:05:31 - [TEST_STEP][PASSED] - Statement - If (!(_duration.contains("."))): null

2018-10-02 15:05:31 - [TEST_STEP][PASSED] - Statement - assert RoundNumber.call(Duration) == _duration: null

2018-10-02 15:05:31 - [TEST_STEP][PASSED] - Statement - _price = DealerPrice: null

2018-10-02 15:05:31 - [TEST_STEP][PASSED] - Statement - If (!(_price.contains("."))): null

2018-10-02 15:05:31 - [TEST_STEP][PASSED] - Statement - assert RoundNumber.call(DealerPrice) == _price: null

2018-10-02 15:05:31 - [TEST_STEP][PASSED] - Statement - assert ServiceType == ServiceType: null

2018-10-02 15:05:31 - [TEST_STEP][PASSED] - Statement - assert ServiceCode == null: null

2018-10-02 15:05:31 - [TEST_STEP][PASSED] - Statement - assert EMFlag == "false": null

2018-10-02 15:05:31 - [TEST_STEP][PASSED] - Statement - assert EMDuration == "0.0": null

2018-10-02 15:05:31 - [TEST_STEP][PASSED] - Statement - assert POAFlag == "false": null

2018-10-02 15:05:31 - [TEST_STEP][PASSED] - Statement - assert Price == "0.0": null

2018-10-02 15:05:31 - [TEST_STEP][PASSED] - Statement - count_CSV += 1: null

2018-10-02 15:05:31 - [TEST_STEP][PASSED] - Statement - assert Name == Name: null

2018-10-02 15:05:31 - [TEST_STEP][PASSED] - Statement - assert DMSOperationalCode == DMSOperationalCode: null

2018-10-02 15:05:31 - [TEST_STEP][PASSED] - Statement - _duration = Duration: null

2018-10-02 15:05:31 - [TEST_STEP][PASSED] - Statement - If (!(_duration.contains("."))): null

2018-10-02 15:05:31 - [TEST_STEP][PASSED] - Statement - assert RoundNumber.call(Duration) == _duration: null

2018-10-02 15:05:31 - [TEST_STEP][PASSED] - Statement - _price = DealerPrice: null

2018-10-02 15:05:31 - [TEST_STEP][PASSED] - Statement - If (!(_price.contains("."))): null

2018-10-02 15:05:31 - [TEST_STEP][PASSED] - Statement - assert RoundNumber.call(DealerPrice) == _price: null

2018-10-02 15:05:31 - [TEST_STEP][PASSED] - Statement - assert ServiceType == ServiceType: null

2018-10-02 15:05:31 - [TEST_STEP][PASSED] - Statement - assert ServiceCode == null: null

2018-10-02 15:05:31 - [TEST_STEP][PASSED] - Statement - assert EMFlag == "false": null

2018-10-02 15:05:31 - [TEST_STEP][PASSED] - Statement - assert EMDuration == "0.0": null

2018-10-02 15:05:31 - [TEST_STEP][PASSED] - Statement - assert POAFlag == "false": null

2018-10-02 15:05:31 - [TEST_STEP][PASSED] - Statement - assert Price == "0.0": null

2018-10-02 15:05:31 - [TEST_STEP][PASSED] - Statement - count_CSV += 1: null

2018-10-02 15:05:31 - [TEST_STEP][PASSED] - Statement - assert Name == Name: null

2018-10-02 15:05:31 - [TEST_STEP][PASSED] - Statement - assert DMSOperationalCode == DMSOperationalCode: null

2018-10-02 15:05:31 - [TEST_STEP][PASSED] - Statement - _duration = Duration: null

2018-10-02 15:05:31 - [TEST_STEP][PASSED] - Statement - If (!(_duration.contains("."))): null

2018-10-02 15:05:31 - [TEST_STEP][PASSED] - Statement - assert RoundNumber.call(Duration) == _duration: null

2018-10-02 15:05:31 - [TEST_STEP][PASSED] - Statement - _price = DealerPrice: null

2018-10-02 15:05:31 - [TEST_STEP][PASSED] - Statement - If (!(_price.contains("."))): null

2018-10-02 15:05:31 - [TEST_STEP][PASSED] - Statement - assert RoundNumber.call(DealerPrice) == _price: null

2018-10-02 15:05:31 - [TEST_STEP][PASSED] - Statement - assert ServiceType == ServiceType: null

2018-10-02 15:05:31 - [TEST_STEP][PASSED] - Statement - assert ServiceCode == null: null

2018-10-02 15:05:31 - [TEST_STEP][PASSED] - Statement - assert EMFlag == "false": null

2018-10-02 15:05:31 - [TEST_STEP][PASSED] - Statement - assert EMDuration == "0.0": null

2018-10-02 15:05:31 - [TEST_STEP][PASSED] - Statement - assert POAFlag == "false": null

2018-10-02 15:05:31 - [TEST_STEP][PASSED] - Statement - assert Price == "0.0": null

2018-10-02 15:05:31 - [TEST_STEP][PASSED] - Statement - count_CSV += 1: null

2018-10-02 15:05:31 - [TEST_STEP][PASSED] - Statement - assert Name == Name: null

2018-10-02 15:05:31 - [TEST_STEP][PASSED] - Statement - assert DMSOperationalCode == DMSOperationalCode: null

2018-10-02 15:05:31 - [TEST_STEP][PASSED] - Statement - _duration = Duration: null

2018-10-02 15:05:31 - [TEST_STEP][PASSED] - Statement - If (!(_duration.contains("."))): null

2018-10-02 15:05:31 - [TEST_STEP][PASSED] - Statement - assert RoundNumber.call(Duration) == _duration: null

2018-10-02 15:05:31 - [TEST_STEP][PASSED] - Statement - _price = DealerPrice: null

2018-10-02 15:05:31 - [TEST_STEP][PASSED] - Statement - If (!(_price.contains("."))): null

2018-10-02 15:05:31 - [TEST_STEP][PASSED] - Statement - assert RoundNumber.call(DealerPrice) == _price: null

2018-10-02 15:05:31 - [TEST_STEP][PASSED] - Statement - assert ServiceType == ServiceType: null

2018-10-02 15:05:31 - [TEST_STEP][PASSED] - Statement - assert ServiceCode == null: null

2018-10-02 15:05:31 - [TEST_STEP][PASSED] - Statement - assert EMFlag == "false": null

2018-10-02 15:05:31 - [TEST_STEP][PASSED] - Statement - assert EMDuration == "0.0": null

2018-10-02 15:05:31 - [TEST_STEP][PASSED] - Statement - assert POAFlag == "false": null

2018-10-02 15:05:31 - [TEST_STEP][PASSED] - Statement - assert Price == "0.0": null

2018-10-02 15:05:31 - [TEST_STEP][PASSED] - Statement - count_CSV += 1: null

2018-10-02 15:05:31 - [TEST_STEP][PASSED] - Statement - assert Name == Name: null

2018-10-02 15:05:31 - [TEST_STEP][PASSED] - Statement - assert DMSOperationalCode == DMSOperationalCode: null

2018-10-02 15:05:31 - [TEST_STEP][PASSED] - Statement - _duration = Duration: null

2018-10-02 15:05:31 - [TEST_STEP][PASSED] - Statement - If (!(_duration.contains("."))): null

2018-10-02 15:05:31 - [TEST_STEP][PASSED] - Statement - assert RoundNumber.call(Duration) == _duration: null

2018-10-02 15:05:31 - [TEST_STEP][PASSED] - Statement - _price = DealerPrice: null

2018-10-02 15:05:31 - [TEST_STEP][PASSED] - Statement - If (!(_price.contains("."))): null

2018-10-02 15:05:31 - [TEST_STEP][PASSED] - Statement - assert RoundNumber.call(DealerPrice) == _price: null

2018-10-02 15:05:31 - [TEST_STEP][PASSED] - Statement - assert ServiceType == ServiceType: null

2018-10-02 15:05:31 - [TEST_STEP][PASSED] - Statement - assert ServiceCode == null: null

2018-10-02 15:05:31 - [TEST_STEP][PASSED] - Statement - assert EMFlag == "false": null

2018-10-02 15:05:31 - [TEST_STEP][PASSED] - Statement - assert EMDuration == "0.0": null

2018-10-02 15:05:31 - [TEST_STEP][PASSED] - Statement - assert POAFlag == "false": null

2018-10-02 15:05:31 - [TEST_STEP][PASSED] - Statement - assert Price == "0.0": null

2018-10-02 15:05:31 - [TEST_STEP][PASSED] - Statement - count_CSV += 1: null

2018-10-02 15:05:31 - [TEST_STEP][PASSED] - Statement - assert Name == Name: null

2018-10-02 15:05:31 - [TEST_STEP][PASSED] - Statement - assert DMSOperationalCode == DMSOperationalCode: null

2018-10-02 15:05:31 - [TEST_STEP][PASSED] - Statement - _duration = Duration: null

2018-10-02 15:05:31 - [TEST_STEP][PASSED] - Statement - If (!(_duration.contains("."))): null

2018-10-02 15:05:31 - [TEST_STEP][PASSED] - Statement - assert RoundNumber.call(Duration) == _duration: null

2018-10-02 15:05:31 - [TEST_STEP][PASSED] - Statement - _price = DealerPrice: null

2018-10-02 15:05:31 - [TEST_STEP][PASSED] - Statement - If (!(_price.contains("."))): null

2018-10-02 15:05:31 - [TEST_STEP][PASSED] - Statement - assert RoundNumber.call(DealerPrice) == _price: null

2018-10-02 15:05:31 - [TEST_STEP][PASSED] - Statement - assert ServiceType == ServiceType: null

2018-10-02 15:05:31 - [TEST_STEP][PASSED] - Statement - assert ServiceCode == null: null

2018-10-02 15:05:31 - [TEST_STEP][PASSED] - Statement - assert EMFlag == "false": null

2018-10-02 15:05:31 - [TEST_STEP][PASSED] - Statement - assert EMDuration == "0.0": null

2018-10-02 15:05:31 - [TEST_STEP][PASSED] - Statement - assert POAFlag == "false": null

2018-10-02 15:05:31 - [TEST_STEP][PASSED] - Statement - assert Price == "0.0": null

2018-10-02 15:05:31 - [TEST_STEP][PASSED] - Statement - count_CSV += 1: null

2018-10-02 15:05:31 - [TEST_STEP][PASSED] - Statement - assert Name == Name: null

2018-10-02 15:05:31 - [TEST_STEP][PASSED] - Statement - assert DMSOperationalCode == DMSOperationalCode: null

2018-10-02 15:05:31 - [TEST_STEP][PASSED] - Statement - _duration = Duration: null

2018-10-02 15:05:31 - [TEST_STEP][PASSED] - Statement - If (!(_duration.contains("."))): null

2018-10-02 15:05:31 - [TEST_STEP][PASSED] - Statement - assert RoundNumber.call(Duration) == _duration: null

2018-10-02 15:05:31 - [TEST_STEP][PASSED] - Statement - _price = DealerPrice: null

2018-10-02 15:05:31 - [TEST_STEP][PASSED] - Statement - If (!(_price.contains("."))): null

2018-10-02 15:05:31 - [TEST_STEP][PASSED] - Statement - assert RoundNumber.call(DealerPrice) == _price: null

2018-10-02 15:05:31 - [TEST_STEP][PASSED] - Statement - assert ServiceType == ServiceType: null

2018-10-02 15:05:31 - [TEST_STEP][PASSED] - Statement - assert ServiceCode == null: null

2018-10-02 15:05:31 - [TEST_STEP][PASSED] - Statement - assert EMFlag == "false": null

2018-10-02 15:05:31 - [TEST_STEP][PASSED] - Statement - assert EMDuration == "0.0": null

2018-10-02 15:05:31 - [TEST_STEP][PASSED] - Statement - assert POAFlag == "false": null

2018-10-02 15:05:31 - [TEST_STEP][PASSED] - Statement - assert Price == "0.0": null

2018-10-02 15:05:31 - [TEST_STEP][PASSED] - Statement - count_CSV += 1: null

2018-10-02 15:05:31 - [TEST_STEP][PASSED] - Statement - assert Name == Name: null

2018-10-02 15:05:31 - [TEST_STEP][PASSED] - Statement - assert DMSOperationalCode == DMSOperationalCode: null

2018-10-02 15:05:31 - [TEST_STEP][PASSED] - Statement - _duration = Duration: null

2018-10-02 15:05:31 - [TEST_STEP][PASSED] - Statement - If (!(_duration.contains("."))): null

2018-10-02 15:05:31 - [TEST_STEP][PASSED] - Statement - assert RoundNumber.call(Duration) == _duration: null

2018-10-02 15:05:31 - [TEST_STEP][PASSED] - Statement - _price = DealerPrice: null

2018-10-02 15:05:31 - [TEST_STEP][PASSED] - Statement - If (!(_price.contains("."))): null

2018-10-02 15:05:31 - [TEST_STEP][PASSED] - Statement - assert RoundNumber.call(DealerPrice) == _price: null

2018-10-02 15:05:31 - [TEST_STEP][PASSED] - Statement - assert ServiceType == ServiceType: null

2018-10-02 15:05:31 - [TEST_STEP][PASSED] - Statement - assert ServiceCode == null: null

2018-10-02 15:05:31 - [TEST_STEP][PASSED] - Statement - assert EMFlag == "false": null

2018-10-02 15:05:31 - [TEST_STEP][PASSED] - Statement - assert EMDuration == "0.0": null

2018-10-02 15:05:31 - [TEST_STEP][PASSED] - Statement - assert POAFlag == "false": null

2018-10-02 15:05:31 - [TEST_STEP][PASSED] - Statement - assert Price == "0.0": null

2018-10-02 15:05:31 - [TEST_STEP][PASSED] - Statement - count_CSV += 1: null

2018-10-02 15:05:31 - [TEST_STEP][PASSED] - Statement - assert Name == Name: null

2018-10-02 15:05:31 - [TEST_STEP][PASSED] - Statement - assert DMSOperationalCode == DMSOperationalCode: null

2018-10-02 15:05:31 - [TEST_STEP][PASSED] - Statement - _duration = Duration: null

2018-10-02 15:05:31 - [TEST_STEP][PASSED] - Statement - If (!(_duration.contains("."))): null

2018-10-02 15:05:31 - [TEST_STEP][PASSED] - Statement - assert RoundNumber.call(Duration) == _duration: null

2018-10-02 15:05:31 - [TEST_STEP][PASSED] - Statement - _price = DealerPrice: null

2018-10-02 15:05:31 - [TEST_STEP][PASSED] - Statement - If (!(_price.contains("."))): null

2018-10-02 15:05:31 - [TEST_STEP][PASSED] - Statement - assert RoundNumber.call(DealerPrice) == _price: null

2018-10-02 15:05:31 - [TEST_STEP][PASSED] - Statement - assert ServiceType == ServiceType: null

2018-10-02 15:05:31 - [TEST_STEP][PASSED] - Statement - assert ServiceCode == null: null

2018-10-02 15:05:31 - [TEST_STEP][PASSED] - Statement - assert EMFlag == "false": null

2018-10-02 15:05:31 - [TEST_STEP][PASSED] - Statement - assert EMDuration == "0.0": null

2018-10-02 15:05:31 - [TEST_STEP][PASSED] - Statement - assert POAFlag == "false": null

2018-10-02 15:05:31 - [TEST_STEP][PASSED] - Statement - assert Price == "0.0": null

2018-10-02 15:05:31 - [TEST_STEP][PASSED] - Statement - count_CSV += 1: null

2018-10-02 15:05:31 - [TEST_STEP][PASSED] - Statement - assert Name == Name: null

2018-10-02 15:05:31 - [TEST_STEP][PASSED] - Statement - assert DMSOperationalCode == DMSOperationalCode: null

2018-10-02 15:05:31 - [TEST_STEP][PASSED] - Statement - _duration = Duration: null

2018-10-02 15:05:31 - [TEST_STEP][PASSED] - Statement - If (!(_duration.contains("."))): null

2018-10-02 15:05:31 - [TEST_STEP][PASSED] - Statement - assert RoundNumber.call(Duration) == _duration: null

2018-10-02 15:05:31 - [TEST_STEP][PASSED] - Statement - _price = DealerPrice: null

2018-10-02 15:05:31 - [TEST_STEP][PASSED] - Statement - If (!(_price.contains("."))): null

2018-10-02 15:05:31 - [TEST_STEP][PASSED] - Statement - assert RoundNumber.call(DealerPrice) == _price: null

2018-10-02 15:05:31 - [TEST_STEP][PASSED] - Statement - assert ServiceType == ServiceType: null

2018-10-02 15:05:31 - [TEST_STEP][PASSED] - Statement - assert ServiceCode == null: null

2018-10-02 15:05:31 - [TEST_STEP][PASSED] - Statement - assert EMFlag == "false": null

2018-10-02 15:05:31 - [TEST_STEP][PASSED] - Statement - assert EMDuration == "0.0": null

2018-10-02 15:05:31 - [TEST_STEP][PASSED] - Statement - assert POAFlag == "false": null

2018-10-02 15:05:31 - [TEST_STEP][PASSED] - Statement - assert Price == "0.0": null

2018-10-02 15:05:31 - [TEST_STEP][PASSED] - Statement - count_CSV += 1: null

2018-10-02 15:05:31 - [TEST_STEP][PASSED] - Statement - assert Name == Name: null

2018-10-02 15:05:31 - [TEST_STEP][PASSED] - Statement - assert DMSOperationalCode == DMSOperationalCode: null

2018-10-02 15:05:31 - [TEST_STEP][PASSED] - Statement - _duration = Duration: null

2018-10-02 15:05:31 - [TEST_STEP][PASSED] - Statement - If (!(_duration.contains("."))): null

2018-10-02 15:05:31 - [TEST_STEP][PASSED] - Statement - assert RoundNumber.call(Duration) == _duration: null

2018-10-02 15:05:31 - [TEST_STEP][PASSED] - Statement - _price = DealerPrice: null

2018-10-02 15:05:31 - [TEST_STEP][PASSED] - Statement - If (!(_price.contains("."))): null

2018-10-02 15:05:31 - [TEST_STEP][PASSED] - Statement - assert RoundNumber.call(DealerPrice) == _price: null

2018-10-02 15:05:31 - [TEST_STEP][PASSED] - Statement - assert ServiceType == ServiceType: null

2018-10-02 15:05:31 - [TEST_STEP][PASSED] - Statement - assert ServiceCode == null: null

2018-10-02 15:05:31 - [TEST_STEP][PASSED] - Statement - assert EMFlag == "false": null

2018-10-02 15:05:31 - [TEST_STEP][PASSED] - Statement - assert EMDuration == "0.0": null

2018-10-02 15:05:31 - [TEST_STEP][PASSED] - Statement - assert POAFlag == "false": null

2018-10-02 15:05:31 - [TEST_STEP][PASSED] - Statement - assert Price == "0.0": null

2018-10-02 15:05:31 - [TEST_STEP][PASSED] - Statement - count_CSV += 1: null

2018-10-02 15:05:31 - [TEST_STEP][PASSED] - Statement - assert Name == Name: null

2018-10-02 15:05:31 - [TEST_STEP][PASSED] - Statement - assert DMSOperationalCode == DMSOperationalCode: null

2018-10-02 15:05:31 - [TEST_STEP][PASSED] - Statement - _duration = Duration: null

2018-10-02 15:05:31 - [TEST_STEP][PASSED] - Statement - If (!(_duration.contains("."))): null

2018-10-02 15:05:31 - [TEST_STEP][PASSED] - Statement - assert RoundNumber.call(Duration) == _duration: null

2018-10-02 15:05:31 - [TEST_STEP][PASSED] - Statement - _price = DealerPrice: null

2018-10-02 15:05:31 - [TEST_STEP][PASSED] - Statement - If (!(_price.contains("."))): null

2018-10-02 15:05:31 - [TEST_STEP][PASSED] - Statement - assert RoundNumber.call(DealerPrice) == _price: null

2018-10-02 15:05:31 - [TEST_STEP][PASSED] - Statement - assert ServiceType == ServiceType: null

2018-10-02 15:05:31 - [TEST_STEP][PASSED] - Statement - assert ServiceCode == null: null

2018-10-02 15:05:31 - [TEST_STEP][PASSED] - Statement - assert EMFlag == "false": null

2018-10-02 15:05:31 - [TEST_STEP][PASSED] - Statement - assert EMDuration == "0.0": null

2018-10-02 15:05:31 - [TEST_STEP][PASSED] - Statement - assert POAFlag == "false": null

2018-10-02 15:05:31 - [TEST_STEP][PASSED] - Statement - assert Price == "0.0": null

2018-10-02 15:05:31 - [TEST_STEP][PASSED] - Statement - count_CSV += 1: null

2018-10-02 15:05:31 - [TEST_STEP][PASSED] - Statement - assert Name == Name: null

2018-10-02 15:05:31 - [TEST_STEP][PASSED] - Statement - assert DMSOperationalCode == DMSOperationalCode: null

2018-10-02 15:05:31 - [TEST_STEP][PASSED] - Statement - _duration = Duration: null

2018-10-02 15:05:31 - [TEST_STEP][PASSED] - Statement - If (!(_duration.contains("."))): null

2018-10-02 15:05:31 - [TEST_STEP][PASSED] - Statement - assert RoundNumber.call(Duration) == _duration: null

2018-10-02 15:05:31 - [TEST_STEP][PASSED] - Statement - _price = DealerPrice: null

2018-10-02 15:05:31 - [TEST_STEP][PASSED] - Statement - If (!(_price.contains("."))): null

2018-10-02 15:05:31 - [TEST_STEP][PASSED] - Statement - assert RoundNumber.call(DealerPrice) == _price: null

2018-10-02 15:05:31 - [TEST_STEP][PASSED] - Statement - assert ServiceType == ServiceType: null

2018-10-02 15:05:31 - [TEST_STEP][PASSED] - Statement - assert ServiceCode == null: null

2018-10-02 15:05:31 - [TEST_STEP][PASSED] - Statement - assert EMFlag == "false": null

2018-10-02 15:05:31 - [TEST_STEP][PASSED] - Statement - assert EMDuration == "0.0": null

2018-10-02 15:05:31 - [TEST_STEP][PASSED] - Statement - assert POAFlag == "false": null

2018-10-02 15:05:31 - [TEST_STEP][PASSED] - Statement - assert Price == "0.0": null

2018-10-02 15:05:31 - [TEST_STEP][PASSED] - Statement - count_CSV += 1: null

2018-10-02 15:05:31 - [TEST_STEP][PASSED] - Statement - assert Name == Name: null

2018-10-02 15:05:31 - [TEST_STEP][PASSED] - Statement - assert DMSOperationalCode == DMSOperationalCode: null

2018-10-02 15:05:31 - [TEST_STEP][PASSED] - Statement - _duration = Duration: null

2018-10-02 15:05:31 - [TEST_STEP][PASSED] - Statement - If (!(_duration.contains("."))): null

2018-10-02 15:05:31 - [TEST_STEP][PASSED] - Statement - assert RoundNumber.call(Duration) == _duration: null

2018-10-02 15:05:31 - [TEST_STEP][PASSED] - Statement - _price = DealerPrice: null

2018-10-02 15:05:31 - [TEST_STEP][PASSED] - Statement - If (!(_price.contains("."))): null

2018-10-02 15:05:31 - [TEST_STEP][PASSED] - Statement - assert RoundNumber.call(DealerPrice) == _price: null

2018-10-02 15:05:31 - [TEST_STEP][PASSED] - Statement - assert ServiceType == ServiceType: null

2018-10-02 15:05:31 - [TEST_STEP][PASSED] - Statement - assert ServiceCode == null: null

2018-10-02 15:05:31 - [TEST_STEP][PASSED] - Statement - assert EMFlag == "false": null

2018-10-02 15:05:31 - [TEST_STEP][PASSED] - Statement - assert EMDuration == "0.0": null

2018-10-02 15:05:31 - [TEST_STEP][PASSED] - Statement - assert POAFlag == "false": null

2018-10-02 15:05:31 - [TEST_STEP][PASSED] - Statement - assert Price == "0.0": null

2018-10-02 15:05:31 - [TEST_STEP][PASSED] - Statement - count_CSV += 1: null

2018-10-02 15:05:31 - [TEST_STEP][PASSED] - Statement - assert OpCodeJSON == count_CSV: null

2018-10-02 15:05:31 - [MESSAGE][PASSED] - Call Test Case 'Test Cases/TOYOTA/Library_TestCase/Toyota_GetServiceOperation_JSON - V2' successfully

2018-10-02 15:05:31 - [TEST_STEP][PASSED] - Statement - If (var_Status_GetOffTime == "true"): null

2018-10-02 15:05:31 - [TEST_STEP][PASSED] - Statement - If (var_Status_PickupTime == "true"): null

2018-10-02 15:05:31 - [TEST_STEP][PASSED] - Statement - If (var_Status_ReservedTimeslot == "true"): null

2018-10-02 15:05:31 - [TEST_STEP][PASSED] - Statement - If (var_Status_GetTransport == "true"): null

2018-10-02 15:05:31 - [TEST_STEP][PASSED] - Statement - If (var_Status_MakeBooking == "true"): null

2018-10-02 15:05:31 - [TEST_STEP][PASSED] - Statement - If (var_Status_SearchBooking == "true"): null

2018-10-02 15:05:31 - [TEST_STEP][PASSED] - Statement - If (var_Status_GetBookingDetail == "true"): null

2018-10-02 15:05:31 - [TEST_STEP][PASSED] - Statement - If (var_Status_ChangeBooking == "true"): null

2018-10-02 15:05:31 - [TEST_STEP][PASSED] - Statement - If (var_Status_CancelBooking == "true"): null]]></system-out>
         <system-err><![CDATA[]]></system-err>
      </testcase>
      <testcase name="Test Cases/TOYOTA/Main_Toyota_TestCase - AllSprints" classname="Test Cases/TOYOTA/Main_Toyota_TestCase - AllSprints" status="PASSED">
         <system-out><![CDATA[2018-10-02 15:05:31 - [TEST_CASE][PASSED] - Test Cases/TOYOTA/Main_Toyota_TestCase - AllSprints: Test Cases/TOYOTA/Main_Toyota_TestCase - AllSprints

2018-10-02 15:05:31 - [TEST_STEP][PASSED] - callTestCase: Call Test Case 'Test Cases/TOYOTA/Library_TestCase/Setup_Method_And_Variables - V1' successfully

2018-10-02 15:05:32 - [TEST_CASE][PASSED] - Test Cases/TOYOTA/Library_TestCase/Setup_Method_And_Variables - V1: Test Cases/TOYOTA/Library_TestCase/Setup_Method_And_Variables - V1

2018-10-02 15:05:32 - [TEST_STEP][PASSED] - Statement - If (!(Setup_Interval == "")): null

2018-10-02 15:05:32 - [TEST_STEP][PASSED] - Statement - If (!(Setup_WorkshopStart == "")): null

2018-10-02 15:05:32 - [TEST_STEP][PASSED] - Statement - If (!(Setup_WorkshopEnd == "")): null

2018-10-02 15:05:32 - [TEST_STEP][PASSED] - Statement - If (!(Setup_Dealer_Code == "")): null

2018-10-02 15:05:32 - [TEST_STEP][PASSED] - Statement - If (!(Setup_Location_Code == "")): null

2018-10-02 15:05:32 - [TEST_STEP][PASSED] - Statement - If (!(Setup_VIN == "")): null

2018-10-02 15:05:32 - [TEST_STEP][PASSED] - Statement - If (!(Setup_REGNumber == "")): null

2018-10-02 15:05:32 - [TEST_STEP][PASSED] - Statement - If (!(Setup_FirstName == "")): null

2018-10-02 15:05:32 - [TEST_STEP][PASSED] - Statement - If (!(Setup_LastName == "")): null

2018-10-02 15:05:32 - [TEST_STEP][PASSED] - Statement - If (!(Setup_TotalPrice == "")): null

2018-10-02 15:05:32 - [TEST_STEP][PASSED] - Statement - If (!(Setup_TotalDuration == "")): null

2018-10-02 15:05:32 - [TEST_STEP][PASSED] - Statement - If (!(Setup_StartDropDate == "")): null

2018-10-02 15:05:32 - [TEST_STEP][PASSED] - Statement - If (!(Setup_EndDropDate == "")): null

2018-10-02 15:05:32 - [TEST_STEP][PASSED] - Statement - If (!(Setup_StartSearchDate == "")): null

2018-10-02 15:05:32 - [TEST_STEP][PASSED] - Statement - If (!(Setup_EndSearchDate == "")): null

2018-10-02 15:05:32 - [TEST_STEP][PASSED] - Statement - If (!(Setup_Duration == "")): null

2018-10-02 15:05:32 - [TEST_STEP][PASSED] - Statement - If (!(Setup_ServiceDate == "")): null

2018-10-02 15:05:32 - [TEST_STEP][PASSED] - Statement - If (!(Setup_StartDropDate == "")): null

2018-10-02 15:05:32 - [TEST_STEP][PASSED] - Statement - If (!(Setup_EndDropDate == "")): null

2018-10-02 15:05:32 - [TEST_STEP][PASSED] - Statement - If (!(Setup_StartSearchDate == "")): null

2018-10-02 15:05:32 - [TEST_STEP][PASSED] - Statement - If (!(Setup_EndSearchDate == "")): null

2018-10-02 15:05:32 - [TEST_STEP][PASSED] - Statement - If (!(Setup_BookingId == "")): null

2018-10-02 15:05:32 - [TEST_STEP][PASSED] - Statement - If (!(Setup_ServiceType == "")): null

2018-10-02 15:05:32 - [TEST_STEP][PASSED] - Statement - SetDate = { java.util.Date current_time, int number_month, int number_day, int number_hour, java.lang.String format_date -> ... }: null

2018-10-02 15:05:32 - [TEST_STEP][PASSED] - Statement - RandomNumber = { int number -> ... }: null

2018-10-02 15:05:32 - [TEST_STEP][PASSED] - Statement - today = new java.util.Date(): null

2018-10-02 15:05:32 - [TEST_STEP][PASSED] - Statement - current_date = today.format("YYYY-MM-dd"): null

2018-10-02 15:05:32 - [TEST_STEP][PASSED] - Statement - Glb_Current_Date = current_date: null

2018-10-02 15:05:32 - [TEST_STEP][PASSED] - Statement - Glb_Current_Hour = SetDate.call(today, 0, 0, 3, "HH:mm"): null

2018-10-02 15:05:32 - [TEST_STEP][PASSED] - Statement - If (Glb_ServiceDate.toString().toLowerCase() == "cr"): null

2018-10-02 15:05:32 - [TEST_STEP][PASSED] - Statement - If (Glb_StartDate.toString().toLowerCase() == "cr"): null

2018-10-02 15:05:32 - [TEST_STEP][PASSED] - Statement - If (Glb_EndDate.toString().toLowerCase() == "cr"): null

2018-10-02 15:05:32 - [TEST_STEP][PASSED] - Statement - If (Glb_StartSearchDate.toString().toLowerCase() == "cr"): null

2018-10-02 15:05:32 - [TEST_STEP][PASSED] - Statement - If (Glb_EndSearchDate.toString().toLowerCase() == "cr"): null

2018-10-02 15:05:32 - [TEST_STEP][PASSED] - Statement - Glb_ContactId = "1901" + RandomNumber.call(999999): null

2018-10-02 15:05:32 - [MESSAGE][PASSED] - Call Test Case 'Test Cases/TOYOTA/Library_TestCase/Setup_Method_And_Variables - V1' successfully

2018-10-02 15:05:32 - [TEST_STEP][PASSED] - Statement - If (var_Status_OpCode == "true"): Call Test Case 'Test Cases/TOYOTA/Library_TestCase/Toyota_GetServiceOperation_JSON - V2' successfully

2018-10-02 15:05:32 - [TEST_STEP][PASSED] - callTestCase: Call Test Case 'Test Cases/TOYOTA/Library_TestCase/Toyota_GetServiceOperation_JSON - V2' successfully

2018-10-02 15:05:32 - [TEST_CASE][PASSED] - Test Cases/TOYOTA/Library_TestCase/Toyota_GetServiceOperation_JSON - V2: Test Cases/TOYOTA/Library_TestCase/Toyota_GetServiceOperation_JSON - V2

2018-10-02 15:05:32 - [TEST_STEP][PASSED] - Statement - RoundNumber = { java.lang.Float floatnumber -> ... }: null

2018-10-02 15:05:32 - [TEST_STEP][PASSED] - Statement - ServiceType = Glb_ServiceType: null

2018-10-02 15:05:32 - [TEST_STEP][PASSED] - Statement - Filepath = <not implemented yet for class: org.codehaus.groovy.ast.expr.EmptyExpression>: null

2018-10-02 15:05:32 - [TEST_STEP][PASSED] - Statement - If (Glb_ServiceType == "OSB_SERVICE_TYPE_LOGBOOK"): null

2018-10-02 15:05:32 - [TEST_STEP][PASSED] - Statement - Else: null

2018-10-02 15:05:32 - [TEST_STEP][PASSED] - Statement - Filepath = "Data Files/Toyota/OperationCode_ADDITIONAL.csv": null

2018-10-02 15:05:32 - [TEST_STEP][PASSED] - Statement - GetServiceOperation = com.kms.katalon.core.testobject.ObjectRepository.findTestObject(Toyota/GetServiceOperations_JSON, [Dealer_Code:internal.GlobalVariable.Glb_Dealer_Code, Location_Code:internal.GlobalVariable.Glb_Location_Code, VIN:internal.GlobalVariable.Glb_VIN, ... ]): Finding Test Object with id 'Object Repository/Toyota/GetServiceOperations_JSON'

2018-10-02 15:05:32 - [TEST_STEP][PASSED] - Statement - GetServiceOperation.getHttpHeaderProperties().add(new com.kms.katalon.core.testobject.TestObjectProperty(Authorization, com.kms.katalon.core.testobject.ConditionType.EQUALS, (Basic  + internal.GlobalVariable.Glb_Authorization_Token))): null

2018-10-02 15:05:32 - [TEST_STEP][PASSED] - Statement - res_GetServiceOperation = com.kms.katalon.core.webservice.keyword.WSBuiltInKeywords.sendRequest(GetServiceOperation): Send request successfully

2018-10-02 15:05:38 - [MESSAGE][PASSED] - Send request successfully

2018-10-02 15:05:38 - [TEST_STEP][PASSED] - Statement - If (!(Glb_Dealer_Code == "765A")): null

2018-10-02 15:05:38 - [TEST_STEP][PASSED] - Statement - Else If (!(Glb_ServiceType == "OSB_SERVICE_TYPE_LOGBOOK" || Glb_ServiceType == "OSB_SERVICE_TYPE_ADDITIONAL")): null

2018-10-02 15:05:38 - [TEST_STEP][PASSED] - Statement - Else If (Glb_Location_Code == "2" || Glb_Location_Code == "3" || Glb_Location_Code == "5"): null

2018-10-02 15:05:38 - [TEST_STEP][PASSED] - Statement - Else If (!(Glb_Location_Code == "1" || Glb_Location_Code == "4" || Glb_Location_Code == "360")): null

2018-10-02 15:05:38 - [TEST_STEP][PASSED] - Statement - Else If (Glb_VIN.toString().toLowerCase() == "invalid"): null

2018-10-02 15:05:38 - [TEST_STEP][PASSED] - Statement - Else: null

2018-10-02 15:05:38 - [TEST_STEP][PASSED] - Statement - VerifyResponse(res_GetServiceOperation, 200, ""): null

2018-10-02 15:05:38 - [TEST_STEP][PASSED] - verifyResponseStatusCode: Verify response status code successfully

2018-10-02 15:05:38 - [MESSAGE][PASSED] - Verify response status code successfully

2018-10-02 15:05:38 - [TEST_STEP][PASSED] - Statement - res_Text = new groovy.json.JsonSlurper().parseText(response.getResponseText()): null

2018-10-02 15:05:38 - [TEST_STEP][PASSED] - Statement - If (!(ExpectedMessage == "")): null

2018-10-02 15:05:38 - [TEST_STEP][PASSED] - Statement - res_Text = new groovy.json.JsonSlurper().parseText(res_GetServiceOperation.getResponseText()): null

2018-10-02 15:05:38 - [TEST_STEP][PASSED] - Statement - OpCodeJSON = 0: null

2018-10-02 15:05:38 - [TEST_STEP][PASSED] - Statement - res_Text.each({ -> ... }): null

2018-10-02 15:05:38 - [TEST_STEP][PASSED] - Statement - count_CSV = 0: null

2018-10-02 15:05:38 - [TEST_STEP][PASSED] - Statement - CSVReader = new java.io.File(Filepath): null

2018-10-02 15:05:38 - [TEST_STEP][PASSED] - Statement - csv_content = CSVReader.getText("utf-8"): null

2018-10-02 15:05:38 - [TEST_STEP][PASSED] - Statement - CSVData = com.xlson.groovycsv.CsvParser.parseCsv([separator:,, readFirstLine:false], csv_content): null

2018-10-02 15:05:38 - [TEST_STEP][PASSED] - Statement - For (def line : CSVData): null

2018-10-02 15:05:38 - [TEST_STEP][PASSED] - Statement - assert Name == Name: null

2018-10-02 15:05:38 - [TEST_STEP][PASSED] - Statement - assert DMSOperationalCode == DMSOperationalCode: null

2018-10-02 15:05:38 - [TEST_STEP][PASSED] - Statement - _duration = Duration: null

2018-10-02 15:05:38 - [TEST_STEP][PASSED] - Statement - If (!(_duration.contains("."))): null

2018-10-02 15:05:38 - [TEST_STEP][PASSED] - Statement - assert RoundNumber.call(Duration) == _duration: null

2018-10-02 15:05:38 - [TEST_STEP][PASSED] - Statement - _price = DealerPrice: null

2018-10-02 15:05:38 - [TEST_STEP][PASSED] - Statement - If (!(_price.contains("."))): null

2018-10-02 15:05:38 - [TEST_STEP][PASSED] - Statement - assert RoundNumber.call(DealerPrice) == _price: null

2018-10-02 15:05:38 - [TEST_STEP][PASSED] - Statement - assert ServiceType == ServiceType: null

2018-10-02 15:05:38 - [TEST_STEP][PASSED] - Statement - assert ServiceCode == null: null

2018-10-02 15:05:38 - [TEST_STEP][PASSED] - Statement - assert EMFlag == "false": null

2018-10-02 15:05:38 - [TEST_STEP][PASSED] - Statement - assert EMDuration == "0.0": null

2018-10-02 15:05:38 - [TEST_STEP][PASSED] - Statement - assert POAFlag == "false": null

2018-10-02 15:05:38 - [TEST_STEP][PASSED] - Statement - assert Price == "0.0": null

2018-10-02 15:05:38 - [TEST_STEP][PASSED] - Statement - count_CSV += 1: null

2018-10-02 15:05:38 - [TEST_STEP][PASSED] - Statement - assert Name == Name: null

2018-10-02 15:05:38 - [TEST_STEP][PASSED] - Statement - assert DMSOperationalCode == DMSOperationalCode: null

2018-10-02 15:05:38 - [TEST_STEP][PASSED] - Statement - _duration = Duration: null

2018-10-02 15:05:38 - [TEST_STEP][PASSED] - Statement - If (!(_duration.contains("."))): null

2018-10-02 15:05:38 - [TEST_STEP][PASSED] - Statement - assert RoundNumber.call(Duration) == _duration: null

2018-10-02 15:05:38 - [TEST_STEP][PASSED] - Statement - _price = DealerPrice: null

2018-10-02 15:05:38 - [TEST_STEP][PASSED] - Statement - If (!(_price.contains("."))): null

2018-10-02 15:05:38 - [TEST_STEP][PASSED] - Statement - assert RoundNumber.call(DealerPrice) == _price: null

2018-10-02 15:05:38 - [TEST_STEP][PASSED] - Statement - assert ServiceType == ServiceType: null

2018-10-02 15:05:38 - [TEST_STEP][PASSED] - Statement - assert ServiceCode == null: null

2018-10-02 15:05:38 - [TEST_STEP][PASSED] - Statement - assert EMFlag == "false": null

2018-10-02 15:05:38 - [TEST_STEP][PASSED] - Statement - assert EMDuration == "0.0": null

2018-10-02 15:05:38 - [TEST_STEP][PASSED] - Statement - assert POAFlag == "false": null

2018-10-02 15:05:38 - [TEST_STEP][PASSED] - Statement - assert Price == "0.0": null

2018-10-02 15:05:38 - [TEST_STEP][PASSED] - Statement - count_CSV += 1: null

2018-10-02 15:05:38 - [TEST_STEP][PASSED] - Statement - assert Name == Name: null

2018-10-02 15:05:38 - [TEST_STEP][PASSED] - Statement - assert DMSOperationalCode == DMSOperationalCode: null

2018-10-02 15:05:38 - [TEST_STEP][PASSED] - Statement - _duration = Duration: null

2018-10-02 15:05:38 - [TEST_STEP][PASSED] - Statement - If (!(_duration.contains("."))): null

2018-10-02 15:05:38 - [TEST_STEP][PASSED] - Statement - assert RoundNumber.call(Duration) == _duration: null

2018-10-02 15:05:38 - [TEST_STEP][PASSED] - Statement - _price = DealerPrice: null

2018-10-02 15:05:38 - [TEST_STEP][PASSED] - Statement - If (!(_price.contains("."))): null

2018-10-02 15:05:38 - [TEST_STEP][PASSED] - Statement - assert RoundNumber.call(DealerPrice) == _price: null

2018-10-02 15:05:38 - [TEST_STEP][PASSED] - Statement - assert ServiceType == ServiceType: null

2018-10-02 15:05:38 - [TEST_STEP][PASSED] - Statement - assert ServiceCode == null: null

2018-10-02 15:05:38 - [TEST_STEP][PASSED] - Statement - assert EMFlag == "false": null

2018-10-02 15:05:38 - [TEST_STEP][PASSED] - Statement - assert EMDuration == "0.0": null

2018-10-02 15:05:38 - [TEST_STEP][PASSED] - Statement - assert POAFlag == "false": null

2018-10-02 15:05:38 - [TEST_STEP][PASSED] - Statement - assert Price == "0.0": null

2018-10-02 15:05:38 - [TEST_STEP][PASSED] - Statement - count_CSV += 1: null

2018-10-02 15:05:38 - [TEST_STEP][PASSED] - Statement - assert Name == Name: null

2018-10-02 15:05:38 - [TEST_STEP][PASSED] - Statement - assert DMSOperationalCode == DMSOperationalCode: null

2018-10-02 15:05:38 - [TEST_STEP][PASSED] - Statement - _duration = Duration: null

2018-10-02 15:05:38 - [TEST_STEP][PASSED] - Statement - If (!(_duration.contains("."))): null

2018-10-02 15:05:38 - [TEST_STEP][PASSED] - Statement - assert RoundNumber.call(Duration) == _duration: null

2018-10-02 15:05:38 - [TEST_STEP][PASSED] - Statement - _price = DealerPrice: null

2018-10-02 15:05:38 - [TEST_STEP][PASSED] - Statement - If (!(_price.contains("."))): null

2018-10-02 15:05:38 - [TEST_STEP][PASSED] - Statement - assert RoundNumber.call(DealerPrice) == _price: null

2018-10-02 15:05:38 - [TEST_STEP][PASSED] - Statement - assert ServiceType == ServiceType: null

2018-10-02 15:05:38 - [TEST_STEP][PASSED] - Statement - assert ServiceCode == null: null

2018-10-02 15:05:38 - [TEST_STEP][PASSED] - Statement - assert EMFlag == "false": null

2018-10-02 15:05:38 - [TEST_STEP][PASSED] - Statement - assert EMDuration == "0.0": null

2018-10-02 15:05:38 - [TEST_STEP][PASSED] - Statement - assert POAFlag == "false": null

2018-10-02 15:05:38 - [TEST_STEP][PASSED] - Statement - assert Price == "0.0": null

2018-10-02 15:05:38 - [TEST_STEP][PASSED] - Statement - count_CSV += 1: null

2018-10-02 15:05:38 - [TEST_STEP][PASSED] - Statement - assert Name == Name: null

2018-10-02 15:05:38 - [TEST_STEP][PASSED] - Statement - assert DMSOperationalCode == DMSOperationalCode: null

2018-10-02 15:05:38 - [TEST_STEP][PASSED] - Statement - _duration = Duration: null

2018-10-02 15:05:38 - [TEST_STEP][PASSED] - Statement - If (!(_duration.contains("."))): null

2018-10-02 15:05:38 - [TEST_STEP][PASSED] - Statement - assert RoundNumber.call(Duration) == _duration: null

2018-10-02 15:05:38 - [TEST_STEP][PASSED] - Statement - _price = DealerPrice: null

2018-10-02 15:05:38 - [TEST_STEP][PASSED] - Statement - If (!(_price.contains("."))): null

2018-10-02 15:05:38 - [TEST_STEP][PASSED] - Statement - assert RoundNumber.call(DealerPrice) == _price: null

2018-10-02 15:05:38 - [TEST_STEP][PASSED] - Statement - assert ServiceType == ServiceType: null

2018-10-02 15:05:38 - [TEST_STEP][PASSED] - Statement - assert ServiceCode == null: null

2018-10-02 15:05:38 - [TEST_STEP][PASSED] - Statement - assert EMFlag == "false": null

2018-10-02 15:05:38 - [TEST_STEP][PASSED] - Statement - assert EMDuration == "0.0": null

2018-10-02 15:05:38 - [TEST_STEP][PASSED] - Statement - assert POAFlag == "false": null

2018-10-02 15:05:38 - [TEST_STEP][PASSED] - Statement - assert Price == "0.0": null

2018-10-02 15:05:38 - [TEST_STEP][PASSED] - Statement - count_CSV += 1: null

2018-10-02 15:05:38 - [TEST_STEP][PASSED] - Statement - assert Name == Name: null

2018-10-02 15:05:38 - [TEST_STEP][PASSED] - Statement - assert DMSOperationalCode == DMSOperationalCode: null

2018-10-02 15:05:38 - [TEST_STEP][PASSED] - Statement - _duration = Duration: null

2018-10-02 15:05:38 - [TEST_STEP][PASSED] - Statement - If (!(_duration.contains("."))): null

2018-10-02 15:05:38 - [TEST_STEP][PASSED] - Statement - assert RoundNumber.call(Duration) == _duration: null

2018-10-02 15:05:38 - [TEST_STEP][PASSED] - Statement - _price = DealerPrice: null

2018-10-02 15:05:38 - [TEST_STEP][PASSED] - Statement - If (!(_price.contains("."))): null

2018-10-02 15:05:38 - [TEST_STEP][PASSED] - Statement - assert RoundNumber.call(DealerPrice) == _price: null

2018-10-02 15:05:38 - [TEST_STEP][PASSED] - Statement - assert ServiceType == ServiceType: null

2018-10-02 15:05:38 - [TEST_STEP][PASSED] - Statement - assert ServiceCode == null: null

2018-10-02 15:05:38 - [TEST_STEP][PASSED] - Statement - assert EMFlag == "false": null

2018-10-02 15:05:38 - [TEST_STEP][PASSED] - Statement - assert EMDuration == "0.0": null

2018-10-02 15:05:38 - [TEST_STEP][PASSED] - Statement - assert POAFlag == "false": null

2018-10-02 15:05:38 - [TEST_STEP][PASSED] - Statement - assert Price == "0.0": null

2018-10-02 15:05:38 - [TEST_STEP][PASSED] - Statement - count_CSV += 1: null

2018-10-02 15:05:38 - [TEST_STEP][PASSED] - Statement - assert Name == Name: null

2018-10-02 15:05:38 - [TEST_STEP][PASSED] - Statement - assert DMSOperationalCode == DMSOperationalCode: null

2018-10-02 15:05:38 - [TEST_STEP][PASSED] - Statement - _duration = Duration: null

2018-10-02 15:05:38 - [TEST_STEP][PASSED] - Statement - If (!(_duration.contains("."))): null

2018-10-02 15:05:38 - [TEST_STEP][PASSED] - Statement - assert RoundNumber.call(Duration) == _duration: null

2018-10-02 15:05:38 - [TEST_STEP][PASSED] - Statement - _price = DealerPrice: null

2018-10-02 15:05:38 - [TEST_STEP][PASSED] - Statement - If (!(_price.contains("."))): null

2018-10-02 15:05:38 - [TEST_STEP][PASSED] - Statement - assert RoundNumber.call(DealerPrice) == _price: null

2018-10-02 15:05:38 - [TEST_STEP][PASSED] - Statement - assert ServiceType == ServiceType: null

2018-10-02 15:05:38 - [TEST_STEP][PASSED] - Statement - assert ServiceCode == null: null

2018-10-02 15:05:38 - [TEST_STEP][PASSED] - Statement - assert EMFlag == "false": null

2018-10-02 15:05:38 - [TEST_STEP][PASSED] - Statement - assert EMDuration == "0.0": null

2018-10-02 15:05:38 - [TEST_STEP][PASSED] - Statement - assert POAFlag == "false": null

2018-10-02 15:05:38 - [TEST_STEP][PASSED] - Statement - assert Price == "0.0": null

2018-10-02 15:05:38 - [TEST_STEP][PASSED] - Statement - count_CSV += 1: null

2018-10-02 15:05:38 - [TEST_STEP][PASSED] - Statement - assert Name == Name: null

2018-10-02 15:05:38 - [TEST_STEP][PASSED] - Statement - assert DMSOperationalCode == DMSOperationalCode: null

2018-10-02 15:05:38 - [TEST_STEP][PASSED] - Statement - _duration = Duration: null

2018-10-02 15:05:38 - [TEST_STEP][PASSED] - Statement - If (!(_duration.contains("."))): null

2018-10-02 15:05:38 - [TEST_STEP][PASSED] - Statement - assert RoundNumber.call(Duration) == _duration: null

2018-10-02 15:05:38 - [TEST_STEP][PASSED] - Statement - _price = DealerPrice: null

2018-10-02 15:05:38 - [TEST_STEP][PASSED] - Statement - If (!(_price.contains("."))): null

2018-10-02 15:05:38 - [TEST_STEP][PASSED] - Statement - assert RoundNumber.call(DealerPrice) == _price: null

2018-10-02 15:05:38 - [TEST_STEP][PASSED] - Statement - assert ServiceType == ServiceType: null

2018-10-02 15:05:38 - [TEST_STEP][PASSED] - Statement - assert ServiceCode == null: null

2018-10-02 15:05:38 - [TEST_STEP][PASSED] - Statement - assert EMFlag == "false": null

2018-10-02 15:05:38 - [TEST_STEP][PASSED] - Statement - assert EMDuration == "0.0": null

2018-10-02 15:05:38 - [TEST_STEP][PASSED] - Statement - assert POAFlag == "false": null

2018-10-02 15:05:38 - [TEST_STEP][PASSED] - Statement - assert Price == "0.0": null

2018-10-02 15:05:38 - [TEST_STEP][PASSED] - Statement - count_CSV += 1: null

2018-10-02 15:05:38 - [TEST_STEP][PASSED] - Statement - assert Name == Name: null

2018-10-02 15:05:38 - [TEST_STEP][PASSED] - Statement - assert DMSOperationalCode == DMSOperationalCode: null

2018-10-02 15:05:38 - [TEST_STEP][PASSED] - Statement - _duration = Duration: null

2018-10-02 15:05:38 - [TEST_STEP][PASSED] - Statement - If (!(_duration.contains("."))): null

2018-10-02 15:05:38 - [TEST_STEP][PASSED] - Statement - assert RoundNumber.call(Duration) == _duration: null

2018-10-02 15:05:38 - [TEST_STEP][PASSED] - Statement - _price = DealerPrice: null

2018-10-02 15:05:38 - [TEST_STEP][PASSED] - Statement - If (!(_price.contains("."))): null

2018-10-02 15:05:38 - [TEST_STEP][PASSED] - Statement - assert RoundNumber.call(DealerPrice) == _price: null

2018-10-02 15:05:38 - [TEST_STEP][PASSED] - Statement - assert ServiceType == ServiceType: null

2018-10-02 15:05:38 - [TEST_STEP][PASSED] - Statement - assert ServiceCode == null: null

2018-10-02 15:05:38 - [TEST_STEP][PASSED] - Statement - assert EMFlag == "false": null

2018-10-02 15:05:38 - [TEST_STEP][PASSED] - Statement - assert EMDuration == "0.0": null

2018-10-02 15:05:38 - [TEST_STEP][PASSED] - Statement - assert POAFlag == "false": null

2018-10-02 15:05:38 - [TEST_STEP][PASSED] - Statement - assert Price == "0.0": null

2018-10-02 15:05:38 - [TEST_STEP][PASSED] - Statement - count_CSV += 1: null

2018-10-02 15:05:38 - [TEST_STEP][PASSED] - Statement - assert Name == Name: null

2018-10-02 15:05:38 - [TEST_STEP][PASSED] - Statement - assert DMSOperationalCode == DMSOperationalCode: null

2018-10-02 15:05:38 - [TEST_STEP][PASSED] - Statement - _duration = Duration: null

2018-10-02 15:05:38 - [TEST_STEP][PASSED] - Statement - If (!(_duration.contains("."))): null

2018-10-02 15:05:38 - [TEST_STEP][PASSED] - Statement - assert RoundNumber.call(Duration) == _duration: null

2018-10-02 15:05:38 - [TEST_STEP][PASSED] - Statement - _price = DealerPrice: null

2018-10-02 15:05:38 - [TEST_STEP][PASSED] - Statement - If (!(_price.contains("."))): null

2018-10-02 15:05:38 - [TEST_STEP][PASSED] - Statement - assert RoundNumber.call(DealerPrice) == _price: null

2018-10-02 15:05:38 - [TEST_STEP][PASSED] - Statement - assert ServiceType == ServiceType: null

2018-10-02 15:05:38 - [TEST_STEP][PASSED] - Statement - assert ServiceCode == null: null

2018-10-02 15:05:38 - [TEST_STEP][PASSED] - Statement - assert EMFlag == "false": null

2018-10-02 15:05:38 - [TEST_STEP][PASSED] - Statement - assert EMDuration == "0.0": null

2018-10-02 15:05:38 - [TEST_STEP][PASSED] - Statement - assert POAFlag == "false": null

2018-10-02 15:05:38 - [TEST_STEP][PASSED] - Statement - assert Price == "0.0": null

2018-10-02 15:05:38 - [TEST_STEP][PASSED] - Statement - count_CSV += 1: null

2018-10-02 15:05:38 - [TEST_STEP][PASSED] - Statement - assert Name == Name: null

2018-10-02 15:05:38 - [TEST_STEP][PASSED] - Statement - assert DMSOperationalCode == DMSOperationalCode: null

2018-10-02 15:05:38 - [TEST_STEP][PASSED] - Statement - _duration = Duration: null

2018-10-02 15:05:38 - [TEST_STEP][PASSED] - Statement - If (!(_duration.contains("."))): null

2018-10-02 15:05:38 - [TEST_STEP][PASSED] - Statement - assert RoundNumber.call(Duration) == _duration: null

2018-10-02 15:05:38 - [TEST_STEP][PASSED] - Statement - _price = DealerPrice: null

2018-10-02 15:05:38 - [TEST_STEP][PASSED] - Statement - If (!(_price.contains("."))): null

2018-10-02 15:05:38 - [TEST_STEP][PASSED] - Statement - assert RoundNumber.call(DealerPrice) == _price: null

2018-10-02 15:05:38 - [TEST_STEP][PASSED] - Statement - assert ServiceType == ServiceType: null

2018-10-02 15:05:38 - [TEST_STEP][PASSED] - Statement - assert ServiceCode == null: null

2018-10-02 15:05:38 - [TEST_STEP][PASSED] - Statement - assert EMFlag == "false": null

2018-10-02 15:05:38 - [TEST_STEP][PASSED] - Statement - assert EMDuration == "0.0": null

2018-10-02 15:05:38 - [TEST_STEP][PASSED] - Statement - assert POAFlag == "false": null

2018-10-02 15:05:38 - [TEST_STEP][PASSED] - Statement - assert Price == "0.0": null

2018-10-02 15:05:38 - [TEST_STEP][PASSED] - Statement - count_CSV += 1: null

2018-10-02 15:05:38 - [TEST_STEP][PASSED] - Statement - assert Name == Name: null

2018-10-02 15:05:38 - [TEST_STEP][PASSED] - Statement - assert DMSOperationalCode == DMSOperationalCode: null

2018-10-02 15:05:38 - [TEST_STEP][PASSED] - Statement - _duration = Duration: null

2018-10-02 15:05:38 - [TEST_STEP][PASSED] - Statement - If (!(_duration.contains("."))): null

2018-10-02 15:05:38 - [TEST_STEP][PASSED] - Statement - assert RoundNumber.call(Duration) == _duration: null

2018-10-02 15:05:38 - [TEST_STEP][PASSED] - Statement - _price = DealerPrice: null

2018-10-02 15:05:38 - [TEST_STEP][PASSED] - Statement - If (!(_price.contains("."))): null

2018-10-02 15:05:38 - [TEST_STEP][PASSED] - Statement - assert RoundNumber.call(DealerPrice) == _price: null

2018-10-02 15:05:38 - [TEST_STEP][PASSED] - Statement - assert ServiceType == ServiceType: null

2018-10-02 15:05:38 - [TEST_STEP][PASSED] - Statement - assert ServiceCode == null: null

2018-10-02 15:05:38 - [TEST_STEP][PASSED] - Statement - assert EMFlag == "false": null

2018-10-02 15:05:38 - [TEST_STEP][PASSED] - Statement - assert EMDuration == "0.0": null

2018-10-02 15:05:38 - [TEST_STEP][PASSED] - Statement - assert POAFlag == "false": null

2018-10-02 15:05:38 - [TEST_STEP][PASSED] - Statement - assert Price == "0.0": null

2018-10-02 15:05:38 - [TEST_STEP][PASSED] - Statement - count_CSV += 1: null

2018-10-02 15:05:38 - [TEST_STEP][PASSED] - Statement - assert Name == Name: null

2018-10-02 15:05:38 - [TEST_STEP][PASSED] - Statement - assert DMSOperationalCode == DMSOperationalCode: null

2018-10-02 15:05:38 - [TEST_STEP][PASSED] - Statement - _duration = Duration: null

2018-10-02 15:05:38 - [TEST_STEP][PASSED] - Statement - If (!(_duration.contains("."))): null

2018-10-02 15:05:38 - [TEST_STEP][PASSED] - Statement - assert RoundNumber.call(Duration) == _duration: null

2018-10-02 15:05:38 - [TEST_STEP][PASSED] - Statement - _price = DealerPrice: null

2018-10-02 15:05:38 - [TEST_STEP][PASSED] - Statement - If (!(_price.contains("."))): null

2018-10-02 15:05:38 - [TEST_STEP][PASSED] - Statement - assert RoundNumber.call(DealerPrice) == _price: null

2018-10-02 15:05:38 - [TEST_STEP][PASSED] - Statement - assert ServiceType == ServiceType: null

2018-10-02 15:05:38 - [TEST_STEP][PASSED] - Statement - assert ServiceCode == null: null

2018-10-02 15:05:38 - [TEST_STEP][PASSED] - Statement - assert EMFlag == "false": null

2018-10-02 15:05:38 - [TEST_STEP][PASSED] - Statement - assert EMDuration == "0.0": null

2018-10-02 15:05:38 - [TEST_STEP][PASSED] - Statement - assert POAFlag == "false": null

2018-10-02 15:05:38 - [TEST_STEP][PASSED] - Statement - assert Price == "0.0": null

2018-10-02 15:05:38 - [TEST_STEP][PASSED] - Statement - count_CSV += 1: null

2018-10-02 15:05:38 - [TEST_STEP][PASSED] - Statement - assert Name == Name: null

2018-10-02 15:05:38 - [TEST_STEP][PASSED] - Statement - assert DMSOperationalCode == DMSOperationalCode: null

2018-10-02 15:05:38 - [TEST_STEP][PASSED] - Statement - _duration = Duration: null

2018-10-02 15:05:38 - [TEST_STEP][PASSED] - Statement - If (!(_duration.contains("."))): null

2018-10-02 15:05:38 - [TEST_STEP][PASSED] - Statement - assert RoundNumber.call(Duration) == _duration: null

2018-10-02 15:05:38 - [TEST_STEP][PASSED] - Statement - _price = DealerPrice: null

2018-10-02 15:05:38 - [TEST_STEP][PASSED] - Statement - If (!(_price.contains("."))): null

2018-10-02 15:05:38 - [TEST_STEP][PASSED] - Statement - assert RoundNumber.call(DealerPrice) == _price: null

2018-10-02 15:05:38 - [TEST_STEP][PASSED] - Statement - assert ServiceType == ServiceType: null

2018-10-02 15:05:38 - [TEST_STEP][PASSED] - Statement - assert ServiceCode == null: null

2018-10-02 15:05:38 - [TEST_STEP][PASSED] - Statement - assert EMFlag == "false": null

2018-10-02 15:05:38 - [TEST_STEP][PASSED] - Statement - assert EMDuration == "0.0": null

2018-10-02 15:05:38 - [TEST_STEP][PASSED] - Statement - assert POAFlag == "false": null

2018-10-02 15:05:38 - [TEST_STEP][PASSED] - Statement - assert Price == "0.0": null

2018-10-02 15:05:38 - [TEST_STEP][PASSED] - Statement - count_CSV += 1: null

2018-10-02 15:05:38 - [TEST_STEP][PASSED] - Statement - assert Name == Name: null

2018-10-02 15:05:38 - [TEST_STEP][PASSED] - Statement - assert DMSOperationalCode == DMSOperationalCode: null

2018-10-02 15:05:38 - [TEST_STEP][PASSED] - Statement - _duration = Duration: null

2018-10-02 15:05:38 - [TEST_STEP][PASSED] - Statement - If (!(_duration.contains("."))): null

2018-10-02 15:05:38 - [TEST_STEP][PASSED] - Statement - assert RoundNumber.call(Duration) == _duration: null

2018-10-02 15:05:38 - [TEST_STEP][PASSED] - Statement - _price = DealerPrice: null

2018-10-02 15:05:38 - [TEST_STEP][PASSED] - Statement - If (!(_price.contains("."))): null

2018-10-02 15:05:38 - [TEST_STEP][PASSED] - Statement - assert RoundNumber.call(DealerPrice) == _price: null

2018-10-02 15:05:38 - [TEST_STEP][PASSED] - Statement - assert ServiceType == ServiceType: null

2018-10-02 15:05:38 - [TEST_STEP][PASSED] - Statement - assert ServiceCode == null: null

2018-10-02 15:05:38 - [TEST_STEP][PASSED] - Statement - assert EMFlag == "false": null

2018-10-02 15:05:38 - [TEST_STEP][PASSED] - Statement - assert EMDuration == "0.0": null

2018-10-02 15:05:38 - [TEST_STEP][PASSED] - Statement - assert POAFlag == "false": null

2018-10-02 15:05:38 - [TEST_STEP][PASSED] - Statement - assert Price == "0.0": null

2018-10-02 15:05:38 - [TEST_STEP][PASSED] - Statement - count_CSV += 1: null

2018-10-02 15:05:38 - [TEST_STEP][PASSED] - Statement - assert Name == Name: null

2018-10-02 15:05:38 - [TEST_STEP][PASSED] - Statement - assert DMSOperationalCode == DMSOperationalCode: null

2018-10-02 15:05:38 - [TEST_STEP][PASSED] - Statement - _duration = Duration: null

2018-10-02 15:05:38 - [TEST_STEP][PASSED] - Statement - If (!(_duration.contains("."))): null

2018-10-02 15:05:38 - [TEST_STEP][PASSED] - Statement - assert RoundNumber.call(Duration) == _duration: null

2018-10-02 15:05:38 - [TEST_STEP][PASSED] - Statement - _price = DealerPrice: null

2018-10-02 15:05:38 - [TEST_STEP][PASSED] - Statement - If (!(_price.contains("."))): null

2018-10-02 15:05:38 - [TEST_STEP][PASSED] - Statement - assert RoundNumber.call(DealerPrice) == _price: null

2018-10-02 15:05:38 - [TEST_STEP][PASSED] - Statement - assert ServiceType == ServiceType: null

2018-10-02 15:05:38 - [TEST_STEP][PASSED] - Statement - assert ServiceCode == null: null

2018-10-02 15:05:38 - [TEST_STEP][PASSED] - Statement - assert EMFlag == "false": null

2018-10-02 15:05:38 - [TEST_STEP][PASSED] - Statement - assert EMDuration == "0.0": null

2018-10-02 15:05:38 - [TEST_STEP][PASSED] - Statement - assert POAFlag == "false": null

2018-10-02 15:05:38 - [TEST_STEP][PASSED] - Statement - assert Price == "0.0": null

2018-10-02 15:05:38 - [TEST_STEP][PASSED] - Statement - count_CSV += 1: null

2018-10-02 15:05:38 - [TEST_STEP][PASSED] - Statement - assert Name == Name: null

2018-10-02 15:05:38 - [TEST_STEP][PASSED] - Statement - assert DMSOperationalCode == DMSOperationalCode: null

2018-10-02 15:05:38 - [TEST_STEP][PASSED] - Statement - _duration = Duration: null

2018-10-02 15:05:38 - [TEST_STEP][PASSED] - Statement - If (!(_duration.contains("."))): null

2018-10-02 15:05:38 - [TEST_STEP][PASSED] - Statement - assert RoundNumber.call(Duration) == _duration: null

2018-10-02 15:05:38 - [TEST_STEP][PASSED] - Statement - _price = DealerPrice: null

2018-10-02 15:05:38 - [TEST_STEP][PASSED] - Statement - If (!(_price.contains("."))): null

2018-10-02 15:05:38 - [TEST_STEP][PASSED] - Statement - assert RoundNumber.call(DealerPrice) == _price: null

2018-10-02 15:05:38 - [TEST_STEP][PASSED] - Statement - assert ServiceType == ServiceType: null

2018-10-02 15:05:38 - [TEST_STEP][PASSED] - Statement - assert ServiceCode == null: null

2018-10-02 15:05:52 - [TEST_STEP][PASSED] - Statement - assert EMFlag == "false": null

2018-10-02 15:05:52 - [TEST_STEP][PASSED] - Statement - assert EMDuration == "0.0": null

2018-10-02 15:05:52 - [TEST_STEP][PASSED] - Statement - assert POAFlag == "false": null

2018-10-02 15:05:52 - [TEST_STEP][PASSED] - Statement - assert Price == "0.0": null

2018-10-02 15:05:52 - [TEST_STEP][PASSED] - Statement - count_CSV += 1: null

2018-10-02 15:05:52 - [TEST_STEP][PASSED] - Statement - assert Name == Name: null

2018-10-02 15:05:52 - [TEST_STEP][PASSED] - Statement - assert DMSOperationalCode == DMSOperationalCode: null

2018-10-02 15:05:52 - [TEST_STEP][PASSED] - Statement - _duration = Duration: null

2018-10-02 15:05:52 - [TEST_STEP][PASSED] - Statement - If (!(_duration.contains("."))): null

2018-10-02 15:05:52 - [TEST_STEP][PASSED] - Statement - assert RoundNumber.call(Duration) == _duration: null

2018-10-02 15:05:52 - [TEST_STEP][PASSED] - Statement - _price = DealerPrice: null

2018-10-02 15:05:52 - [TEST_STEP][PASSED] - Statement - If (!(_price.contains("."))): null

2018-10-02 15:05:52 - [TEST_STEP][PASSED] - Statement - assert RoundNumber.call(DealerPrice) == _price: null

2018-10-02 15:05:52 - [TEST_STEP][PASSED] - Statement - assert ServiceType == ServiceType: null

2018-10-02 15:05:52 - [TEST_STEP][PASSED] - Statement - assert ServiceCode == null: null

2018-10-02 15:05:52 - [TEST_STEP][PASSED] - Statement - assert EMFlag == "false": null

2018-10-02 15:05:52 - [TEST_STEP][PASSED] - Statement - assert EMDuration == "0.0": null

2018-10-02 15:05:52 - [TEST_STEP][PASSED] - Statement - assert POAFlag == "false": null

2018-10-02 15:05:52 - [TEST_STEP][PASSED] - Statement - assert Price == "0.0": null

2018-10-02 15:05:52 - [TEST_STEP][PASSED] - Statement - count_CSV += 1: null

2018-10-02 15:05:52 - [TEST_STEP][PASSED] - Statement - assert Name == Name: null

2018-10-02 15:05:52 - [TEST_STEP][PASSED] - Statement - assert DMSOperationalCode == DMSOperationalCode: null

2018-10-02 15:05:52 - [TEST_STEP][PASSED] - Statement - _duration = Duration: null

2018-10-02 15:05:52 - [TEST_STEP][PASSED] - Statement - If (!(_duration.contains("."))): null

2018-10-02 15:05:52 - [TEST_STEP][PASSED] - Statement - assert RoundNumber.call(Duration) == _duration: null

2018-10-02 15:05:52 - [TEST_STEP][PASSED] - Statement - _price = DealerPrice: null

2018-10-02 15:05:52 - [TEST_STEP][PASSED] - Statement - If (!(_price.contains("."))): null

2018-10-02 15:05:52 - [TEST_STEP][PASSED] - Statement - assert RoundNumber.call(DealerPrice) == _price: null

2018-10-02 15:05:52 - [TEST_STEP][PASSED] - Statement - assert ServiceType == ServiceType: null

2018-10-02 15:05:52 - [TEST_STEP][PASSED] - Statement - assert ServiceCode == null: null

2018-10-02 15:05:52 - [TEST_STEP][PASSED] - Statement - assert EMFlag == "false": null

2018-10-02 15:05:52 - [TEST_STEP][PASSED] - Statement - assert EMDuration == "0.0": null

2018-10-02 15:05:52 - [TEST_STEP][PASSED] - Statement - assert POAFlag == "false": null

2018-10-02 15:05:52 - [TEST_STEP][PASSED] - Statement - assert Price == "0.0": null

2018-10-02 15:05:52 - [TEST_STEP][PASSED] - Statement - count_CSV += 1: null

2018-10-02 15:05:52 - [TEST_STEP][PASSED] - Statement - assert Name == Name: null

2018-10-02 15:05:52 - [TEST_STEP][PASSED] - Statement - assert DMSOperationalCode == DMSOperationalCode: null

2018-10-02 15:05:52 - [TEST_STEP][PASSED] - Statement - _duration = Duration: null

2018-10-02 15:05:52 - [TEST_STEP][PASSED] - Statement - If (!(_duration.contains("."))): null

2018-10-02 15:05:52 - [TEST_STEP][PASSED] - Statement - assert RoundNumber.call(Duration) == _duration: null

2018-10-02 15:05:52 - [TEST_STEP][PASSED] - Statement - _price = DealerPrice: null

2018-10-02 15:05:52 - [TEST_STEP][PASSED] - Statement - If (!(_price.contains("."))): null

2018-10-02 15:05:52 - [TEST_STEP][PASSED] - Statement - assert RoundNumber.call(DealerPrice) == _price: null

2018-10-02 15:05:52 - [TEST_STEP][PASSED] - Statement - assert ServiceType == ServiceType: null

2018-10-02 15:05:52 - [TEST_STEP][PASSED] - Statement - assert ServiceCode == null: null

2018-10-02 15:05:52 - [TEST_STEP][PASSED] - Statement - assert EMFlag == "false": null

2018-10-02 15:05:52 - [TEST_STEP][PASSED] - Statement - assert EMDuration == "0.0": null

2018-10-02 15:05:52 - [TEST_STEP][PASSED] - Statement - assert POAFlag == "false": null

2018-10-02 15:05:52 - [TEST_STEP][PASSED] - Statement - assert Price == "0.0": null

2018-10-02 15:05:52 - [TEST_STEP][PASSED] - Statement - count_CSV += 1: null

2018-10-02 15:05:52 - [TEST_STEP][PASSED] - Statement - assert Name == Name: null

2018-10-02 15:05:52 - [TEST_STEP][PASSED] - Statement - assert DMSOperationalCode == DMSOperationalCode: null

2018-10-02 15:05:52 - [TEST_STEP][PASSED] - Statement - _duration = Duration: null

2018-10-02 15:05:52 - [TEST_STEP][PASSED] - Statement - If (!(_duration.contains("."))): null

2018-10-02 15:05:52 - [TEST_STEP][PASSED] - Statement - assert RoundNumber.call(Duration) == _duration: null

2018-10-02 15:05:52 - [TEST_STEP][PASSED] - Statement - _price = DealerPrice: null

2018-10-02 15:05:52 - [TEST_STEP][PASSED] - Statement - If (!(_price.contains("."))): null

2018-10-02 15:05:52 - [TEST_STEP][PASSED] - Statement - assert RoundNumber.call(DealerPrice) == _price: null

2018-10-02 15:05:52 - [TEST_STEP][PASSED] - Statement - assert ServiceType == ServiceType: null

2018-10-02 15:05:52 - [TEST_STEP][PASSED] - Statement - assert ServiceCode == null: null

2018-10-02 15:05:52 - [TEST_STEP][PASSED] - Statement - assert EMFlag == "false": null

2018-10-02 15:05:52 - [TEST_STEP][PASSED] - Statement - assert EMDuration == "0.0": null

2018-10-02 15:05:52 - [TEST_STEP][PASSED] - Statement - assert POAFlag == "false": null

2018-10-02 15:05:52 - [TEST_STEP][PASSED] - Statement - assert Price == "0.0": null

2018-10-02 15:05:52 - [TEST_STEP][PASSED] - Statement - count_CSV += 1: null

2018-10-02 15:05:52 - [TEST_STEP][PASSED] - Statement - assert Name == Name: null

2018-10-02 15:05:52 - [TEST_STEP][PASSED] - Statement - assert DMSOperationalCode == DMSOperationalCode: null

2018-10-02 15:05:52 - [TEST_STEP][PASSED] - Statement - _duration = Duration: null

2018-10-02 15:05:52 - [TEST_STEP][PASSED] - Statement - If (!(_duration.contains("."))): null

2018-10-02 15:05:52 - [TEST_STEP][PASSED] - Statement - assert RoundNumber.call(Duration) == _duration: null

2018-10-02 15:05:52 - [TEST_STEP][PASSED] - Statement - _price = DealerPrice: null

2018-10-02 15:05:52 - [TEST_STEP][PASSED] - Statement - If (!(_price.contains("."))): null

2018-10-02 15:05:52 - [TEST_STEP][PASSED] - Statement - assert RoundNumber.call(DealerPrice) == _price: null

2018-10-02 15:05:52 - [TEST_STEP][PASSED] - Statement - assert ServiceType == ServiceType: null

2018-10-02 15:05:52 - [TEST_STEP][PASSED] - Statement - assert ServiceCode == null: null

2018-10-02 15:05:52 - [TEST_STEP][PASSED] - Statement - assert EMFlag == "false": null

2018-10-02 15:05:52 - [TEST_STEP][PASSED] - Statement - assert EMDuration == "0.0": null

2018-10-02 15:05:52 - [TEST_STEP][PASSED] - Statement - assert POAFlag == "false": null

2018-10-02 15:05:52 - [TEST_STEP][PASSED] - Statement - assert Price == "0.0": null

2018-10-02 15:05:52 - [TEST_STEP][PASSED] - Statement - count_CSV += 1: null

2018-10-02 15:05:52 - [TEST_STEP][PASSED] - Statement - assert Name == Name: null

2018-10-02 15:05:52 - [TEST_STEP][PASSED] - Statement - assert DMSOperationalCode == DMSOperationalCode: null

2018-10-02 15:05:52 - [TEST_STEP][PASSED] - Statement - _duration = Duration: null

2018-10-02 15:05:52 - [TEST_STEP][PASSED] - Statement - If (!(_duration.contains("."))): null

2018-10-02 15:05:52 - [TEST_STEP][PASSED] - Statement - assert RoundNumber.call(Duration) == _duration: null

2018-10-02 15:05:52 - [TEST_STEP][PASSED] - Statement - _price = DealerPrice: null

2018-10-02 15:05:52 - [TEST_STEP][PASSED] - Statement - If (!(_price.contains("."))): null

2018-10-02 15:05:52 - [TEST_STEP][PASSED] - Statement - assert RoundNumber.call(DealerPrice) == _price: null

2018-10-02 15:05:52 - [TEST_STEP][PASSED] - Statement - assert ServiceType == ServiceType: null

2018-10-02 15:05:52 - [TEST_STEP][PASSED] - Statement - assert ServiceCode == null: null

2018-10-02 15:05:52 - [TEST_STEP][PASSED] - Statement - assert EMFlag == "false": null

2018-10-02 15:05:52 - [TEST_STEP][PASSED] - Statement - assert EMDuration == "0.0": null

2018-10-02 15:05:52 - [TEST_STEP][PASSED] - Statement - assert POAFlag == "false": null

2018-10-02 15:05:52 - [TEST_STEP][PASSED] - Statement - assert Price == "0.0": null

2018-10-02 15:05:52 - [TEST_STEP][PASSED] - Statement - count_CSV += 1: null

2018-10-02 15:05:52 - [TEST_STEP][PASSED] - Statement - assert Name == Name: null

2018-10-02 15:05:52 - [TEST_STEP][PASSED] - Statement - assert DMSOperationalCode == DMSOperationalCode: null

2018-10-02 15:05:52 - [TEST_STEP][PASSED] - Statement - _duration = Duration: null

2018-10-02 15:05:52 - [TEST_STEP][PASSED] - Statement - If (!(_duration.contains("."))): null

2018-10-02 15:05:52 - [TEST_STEP][PASSED] - Statement - assert RoundNumber.call(Duration) == _duration: null

2018-10-02 15:05:52 - [TEST_STEP][PASSED] - Statement - _price = DealerPrice: null

2018-10-02 15:05:52 - [TEST_STEP][PASSED] - Statement - If (!(_price.contains("."))): null

2018-10-02 15:05:52 - [TEST_STEP][PASSED] - Statement - assert RoundNumber.call(DealerPrice) == _price: null

2018-10-02 15:05:52 - [TEST_STEP][PASSED] - Statement - assert ServiceType == ServiceType: null

2018-10-02 15:05:52 - [TEST_STEP][PASSED] - Statement - assert ServiceCode == null: null

2018-10-02 15:05:52 - [TEST_STEP][PASSED] - Statement - assert EMFlag == "false": null

2018-10-02 15:05:52 - [TEST_STEP][PASSED] - Statement - assert EMDuration == "0.0": null

2018-10-02 15:05:52 - [TEST_STEP][PASSED] - Statement - assert POAFlag == "false": null

2018-10-02 15:05:52 - [TEST_STEP][PASSED] - Statement - assert Price == "0.0": null

2018-10-02 15:05:52 - [TEST_STEP][PASSED] - Statement - count_CSV += 1: null

2018-10-02 15:05:52 - [TEST_STEP][PASSED] - Statement - assert Name == Name: null

2018-10-02 15:05:52 - [TEST_STEP][PASSED] - Statement - assert DMSOperationalCode == DMSOperationalCode: null

2018-10-02 15:05:52 - [TEST_STEP][PASSED] - Statement - _duration = Duration: null

2018-10-02 15:05:52 - [TEST_STEP][PASSED] - Statement - If (!(_duration.contains("."))): null

2018-10-02 15:05:52 - [TEST_STEP][PASSED] - Statement - assert RoundNumber.call(Duration) == _duration: null

2018-10-02 15:05:52 - [TEST_STEP][PASSED] - Statement - _price = DealerPrice: null

2018-10-02 15:05:52 - [TEST_STEP][PASSED] - Statement - If (!(_price.contains("."))): null

2018-10-02 15:05:52 - [TEST_STEP][PASSED] - Statement - assert RoundNumber.call(DealerPrice) == _price: null

2018-10-02 15:05:52 - [TEST_STEP][PASSED] - Statement - assert ServiceType == ServiceType: null

2018-10-02 15:05:52 - [TEST_STEP][PASSED] - Statement - assert ServiceCode == null: null

2018-10-02 15:05:52 - [TEST_STEP][PASSED] - Statement - assert EMFlag == "false": null

2018-10-02 15:05:52 - [TEST_STEP][PASSED] - Statement - assert EMDuration == "0.0": null

2018-10-02 15:05:52 - [TEST_STEP][PASSED] - Statement - assert POAFlag == "false": null

2018-10-02 15:05:52 - [TEST_STEP][PASSED] - Statement - assert Price == "0.0": null

2018-10-02 15:05:52 - [TEST_STEP][PASSED] - Statement - count_CSV += 1: null

2018-10-02 15:05:52 - [TEST_STEP][PASSED] - Statement - assert Name == Name: null

2018-10-02 15:05:52 - [TEST_STEP][PASSED] - Statement - assert DMSOperationalCode == DMSOperationalCode: null

2018-10-02 15:05:52 - [TEST_STEP][PASSED] - Statement - _duration = Duration: null

2018-10-02 15:05:52 - [TEST_STEP][PASSED] - Statement - If (!(_duration.contains("."))): null

2018-10-02 15:05:52 - [TEST_STEP][PASSED] - Statement - assert RoundNumber.call(Duration) == _duration: null

2018-10-02 15:05:52 - [TEST_STEP][PASSED] - Statement - _price = DealerPrice: null

2018-10-02 15:05:52 - [TEST_STEP][PASSED] - Statement - If (!(_price.contains("."))): null

2018-10-02 15:05:52 - [TEST_STEP][PASSED] - Statement - assert RoundNumber.call(DealerPrice) == _price: null

2018-10-02 15:05:52 - [TEST_STEP][PASSED] - Statement - assert ServiceType == ServiceType: null

2018-10-02 15:05:52 - [TEST_STEP][PASSED] - Statement - assert ServiceCode == null: null

2018-10-02 15:05:52 - [TEST_STEP][PASSED] - Statement - assert EMFlag == "false": null

2018-10-02 15:05:52 - [TEST_STEP][PASSED] - Statement - assert EMDuration == "0.0": null

2018-10-02 15:05:52 - [TEST_STEP][PASSED] - Statement - assert POAFlag == "false": null

2018-10-02 15:05:52 - [TEST_STEP][PASSED] - Statement - assert Price == "0.0": null

2018-10-02 15:05:52 - [TEST_STEP][PASSED] - Statement - count_CSV += 1: null

2018-10-02 15:05:52 - [TEST_STEP][PASSED] - Statement - assert Name == Name: null

2018-10-02 15:05:52 - [TEST_STEP][PASSED] - Statement - assert DMSOperationalCode == DMSOperationalCode: null

2018-10-02 15:05:52 - [TEST_STEP][PASSED] - Statement - _duration = Duration: null

2018-10-02 15:05:52 - [TEST_STEP][PASSED] - Statement - If (!(_duration.contains("."))): null

2018-10-02 15:05:52 - [TEST_STEP][PASSED] - Statement - assert RoundNumber.call(Duration) == _duration: null

2018-10-02 15:05:52 - [TEST_STEP][PASSED] - Statement - _price = DealerPrice: null

2018-10-02 15:05:52 - [TEST_STEP][PASSED] - Statement - If (!(_price.contains("."))): null

2018-10-02 15:05:52 - [TEST_STEP][PASSED] - Statement - assert RoundNumber.call(DealerPrice) == _price: null

2018-10-02 15:05:52 - [TEST_STEP][PASSED] - Statement - assert ServiceType == ServiceType: null

2018-10-02 15:05:52 - [TEST_STEP][PASSED] - Statement - assert ServiceCode == null: null

2018-10-02 15:05:52 - [TEST_STEP][PASSED] - Statement - assert EMFlag == "false": null

2018-10-02 15:05:52 - [TEST_STEP][PASSED] - Statement - assert EMDuration == "0.0": null

2018-10-02 15:05:52 - [TEST_STEP][PASSED] - Statement - assert POAFlag == "false": null

2018-10-02 15:05:52 - [TEST_STEP][PASSED] - Statement - assert Price == "0.0": null

2018-10-02 15:05:52 - [TEST_STEP][PASSED] - Statement - count_CSV += 1: null

2018-10-02 15:05:52 - [TEST_STEP][PASSED] - Statement - assert Name == Name: null

2018-10-02 15:05:52 - [TEST_STEP][PASSED] - Statement - assert DMSOperationalCode == DMSOperationalCode: null

2018-10-02 15:05:52 - [TEST_STEP][PASSED] - Statement - _duration = Duration: null

2018-10-02 15:05:52 - [TEST_STEP][PASSED] - Statement - If (!(_duration.contains("."))): null

2018-10-02 15:05:52 - [TEST_STEP][PASSED] - Statement - assert RoundNumber.call(Duration) == _duration: null

2018-10-02 15:05:52 - [TEST_STEP][PASSED] - Statement - _price = DealerPrice: null

2018-10-02 15:05:52 - [TEST_STEP][PASSED] - Statement - If (!(_price.contains("."))): null

2018-10-02 15:05:52 - [TEST_STEP][PASSED] - Statement - assert RoundNumber.call(DealerPrice) == _price: null

2018-10-02 15:05:52 - [TEST_STEP][PASSED] - Statement - assert ServiceType == ServiceType: null

2018-10-02 15:05:52 - [TEST_STEP][PASSED] - Statement - assert ServiceCode == null: null

2018-10-02 15:05:52 - [TEST_STEP][PASSED] - Statement - assert EMFlag == "false": null

2018-10-02 15:05:52 - [TEST_STEP][PASSED] - Statement - assert EMDuration == "0.0": null

2018-10-02 15:05:52 - [TEST_STEP][PASSED] - Statement - assert POAFlag == "false": null

2018-10-02 15:05:52 - [TEST_STEP][PASSED] - Statement - assert Price == "0.0": null

2018-10-02 15:05:52 - [TEST_STEP][PASSED] - Statement - count_CSV += 1: null

2018-10-02 15:05:52 - [TEST_STEP][PASSED] - Statement - assert Name == Name: null

2018-10-02 15:05:52 - [TEST_STEP][PASSED] - Statement - assert DMSOperationalCode == DMSOperationalCode: null

2018-10-02 15:05:52 - [TEST_STEP][PASSED] - Statement - _duration = Duration: null

2018-10-02 15:05:52 - [TEST_STEP][PASSED] - Statement - If (!(_duration.contains("."))): null

2018-10-02 15:05:52 - [TEST_STEP][PASSED] - Statement - assert RoundNumber.call(Duration) == _duration: null

2018-10-02 15:05:52 - [TEST_STEP][PASSED] - Statement - _price = DealerPrice: null

2018-10-02 15:05:52 - [TEST_STEP][PASSED] - Statement - If (!(_price.contains("."))): null

2018-10-02 15:05:52 - [TEST_STEP][PASSED] - Statement - assert RoundNumber.call(DealerPrice) == _price: null

2018-10-02 15:05:52 - [TEST_STEP][PASSED] - Statement - assert ServiceType == ServiceType: null

2018-10-02 15:05:52 - [TEST_STEP][PASSED] - Statement - assert ServiceCode == null: null

2018-10-02 15:05:52 - [TEST_STEP][PASSED] - Statement - assert EMFlag == "false": null

2018-10-02 15:05:52 - [TEST_STEP][PASSED] - Statement - assert EMDuration == "0.0": null

2018-10-02 15:05:52 - [TEST_STEP][PASSED] - Statement - assert POAFlag == "false": null

2018-10-02 15:05:52 - [TEST_STEP][PASSED] - Statement - assert Price == "0.0": null

2018-10-02 15:05:52 - [TEST_STEP][PASSED] - Statement - count_CSV += 1: null

2018-10-02 15:05:52 - [TEST_STEP][PASSED] - Statement - assert Name == Name: null

2018-10-02 15:05:52 - [TEST_STEP][PASSED] - Statement - assert DMSOperationalCode == DMSOperationalCode: null

2018-10-02 15:05:52 - [TEST_STEP][PASSED] - Statement - _duration = Duration: null

2018-10-02 15:05:52 - [TEST_STEP][PASSED] - Statement - If (!(_duration.contains("."))): null

2018-10-02 15:05:52 - [TEST_STEP][PASSED] - Statement - assert RoundNumber.call(Duration) == _duration: null

2018-10-02 15:05:52 - [TEST_STEP][PASSED] - Statement - _price = DealerPrice: null

2018-10-02 15:05:52 - [TEST_STEP][PASSED] - Statement - If (!(_price.contains("."))): null

2018-10-02 15:05:52 - [TEST_STEP][PASSED] - Statement - assert RoundNumber.call(DealerPrice) == _price: null

2018-10-02 15:05:52 - [TEST_STEP][PASSED] - Statement - assert ServiceType == ServiceType: null

2018-10-02 15:05:52 - [TEST_STEP][PASSED] - Statement - assert ServiceCode == null: null

2018-10-02 15:05:52 - [TEST_STEP][PASSED] - Statement - assert EMFlag == "false": null

2018-10-02 15:05:52 - [TEST_STEP][PASSED] - Statement - assert EMDuration == "0.0": null

2018-10-02 15:05:52 - [TEST_STEP][PASSED] - Statement - assert POAFlag == "false": null

2018-10-02 15:05:52 - [TEST_STEP][PASSED] - Statement - assert Price == "0.0": null

2018-10-02 15:05:52 - [TEST_STEP][PASSED] - Statement - count_CSV += 1: null

2018-10-02 15:05:52 - [TEST_STEP][PASSED] - Statement - assert OpCodeJSON == count_CSV: null

2018-10-02 15:05:52 - [MESSAGE][PASSED] - Call Test Case 'Test Cases/TOYOTA/Library_TestCase/Toyota_GetServiceOperation_JSON - V2' successfully

2018-10-02 15:05:52 - [TEST_STEP][PASSED] - Statement - If (var_Status_GetOffTime == "true"): null

2018-10-02 15:05:52 - [TEST_STEP][PASSED] - Statement - If (var_Status_PickupTime == "true"): null

2018-10-02 15:05:52 - [TEST_STEP][PASSED] - Statement - If (var_Status_ReservedTimeslot == "true"): null

2018-10-02 15:05:52 - [TEST_STEP][PASSED] - Statement - If (var_Status_GetTransport == "true"): null

2018-10-02 15:05:52 - [TEST_STEP][PASSED] - Statement - If (var_Status_MakeBooking == "true"): null

2018-10-02 15:05:52 - [TEST_STEP][PASSED] - Statement - If (var_Status_SearchBooking == "true"): null

2018-10-02 15:05:52 - [TEST_STEP][PASSED] - Statement - If (var_Status_GetBookingDetail == "true"): null

2018-10-02 15:05:52 - [TEST_STEP][PASSED] - Statement - If (var_Status_ChangeBooking == "true"): null

2018-10-02 15:05:52 - [TEST_STEP][PASSED] - Statement - If (var_Status_CancelBooking == "true"): null]]></system-out>
         <system-err><![CDATA[]]></system-err>
      </testcase>
      <testcase name="Test Cases/TOYOTA/Main_Toyota_TestCase - AllSprints" classname="Test Cases/TOYOTA/Main_Toyota_TestCase - AllSprints" status="PASSED">
         <system-out><![CDATA[2018-10-02 15:05:52 - [TEST_CASE][PASSED] - Test Cases/TOYOTA/Main_Toyota_TestCase - AllSprints: Test Cases/TOYOTA/Main_Toyota_TestCase - AllSprints

2018-10-02 15:05:52 - [TEST_STEP][PASSED] - callTestCase: Call Test Case 'Test Cases/TOYOTA/Library_TestCase/Setup_Method_And_Variables - V1' successfully

2018-10-02 15:05:52 - [TEST_CASE][PASSED] - Test Cases/TOYOTA/Library_TestCase/Setup_Method_And_Variables - V1: Test Cases/TOYOTA/Library_TestCase/Setup_Method_And_Variables - V1

2018-10-02 15:05:52 - [TEST_STEP][PASSED] - Statement - If (!(Setup_Interval == "")): null

2018-10-02 15:05:52 - [TEST_STEP][PASSED] - Statement - If (!(Setup_WorkshopStart == "")): null

2018-10-02 15:05:52 - [TEST_STEP][PASSED] - Statement - If (!(Setup_WorkshopEnd == "")): null

2018-10-02 15:05:52 - [TEST_STEP][PASSED] - Statement - If (!(Setup_Dealer_Code == "")): null

2018-10-02 15:05:52 - [TEST_STEP][PASSED] - Statement - If (!(Setup_Location_Code == "")): null

2018-10-02 15:05:52 - [TEST_STEP][PASSED] - Statement - If (!(Setup_VIN == "")): null

2018-10-02 15:05:52 - [TEST_STEP][PASSED] - Statement - If (!(Setup_REGNumber == "")): null

2018-10-02 15:05:52 - [TEST_STEP][PASSED] - Statement - If (!(Setup_FirstName == "")): null

2018-10-02 15:05:52 - [TEST_STEP][PASSED] - Statement - If (!(Setup_LastName == "")): null

2018-10-02 15:05:52 - [TEST_STEP][PASSED] - Statement - If (!(Setup_TotalPrice == "")): null

2018-10-02 15:05:52 - [TEST_STEP][PASSED] - Statement - If (!(Setup_TotalDuration == "")): null

2018-10-02 15:05:52 - [TEST_STEP][PASSED] - Statement - If (!(Setup_StartDropDate == "")): null

2018-10-02 15:05:52 - [TEST_STEP][PASSED] - Statement - If (!(Setup_EndDropDate == "")): null

2018-10-02 15:05:52 - [TEST_STEP][PASSED] - Statement - If (!(Setup_StartSearchDate == "")): null

2018-10-02 15:05:52 - [TEST_STEP][PASSED] - Statement - If (!(Setup_EndSearchDate == "")): null

2018-10-02 15:05:52 - [TEST_STEP][PASSED] - Statement - If (!(Setup_Duration == "")): null

2018-10-02 15:05:52 - [TEST_STEP][PASSED] - Statement - If (!(Setup_ServiceDate == "")): null

2018-10-02 15:05:52 - [TEST_STEP][PASSED] - Statement - If (!(Setup_StartDropDate == "")): null

2018-10-02 15:05:52 - [TEST_STEP][PASSED] - Statement - If (!(Setup_EndDropDate == "")): null

2018-10-02 15:05:52 - [TEST_STEP][PASSED] - Statement - If (!(Setup_StartSearchDate == "")): null

2018-10-02 15:05:52 - [TEST_STEP][PASSED] - Statement - If (!(Setup_EndSearchDate == "")): null

2018-10-02 15:05:52 - [TEST_STEP][PASSED] - Statement - If (!(Setup_BookingId == "")): null

2018-10-02 15:05:52 - [TEST_STEP][PASSED] - Statement - If (!(Setup_ServiceType == "")): null

2018-10-02 15:05:52 - [TEST_STEP][PASSED] - Statement - SetDate = { java.util.Date current_time, int number_month, int number_day, int number_hour, java.lang.String format_date -> ... }: null

2018-10-02 15:05:52 - [TEST_STEP][PASSED] - Statement - RandomNumber = { int number -> ... }: null

2018-10-02 15:05:52 - [TEST_STEP][PASSED] - Statement - today = new java.util.Date(): null

2018-10-02 15:05:52 - [TEST_STEP][PASSED] - Statement - current_date = today.format("YYYY-MM-dd"): null

2018-10-02 15:05:52 - [TEST_STEP][PASSED] - Statement - Glb_Current_Date = current_date: null

2018-10-02 15:05:52 - [TEST_STEP][PASSED] - Statement - Glb_Current_Hour = SetDate.call(today, 0, 0, 3, "HH:mm"): null

2018-10-02 15:05:52 - [TEST_STEP][PASSED] - Statement - If (Glb_ServiceDate.toString().toLowerCase() == "cr"): null

2018-10-02 15:05:52 - [TEST_STEP][PASSED] - Statement - If (Glb_StartDate.toString().toLowerCase() == "cr"): null

2018-10-02 15:05:52 - [TEST_STEP][PASSED] - Statement - If (Glb_EndDate.toString().toLowerCase() == "cr"): null

2018-10-02 15:05:52 - [TEST_STEP][PASSED] - Statement - If (Glb_StartSearchDate.toString().toLowerCase() == "cr"): null

2018-10-02 15:05:52 - [TEST_STEP][PASSED] - Statement - If (Glb_EndSearchDate.toString().toLowerCase() == "cr"): null

2018-10-02 15:05:52 - [TEST_STEP][PASSED] - Statement - Glb_ContactId = "1901" + RandomNumber.call(999999): null

2018-10-02 15:05:52 - [MESSAGE][PASSED] - Call Test Case 'Test Cases/TOYOTA/Library_TestCase/Setup_Method_And_Variables - V1' successfully

2018-10-02 15:05:52 - [TEST_STEP][PASSED] - Statement - If (var_Status_OpCode == "true"): Call Test Case 'Test Cases/TOYOTA/Library_TestCase/Toyota_GetServiceOperation_JSON - V2' successfully

2018-10-02 15:05:52 - [TEST_STEP][PASSED] - callTestCase: Call Test Case 'Test Cases/TOYOTA/Library_TestCase/Toyota_GetServiceOperation_JSON - V2' successfully

2018-10-02 15:05:52 - [TEST_CASE][PASSED] - Test Cases/TOYOTA/Library_TestCase/Toyota_GetServiceOperation_JSON - V2: Test Cases/TOYOTA/Library_TestCase/Toyota_GetServiceOperation_JSON - V2

2018-10-02 15:05:52 - [TEST_STEP][PASSED] - Statement - RoundNumber = { java.lang.Float floatnumber -> ... }: null

2018-10-02 15:05:52 - [TEST_STEP][PASSED] - Statement - ServiceType = Glb_ServiceType: null

2018-10-02 15:05:52 - [TEST_STEP][PASSED] - Statement - Filepath = <not implemented yet for class: org.codehaus.groovy.ast.expr.EmptyExpression>: null

2018-10-02 15:05:52 - [TEST_STEP][PASSED] - Statement - If (Glb_ServiceType == "OSB_SERVICE_TYPE_LOGBOOK"): null

2018-10-02 15:05:52 - [TEST_STEP][PASSED] - Statement - Else: null

2018-10-02 15:05:52 - [TEST_STEP][PASSED] - Statement - Filepath = "Data Files/Toyota/OperationCode_ADDITIONAL.csv": null

2018-10-02 15:05:52 - [TEST_STEP][PASSED] - Statement - GetServiceOperation = com.kms.katalon.core.testobject.ObjectRepository.findTestObject(Toyota/GetServiceOperations_JSON, [Dealer_Code:internal.GlobalVariable.Glb_Dealer_Code, Location_Code:internal.GlobalVariable.Glb_Location_Code, VIN:internal.GlobalVariable.Glb_VIN, ... ]): Finding Test Object with id 'Object Repository/Toyota/GetServiceOperations_JSON'

2018-10-02 15:05:52 - [TEST_STEP][PASSED] - Statement - GetServiceOperation.getHttpHeaderProperties().add(new com.kms.katalon.core.testobject.TestObjectProperty(Authorization, com.kms.katalon.core.testobject.ConditionType.EQUALS, (Basic  + internal.GlobalVariable.Glb_Authorization_Token))): null

2018-10-02 15:05:52 - [TEST_STEP][PASSED] - Statement - res_GetServiceOperation = com.kms.katalon.core.webservice.keyword.WSBuiltInKeywords.sendRequest(GetServiceOperation): Send request successfully

2018-10-02 15:05:52 - [MESSAGE][PASSED] - Send request successfully

2018-10-02 15:05:52 - [TEST_STEP][PASSED] - Statement - If (!(Glb_Dealer_Code == "765A")): null

2018-10-02 15:05:52 - [TEST_STEP][PASSED] - verifyResponseStatusCode: Verify response status code successfully

2018-10-02 15:05:52 - [MESSAGE][PASSED] - Verify response status code successfully

2018-10-02 15:05:52 - [TEST_STEP][PASSED] - Statement - res_Text = new groovy.json.JsonSlurper().parseText(response.getResponseText()): null

2018-10-02 15:05:52 - [TEST_STEP][PASSED] - Statement - If (!(ExpectedMessage == "")): null

2018-10-02 15:05:52 - [MESSAGE][PASSED] - Call Test Case 'Test Cases/TOYOTA/Library_TestCase/Toyota_GetServiceOperation_JSON - V2' successfully

2018-10-02 15:05:52 - [TEST_STEP][PASSED] - Statement - If (var_Status_GetOffTime == "true"): null

2018-10-02 15:05:52 - [TEST_STEP][PASSED] - Statement - If (var_Status_PickupTime == "true"): null

2018-10-02 15:05:52 - [TEST_STEP][PASSED] - Statement - If (var_Status_ReservedTimeslot == "true"): null

2018-10-02 15:05:52 - [TEST_STEP][PASSED] - Statement - If (var_Status_GetTransport == "true"): null

2018-10-02 15:05:52 - [TEST_STEP][PASSED] - Statement - If (var_Status_MakeBooking == "true"): null

2018-10-02 15:05:52 - [TEST_STEP][PASSED] - Statement - If (var_Status_SearchBooking == "true"): null

2018-10-02 15:05:52 - [TEST_STEP][PASSED] - Statement - If (var_Status_GetBookingDetail == "true"): null

2018-10-02 15:05:52 - [TEST_STEP][PASSED] - Statement - If (var_Status_ChangeBooking == "true"): null

2018-10-02 15:05:52 - [TEST_STEP][PASSED] - Statement - If (var_Status_CancelBooking == "true"): null]]></system-out>
         <system-err><![CDATA[]]></system-err>
      </testcase>
      <testcase name="Test Cases/TOYOTA/Main_Toyota_TestCase - AllSprints" classname="Test Cases/TOYOTA/Main_Toyota_TestCase - AllSprints" status="PASSED">
         <system-out><![CDATA[2018-10-02 15:05:52 - [TEST_CASE][PASSED] - Test Cases/TOYOTA/Main_Toyota_TestCase - AllSprints: Test Cases/TOYOTA/Main_Toyota_TestCase - AllSprints

2018-10-02 15:05:52 - [TEST_STEP][PASSED] - callTestCase: Call Test Case 'Test Cases/TOYOTA/Library_TestCase/Setup_Method_And_Variables - V1' successfully

2018-10-02 15:05:52 - [TEST_CASE][PASSED] - Test Cases/TOYOTA/Library_TestCase/Setup_Method_And_Variables - V1: Test Cases/TOYOTA/Library_TestCase/Setup_Method_And_Variables - V1

2018-10-02 15:05:52 - [TEST_STEP][PASSED] - Statement - If (!(Setup_Interval == "")): null

2018-10-02 15:05:52 - [TEST_STEP][PASSED] - Statement - If (!(Setup_WorkshopStart == "")): null

2018-10-02 15:05:52 - [TEST_STEP][PASSED] - Statement - If (!(Setup_WorkshopEnd == "")): null

2018-10-02 15:05:52 - [TEST_STEP][PASSED] - Statement - If (!(Setup_Dealer_Code == "")): null

2018-10-02 15:05:52 - [TEST_STEP][PASSED] - Statement - If (!(Setup_Location_Code == "")): null

2018-10-02 15:05:52 - [TEST_STEP][PASSED] - Statement - If (!(Setup_VIN == "")): null

2018-10-02 15:05:52 - [TEST_STEP][PASSED] - Statement - If (!(Setup_REGNumber == "")): null

2018-10-02 15:05:52 - [TEST_STEP][PASSED] - Statement - If (!(Setup_FirstName == "")): null

2018-10-02 15:05:52 - [TEST_STEP][PASSED] - Statement - If (!(Setup_LastName == "")): null

2018-10-02 15:05:52 - [TEST_STEP][PASSED] - Statement - If (!(Setup_TotalPrice == "")): null

2018-10-02 15:05:52 - [TEST_STEP][PASSED] - Statement - If (!(Setup_TotalDuration == "")): null

2018-10-02 15:05:52 - [TEST_STEP][PASSED] - Statement - If (!(Setup_StartDropDate == "")): null

2018-10-02 15:05:52 - [TEST_STEP][PASSED] - Statement - If (!(Setup_EndDropDate == "")): null

2018-10-02 15:05:52 - [TEST_STEP][PASSED] - Statement - If (!(Setup_StartSearchDate == "")): null

2018-10-02 15:05:52 - [TEST_STEP][PASSED] - Statement - If (!(Setup_EndSearchDate == "")): null

2018-10-02 15:05:52 - [TEST_STEP][PASSED] - Statement - If (!(Setup_Duration == "")): null

2018-10-02 15:05:52 - [TEST_STEP][PASSED] - Statement - If (!(Setup_ServiceDate == "")): null

2018-10-02 15:05:52 - [TEST_STEP][PASSED] - Statement - If (!(Setup_StartDropDate == "")): null

2018-10-02 15:05:52 - [TEST_STEP][PASSED] - Statement - If (!(Setup_EndDropDate == "")): null

2018-10-02 15:05:52 - [TEST_STEP][PASSED] - Statement - If (!(Setup_StartSearchDate == "")): null

2018-10-02 15:05:52 - [TEST_STEP][PASSED] - Statement - If (!(Setup_EndSearchDate == "")): null

2018-10-02 15:05:52 - [TEST_STEP][PASSED] - Statement - If (!(Setup_BookingId == "")): null

2018-10-02 15:05:52 - [TEST_STEP][PASSED] - Statement - If (!(Setup_ServiceType == "")): null

2018-10-02 15:05:52 - [TEST_STEP][PASSED] - Statement - SetDate = { java.util.Date current_time, int number_month, int number_day, int number_hour, java.lang.String format_date -> ... }: null

2018-10-02 15:05:52 - [TEST_STEP][PASSED] - Statement - RandomNumber = { int number -> ... }: null

2018-10-02 15:05:52 - [TEST_STEP][PASSED] - Statement - today = new java.util.Date(): null

2018-10-02 15:05:52 - [TEST_STEP][PASSED] - Statement - current_date = today.format("YYYY-MM-dd"): null

2018-10-02 15:05:52 - [TEST_STEP][PASSED] - Statement - Glb_Current_Date = current_date: null

2018-10-02 15:05:52 - [TEST_STEP][PASSED] - Statement - Glb_Current_Hour = SetDate.call(today, 0, 0, 3, "HH:mm"): null

2018-10-02 15:05:52 - [TEST_STEP][PASSED] - Statement - If (Glb_ServiceDate.toString().toLowerCase() == "cr"): null

2018-10-02 15:05:52 - [TEST_STEP][PASSED] - Statement - If (Glb_StartDate.toString().toLowerCase() == "cr"): null

2018-10-02 15:05:52 - [TEST_STEP][PASSED] - Statement - If (Glb_EndDate.toString().toLowerCase() == "cr"): null

2018-10-02 15:05:52 - [TEST_STEP][PASSED] - Statement - If (Glb_StartSearchDate.toString().toLowerCase() == "cr"): null

2018-10-02 15:05:52 - [TEST_STEP][PASSED] - Statement - If (Glb_EndSearchDate.toString().toLowerCase() == "cr"): null

2018-10-02 15:05:52 - [TEST_STEP][PASSED] - Statement - Glb_ContactId = "1901" + RandomNumber.call(999999): null

2018-10-02 15:05:52 - [MESSAGE][PASSED] - Call Test Case 'Test Cases/TOYOTA/Library_TestCase/Setup_Method_And_Variables - V1' successfully

2018-10-02 15:05:52 - [TEST_STEP][PASSED] - Statement - If (var_Status_OpCode == "true"): Call Test Case 'Test Cases/TOYOTA/Library_TestCase/Toyota_GetServiceOperation_JSON - V2' successfully

2018-10-02 15:05:52 - [TEST_STEP][PASSED] - callTestCase: Call Test Case 'Test Cases/TOYOTA/Library_TestCase/Toyota_GetServiceOperation_JSON - V2' successfully

2018-10-02 15:05:53 - [TEST_CASE][PASSED] - Test Cases/TOYOTA/Library_TestCase/Toyota_GetServiceOperation_JSON - V2: Test Cases/TOYOTA/Library_TestCase/Toyota_GetServiceOperation_JSON - V2

2018-10-02 15:05:53 - [TEST_STEP][PASSED] - Statement - RoundNumber = { java.lang.Float floatnumber -> ... }: null

2018-10-02 15:05:53 - [TEST_STEP][PASSED] - Statement - ServiceType = Glb_ServiceType: null

2018-10-02 15:05:53 - [TEST_STEP][PASSED] - Statement - Filepath = <not implemented yet for class: org.codehaus.groovy.ast.expr.EmptyExpression>: null

2018-10-02 15:05:53 - [TEST_STEP][PASSED] - Statement - If (Glb_ServiceType == "OSB_SERVICE_TYPE_LOGBOOK"): null

2018-10-02 15:05:53 - [TEST_STEP][PASSED] - Statement - Else: null

2018-10-02 15:05:53 - [TEST_STEP][PASSED] - Statement - Filepath = "Data Files/Toyota/OperationCode_ADDITIONAL.csv": null

2018-10-02 15:05:53 - [TEST_STEP][PASSED] - Statement - GetServiceOperation = com.kms.katalon.core.testobject.ObjectRepository.findTestObject(Toyota/GetServiceOperations_JSON, [Dealer_Code:internal.GlobalVariable.Glb_Dealer_Code, Location_Code:internal.GlobalVariable.Glb_Location_Code, VIN:internal.GlobalVariable.Glb_VIN, ... ]): Finding Test Object with id 'Object Repository/Toyota/GetServiceOperations_JSON'

2018-10-02 15:05:53 - [TEST_STEP][PASSED] - Statement - GetServiceOperation.getHttpHeaderProperties().add(new com.kms.katalon.core.testobject.TestObjectProperty(Authorization, com.kms.katalon.core.testobject.ConditionType.EQUALS, (Basic  + internal.GlobalVariable.Glb_Authorization_Token))): null

2018-10-02 15:05:53 - [TEST_STEP][PASSED] - Statement - res_GetServiceOperation = com.kms.katalon.core.webservice.keyword.WSBuiltInKeywords.sendRequest(GetServiceOperation): Send request successfully

2018-10-02 15:05:53 - [MESSAGE][PASSED] - Send request successfully

2018-10-02 15:05:53 - [TEST_STEP][PASSED] - Statement - If (!(Glb_Dealer_Code == "765A")): null

2018-10-02 15:05:53 - [TEST_STEP][PASSED] - verifyResponseStatusCode: Verify response status code successfully

2018-10-02 15:05:53 - [MESSAGE][PASSED] - Verify response status code successfully

2018-10-02 15:05:53 - [TEST_STEP][PASSED] - Statement - res_Text = new groovy.json.JsonSlurper().parseText(response.getResponseText()): null

2018-10-02 15:05:53 - [TEST_STEP][PASSED] - Statement - If (!(ExpectedMessage == "")): null

2018-10-02 15:05:53 - [MESSAGE][PASSED] - Call Test Case 'Test Cases/TOYOTA/Library_TestCase/Toyota_GetServiceOperation_JSON - V2' successfully

2018-10-02 15:05:53 - [TEST_STEP][PASSED] - Statement - If (var_Status_GetOffTime == "true"): null

2018-10-02 15:05:53 - [TEST_STEP][PASSED] - Statement - If (var_Status_PickupTime == "true"): null

2018-10-02 15:05:53 - [TEST_STEP][PASSED] - Statement - If (var_Status_ReservedTimeslot == "true"): null

2018-10-02 15:05:53 - [TEST_STEP][PASSED] - Statement - If (var_Status_GetTransport == "true"): null

2018-10-02 15:05:53 - [TEST_STEP][PASSED] - Statement - If (var_Status_MakeBooking == "true"): null

2018-10-02 15:05:53 - [TEST_STEP][PASSED] - Statement - If (var_Status_SearchBooking == "true"): null

2018-10-02 15:05:53 - [TEST_STEP][PASSED] - Statement - If (var_Status_GetBookingDetail == "true"): null

2018-10-02 15:05:53 - [TEST_STEP][PASSED] - Statement - If (var_Status_ChangeBooking == "true"): null

2018-10-02 15:05:53 - [TEST_STEP][PASSED] - Statement - If (var_Status_CancelBooking == "true"): null]]></system-out>
         <system-err><![CDATA[]]></system-err>
      </testcase>
      <testcase name="Test Cases/TOYOTA/Main_Toyota_TestCase - AllSprints" classname="Test Cases/TOYOTA/Main_Toyota_TestCase - AllSprints" status="PASSED">
         <system-out><![CDATA[2018-10-02 15:05:53 - [TEST_CASE][PASSED] - Test Cases/TOYOTA/Main_Toyota_TestCase - AllSprints: Test Cases/TOYOTA/Main_Toyota_TestCase - AllSprints

2018-10-02 15:05:53 - [TEST_STEP][PASSED] - callTestCase: Call Test Case 'Test Cases/TOYOTA/Library_TestCase/Setup_Method_And_Variables - V1' successfully

2018-10-02 15:05:53 - [TEST_CASE][PASSED] - Test Cases/TOYOTA/Library_TestCase/Setup_Method_And_Variables - V1: Test Cases/TOYOTA/Library_TestCase/Setup_Method_And_Variables - V1

2018-10-02 15:05:53 - [TEST_STEP][PASSED] - Statement - If (!(Setup_Interval == "")): null

2018-10-02 15:05:53 - [TEST_STEP][PASSED] - Statement - If (!(Setup_WorkshopStart == "")): null

2018-10-02 15:05:53 - [TEST_STEP][PASSED] - Statement - If (!(Setup_WorkshopEnd == "")): null

2018-10-02 15:05:53 - [TEST_STEP][PASSED] - Statement - If (!(Setup_Dealer_Code == "")): null

2018-10-02 15:05:53 - [TEST_STEP][PASSED] - Statement - If (!(Setup_Location_Code == "")): null

2018-10-02 15:05:53 - [TEST_STEP][PASSED] - Statement - If (!(Setup_VIN == "")): null

2018-10-02 15:05:53 - [TEST_STEP][PASSED] - Statement - If (!(Setup_REGNumber == "")): null

2018-10-02 15:05:53 - [TEST_STEP][PASSED] - Statement - If (!(Setup_FirstName == "")): null

2018-10-02 15:05:53 - [TEST_STEP][PASSED] - Statement - If (!(Setup_LastName == "")): null

2018-10-02 15:05:53 - [TEST_STEP][PASSED] - Statement - If (!(Setup_TotalPrice == "")): null

2018-10-02 15:05:53 - [TEST_STEP][PASSED] - Statement - If (!(Setup_TotalDuration == "")): null

2018-10-02 15:05:53 - [TEST_STEP][PASSED] - Statement - If (!(Setup_StartDropDate == "")): null

2018-10-02 15:05:53 - [TEST_STEP][PASSED] - Statement - If (!(Setup_EndDropDate == "")): null

2018-10-02 15:05:53 - [TEST_STEP][PASSED] - Statement - If (!(Setup_StartSearchDate == "")): null

2018-10-02 15:05:53 - [TEST_STEP][PASSED] - Statement - If (!(Setup_EndSearchDate == "")): null

2018-10-02 15:05:53 - [TEST_STEP][PASSED] - Statement - If (!(Setup_Duration == "")): null

2018-10-02 15:05:53 - [TEST_STEP][PASSED] - Statement - If (!(Setup_ServiceDate == "")): null

2018-10-02 15:05:53 - [TEST_STEP][PASSED] - Statement - If (!(Setup_StartDropDate == "")): null

2018-10-02 15:05:53 - [TEST_STEP][PASSED] - Statement - If (!(Setup_EndDropDate == "")): null

2018-10-02 15:05:53 - [TEST_STEP][PASSED] - Statement - If (!(Setup_StartSearchDate == "")): null

2018-10-02 15:05:53 - [TEST_STEP][PASSED] - Statement - If (!(Setup_EndSearchDate == "")): null

2018-10-02 15:05:53 - [TEST_STEP][PASSED] - Statement - If (!(Setup_BookingId == "")): null

2018-10-02 15:05:53 - [TEST_STEP][PASSED] - Statement - If (!(Setup_ServiceType == "")): null

2018-10-02 15:05:53 - [TEST_STEP][PASSED] - Statement - SetDate = { java.util.Date current_time, int number_month, int number_day, int number_hour, java.lang.String format_date -> ... }: null

2018-10-02 15:05:53 - [TEST_STEP][PASSED] - Statement - RandomNumber = { int number -> ... }: null

2018-10-02 15:05:53 - [TEST_STEP][PASSED] - Statement - today = new java.util.Date(): null

2018-10-02 15:05:53 - [TEST_STEP][PASSED] - Statement - current_date = today.format("YYYY-MM-dd"): null

2018-10-02 15:05:53 - [TEST_STEP][PASSED] - Statement - Glb_Current_Date = current_date: null

2018-10-02 15:05:53 - [TEST_STEP][PASSED] - Statement - Glb_Current_Hour = SetDate.call(today, 0, 0, 3, "HH:mm"): null

2018-10-02 15:05:53 - [TEST_STEP][PASSED] - Statement - If (Glb_ServiceDate.toString().toLowerCase() == "cr"): null

2018-10-02 15:05:53 - [TEST_STEP][PASSED] - Statement - If (Glb_StartDate.toString().toLowerCase() == "cr"): null

2018-10-02 15:05:53 - [TEST_STEP][PASSED] - Statement - If (Glb_EndDate.toString().toLowerCase() == "cr"): null

2018-10-02 15:05:53 - [TEST_STEP][PASSED] - Statement - If (Glb_StartSearchDate.toString().toLowerCase() == "cr"): null

2018-10-02 15:05:53 - [TEST_STEP][PASSED] - Statement - If (Glb_EndSearchDate.toString().toLowerCase() == "cr"): null

2018-10-02 15:05:53 - [TEST_STEP][PASSED] - Statement - Glb_ContactId = "1901" + RandomNumber.call(999999): null

2018-10-02 15:05:53 - [MESSAGE][PASSED] - Call Test Case 'Test Cases/TOYOTA/Library_TestCase/Setup_Method_And_Variables - V1' successfully

2018-10-02 15:05:53 - [TEST_STEP][PASSED] - Statement - If (var_Status_OpCode == "true"): Call Test Case 'Test Cases/TOYOTA/Library_TestCase/Toyota_GetServiceOperation_JSON - V2' successfully

2018-10-02 15:05:53 - [TEST_STEP][PASSED] - callTestCase: Call Test Case 'Test Cases/TOYOTA/Library_TestCase/Toyota_GetServiceOperation_JSON - V2' successfully

2018-10-02 15:05:53 - [TEST_CASE][PASSED] - Test Cases/TOYOTA/Library_TestCase/Toyota_GetServiceOperation_JSON - V2: Test Cases/TOYOTA/Library_TestCase/Toyota_GetServiceOperation_JSON - V2

2018-10-02 15:05:53 - [TEST_STEP][PASSED] - Statement - RoundNumber = { java.lang.Float floatnumber -> ... }: null

2018-10-02 15:05:53 - [TEST_STEP][PASSED] - Statement - ServiceType = Glb_ServiceType: null

2018-10-02 15:05:53 - [TEST_STEP][PASSED] - Statement - Filepath = <not implemented yet for class: org.codehaus.groovy.ast.expr.EmptyExpression>: null

2018-10-02 15:05:53 - [TEST_STEP][PASSED] - Statement - If (Glb_ServiceType == "OSB_SERVICE_TYPE_LOGBOOK"): null

2018-10-02 15:05:53 - [TEST_STEP][PASSED] - Statement - Else: null

2018-10-02 15:05:53 - [TEST_STEP][PASSED] - Statement - Filepath = "Data Files/Toyota/OperationCode_ADDITIONAL.csv": null

2018-10-02 15:05:53 - [TEST_STEP][PASSED] - Statement - GetServiceOperation = com.kms.katalon.core.testobject.ObjectRepository.findTestObject(Toyota/GetServiceOperations_JSON, [Dealer_Code:internal.GlobalVariable.Glb_Dealer_Code, Location_Code:internal.GlobalVariable.Glb_Location_Code, VIN:internal.GlobalVariable.Glb_VIN, ... ]): Finding Test Object with id 'Object Repository/Toyota/GetServiceOperations_JSON'

2018-10-02 15:05:53 - [TEST_STEP][PASSED] - Statement - GetServiceOperation.getHttpHeaderProperties().add(new com.kms.katalon.core.testobject.TestObjectProperty(Authorization, com.kms.katalon.core.testobject.ConditionType.EQUALS, (Basic  + internal.GlobalVariable.Glb_Authorization_Token))): null

2018-10-02 15:05:53 - [TEST_STEP][PASSED] - Statement - res_GetServiceOperation = com.kms.katalon.core.webservice.keyword.WSBuiltInKeywords.sendRequest(GetServiceOperation): Send request successfully

2018-10-02 15:05:59 - [MESSAGE][PASSED] - Send request successfully

2018-10-02 15:05:59 - [TEST_STEP][PASSED] - Statement - If (!(Glb_Dealer_Code == "765A")): null

2018-10-02 15:05:59 - [TEST_STEP][PASSED] - Statement - Else If (!(Glb_ServiceType == "OSB_SERVICE_TYPE_LOGBOOK" || Glb_ServiceType == "OSB_SERVICE_TYPE_ADDITIONAL")): null

2018-10-02 15:05:59 - [TEST_STEP][PASSED] - Statement - Else If (Glb_Location_Code == "2" || Glb_Location_Code == "3" || Glb_Location_Code == "5"): null

2018-10-02 15:05:59 - [TEST_STEP][PASSED] - Statement - Else If (!(Glb_Location_Code == "1" || Glb_Location_Code == "4" || Glb_Location_Code == "360")): null

2018-10-02 15:05:59 - [TEST_STEP][PASSED] - Statement - Else If (Glb_VIN.toString().toLowerCase() == "invalid"): null

2018-10-02 15:05:59 - [TEST_STEP][PASSED] - Statement - Else: null

2018-10-02 15:05:59 - [TEST_STEP][PASSED] - Statement - VerifyResponse(res_GetServiceOperation, 200, ""): null

2018-10-02 15:05:59 - [TEST_STEP][PASSED] - verifyResponseStatusCode: Verify response status code successfully

2018-10-02 15:05:59 - [MESSAGE][PASSED] - Verify response status code successfully

2018-10-02 15:05:59 - [TEST_STEP][PASSED] - Statement - res_Text = new groovy.json.JsonSlurper().parseText(response.getResponseText()): null

2018-10-02 15:05:59 - [TEST_STEP][PASSED] - Statement - If (!(ExpectedMessage == "")): null

2018-10-02 15:05:59 - [TEST_STEP][PASSED] - Statement - res_Text = new groovy.json.JsonSlurper().parseText(res_GetServiceOperation.getResponseText()): null

2018-10-02 15:05:59 - [TEST_STEP][PASSED] - Statement - OpCodeJSON = 0: null

2018-10-02 15:05:59 - [TEST_STEP][PASSED] - Statement - res_Text.each({ -> ... }): null

2018-10-02 15:05:59 - [TEST_STEP][PASSED] - Statement - count_CSV = 0: null

2018-10-02 15:05:59 - [TEST_STEP][PASSED] - Statement - CSVReader = new java.io.File(Filepath): null

2018-10-02 15:05:59 - [TEST_STEP][PASSED] - Statement - csv_content = CSVReader.getText("utf-8"): null

2018-10-02 15:05:59 - [TEST_STEP][PASSED] - Statement - CSVData = com.xlson.groovycsv.CsvParser.parseCsv([separator:,, readFirstLine:false], csv_content): null

2018-10-02 15:05:59 - [TEST_STEP][PASSED] - Statement - For (def line : CSVData): null

2018-10-02 15:05:59 - [TEST_STEP][PASSED] - Statement - assert Name == Name: null

2018-10-02 15:05:59 - [TEST_STEP][PASSED] - Statement - assert DMSOperationalCode == DMSOperationalCode: null

2018-10-02 15:05:59 - [TEST_STEP][PASSED] - Statement - _duration = Duration: null

2018-10-02 15:05:59 - [TEST_STEP][PASSED] - Statement - If (!(_duration.contains("."))): null

2018-10-02 15:05:59 - [TEST_STEP][PASSED] - Statement - assert RoundNumber.call(Duration) == _duration: null

2018-10-02 15:05:59 - [TEST_STEP][PASSED] - Statement - _price = DealerPrice: null

2018-10-02 15:05:59 - [TEST_STEP][PASSED] - Statement - If (!(_price.contains("."))): null

2018-10-02 15:05:59 - [TEST_STEP][PASSED] - Statement - assert RoundNumber.call(DealerPrice) == _price: null

2018-10-02 15:05:59 - [TEST_STEP][PASSED] - Statement - assert ServiceType == ServiceType: null

2018-10-02 15:05:59 - [TEST_STEP][PASSED] - Statement - assert ServiceCode == null: null

2018-10-02 15:05:59 - [TEST_STEP][PASSED] - Statement - assert EMFlag == "false": null

2018-10-02 15:05:59 - [TEST_STEP][PASSED] - Statement - assert EMDuration == "0.0": null

2018-10-02 15:05:59 - [TEST_STEP][PASSED] - Statement - assert POAFlag == "false": null

2018-10-02 15:05:59 - [TEST_STEP][PASSED] - Statement - assert Price == "0.0": null

2018-10-02 15:05:59 - [TEST_STEP][PASSED] - Statement - count_CSV += 1: null

2018-10-02 15:05:59 - [TEST_STEP][PASSED] - Statement - assert Name == Name: null

2018-10-02 15:05:59 - [TEST_STEP][PASSED] - Statement - assert DMSOperationalCode == DMSOperationalCode: null

2018-10-02 15:05:59 - [TEST_STEP][PASSED] - Statement - _duration = Duration: null

2018-10-02 15:05:59 - [TEST_STEP][PASSED] - Statement - If (!(_duration.contains("."))): null

2018-10-02 15:05:59 - [TEST_STEP][PASSED] - Statement - assert RoundNumber.call(Duration) == _duration: null

2018-10-02 15:05:59 - [TEST_STEP][PASSED] - Statement - _price = DealerPrice: null

2018-10-02 15:05:59 - [TEST_STEP][PASSED] - Statement - If (!(_price.contains("."))): null

2018-10-02 15:05:59 - [TEST_STEP][PASSED] - Statement - assert RoundNumber.call(DealerPrice) == _price: null

2018-10-02 15:05:59 - [TEST_STEP][PASSED] - Statement - assert ServiceType == ServiceType: null

2018-10-02 15:05:59 - [TEST_STEP][PASSED] - Statement - assert ServiceCode == null: null

2018-10-02 15:05:59 - [TEST_STEP][PASSED] - Statement - assert EMFlag == "false": null

2018-10-02 15:05:59 - [TEST_STEP][PASSED] - Statement - assert EMDuration == "0.0": null

2018-10-02 15:05:59 - [TEST_STEP][PASSED] - Statement - assert POAFlag == "false": null

2018-10-02 15:05:59 - [TEST_STEP][PASSED] - Statement - assert Price == "0.0": null

2018-10-02 15:05:59 - [TEST_STEP][PASSED] - Statement - count_CSV += 1: null

2018-10-02 15:05:59 - [TEST_STEP][PASSED] - Statement - assert Name == Name: null

2018-10-02 15:05:59 - [TEST_STEP][PASSED] - Statement - assert DMSOperationalCode == DMSOperationalCode: null

2018-10-02 15:05:59 - [TEST_STEP][PASSED] - Statement - _duration = Duration: null

2018-10-02 15:05:59 - [TEST_STEP][PASSED] - Statement - If (!(_duration.contains("."))): null

2018-10-02 15:05:59 - [TEST_STEP][PASSED] - Statement - assert RoundNumber.call(Duration) == _duration: null

2018-10-02 15:05:59 - [TEST_STEP][PASSED] - Statement - _price = DealerPrice: null

2018-10-02 15:05:59 - [TEST_STEP][PASSED] - Statement - If (!(_price.contains("."))): null

2018-10-02 15:05:59 - [TEST_STEP][PASSED] - Statement - assert RoundNumber.call(DealerPrice) == _price: null

2018-10-02 15:05:59 - [TEST_STEP][PASSED] - Statement - assert ServiceType == ServiceType: null

2018-10-02 15:05:59 - [TEST_STEP][PASSED] - Statement - assert ServiceCode == null: null

2018-10-02 15:05:59 - [TEST_STEP][PASSED] - Statement - assert EMFlag == "false": null

2018-10-02 15:05:59 - [TEST_STEP][PASSED] - Statement - assert EMDuration == "0.0": null

2018-10-02 15:05:59 - [TEST_STEP][PASSED] - Statement - assert POAFlag == "false": null

2018-10-02 15:05:59 - [TEST_STEP][PASSED] - Statement - assert Price == "0.0": null

2018-10-02 15:05:59 - [TEST_STEP][PASSED] - Statement - count_CSV += 1: null

2018-10-02 15:05:59 - [TEST_STEP][PASSED] - Statement - assert Name == Name: null

2018-10-02 15:05:59 - [TEST_STEP][PASSED] - Statement - assert DMSOperationalCode == DMSOperationalCode: null

2018-10-02 15:05:59 - [TEST_STEP][PASSED] - Statement - _duration = Duration: null

2018-10-02 15:05:59 - [TEST_STEP][PASSED] - Statement - If (!(_duration.contains("."))): null

2018-10-02 15:05:59 - [TEST_STEP][PASSED] - Statement - assert RoundNumber.call(Duration) == _duration: null

2018-10-02 15:05:59 - [TEST_STEP][PASSED] - Statement - _price = DealerPrice: null

2018-10-02 15:05:59 - [TEST_STEP][PASSED] - Statement - If (!(_price.contains("."))): null

2018-10-02 15:05:59 - [TEST_STEP][PASSED] - Statement - assert RoundNumber.call(DealerPrice) == _price: null

2018-10-02 15:05:59 - [TEST_STEP][PASSED] - Statement - assert ServiceType == ServiceType: null

2018-10-02 15:05:59 - [TEST_STEP][PASSED] - Statement - assert ServiceCode == null: null

2018-10-02 15:05:59 - [TEST_STEP][PASSED] - Statement - assert EMFlag == "false": null

2018-10-02 15:05:59 - [TEST_STEP][PASSED] - Statement - assert EMDuration == "0.0": null

2018-10-02 15:05:59 - [TEST_STEP][PASSED] - Statement - assert POAFlag == "false": null

2018-10-02 15:05:59 - [TEST_STEP][PASSED] - Statement - assert Price == "0.0": null

2018-10-02 15:05:59 - [TEST_STEP][PASSED] - Statement - count_CSV += 1: null

2018-10-02 15:05:59 - [TEST_STEP][PASSED] - Statement - assert Name == Name: null

2018-10-02 15:05:59 - [TEST_STEP][PASSED] - Statement - assert DMSOperationalCode == DMSOperationalCode: null

2018-10-02 15:05:59 - [TEST_STEP][PASSED] - Statement - _duration = Duration: null

2018-10-02 15:05:59 - [TEST_STEP][PASSED] - Statement - If (!(_duration.contains("."))): null

2018-10-02 15:05:59 - [TEST_STEP][PASSED] - Statement - assert RoundNumber.call(Duration) == _duration: null

2018-10-02 15:05:59 - [TEST_STEP][PASSED] - Statement - _price = DealerPrice: null

2018-10-02 15:05:59 - [TEST_STEP][PASSED] - Statement - If (!(_price.contains("."))): null

2018-10-02 15:05:59 - [TEST_STEP][PASSED] - Statement - assert RoundNumber.call(DealerPrice) == _price: null

2018-10-02 15:05:59 - [TEST_STEP][PASSED] - Statement - assert ServiceType == ServiceType: null

2018-10-02 15:05:59 - [TEST_STEP][PASSED] - Statement - assert ServiceCode == null: null

2018-10-02 15:05:59 - [TEST_STEP][PASSED] - Statement - assert EMFlag == "false": null

2018-10-02 15:05:59 - [TEST_STEP][PASSED] - Statement - assert EMDuration == "0.0": null

2018-10-02 15:05:59 - [TEST_STEP][PASSED] - Statement - assert POAFlag == "false": null

2018-10-02 15:05:59 - [TEST_STEP][PASSED] - Statement - assert Price == "0.0": null

2018-10-02 15:05:59 - [TEST_STEP][PASSED] - Statement - count_CSV += 1: null

2018-10-02 15:05:59 - [TEST_STEP][PASSED] - Statement - assert Name == Name: null

2018-10-02 15:05:59 - [TEST_STEP][PASSED] - Statement - assert DMSOperationalCode == DMSOperationalCode: null

2018-10-02 15:05:59 - [TEST_STEP][PASSED] - Statement - _duration = Duration: null

2018-10-02 15:05:59 - [TEST_STEP][PASSED] - Statement - If (!(_duration.contains("."))): null

2018-10-02 15:05:59 - [TEST_STEP][PASSED] - Statement - assert RoundNumber.call(Duration) == _duration: null

2018-10-02 15:05:59 - [TEST_STEP][PASSED] - Statement - _price = DealerPrice: null

2018-10-02 15:05:59 - [TEST_STEP][PASSED] - Statement - If (!(_price.contains("."))): null

2018-10-02 15:05:59 - [TEST_STEP][PASSED] - Statement - assert RoundNumber.call(DealerPrice) == _price: null

2018-10-02 15:05:59 - [TEST_STEP][PASSED] - Statement - assert ServiceType == ServiceType: null

2018-10-02 15:05:59 - [TEST_STEP][PASSED] - Statement - assert ServiceCode == null: null

2018-10-02 15:05:59 - [TEST_STEP][PASSED] - Statement - assert EMFlag == "false": null

2018-10-02 15:05:59 - [TEST_STEP][PASSED] - Statement - assert EMDuration == "0.0": null

2018-10-02 15:05:59 - [TEST_STEP][PASSED] - Statement - assert POAFlag == "false": null

2018-10-02 15:05:59 - [TEST_STEP][PASSED] - Statement - assert Price == "0.0": null

2018-10-02 15:05:59 - [TEST_STEP][PASSED] - Statement - count_CSV += 1: null

2018-10-02 15:05:59 - [TEST_STEP][PASSED] - Statement - assert Name == Name: null

2018-10-02 15:05:59 - [TEST_STEP][PASSED] - Statement - assert DMSOperationalCode == DMSOperationalCode: null

2018-10-02 15:05:59 - [TEST_STEP][PASSED] - Statement - _duration = Duration: null

2018-10-02 15:05:59 - [TEST_STEP][PASSED] - Statement - If (!(_duration.contains("."))): null

2018-10-02 15:05:59 - [TEST_STEP][PASSED] - Statement - assert RoundNumber.call(Duration) == _duration: null

2018-10-02 15:05:59 - [TEST_STEP][PASSED] - Statement - _price = DealerPrice: null

2018-10-02 15:05:59 - [TEST_STEP][PASSED] - Statement - If (!(_price.contains("."))): null

2018-10-02 15:05:59 - [TEST_STEP][PASSED] - Statement - assert RoundNumber.call(DealerPrice) == _price: null

2018-10-02 15:05:59 - [TEST_STEP][PASSED] - Statement - assert ServiceType == ServiceType: null

2018-10-02 15:05:59 - [TEST_STEP][PASSED] - Statement - assert ServiceCode == null: null

2018-10-02 15:05:59 - [TEST_STEP][PASSED] - Statement - assert EMFlag == "false": null

2018-10-02 15:05:59 - [TEST_STEP][PASSED] - Statement - assert EMDuration == "0.0": null

2018-10-02 15:05:59 - [TEST_STEP][PASSED] - Statement - assert POAFlag == "false": null

2018-10-02 15:05:59 - [TEST_STEP][PASSED] - Statement - assert Price == "0.0": null

2018-10-02 15:05:59 - [TEST_STEP][PASSED] - Statement - count_CSV += 1: null

2018-10-02 15:05:59 - [TEST_STEP][PASSED] - Statement - assert Name == Name: null

2018-10-02 15:05:59 - [TEST_STEP][PASSED] - Statement - assert DMSOperationalCode == DMSOperationalCode: null

2018-10-02 15:05:59 - [TEST_STEP][PASSED] - Statement - _duration = Duration: null

2018-10-02 15:05:59 - [TEST_STEP][PASSED] - Statement - If (!(_duration.contains("."))): null

2018-10-02 15:05:59 - [TEST_STEP][PASSED] - Statement - assert RoundNumber.call(Duration) == _duration: null

2018-10-02 15:05:59 - [TEST_STEP][PASSED] - Statement - _price = DealerPrice: null

2018-10-02 15:05:59 - [TEST_STEP][PASSED] - Statement - If (!(_price.contains("."))): null

2018-10-02 15:05:59 - [TEST_STEP][PASSED] - Statement - assert RoundNumber.call(DealerPrice) == _price: null

2018-10-02 15:05:59 - [TEST_STEP][PASSED] - Statement - assert ServiceType == ServiceType: null

2018-10-02 15:05:59 - [TEST_STEP][PASSED] - Statement - assert ServiceCode == null: null

2018-10-02 15:05:59 - [TEST_STEP][PASSED] - Statement - assert EMFlag == "false": null

2018-10-02 15:05:59 - [TEST_STEP][PASSED] - Statement - assert EMDuration == "0.0": null

2018-10-02 15:05:59 - [TEST_STEP][PASSED] - Statement - assert POAFlag == "false": null

2018-10-02 15:05:59 - [TEST_STEP][PASSED] - Statement - assert Price == "0.0": null

2018-10-02 15:05:59 - [TEST_STEP][PASSED] - Statement - count_CSV += 1: null

2018-10-02 15:05:59 - [TEST_STEP][PASSED] - Statement - assert Name == Name: null

2018-10-02 15:05:59 - [TEST_STEP][PASSED] - Statement - assert DMSOperationalCode == DMSOperationalCode: null

2018-10-02 15:05:59 - [TEST_STEP][PASSED] - Statement - _duration = Duration: null

2018-10-02 15:05:59 - [TEST_STEP][PASSED] - Statement - If (!(_duration.contains("."))): null

2018-10-02 15:05:59 - [TEST_STEP][PASSED] - Statement - assert RoundNumber.call(Duration) == _duration: null

2018-10-02 15:05:59 - [TEST_STEP][PASSED] - Statement - _price = DealerPrice: null

2018-10-02 15:05:59 - [TEST_STEP][PASSED] - Statement - If (!(_price.contains("."))): null

2018-10-02 15:05:59 - [TEST_STEP][PASSED] - Statement - assert RoundNumber.call(DealerPrice) == _price: null

2018-10-02 15:05:59 - [TEST_STEP][PASSED] - Statement - assert ServiceType == ServiceType: null

2018-10-02 15:05:59 - [TEST_STEP][PASSED] - Statement - assert ServiceCode == null: null

2018-10-02 15:05:59 - [TEST_STEP][PASSED] - Statement - assert EMFlag == "false": null

2018-10-02 15:05:59 - [TEST_STEP][PASSED] - Statement - assert EMDuration == "0.0": null

2018-10-02 15:05:59 - [TEST_STEP][PASSED] - Statement - assert POAFlag == "false": null

2018-10-02 15:05:59 - [TEST_STEP][PASSED] - Statement - assert Price == "0.0": null

2018-10-02 15:05:59 - [TEST_STEP][PASSED] - Statement - count_CSV += 1: null

2018-10-02 15:05:59 - [TEST_STEP][PASSED] - Statement - assert Name == Name: null

2018-10-02 15:05:59 - [TEST_STEP][PASSED] - Statement - assert DMSOperationalCode == DMSOperationalCode: null

2018-10-02 15:05:59 - [TEST_STEP][PASSED] - Statement - _duration = Duration: null

2018-10-02 15:05:59 - [TEST_STEP][PASSED] - Statement - If (!(_duration.contains("."))): null

2018-10-02 15:05:59 - [TEST_STEP][PASSED] - Statement - assert RoundNumber.call(Duration) == _duration: null

2018-10-02 15:05:59 - [TEST_STEP][PASSED] - Statement - _price = DealerPrice: null

2018-10-02 15:05:59 - [TEST_STEP][PASSED] - Statement - If (!(_price.contains("."))): null

2018-10-02 15:05:59 - [TEST_STEP][PASSED] - Statement - assert RoundNumber.call(DealerPrice) == _price: null

2018-10-02 15:05:59 - [TEST_STEP][PASSED] - Statement - assert ServiceType == ServiceType: null

2018-10-02 15:05:59 - [TEST_STEP][PASSED] - Statement - assert ServiceCode == null: null

2018-10-02 15:05:59 - [TEST_STEP][PASSED] - Statement - assert EMFlag == "false": null

2018-10-02 15:05:59 - [TEST_STEP][PASSED] - Statement - assert EMDuration == "0.0": null

2018-10-02 15:05:59 - [TEST_STEP][PASSED] - Statement - assert POAFlag == "false": null

2018-10-02 15:05:59 - [TEST_STEP][PASSED] - Statement - assert Price == "0.0": null

2018-10-02 15:05:59 - [TEST_STEP][PASSED] - Statement - count_CSV += 1: null

2018-10-02 15:05:59 - [TEST_STEP][PASSED] - Statement - assert Name == Name: null

2018-10-02 15:05:59 - [TEST_STEP][PASSED] - Statement - assert DMSOperationalCode == DMSOperationalCode: null

2018-10-02 15:05:59 - [TEST_STEP][PASSED] - Statement - _duration = Duration: null

2018-10-02 15:05:59 - [TEST_STEP][PASSED] - Statement - If (!(_duration.contains("."))): null

2018-10-02 15:05:59 - [TEST_STEP][PASSED] - Statement - assert RoundNumber.call(Duration) == _duration: null

2018-10-02 15:05:59 - [TEST_STEP][PASSED] - Statement - _price = DealerPrice: null

2018-10-02 15:05:59 - [TEST_STEP][PASSED] - Statement - If (!(_price.contains("."))): null

2018-10-02 15:05:59 - [TEST_STEP][PASSED] - Statement - assert RoundNumber.call(DealerPrice) == _price: null

2018-10-02 15:05:59 - [TEST_STEP][PASSED] - Statement - assert ServiceType == ServiceType: null

2018-10-02 15:05:59 - [TEST_STEP][PASSED] - Statement - assert ServiceCode == null: null

2018-10-02 15:05:59 - [TEST_STEP][PASSED] - Statement - assert EMFlag == "false": null

2018-10-02 15:05:59 - [TEST_STEP][PASSED] - Statement - assert EMDuration == "0.0": null

2018-10-02 15:05:59 - [TEST_STEP][PASSED] - Statement - assert POAFlag == "false": null

2018-10-02 15:05:59 - [TEST_STEP][PASSED] - Statement - assert Price == "0.0": null

2018-10-02 15:05:59 - [TEST_STEP][PASSED] - Statement - count_CSV += 1: null

2018-10-02 15:05:59 - [TEST_STEP][PASSED] - Statement - assert Name == Name: null

2018-10-02 15:05:59 - [TEST_STEP][PASSED] - Statement - assert DMSOperationalCode == DMSOperationalCode: null

2018-10-02 15:05:59 - [TEST_STEP][PASSED] - Statement - _duration = Duration: null

2018-10-02 15:05:59 - [TEST_STEP][PASSED] - Statement - If (!(_duration.contains("."))): null

2018-10-02 15:05:59 - [TEST_STEP][PASSED] - Statement - assert RoundNumber.call(Duration) == _duration: null

2018-10-02 15:05:59 - [TEST_STEP][PASSED] - Statement - _price = DealerPrice: null

2018-10-02 15:05:59 - [TEST_STEP][PASSED] - Statement - If (!(_price.contains("."))): null

2018-10-02 15:05:59 - [TEST_STEP][PASSED] - Statement - assert RoundNumber.call(DealerPrice) == _price: null

2018-10-02 15:05:59 - [TEST_STEP][PASSED] - Statement - assert ServiceType == ServiceType: null

2018-10-02 15:05:59 - [TEST_STEP][PASSED] - Statement - assert ServiceCode == null: null

2018-10-02 15:05:59 - [TEST_STEP][PASSED] - Statement - assert EMFlag == "false": null

2018-10-02 15:05:59 - [TEST_STEP][PASSED] - Statement - assert EMDuration == "0.0": null

2018-10-02 15:05:59 - [TEST_STEP][PASSED] - Statement - assert POAFlag == "false": null

2018-10-02 15:05:59 - [TEST_STEP][PASSED] - Statement - assert Price == "0.0": null

2018-10-02 15:05:59 - [TEST_STEP][PASSED] - Statement - count_CSV += 1: null

2018-10-02 15:05:59 - [TEST_STEP][PASSED] - Statement - assert Name == Name: null

2018-10-02 15:05:59 - [TEST_STEP][PASSED] - Statement - assert DMSOperationalCode == DMSOperationalCode: null

2018-10-02 15:05:59 - [TEST_STEP][PASSED] - Statement - _duration = Duration: null

2018-10-02 15:05:59 - [TEST_STEP][PASSED] - Statement - If (!(_duration.contains("."))): null

2018-10-02 15:05:59 - [TEST_STEP][PASSED] - Statement - assert RoundNumber.call(Duration) == _duration: null

2018-10-02 15:05:59 - [TEST_STEP][PASSED] - Statement - _price = DealerPrice: null

2018-10-02 15:05:59 - [TEST_STEP][PASSED] - Statement - If (!(_price.contains("."))): null

2018-10-02 15:05:59 - [TEST_STEP][PASSED] - Statement - assert RoundNumber.call(DealerPrice) == _price: null

2018-10-02 15:05:59 - [TEST_STEP][PASSED] - Statement - assert ServiceType == ServiceType: null

2018-10-02 15:05:59 - [TEST_STEP][PASSED] - Statement - assert ServiceCode == null: null

2018-10-02 15:05:59 - [TEST_STEP][PASSED] - Statement - assert EMFlag == "false": null

2018-10-02 15:05:59 - [TEST_STEP][PASSED] - Statement - assert EMDuration == "0.0": null

2018-10-02 15:05:59 - [TEST_STEP][PASSED] - Statement - assert POAFlag == "false": null

2018-10-02 15:05:59 - [TEST_STEP][PASSED] - Statement - assert Price == "0.0": null

2018-10-02 15:05:59 - [TEST_STEP][PASSED] - Statement - count_CSV += 1: null

2018-10-02 15:05:59 - [TEST_STEP][PASSED] - Statement - assert Name == Name: null

2018-10-02 15:05:59 - [TEST_STEP][PASSED] - Statement - assert DMSOperationalCode == DMSOperationalCode: null

2018-10-02 15:05:59 - [TEST_STEP][PASSED] - Statement - _duration = Duration: null

2018-10-02 15:05:59 - [TEST_STEP][PASSED] - Statement - If (!(_duration.contains("."))): null

2018-10-02 15:05:59 - [TEST_STEP][PASSED] - Statement - assert RoundNumber.call(Duration) == _duration: null

2018-10-02 15:05:59 - [TEST_STEP][PASSED] - Statement - _price = DealerPrice: null

2018-10-02 15:05:59 - [TEST_STEP][PASSED] - Statement - If (!(_price.contains("."))): null

2018-10-02 15:05:59 - [TEST_STEP][PASSED] - Statement - assert RoundNumber.call(DealerPrice) == _price: null

2018-10-02 15:05:59 - [TEST_STEP][PASSED] - Statement - assert ServiceType == ServiceType: null

2018-10-02 15:05:59 - [TEST_STEP][PASSED] - Statement - assert ServiceCode == null: null

2018-10-02 15:05:59 - [TEST_STEP][PASSED] - Statement - assert EMFlag == "false": null

2018-10-02 15:05:59 - [TEST_STEP][PASSED] - Statement - assert EMDuration == "0.0": null

2018-10-02 15:05:59 - [TEST_STEP][PASSED] - Statement - assert POAFlag == "false": null

2018-10-02 15:05:59 - [TEST_STEP][PASSED] - Statement - assert Price == "0.0": null

2018-10-02 15:05:59 - [TEST_STEP][PASSED] - Statement - count_CSV += 1: null

2018-10-02 15:05:59 - [TEST_STEP][PASSED] - Statement - assert Name == Name: null

2018-10-02 15:05:59 - [TEST_STEP][PASSED] - Statement - assert DMSOperationalCode == DMSOperationalCode: null

2018-10-02 15:05:59 - [TEST_STEP][PASSED] - Statement - _duration = Duration: null

2018-10-02 15:05:59 - [TEST_STEP][PASSED] - Statement - If (!(_duration.contains("."))): null

2018-10-02 15:05:59 - [TEST_STEP][PASSED] - Statement - assert RoundNumber.call(Duration) == _duration: null

2018-10-02 15:05:59 - [TEST_STEP][PASSED] - Statement - _price = DealerPrice: null

2018-10-02 15:05:59 - [TEST_STEP][PASSED] - Statement - If (!(_price.contains("."))): null

2018-10-02 15:05:59 - [TEST_STEP][PASSED] - Statement - assert RoundNumber.call(DealerPrice) == _price: null

2018-10-02 15:05:59 - [TEST_STEP][PASSED] - Statement - assert ServiceType == ServiceType: null

2018-10-02 15:05:59 - [TEST_STEP][PASSED] - Statement - assert ServiceCode == null: null

2018-10-02 15:05:59 - [TEST_STEP][PASSED] - Statement - assert EMFlag == "false": null

2018-10-02 15:05:59 - [TEST_STEP][PASSED] - Statement - assert EMDuration == "0.0": null

2018-10-02 15:05:59 - [TEST_STEP][PASSED] - Statement - assert POAFlag == "false": null

2018-10-02 15:05:59 - [TEST_STEP][PASSED] - Statement - assert Price == "0.0": null

2018-10-02 15:05:59 - [TEST_STEP][PASSED] - Statement - count_CSV += 1: null

2018-10-02 15:05:59 - [TEST_STEP][PASSED] - Statement - assert Name == Name: null

2018-10-02 15:05:59 - [TEST_STEP][PASSED] - Statement - assert DMSOperationalCode == DMSOperationalCode: null

2018-10-02 15:05:59 - [TEST_STEP][PASSED] - Statement - _duration = Duration: null

2018-10-02 15:05:59 - [TEST_STEP][PASSED] - Statement - If (!(_duration.contains("."))): null

2018-10-02 15:05:59 - [TEST_STEP][PASSED] - Statement - assert RoundNumber.call(Duration) == _duration: null

2018-10-02 15:05:59 - [TEST_STEP][PASSED] - Statement - _price = DealerPrice: null

2018-10-02 15:05:59 - [TEST_STEP][PASSED] - Statement - If (!(_price.contains("."))): null

2018-10-02 15:05:59 - [TEST_STEP][PASSED] - Statement - assert RoundNumber.call(DealerPrice) == _price: null

2018-10-02 15:05:59 - [TEST_STEP][PASSED] - Statement - assert ServiceType == ServiceType: null

2018-10-02 15:05:59 - [TEST_STEP][PASSED] - Statement - assert ServiceCode == null: null

2018-10-02 15:05:59 - [TEST_STEP][PASSED] - Statement - assert EMFlag == "false": null

2018-10-02 15:05:59 - [TEST_STEP][PASSED] - Statement - assert EMDuration == "0.0": null

2018-10-02 15:05:59 - [TEST_STEP][PASSED] - Statement - assert POAFlag == "false": null

2018-10-02 15:05:59 - [TEST_STEP][PASSED] - Statement - assert Price == "0.0": null

2018-10-02 15:05:59 - [TEST_STEP][PASSED] - Statement - count_CSV += 1: null

2018-10-02 15:05:59 - [TEST_STEP][PASSED] - Statement - assert Name == Name: null

2018-10-02 15:05:59 - [TEST_STEP][PASSED] - Statement - assert DMSOperationalCode == DMSOperationalCode: null

2018-10-02 15:05:59 - [TEST_STEP][PASSED] - Statement - _duration = Duration: null

2018-10-02 15:05:59 - [TEST_STEP][PASSED] - Statement - If (!(_duration.contains("."))): null

2018-10-02 15:05:59 - [TEST_STEP][PASSED] - Statement - assert RoundNumber.call(Duration) == _duration: null

2018-10-02 15:05:59 - [TEST_STEP][PASSED] - Statement - _price = DealerPrice: null

2018-10-02 15:05:59 - [TEST_STEP][PASSED] - Statement - If (!(_price.contains("."))): null

2018-10-02 15:05:59 - [TEST_STEP][PASSED] - Statement - assert RoundNumber.call(DealerPrice) == _price: null

2018-10-02 15:05:59 - [TEST_STEP][PASSED] - Statement - assert ServiceType == ServiceType: null

2018-10-02 15:05:59 - [TEST_STEP][PASSED] - Statement - assert ServiceCode == null: null

2018-10-02 15:05:59 - [TEST_STEP][PASSED] - Statement - assert EMFlag == "false": null

2018-10-02 15:05:59 - [TEST_STEP][PASSED] - Statement - assert EMDuration == "0.0": null

2018-10-02 15:05:59 - [TEST_STEP][PASSED] - Statement - assert POAFlag == "false": null

2018-10-02 15:05:59 - [TEST_STEP][PASSED] - Statement - assert Price == "0.0": null

2018-10-02 15:05:59 - [TEST_STEP][PASSED] - Statement - count_CSV += 1: null

2018-10-02 15:05:59 - [TEST_STEP][PASSED] - Statement - assert Name == Name: null

2018-10-02 15:05:59 - [TEST_STEP][PASSED] - Statement - assert DMSOperationalCode == DMSOperationalCode: null

2018-10-02 15:05:59 - [TEST_STEP][PASSED] - Statement - _duration = Duration: null

2018-10-02 15:05:59 - [TEST_STEP][PASSED] - Statement - If (!(_duration.contains("."))): null

2018-10-02 15:05:59 - [TEST_STEP][PASSED] - Statement - assert RoundNumber.call(Duration) == _duration: null

2018-10-02 15:05:59 - [TEST_STEP][PASSED] - Statement - _price = DealerPrice: null

2018-10-02 15:05:59 - [TEST_STEP][PASSED] - Statement - If (!(_price.contains("."))): null

2018-10-02 15:05:59 - [TEST_STEP][PASSED] - Statement - assert RoundNumber.call(DealerPrice) == _price: null

2018-10-02 15:05:59 - [TEST_STEP][PASSED] - Statement - assert ServiceType == ServiceType: null

2018-10-02 15:05:59 - [TEST_STEP][PASSED] - Statement - assert ServiceCode == null: null

2018-10-02 15:05:59 - [TEST_STEP][PASSED] - Statement - assert EMFlag == "false": null

2018-10-02 15:05:59 - [TEST_STEP][PASSED] - Statement - assert EMDuration == "0.0": null

2018-10-02 15:05:59 - [TEST_STEP][PASSED] - Statement - assert POAFlag == "false": null

2018-10-02 15:05:59 - [TEST_STEP][PASSED] - Statement - assert Price == "0.0": null

2018-10-02 15:05:59 - [TEST_STEP][PASSED] - Statement - count_CSV += 1: null

2018-10-02 15:05:59 - [TEST_STEP][PASSED] - Statement - assert Name == Name: null

2018-10-02 15:05:59 - [TEST_STEP][PASSED] - Statement - assert DMSOperationalCode == DMSOperationalCode: null

2018-10-02 15:05:59 - [TEST_STEP][PASSED] - Statement - _duration = Duration: null

2018-10-02 15:05:59 - [TEST_STEP][PASSED] - Statement - If (!(_duration.contains("."))): null

2018-10-02 15:05:59 - [TEST_STEP][PASSED] - Statement - assert RoundNumber.call(Duration) == _duration: null

2018-10-02 15:05:59 - [TEST_STEP][PASSED] - Statement - _price = DealerPrice: null

2018-10-02 15:05:59 - [TEST_STEP][PASSED] - Statement - If (!(_price.contains("."))): null

2018-10-02 15:05:59 - [TEST_STEP][PASSED] - Statement - assert RoundNumber.call(DealerPrice) == _price: null

2018-10-02 15:05:59 - [TEST_STEP][PASSED] - Statement - assert ServiceType == ServiceType: null

2018-10-02 15:05:59 - [TEST_STEP][PASSED] - Statement - assert ServiceCode == null: null

2018-10-02 15:05:59 - [TEST_STEP][PASSED] - Statement - assert EMFlag == "false": null

2018-10-02 15:05:59 - [TEST_STEP][PASSED] - Statement - assert EMDuration == "0.0": null

2018-10-02 15:05:59 - [TEST_STEP][PASSED] - Statement - assert POAFlag == "false": null

2018-10-02 15:05:59 - [TEST_STEP][PASSED] - Statement - assert Price == "0.0": null

2018-10-02 15:05:59 - [TEST_STEP][PASSED] - Statement - count_CSV += 1: null

2018-10-02 15:05:59 - [TEST_STEP][PASSED] - Statement - assert Name == Name: null

2018-10-02 15:05:59 - [TEST_STEP][PASSED] - Statement - assert DMSOperationalCode == DMSOperationalCode: null

2018-10-02 15:05:59 - [TEST_STEP][PASSED] - Statement - _duration = Duration: null

2018-10-02 15:05:59 - [TEST_STEP][PASSED] - Statement - If (!(_duration.contains("."))): null

2018-10-02 15:05:59 - [TEST_STEP][PASSED] - Statement - assert RoundNumber.call(Duration) == _duration: null

2018-10-02 15:05:59 - [TEST_STEP][PASSED] - Statement - _price = DealerPrice: null

2018-10-02 15:05:59 - [TEST_STEP][PASSED] - Statement - If (!(_price.contains("."))): null

2018-10-02 15:05:59 - [TEST_STEP][PASSED] - Statement - assert RoundNumber.call(DealerPrice) == _price: null

2018-10-02 15:05:59 - [TEST_STEP][PASSED] - Statement - assert ServiceType == ServiceType: null

2018-10-02 15:05:59 - [TEST_STEP][PASSED] - Statement - assert ServiceCode == null: null

2018-10-02 15:05:59 - [TEST_STEP][PASSED] - Statement - assert EMFlag == "false": null

2018-10-02 15:05:59 - [TEST_STEP][PASSED] - Statement - assert EMDuration == "0.0": null

2018-10-02 15:05:59 - [TEST_STEP][PASSED] - Statement - assert POAFlag == "false": null

2018-10-02 15:05:59 - [TEST_STEP][PASSED] - Statement - assert Price == "0.0": null

2018-10-02 15:05:59 - [TEST_STEP][PASSED] - Statement - count_CSV += 1: null

2018-10-02 15:05:59 - [TEST_STEP][PASSED] - Statement - assert Name == Name: null

2018-10-02 15:05:59 - [TEST_STEP][PASSED] - Statement - assert DMSOperationalCode == DMSOperationalCode: null

2018-10-02 15:05:59 - [TEST_STEP][PASSED] - Statement - _duration = Duration: null

2018-10-02 15:05:59 - [TEST_STEP][PASSED] - Statement - If (!(_duration.contains("."))): null

2018-10-02 15:05:59 - [TEST_STEP][PASSED] - Statement - assert RoundNumber.call(Duration) == _duration: null

2018-10-02 15:05:59 - [TEST_STEP][PASSED] - Statement - _price = DealerPrice: null

2018-10-02 15:05:59 - [TEST_STEP][PASSED] - Statement - If (!(_price.contains("."))): null

2018-10-02 15:05:59 - [TEST_STEP][PASSED] - Statement - assert RoundNumber.call(DealerPrice) == _price: null

2018-10-02 15:05:59 - [TEST_STEP][PASSED] - Statement - assert ServiceType == ServiceType: null

2018-10-02 15:05:59 - [TEST_STEP][PASSED] - Statement - assert ServiceCode == null: null

2018-10-02 15:05:59 - [TEST_STEP][PASSED] - Statement - assert EMFlag == "false": null

2018-10-02 15:05:59 - [TEST_STEP][PASSED] - Statement - assert EMDuration == "0.0": null

2018-10-02 15:05:59 - [TEST_STEP][PASSED] - Statement - assert POAFlag == "false": null

2018-10-02 15:05:59 - [TEST_STEP][PASSED] - Statement - assert Price == "0.0": null

2018-10-02 15:05:59 - [TEST_STEP][PASSED] - Statement - count_CSV += 1: null

2018-10-02 15:05:59 - [TEST_STEP][PASSED] - Statement - assert Name == Name: null

2018-10-02 15:05:59 - [TEST_STEP][PASSED] - Statement - assert DMSOperationalCode == DMSOperationalCode: null

2018-10-02 15:05:59 - [TEST_STEP][PASSED] - Statement - _duration = Duration: null

2018-10-02 15:05:59 - [TEST_STEP][PASSED] - Statement - If (!(_duration.contains("."))): null

2018-10-02 15:05:59 - [TEST_STEP][PASSED] - Statement - assert RoundNumber.call(Duration) == _duration: null

2018-10-02 15:05:59 - [TEST_STEP][PASSED] - Statement - _price = DealerPrice: null

2018-10-02 15:05:59 - [TEST_STEP][PASSED] - Statement - If (!(_price.contains("."))): null

2018-10-02 15:05:59 - [TEST_STEP][PASSED] - Statement - assert RoundNumber.call(DealerPrice) == _price: null

2018-10-02 15:05:59 - [TEST_STEP][PASSED] - Statement - assert ServiceType == ServiceType: null

2018-10-02 15:05:59 - [TEST_STEP][PASSED] - Statement - assert ServiceCode == null: null

2018-10-02 15:05:59 - [TEST_STEP][PASSED] - Statement - assert EMFlag == "false": null

2018-10-02 15:05:59 - [TEST_STEP][PASSED] - Statement - assert EMDuration == "0.0": null

2018-10-02 15:05:59 - [TEST_STEP][PASSED] - Statement - assert POAFlag == "false": null

2018-10-02 15:05:59 - [TEST_STEP][PASSED] - Statement - assert Price == "0.0": null

2018-10-02 15:05:59 - [TEST_STEP][PASSED] - Statement - count_CSV += 1: null

2018-10-02 15:05:59 - [TEST_STEP][PASSED] - Statement - assert Name == Name: null

2018-10-02 15:05:59 - [TEST_STEP][PASSED] - Statement - assert DMSOperationalCode == DMSOperationalCode: null

2018-10-02 15:05:59 - [TEST_STEP][PASSED] - Statement - _duration = Duration: null

2018-10-02 15:05:59 - [TEST_STEP][PASSED] - Statement - If (!(_duration.contains("."))): null

2018-10-02 15:05:59 - [TEST_STEP][PASSED] - Statement - assert RoundNumber.call(Duration) == _duration: null

2018-10-02 15:05:59 - [TEST_STEP][PASSED] - Statement - _price = DealerPrice: null

2018-10-02 15:05:59 - [TEST_STEP][PASSED] - Statement - If (!(_price.contains("."))): null

2018-10-02 15:05:59 - [TEST_STEP][PASSED] - Statement - assert RoundNumber.call(DealerPrice) == _price: null

2018-10-02 15:05:59 - [TEST_STEP][PASSED] - Statement - assert ServiceType == ServiceType: null

2018-10-02 15:05:59 - [TEST_STEP][PASSED] - Statement - assert ServiceCode == null: null

2018-10-02 15:05:59 - [TEST_STEP][PASSED] - Statement - assert EMFlag == "false": null

2018-10-02 15:05:59 - [TEST_STEP][PASSED] - Statement - assert EMDuration == "0.0": null

2018-10-02 15:05:59 - [TEST_STEP][PASSED] - Statement - assert POAFlag == "false": null

2018-10-02 15:05:59 - [TEST_STEP][PASSED] - Statement - assert Price == "0.0": null

2018-10-02 15:05:59 - [TEST_STEP][PASSED] - Statement - count_CSV += 1: null

2018-10-02 15:05:59 - [TEST_STEP][PASSED] - Statement - assert Name == Name: null

2018-10-02 15:05:59 - [TEST_STEP][PASSED] - Statement - assert DMSOperationalCode == DMSOperationalCode: null

2018-10-02 15:05:59 - [TEST_STEP][PASSED] - Statement - _duration = Duration: null

2018-10-02 15:05:59 - [TEST_STEP][PASSED] - Statement - If (!(_duration.contains("."))): null

2018-10-02 15:05:59 - [TEST_STEP][PASSED] - Statement - assert RoundNumber.call(Duration) == _duration: null

2018-10-02 15:05:59 - [TEST_STEP][PASSED] - Statement - _price = DealerPrice: null

2018-10-02 15:05:59 - [TEST_STEP][PASSED] - Statement - If (!(_price.contains("."))): null

2018-10-02 15:05:59 - [TEST_STEP][PASSED] - Statement - assert RoundNumber.call(DealerPrice) == _price: null

2018-10-02 15:05:59 - [TEST_STEP][PASSED] - Statement - assert ServiceType == ServiceType: null

2018-10-02 15:05:59 - [TEST_STEP][PASSED] - Statement - assert ServiceCode == null: null

2018-10-02 15:05:59 - [TEST_STEP][PASSED] - Statement - assert EMFlag == "false": null

2018-10-02 15:05:59 - [TEST_STEP][PASSED] - Statement - assert EMDuration == "0.0": null

2018-10-02 15:05:59 - [TEST_STEP][PASSED] - Statement - assert POAFlag == "false": null

2018-10-02 15:05:59 - [TEST_STEP][PASSED] - Statement - assert Price == "0.0": null

2018-10-02 15:05:59 - [TEST_STEP][PASSED] - Statement - count_CSV += 1: null

2018-10-02 15:05:59 - [TEST_STEP][PASSED] - Statement - assert Name == Name: null

2018-10-02 15:05:59 - [TEST_STEP][PASSED] - Statement - assert DMSOperationalCode == DMSOperationalCode: null

2018-10-02 15:05:59 - [TEST_STEP][PASSED] - Statement - _duration = Duration: null

2018-10-02 15:05:59 - [TEST_STEP][PASSED] - Statement - If (!(_duration.contains("."))): null

2018-10-02 15:05:59 - [TEST_STEP][PASSED] - Statement - assert RoundNumber.call(Duration) == _duration: null

2018-10-02 15:05:59 - [TEST_STEP][PASSED] - Statement - _price = DealerPrice: null

2018-10-02 15:05:59 - [TEST_STEP][PASSED] - Statement - If (!(_price.contains("."))): null

2018-10-02 15:05:59 - [TEST_STEP][PASSED] - Statement - assert RoundNumber.call(DealerPrice) == _price: null

2018-10-02 15:05:59 - [TEST_STEP][PASSED] - Statement - assert ServiceType == ServiceType: null

2018-10-02 15:05:59 - [TEST_STEP][PASSED] - Statement - assert ServiceCode == null: null

2018-10-02 15:05:59 - [TEST_STEP][PASSED] - Statement - assert EMFlag == "false": null

2018-10-02 15:05:59 - [TEST_STEP][PASSED] - Statement - assert EMDuration == "0.0": null

2018-10-02 15:05:59 - [TEST_STEP][PASSED] - Statement - assert POAFlag == "false": null

2018-10-02 15:05:59 - [TEST_STEP][PASSED] - Statement - assert Price == "0.0": null

2018-10-02 15:05:59 - [TEST_STEP][PASSED] - Statement - count_CSV += 1: null

2018-10-02 15:05:59 - [TEST_STEP][PASSED] - Statement - assert Name == Name: null

2018-10-02 15:05:59 - [TEST_STEP][PASSED] - Statement - assert DMSOperationalCode == DMSOperationalCode: null

2018-10-02 15:05:59 - [TEST_STEP][PASSED] - Statement - _duration = Duration: null

2018-10-02 15:05:59 - [TEST_STEP][PASSED] - Statement - If (!(_duration.contains("."))): null

2018-10-02 15:05:59 - [TEST_STEP][PASSED] - Statement - assert RoundNumber.call(Duration) == _duration: null

2018-10-02 15:05:59 - [TEST_STEP][PASSED] - Statement - _price = DealerPrice: null

2018-10-02 15:05:59 - [TEST_STEP][PASSED] - Statement - If (!(_price.contains("."))): null

2018-10-02 15:05:59 - [TEST_STEP][PASSED] - Statement - assert RoundNumber.call(DealerPrice) == _price: null

2018-10-02 15:05:59 - [TEST_STEP][PASSED] - Statement - assert ServiceType == ServiceType: null

2018-10-02 15:05:59 - [TEST_STEP][PASSED] - Statement - assert ServiceCode == null: null

2018-10-02 15:05:59 - [TEST_STEP][PASSED] - Statement - assert EMFlag == "false": null

2018-10-02 15:05:59 - [TEST_STEP][PASSED] - Statement - assert EMDuration == "0.0": null

2018-10-02 15:05:59 - [TEST_STEP][PASSED] - Statement - assert POAFlag == "false": null

2018-10-02 15:05:59 - [TEST_STEP][PASSED] - Statement - assert Price == "0.0": null

2018-10-02 15:05:59 - [TEST_STEP][PASSED] - Statement - count_CSV += 1: null

2018-10-02 15:05:59 - [TEST_STEP][PASSED] - Statement - assert Name == Name: null

2018-10-02 15:05:59 - [TEST_STEP][PASSED] - Statement - assert DMSOperationalCode == DMSOperationalCode: null

2018-10-02 15:05:59 - [TEST_STEP][PASSED] - Statement - _duration = Duration: null

2018-10-02 15:05:59 - [TEST_STEP][PASSED] - Statement - If (!(_duration.contains("."))): null

2018-10-02 15:05:59 - [TEST_STEP][PASSED] - Statement - assert RoundNumber.call(Duration) == _duration: null

2018-10-02 15:05:59 - [TEST_STEP][PASSED] - Statement - _price = DealerPrice: null

2018-10-02 15:05:59 - [TEST_STEP][PASSED] - Statement - If (!(_price.contains("."))): null

2018-10-02 15:05:59 - [TEST_STEP][PASSED] - Statement - assert RoundNumber.call(DealerPrice) == _price: null

2018-10-02 15:05:59 - [TEST_STEP][PASSED] - Statement - assert ServiceType == ServiceType: null

2018-10-02 15:05:59 - [TEST_STEP][PASSED] - Statement - assert ServiceCode == null: null

2018-10-02 15:05:59 - [TEST_STEP][PASSED] - Statement - assert EMFlag == "false": null

2018-10-02 15:05:59 - [TEST_STEP][PASSED] - Statement - assert EMDuration == "0.0": null

2018-10-02 15:05:59 - [TEST_STEP][PASSED] - Statement - assert POAFlag == "false": null

2018-10-02 15:05:59 - [TEST_STEP][PASSED] - Statement - assert Price == "0.0": null

2018-10-02 15:05:59 - [TEST_STEP][PASSED] - Statement - count_CSV += 1: null

2018-10-02 15:05:59 - [TEST_STEP][PASSED] - Statement - assert Name == Name: null

2018-10-02 15:05:59 - [TEST_STEP][PASSED] - Statement - assert DMSOperationalCode == DMSOperationalCode: null

2018-10-02 15:05:59 - [TEST_STEP][PASSED] - Statement - _duration = Duration: null

2018-10-02 15:05:59 - [TEST_STEP][PASSED] - Statement - If (!(_duration.contains("."))): null

2018-10-02 15:05:59 - [TEST_STEP][PASSED] - Statement - assert RoundNumber.call(Duration) == _duration: null

2018-10-02 15:05:59 - [TEST_STEP][PASSED] - Statement - _price = DealerPrice: null

2018-10-02 15:05:59 - [TEST_STEP][PASSED] - Statement - If (!(_price.contains("."))): null

2018-10-02 15:05:59 - [TEST_STEP][PASSED] - Statement - assert RoundNumber.call(DealerPrice) == _price: null

2018-10-02 15:05:59 - [TEST_STEP][PASSED] - Statement - assert ServiceType == ServiceType: null

2018-10-02 15:05:59 - [TEST_STEP][PASSED] - Statement - assert ServiceCode == null: null

2018-10-02 15:05:59 - [TEST_STEP][PASSED] - Statement - assert EMFlag == "false": null

2018-10-02 15:05:59 - [TEST_STEP][PASSED] - Statement - assert EMDuration == "0.0": null

2018-10-02 15:05:59 - [TEST_STEP][PASSED] - Statement - assert POAFlag == "false": null

2018-10-02 15:05:59 - [TEST_STEP][PASSED] - Statement - assert Price == "0.0": null

2018-10-02 15:05:59 - [TEST_STEP][PASSED] - Statement - count_CSV += 1: null

2018-10-02 15:05:59 - [TEST_STEP][PASSED] - Statement - assert Name == Name: null

2018-10-02 15:05:59 - [TEST_STEP][PASSED] - Statement - assert DMSOperationalCode == DMSOperationalCode: null

2018-10-02 15:05:59 - [TEST_STEP][PASSED] - Statement - _duration = Duration: null

2018-10-02 15:05:59 - [TEST_STEP][PASSED] - Statement - If (!(_duration.contains("."))): null

2018-10-02 15:05:59 - [TEST_STEP][PASSED] - Statement - assert RoundNumber.call(Duration) == _duration: null

2018-10-02 15:05:59 - [TEST_STEP][PASSED] - Statement - _price = DealerPrice: null

2018-10-02 15:05:59 - [TEST_STEP][PASSED] - Statement - If (!(_price.contains("."))): null

2018-10-02 15:05:59 - [TEST_STEP][PASSED] - Statement - assert RoundNumber.call(DealerPrice) == _price: null

2018-10-02 15:05:59 - [TEST_STEP][PASSED] - Statement - assert ServiceType == ServiceType: null

2018-10-02 15:05:59 - [TEST_STEP][PASSED] - Statement - assert ServiceCode == null: null

2018-10-02 15:05:59 - [TEST_STEP][PASSED] - Statement - assert EMFlag == "false": null

2018-10-02 15:05:59 - [TEST_STEP][PASSED] - Statement - assert EMDuration == "0.0": null

2018-10-02 15:05:59 - [TEST_STEP][PASSED] - Statement - assert POAFlag == "false": null

2018-10-02 15:05:59 - [TEST_STEP][PASSED] - Statement - assert Price == "0.0": null

2018-10-02 15:05:59 - [TEST_STEP][PASSED] - Statement - count_CSV += 1: null

2018-10-02 15:05:59 - [TEST_STEP][PASSED] - Statement - assert Name == Name: null

2018-10-02 15:05:59 - [TEST_STEP][PASSED] - Statement - assert DMSOperationalCode == DMSOperationalCode: null

2018-10-02 15:05:59 - [TEST_STEP][PASSED] - Statement - _duration = Duration: null

2018-10-02 15:05:59 - [TEST_STEP][PASSED] - Statement - If (!(_duration.contains("."))): null

2018-10-02 15:05:59 - [TEST_STEP][PASSED] - Statement - assert RoundNumber.call(Duration) == _duration: null

2018-10-02 15:05:59 - [TEST_STEP][PASSED] - Statement - _price = DealerPrice: null

2018-10-02 15:05:59 - [TEST_STEP][PASSED] - Statement - If (!(_price.contains("."))): null

2018-10-02 15:05:59 - [TEST_STEP][PASSED] - Statement - assert RoundNumber.call(DealerPrice) == _price: null

2018-10-02 15:05:59 - [TEST_STEP][PASSED] - Statement - assert ServiceType == ServiceType: null

2018-10-02 15:05:59 - [TEST_STEP][PASSED] - Statement - assert ServiceCode == null: null

2018-10-02 15:05:59 - [TEST_STEP][PASSED] - Statement - assert EMFlag == "false": null

2018-10-02 15:05:59 - [TEST_STEP][PASSED] - Statement - assert EMDuration == "0.0": null

2018-10-02 15:05:59 - [TEST_STEP][PASSED] - Statement - assert POAFlag == "false": null

2018-10-02 15:05:59 - [TEST_STEP][PASSED] - Statement - assert Price == "0.0": null

2018-10-02 15:05:59 - [TEST_STEP][PASSED] - Statement - count_CSV += 1: null

2018-10-02 15:05:59 - [TEST_STEP][PASSED] - Statement - assert OpCodeJSON == count_CSV: null

2018-10-02 15:05:59 - [MESSAGE][PASSED] - Call Test Case 'Test Cases/TOYOTA/Library_TestCase/Toyota_GetServiceOperation_JSON - V2' successfully

2018-10-02 15:05:59 - [TEST_STEP][PASSED] - Statement - If (var_Status_GetOffTime == "true"): null

2018-10-02 15:05:59 - [TEST_STEP][PASSED] - Statement - If (var_Status_PickupTime == "true"): null

2018-10-02 15:05:59 - [TEST_STEP][PASSED] - Statement - If (var_Status_ReservedTimeslot == "true"): null

2018-10-02 15:05:59 - [TEST_STEP][PASSED] - Statement - If (var_Status_GetTransport == "true"): null

2018-10-02 15:05:59 - [TEST_STEP][PASSED] - Statement - If (var_Status_MakeBooking == "true"): null

2018-10-02 15:05:59 - [TEST_STEP][PASSED] - Statement - If (var_Status_SearchBooking == "true"): null

2018-10-02 15:05:59 - [TEST_STEP][PASSED] - Statement - If (var_Status_GetBookingDetail == "true"): null

2018-10-02 15:05:59 - [TEST_STEP][PASSED] - Statement - If (var_Status_ChangeBooking == "true"): null

2018-10-02 15:05:59 - [TEST_STEP][PASSED] - Statement - If (var_Status_CancelBooking == "true"): null]]></system-out>
         <system-err><![CDATA[]]></system-err>
      </testcase>
      <testcase name="Test Cases/TOYOTA/Main_Toyota_TestCase - AllSprints" classname="Test Cases/TOYOTA/Main_Toyota_TestCase - AllSprints" status="PASSED">
         <system-out><![CDATA[2018-10-02 15:05:59 - [TEST_CASE][PASSED] - Test Cases/TOYOTA/Main_Toyota_TestCase - AllSprints: Test Cases/TOYOTA/Main_Toyota_TestCase - AllSprints

2018-10-02 15:05:59 - [TEST_STEP][PASSED] - callTestCase: Call Test Case 'Test Cases/TOYOTA/Library_TestCase/Setup_Method_And_Variables - V1' successfully

2018-10-02 15:05:59 - [TEST_CASE][PASSED] - Test Cases/TOYOTA/Library_TestCase/Setup_Method_And_Variables - V1: Test Cases/TOYOTA/Library_TestCase/Setup_Method_And_Variables - V1

2018-10-02 15:05:59 - [TEST_STEP][PASSED] - Statement - If (!(Setup_Interval == "")): null

2018-10-02 15:05:59 - [TEST_STEP][PASSED] - Statement - If (!(Setup_WorkshopStart == "")): null

2018-10-02 15:05:59 - [TEST_STEP][PASSED] - Statement - If (!(Setup_WorkshopEnd == "")): null

2018-10-02 15:05:59 - [TEST_STEP][PASSED] - Statement - If (!(Setup_Dealer_Code == "")): null

2018-10-02 15:05:59 - [TEST_STEP][PASSED] - Statement - If (!(Setup_Location_Code == "")): null

2018-10-02 15:05:59 - [TEST_STEP][PASSED] - Statement - If (!(Setup_VIN == "")): null

2018-10-02 15:05:59 - [TEST_STEP][PASSED] - Statement - If (!(Setup_REGNumber == "")): null

2018-10-02 15:05:59 - [TEST_STEP][PASSED] - Statement - If (!(Setup_FirstName == "")): null

2018-10-02 15:05:59 - [TEST_STEP][PASSED] - Statement - If (!(Setup_LastName == "")): null

2018-10-02 15:05:59 - [TEST_STEP][PASSED] - Statement - If (!(Setup_TotalPrice == "")): null

2018-10-02 15:05:59 - [TEST_STEP][PASSED] - Statement - If (!(Setup_TotalDuration == "")): null

2018-10-02 15:05:59 - [TEST_STEP][PASSED] - Statement - If (!(Setup_StartDropDate == "")): null

2018-10-02 15:05:59 - [TEST_STEP][PASSED] - Statement - If (!(Setup_EndDropDate == "")): null

2018-10-02 15:05:59 - [TEST_STEP][PASSED] - Statement - If (!(Setup_StartSearchDate == "")): null

2018-10-02 15:05:59 - [TEST_STEP][PASSED] - Statement - If (!(Setup_EndSearchDate == "")): null

2018-10-02 15:05:59 - [TEST_STEP][PASSED] - Statement - If (!(Setup_Duration == "")): null

2018-10-02 15:05:59 - [TEST_STEP][PASSED] - Statement - If (!(Setup_ServiceDate == "")): null

2018-10-02 15:05:59 - [TEST_STEP][PASSED] - Statement - If (!(Setup_StartDropDate == "")): null

2018-10-02 15:05:59 - [TEST_STEP][PASSED] - Statement - If (!(Setup_EndDropDate == "")): null

2018-10-02 15:05:59 - [TEST_STEP][PASSED] - Statement - If (!(Setup_StartSearchDate == "")): null

2018-10-02 15:05:59 - [TEST_STEP][PASSED] - Statement - If (!(Setup_EndSearchDate == "")): null

2018-10-02 15:05:59 - [TEST_STEP][PASSED] - Statement - If (!(Setup_BookingId == "")): null

2018-10-02 15:05:59 - [TEST_STEP][PASSED] - Statement - If (!(Setup_ServiceType == "")): null

2018-10-02 15:05:59 - [TEST_STEP][PASSED] - Statement - SetDate = { java.util.Date current_time, int number_month, int number_day, int number_hour, java.lang.String format_date -> ... }: null

2018-10-02 15:05:59 - [TEST_STEP][PASSED] - Statement - RandomNumber = { int number -> ... }: null

2018-10-02 15:05:59 - [TEST_STEP][PASSED] - Statement - today = new java.util.Date(): null

2018-10-02 15:05:59 - [TEST_STEP][PASSED] - Statement - current_date = today.format("YYYY-MM-dd"): null

2018-10-02 15:05:59 - [TEST_STEP][PASSED] - Statement - Glb_Current_Date = current_date: null

2018-10-02 15:05:59 - [TEST_STEP][PASSED] - Statement - Glb_Current_Hour = SetDate.call(today, 0, 0, 3, "HH:mm"): null

2018-10-02 15:05:59 - [TEST_STEP][PASSED] - Statement - If (Glb_ServiceDate.toString().toLowerCase() == "cr"): null

2018-10-02 15:05:59 - [TEST_STEP][PASSED] - Statement - If (Glb_StartDate.toString().toLowerCase() == "cr"): null

2018-10-02 15:05:59 - [TEST_STEP][PASSED] - Statement - If (Glb_EndDate.toString().toLowerCase() == "cr"): null

2018-10-02 15:05:59 - [TEST_STEP][PASSED] - Statement - If (Glb_StartSearchDate.toString().toLowerCase() == "cr"): null

2018-10-02 15:05:59 - [TEST_STEP][PASSED] - Statement - If (Glb_EndSearchDate.toString().toLowerCase() == "cr"): null

2018-10-02 15:05:59 - [TEST_STEP][PASSED] - Statement - Glb_ContactId = "1901" + RandomNumber.call(999999): null

2018-10-02 15:05:59 - [MESSAGE][PASSED] - Call Test Case 'Test Cases/TOYOTA/Library_TestCase/Setup_Method_And_Variables - V1' successfully

2018-10-02 15:05:59 - [TEST_STEP][PASSED] - Statement - If (var_Status_OpCode == "true"): Call Test Case 'Test Cases/TOYOTA/Library_TestCase/Toyota_GetServiceOperation_JSON - V2' successfully

2018-10-02 15:05:59 - [TEST_STEP][PASSED] - callTestCase: Call Test Case 'Test Cases/TOYOTA/Library_TestCase/Toyota_GetServiceOperation_JSON - V2' successfully

2018-10-02 15:05:59 - [TEST_CASE][PASSED] - Test Cases/TOYOTA/Library_TestCase/Toyota_GetServiceOperation_JSON - V2: Test Cases/TOYOTA/Library_TestCase/Toyota_GetServiceOperation_JSON - V2

2018-10-02 15:05:59 - [TEST_STEP][PASSED] - Statement - RoundNumber = { java.lang.Float floatnumber -> ... }: null

2018-10-02 15:05:59 - [TEST_STEP][PASSED] - Statement - ServiceType = Glb_ServiceType: null

2018-10-02 15:05:59 - [TEST_STEP][PASSED] - Statement - Filepath = <not implemented yet for class: org.codehaus.groovy.ast.expr.EmptyExpression>: null

2018-10-02 15:05:59 - [TEST_STEP][PASSED] - Statement - If (Glb_ServiceType == "OSB_SERVICE_TYPE_LOGBOOK"): null

2018-10-02 15:05:59 - [TEST_STEP][PASSED] - Statement - Else: null

2018-10-02 15:05:59 - [TEST_STEP][PASSED] - Statement - Filepath = "Data Files/Toyota/OperationCode_ADDITIONAL.csv": null

2018-10-02 15:05:59 - [TEST_STEP][PASSED] - Statement - GetServiceOperation = com.kms.katalon.core.testobject.ObjectRepository.findTestObject(Toyota/GetServiceOperations_JSON, [Dealer_Code:internal.GlobalVariable.Glb_Dealer_Code, Location_Code:internal.GlobalVariable.Glb_Location_Code, VIN:internal.GlobalVariable.Glb_VIN, ... ]): Finding Test Object with id 'Object Repository/Toyota/GetServiceOperations_JSON'

2018-10-02 15:05:59 - [TEST_STEP][PASSED] - Statement - GetServiceOperation.getHttpHeaderProperties().add(new com.kms.katalon.core.testobject.TestObjectProperty(Authorization, com.kms.katalon.core.testobject.ConditionType.EQUALS, (Basic  + internal.GlobalVariable.Glb_Authorization_Token))): null

2018-10-02 15:05:59 - [TEST_STEP][PASSED] - Statement - res_GetServiceOperation = com.kms.katalon.core.webservice.keyword.WSBuiltInKeywords.sendRequest(GetServiceOperation): Send request successfully

2018-10-02 15:06:05 - [MESSAGE][PASSED] - Send request successfully

2018-10-02 15:06:05 - [TEST_STEP][PASSED] - Statement - If (!(Glb_Dealer_Code == "765A")): null

2018-10-02 15:06:05 - [TEST_STEP][PASSED] - Statement - Else If (!(Glb_ServiceType == "OSB_SERVICE_TYPE_LOGBOOK" || Glb_ServiceType == "OSB_SERVICE_TYPE_ADDITIONAL")): null

2018-10-02 15:06:05 - [TEST_STEP][PASSED] - Statement - Else If (Glb_Location_Code == "2" || Glb_Location_Code == "3" || Glb_Location_Code == "5"): null

2018-10-02 15:06:05 - [TEST_STEP][PASSED] - Statement - Else If (!(Glb_Location_Code == "1" || Glb_Location_Code == "4" || Glb_Location_Code == "360")): null

2018-10-02 15:06:05 - [TEST_STEP][PASSED] - Statement - Else If (Glb_VIN.toString().toLowerCase() == "invalid"): null

2018-10-02 15:06:05 - [TEST_STEP][PASSED] - Statement - Else: null

2018-10-02 15:06:05 - [TEST_STEP][PASSED] - Statement - VerifyResponse(res_GetServiceOperation, 200, ""): null

2018-10-02 15:06:05 - [TEST_STEP][PASSED] - verifyResponseStatusCode: Verify response status code successfully

2018-10-02 15:06:05 - [MESSAGE][PASSED] - Verify response status code successfully

2018-10-02 15:06:05 - [TEST_STEP][PASSED] - Statement - res_Text = new groovy.json.JsonSlurper().parseText(response.getResponseText()): null

2018-10-02 15:06:05 - [TEST_STEP][PASSED] - Statement - If (!(ExpectedMessage == "")): null

2018-10-02 15:06:05 - [TEST_STEP][PASSED] - Statement - res_Text = new groovy.json.JsonSlurper().parseText(res_GetServiceOperation.getResponseText()): null

2018-10-02 15:06:05 - [TEST_STEP][PASSED] - Statement - OpCodeJSON = 0: null

2018-10-02 15:06:05 - [TEST_STEP][PASSED] - Statement - res_Text.each({ -> ... }): null

2018-10-02 15:06:05 - [TEST_STEP][PASSED] - Statement - count_CSV = 0: null

2018-10-02 15:06:05 - [TEST_STEP][PASSED] - Statement - CSVReader = new java.io.File(Filepath): null

2018-10-02 15:06:05 - [TEST_STEP][PASSED] - Statement - csv_content = CSVReader.getText("utf-8"): null

2018-10-02 15:06:05 - [TEST_STEP][PASSED] - Statement - CSVData = com.xlson.groovycsv.CsvParser.parseCsv([separator:,, readFirstLine:false], csv_content): null

2018-10-02 15:06:05 - [TEST_STEP][PASSED] - Statement - For (def line : CSVData): null

2018-10-02 15:06:05 - [TEST_STEP][PASSED] - Statement - assert Name == Name: null

2018-10-02 15:06:05 - [TEST_STEP][PASSED] - Statement - assert DMSOperationalCode == DMSOperationalCode: null

2018-10-02 15:06:05 - [TEST_STEP][PASSED] - Statement - _duration = Duration: null

2018-10-02 15:06:05 - [TEST_STEP][PASSED] - Statement - If (!(_duration.contains("."))): null

2018-10-02 15:06:05 - [TEST_STEP][PASSED] - Statement - assert RoundNumber.call(Duration) == _duration: null

2018-10-02 15:06:05 - [TEST_STEP][PASSED] - Statement - _price = DealerPrice: null

2018-10-02 15:06:05 - [TEST_STEP][PASSED] - Statement - If (!(_price.contains("."))): null

2018-10-02 15:06:05 - [TEST_STEP][PASSED] - Statement - assert RoundNumber.call(DealerPrice) == _price: null

2018-10-02 15:06:05 - [TEST_STEP][PASSED] - Statement - assert ServiceType == ServiceType: null

2018-10-02 15:06:05 - [TEST_STEP][PASSED] - Statement - assert ServiceCode == null: null

2018-10-02 15:06:05 - [TEST_STEP][PASSED] - Statement - assert EMFlag == "false": null

2018-10-02 15:06:05 - [TEST_STEP][PASSED] - Statement - assert EMDuration == "0.0": null

2018-10-02 15:06:05 - [TEST_STEP][PASSED] - Statement - assert POAFlag == "false": null

2018-10-02 15:06:05 - [TEST_STEP][PASSED] - Statement - assert Price == "0.0": null

2018-10-02 15:06:05 - [TEST_STEP][PASSED] - Statement - count_CSV += 1: null

2018-10-02 15:06:05 - [TEST_STEP][PASSED] - Statement - assert Name == Name: null

2018-10-02 15:06:05 - [TEST_STEP][PASSED] - Statement - assert DMSOperationalCode == DMSOperationalCode: null

2018-10-02 15:06:05 - [TEST_STEP][PASSED] - Statement - _duration = Duration: null

2018-10-02 15:06:05 - [TEST_STEP][PASSED] - Statement - If (!(_duration.contains("."))): null

2018-10-02 15:06:05 - [TEST_STEP][PASSED] - Statement - assert RoundNumber.call(Duration) == _duration: null

2018-10-02 15:06:05 - [TEST_STEP][PASSED] - Statement - _price = DealerPrice: null

2018-10-02 15:06:05 - [TEST_STEP][PASSED] - Statement - If (!(_price.contains("."))): null

2018-10-02 15:06:05 - [TEST_STEP][PASSED] - Statement - assert RoundNumber.call(DealerPrice) == _price: null

2018-10-02 15:06:05 - [TEST_STEP][PASSED] - Statement - assert ServiceType == ServiceType: null

2018-10-02 15:06:05 - [TEST_STEP][PASSED] - Statement - assert ServiceCode == null: null

2018-10-02 15:06:05 - [TEST_STEP][PASSED] - Statement - assert EMFlag == "false": null

2018-10-02 15:06:05 - [TEST_STEP][PASSED] - Statement - assert EMDuration == "0.0": null

2018-10-02 15:06:05 - [TEST_STEP][PASSED] - Statement - assert POAFlag == "false": null

2018-10-02 15:06:05 - [TEST_STEP][PASSED] - Statement - assert Price == "0.0": null

2018-10-02 15:06:05 - [TEST_STEP][PASSED] - Statement - count_CSV += 1: null

2018-10-02 15:06:05 - [TEST_STEP][PASSED] - Statement - assert Name == Name: null

2018-10-02 15:06:05 - [TEST_STEP][PASSED] - Statement - assert DMSOperationalCode == DMSOperationalCode: null

2018-10-02 15:06:05 - [TEST_STEP][PASSED] - Statement - _duration = Duration: null

2018-10-02 15:06:05 - [TEST_STEP][PASSED] - Statement - If (!(_duration.contains("."))): null

2018-10-02 15:06:05 - [TEST_STEP][PASSED] - Statement - assert RoundNumber.call(Duration) == _duration: null

2018-10-02 15:06:05 - [TEST_STEP][PASSED] - Statement - _price = DealerPrice: null

2018-10-02 15:06:05 - [TEST_STEP][PASSED] - Statement - If (!(_price.contains("."))): null

2018-10-02 15:06:05 - [TEST_STEP][PASSED] - Statement - assert RoundNumber.call(DealerPrice) == _price: null

2018-10-02 15:06:05 - [TEST_STEP][PASSED] - Statement - assert ServiceType == ServiceType: null

2018-10-02 15:06:05 - [TEST_STEP][PASSED] - Statement - assert ServiceCode == null: null

2018-10-02 15:06:05 - [TEST_STEP][PASSED] - Statement - assert EMFlag == "false": null

2018-10-02 15:06:05 - [TEST_STEP][PASSED] - Statement - assert EMDuration == "0.0": null

2018-10-02 15:06:05 - [TEST_STEP][PASSED] - Statement - assert POAFlag == "false": null

2018-10-02 15:06:05 - [TEST_STEP][PASSED] - Statement - assert Price == "0.0": null

2018-10-02 15:06:05 - [TEST_STEP][PASSED] - Statement - count_CSV += 1: null

2018-10-02 15:06:05 - [TEST_STEP][PASSED] - Statement - assert Name == Name: null

2018-10-02 15:06:05 - [TEST_STEP][PASSED] - Statement - assert DMSOperationalCode == DMSOperationalCode: null

2018-10-02 15:06:05 - [TEST_STEP][PASSED] - Statement - _duration = Duration: null

2018-10-02 15:06:05 - [TEST_STEP][PASSED] - Statement - If (!(_duration.contains("."))): null

2018-10-02 15:06:05 - [TEST_STEP][PASSED] - Statement - assert RoundNumber.call(Duration) == _duration: null

2018-10-02 15:06:05 - [TEST_STEP][PASSED] - Statement - _price = DealerPrice: null

2018-10-02 15:06:05 - [TEST_STEP][PASSED] - Statement - If (!(_price.contains("."))): null

2018-10-02 15:06:05 - [TEST_STEP][PASSED] - Statement - assert RoundNumber.call(DealerPrice) == _price: null

2018-10-02 15:06:05 - [TEST_STEP][PASSED] - Statement - assert ServiceType == ServiceType: null

2018-10-02 15:06:05 - [TEST_STEP][PASSED] - Statement - assert ServiceCode == null: null

2018-10-02 15:06:05 - [TEST_STEP][PASSED] - Statement - assert EMFlag == "false": null

2018-10-02 15:06:05 - [TEST_STEP][PASSED] - Statement - assert EMDuration == "0.0": null

2018-10-02 15:06:05 - [TEST_STEP][PASSED] - Statement - assert POAFlag == "false": null

2018-10-02 15:06:05 - [TEST_STEP][PASSED] - Statement - assert Price == "0.0": null

2018-10-02 15:06:05 - [TEST_STEP][PASSED] - Statement - count_CSV += 1: null

2018-10-02 15:06:05 - [TEST_STEP][PASSED] - Statement - assert Name == Name: null

2018-10-02 15:06:05 - [TEST_STEP][PASSED] - Statement - assert DMSOperationalCode == DMSOperationalCode: null

2018-10-02 15:06:05 - [TEST_STEP][PASSED] - Statement - _duration = Duration: null

2018-10-02 15:06:05 - [TEST_STEP][PASSED] - Statement - If (!(_duration.contains("."))): null

2018-10-02 15:06:05 - [TEST_STEP][PASSED] - Statement - assert RoundNumber.call(Duration) == _duration: null

2018-10-02 15:06:05 - [TEST_STEP][PASSED] - Statement - _price = DealerPrice: null

2018-10-02 15:06:05 - [TEST_STEP][PASSED] - Statement - If (!(_price.contains("."))): null

2018-10-02 15:06:05 - [TEST_STEP][PASSED] - Statement - assert RoundNumber.call(DealerPrice) == _price: null

2018-10-02 15:06:05 - [TEST_STEP][PASSED] - Statement - assert ServiceType == ServiceType: null

2018-10-02 15:06:05 - [TEST_STEP][PASSED] - Statement - assert ServiceCode == null: null

2018-10-02 15:06:05 - [TEST_STEP][PASSED] - Statement - assert EMFlag == "false": null

2018-10-02 15:06:05 - [TEST_STEP][PASSED] - Statement - assert EMDuration == "0.0": null

2018-10-02 15:06:05 - [TEST_STEP][PASSED] - Statement - assert POAFlag == "false": null

2018-10-02 15:06:05 - [TEST_STEP][PASSED] - Statement - assert Price == "0.0": null

2018-10-02 15:06:05 - [TEST_STEP][PASSED] - Statement - count_CSV += 1: null

2018-10-02 15:06:05 - [TEST_STEP][PASSED] - Statement - assert Name == Name: null

2018-10-02 15:06:05 - [TEST_STEP][PASSED] - Statement - assert DMSOperationalCode == DMSOperationalCode: null

2018-10-02 15:06:05 - [TEST_STEP][PASSED] - Statement - _duration = Duration: null

2018-10-02 15:06:05 - [TEST_STEP][PASSED] - Statement - If (!(_duration.contains("."))): null

2018-10-02 15:06:05 - [TEST_STEP][PASSED] - Statement - assert RoundNumber.call(Duration) == _duration: null

2018-10-02 15:06:05 - [TEST_STEP][PASSED] - Statement - _price = DealerPrice: null

2018-10-02 15:06:05 - [TEST_STEP][PASSED] - Statement - If (!(_price.contains("."))): null

2018-10-02 15:06:05 - [TEST_STEP][PASSED] - Statement - assert RoundNumber.call(DealerPrice) == _price: null

2018-10-02 15:06:05 - [TEST_STEP][PASSED] - Statement - assert ServiceType == ServiceType: null

2018-10-02 15:06:05 - [TEST_STEP][PASSED] - Statement - assert ServiceCode == null: null

2018-10-02 15:06:05 - [TEST_STEP][PASSED] - Statement - assert EMFlag == "false": null

2018-10-02 15:06:05 - [TEST_STEP][PASSED] - Statement - assert EMDuration == "0.0": null

2018-10-02 15:06:05 - [TEST_STEP][PASSED] - Statement - assert POAFlag == "false": null

2018-10-02 15:06:05 - [TEST_STEP][PASSED] - Statement - assert Price == "0.0": null

2018-10-02 15:06:05 - [TEST_STEP][PASSED] - Statement - count_CSV += 1: null

2018-10-02 15:06:05 - [TEST_STEP][PASSED] - Statement - assert Name == Name: null

2018-10-02 15:06:05 - [TEST_STEP][PASSED] - Statement - assert DMSOperationalCode == DMSOperationalCode: null

2018-10-02 15:06:05 - [TEST_STEP][PASSED] - Statement - _duration = Duration: null

2018-10-02 15:06:05 - [TEST_STEP][PASSED] - Statement - If (!(_duration.contains("."))): null

2018-10-02 15:06:05 - [TEST_STEP][PASSED] - Statement - assert RoundNumber.call(Duration) == _duration: null

2018-10-02 15:06:05 - [TEST_STEP][PASSED] - Statement - _price = DealerPrice: null

2018-10-02 15:06:05 - [TEST_STEP][PASSED] - Statement - If (!(_price.contains("."))): null

2018-10-02 15:06:05 - [TEST_STEP][PASSED] - Statement - assert RoundNumber.call(DealerPrice) == _price: null

2018-10-02 15:06:05 - [TEST_STEP][PASSED] - Statement - assert ServiceType == ServiceType: null

2018-10-02 15:06:05 - [TEST_STEP][PASSED] - Statement - assert ServiceCode == null: null

2018-10-02 15:06:05 - [TEST_STEP][PASSED] - Statement - assert EMFlag == "false": null

2018-10-02 15:06:05 - [TEST_STEP][PASSED] - Statement - assert EMDuration == "0.0": null

2018-10-02 15:06:05 - [TEST_STEP][PASSED] - Statement - assert POAFlag == "false": null

2018-10-02 15:06:05 - [TEST_STEP][PASSED] - Statement - assert Price == "0.0": null

2018-10-02 15:06:05 - [TEST_STEP][PASSED] - Statement - count_CSV += 1: null

2018-10-02 15:06:05 - [TEST_STEP][PASSED] - Statement - assert Name == Name: null

2018-10-02 15:06:05 - [TEST_STEP][PASSED] - Statement - assert DMSOperationalCode == DMSOperationalCode: null

2018-10-02 15:06:05 - [TEST_STEP][PASSED] - Statement - _duration = Duration: null

2018-10-02 15:06:05 - [TEST_STEP][PASSED] - Statement - If (!(_duration.contains("."))): null

2018-10-02 15:06:05 - [TEST_STEP][PASSED] - Statement - assert RoundNumber.call(Duration) == _duration: null

2018-10-02 15:06:05 - [TEST_STEP][PASSED] - Statement - _price = DealerPrice: null

2018-10-02 15:06:05 - [TEST_STEP][PASSED] - Statement - If (!(_price.contains("."))): null

2018-10-02 15:06:05 - [TEST_STEP][PASSED] - Statement - assert RoundNumber.call(DealerPrice) == _price: null

2018-10-02 15:06:05 - [TEST_STEP][PASSED] - Statement - assert ServiceType == ServiceType: null

2018-10-02 15:06:05 - [TEST_STEP][PASSED] - Statement - assert ServiceCode == null: null

2018-10-02 15:06:05 - [TEST_STEP][PASSED] - Statement - assert EMFlag == "false": null

2018-10-02 15:06:05 - [TEST_STEP][PASSED] - Statement - assert EMDuration == "0.0": null

2018-10-02 15:06:05 - [TEST_STEP][PASSED] - Statement - assert POAFlag == "false": null

2018-10-02 15:06:05 - [TEST_STEP][PASSED] - Statement - assert Price == "0.0": null

2018-10-02 15:06:05 - [TEST_STEP][PASSED] - Statement - count_CSV += 1: null

2018-10-02 15:06:05 - [TEST_STEP][PASSED] - Statement - assert Name == Name: null

2018-10-02 15:06:05 - [TEST_STEP][PASSED] - Statement - assert DMSOperationalCode == DMSOperationalCode: null

2018-10-02 15:06:05 - [TEST_STEP][PASSED] - Statement - _duration = Duration: null

2018-10-02 15:06:05 - [TEST_STEP][PASSED] - Statement - If (!(_duration.contains("."))): null

2018-10-02 15:06:05 - [TEST_STEP][PASSED] - Statement - assert RoundNumber.call(Duration) == _duration: null

2018-10-02 15:06:05 - [TEST_STEP][PASSED] - Statement - _price = DealerPrice: null

2018-10-02 15:06:05 - [TEST_STEP][PASSED] - Statement - If (!(_price.contains("."))): null

2018-10-02 15:06:05 - [TEST_STEP][PASSED] - Statement - assert RoundNumber.call(DealerPrice) == _price: null

2018-10-02 15:06:05 - [TEST_STEP][PASSED] - Statement - assert ServiceType == ServiceType: null

2018-10-02 15:06:05 - [TEST_STEP][PASSED] - Statement - assert ServiceCode == null: null

2018-10-02 15:06:05 - [TEST_STEP][PASSED] - Statement - assert EMFlag == "false": null

2018-10-02 15:06:05 - [TEST_STEP][PASSED] - Statement - assert EMDuration == "0.0": null

2018-10-02 15:06:05 - [TEST_STEP][PASSED] - Statement - assert POAFlag == "false": null

2018-10-02 15:06:05 - [TEST_STEP][PASSED] - Statement - assert Price == "0.0": null

2018-10-02 15:06:05 - [TEST_STEP][PASSED] - Statement - count_CSV += 1: null

2018-10-02 15:06:05 - [TEST_STEP][PASSED] - Statement - assert Name == Name: null

2018-10-02 15:06:05 - [TEST_STEP][PASSED] - Statement - assert DMSOperationalCode == DMSOperationalCode: null

2018-10-02 15:06:05 - [TEST_STEP][PASSED] - Statement - _duration = Duration: null

2018-10-02 15:06:05 - [TEST_STEP][PASSED] - Statement - If (!(_duration.contains("."))): null

2018-10-02 15:06:05 - [TEST_STEP][PASSED] - Statement - assert RoundNumber.call(Duration) == _duration: null

2018-10-02 15:06:05 - [TEST_STEP][PASSED] - Statement - _price = DealerPrice: null

2018-10-02 15:06:05 - [TEST_STEP][PASSED] - Statement - If (!(_price.contains("."))): null

2018-10-02 15:06:05 - [TEST_STEP][PASSED] - Statement - assert RoundNumber.call(DealerPrice) == _price: null

2018-10-02 15:06:05 - [TEST_STEP][PASSED] - Statement - assert ServiceType == ServiceType: null

2018-10-02 15:06:05 - [TEST_STEP][PASSED] - Statement - assert ServiceCode == null: null

2018-10-02 15:06:05 - [TEST_STEP][PASSED] - Statement - assert EMFlag == "false": null

2018-10-02 15:06:05 - [TEST_STEP][PASSED] - Statement - assert EMDuration == "0.0": null

2018-10-02 15:06:05 - [TEST_STEP][PASSED] - Statement - assert POAFlag == "false": null

2018-10-02 15:06:05 - [TEST_STEP][PASSED] - Statement - assert Price == "0.0": null

2018-10-02 15:06:05 - [TEST_STEP][PASSED] - Statement - count_CSV += 1: null

2018-10-02 15:06:05 - [TEST_STEP][PASSED] - Statement - assert Name == Name: null

2018-10-02 15:06:05 - [TEST_STEP][PASSED] - Statement - assert DMSOperationalCode == DMSOperationalCode: null

2018-10-02 15:06:05 - [TEST_STEP][PASSED] - Statement - _duration = Duration: null

2018-10-02 15:06:05 - [TEST_STEP][PASSED] - Statement - If (!(_duration.contains("."))): null

2018-10-02 15:06:05 - [TEST_STEP][PASSED] - Statement - assert RoundNumber.call(Duration) == _duration: null

2018-10-02 15:06:05 - [TEST_STEP][PASSED] - Statement - _price = DealerPrice: null

2018-10-02 15:06:05 - [TEST_STEP][PASSED] - Statement - If (!(_price.contains("."))): null

2018-10-02 15:06:05 - [TEST_STEP][PASSED] - Statement - assert RoundNumber.call(DealerPrice) == _price: null

2018-10-02 15:06:05 - [TEST_STEP][PASSED] - Statement - assert ServiceType == ServiceType: null

2018-10-02 15:06:05 - [TEST_STEP][PASSED] - Statement - assert ServiceCode == null: null

2018-10-02 15:06:05 - [TEST_STEP][PASSED] - Statement - assert EMFlag == "false": null

2018-10-02 15:06:05 - [TEST_STEP][PASSED] - Statement - assert EMDuration == "0.0": null

2018-10-02 15:06:05 - [TEST_STEP][PASSED] - Statement - assert POAFlag == "false": null

2018-10-02 15:06:05 - [TEST_STEP][PASSED] - Statement - assert Price == "0.0": null

2018-10-02 15:06:05 - [TEST_STEP][PASSED] - Statement - count_CSV += 1: null

2018-10-02 15:06:05 - [TEST_STEP][PASSED] - Statement - assert Name == Name: null

2018-10-02 15:06:05 - [TEST_STEP][PASSED] - Statement - assert DMSOperationalCode == DMSOperationalCode: null

2018-10-02 15:06:05 - [TEST_STEP][PASSED] - Statement - _duration = Duration: null

2018-10-02 15:06:05 - [TEST_STEP][PASSED] - Statement - If (!(_duration.contains("."))): null

2018-10-02 15:06:05 - [TEST_STEP][PASSED] - Statement - assert RoundNumber.call(Duration) == _duration: null

2018-10-02 15:06:05 - [TEST_STEP][PASSED] - Statement - _price = DealerPrice: null

2018-10-02 15:06:05 - [TEST_STEP][PASSED] - Statement - If (!(_price.contains("."))): null

2018-10-02 15:06:05 - [TEST_STEP][PASSED] - Statement - assert RoundNumber.call(DealerPrice) == _price: null

2018-10-02 15:06:05 - [TEST_STEP][PASSED] - Statement - assert ServiceType == ServiceType: null

2018-10-02 15:06:05 - [TEST_STEP][PASSED] - Statement - assert ServiceCode == null: null

2018-10-02 15:06:05 - [TEST_STEP][PASSED] - Statement - assert EMFlag == "false": null

2018-10-02 15:06:05 - [TEST_STEP][PASSED] - Statement - assert EMDuration == "0.0": null

2018-10-02 15:06:05 - [TEST_STEP][PASSED] - Statement - assert POAFlag == "false": null

2018-10-02 15:06:05 - [TEST_STEP][PASSED] - Statement - assert Price == "0.0": null

2018-10-02 15:06:05 - [TEST_STEP][PASSED] - Statement - count_CSV += 1: null

2018-10-02 15:06:05 - [TEST_STEP][PASSED] - Statement - assert Name == Name: null

2018-10-02 15:06:05 - [TEST_STEP][PASSED] - Statement - assert DMSOperationalCode == DMSOperationalCode: null

2018-10-02 15:06:05 - [TEST_STEP][PASSED] - Statement - _duration = Duration: null

2018-10-02 15:06:05 - [TEST_STEP][PASSED] - Statement - If (!(_duration.contains("."))): null

2018-10-02 15:06:05 - [TEST_STEP][PASSED] - Statement - assert RoundNumber.call(Duration) == _duration: null

2018-10-02 15:06:05 - [TEST_STEP][PASSED] - Statement - _price = DealerPrice: null

2018-10-02 15:06:05 - [TEST_STEP][PASSED] - Statement - If (!(_price.contains("."))): null

2018-10-02 15:06:05 - [TEST_STEP][PASSED] - Statement - assert RoundNumber.call(DealerPrice) == _price: null

2018-10-02 15:06:05 - [TEST_STEP][PASSED] - Statement - assert ServiceType == ServiceType: null

2018-10-02 15:06:05 - [TEST_STEP][PASSED] - Statement - assert ServiceCode == null: null

2018-10-02 15:06:05 - [TEST_STEP][PASSED] - Statement - assert EMFlag == "false": null

2018-10-02 15:06:05 - [TEST_STEP][PASSED] - Statement - assert EMDuration == "0.0": null

2018-10-02 15:06:05 - [TEST_STEP][PASSED] - Statement - assert POAFlag == "false": null

2018-10-02 15:06:05 - [TEST_STEP][PASSED] - Statement - assert Price == "0.0": null

2018-10-02 15:06:05 - [TEST_STEP][PASSED] - Statement - count_CSV += 1: null

2018-10-02 15:06:05 - [TEST_STEP][PASSED] - Statement - assert Name == Name: null

2018-10-02 15:06:05 - [TEST_STEP][PASSED] - Statement - assert DMSOperationalCode == DMSOperationalCode: null

2018-10-02 15:06:05 - [TEST_STEP][PASSED] - Statement - _duration = Duration: null

2018-10-02 15:06:05 - [TEST_STEP][PASSED] - Statement - If (!(_duration.contains("."))): null

2018-10-02 15:06:05 - [TEST_STEP][PASSED] - Statement - assert RoundNumber.call(Duration) == _duration: null

2018-10-02 15:06:05 - [TEST_STEP][PASSED] - Statement - _price = DealerPrice: null

2018-10-02 15:06:05 - [TEST_STEP][PASSED] - Statement - If (!(_price.contains("."))): null

2018-10-02 15:06:05 - [TEST_STEP][PASSED] - Statement - assert RoundNumber.call(DealerPrice) == _price: null

2018-10-02 15:06:05 - [TEST_STEP][PASSED] - Statement - assert ServiceType == ServiceType: null

2018-10-02 15:06:05 - [TEST_STEP][PASSED] - Statement - assert ServiceCode == null: null

2018-10-02 15:06:05 - [TEST_STEP][PASSED] - Statement - assert EMFlag == "false": null

2018-10-02 15:06:05 - [TEST_STEP][PASSED] - Statement - assert EMDuration == "0.0": null

2018-10-02 15:06:05 - [TEST_STEP][PASSED] - Statement - assert POAFlag == "false": null

2018-10-02 15:06:05 - [TEST_STEP][PASSED] - Statement - assert Price == "0.0": null

2018-10-02 15:06:05 - [TEST_STEP][PASSED] - Statement - count_CSV += 1: null

2018-10-02 15:06:05 - [TEST_STEP][PASSED] - Statement - assert Name == Name: null

2018-10-02 15:06:05 - [TEST_STEP][PASSED] - Statement - assert DMSOperationalCode == DMSOperationalCode: null

2018-10-02 15:06:05 - [TEST_STEP][PASSED] - Statement - _duration = Duration: null

2018-10-02 15:06:05 - [TEST_STEP][PASSED] - Statement - If (!(_duration.contains("."))): null

2018-10-02 15:06:05 - [TEST_STEP][PASSED] - Statement - assert RoundNumber.call(Duration) == _duration: null

2018-10-02 15:06:05 - [TEST_STEP][PASSED] - Statement - _price = DealerPrice: null

2018-10-02 15:06:05 - [TEST_STEP][PASSED] - Statement - If (!(_price.contains("."))): null

2018-10-02 15:06:05 - [TEST_STEP][PASSED] - Statement - assert RoundNumber.call(DealerPrice) == _price: null

2018-10-02 15:06:05 - [TEST_STEP][PASSED] - Statement - assert ServiceType == ServiceType: null

2018-10-02 15:06:05 - [TEST_STEP][PASSED] - Statement - assert ServiceCode == null: null

2018-10-02 15:06:05 - [TEST_STEP][PASSED] - Statement - assert EMFlag == "false": null

2018-10-02 15:06:05 - [TEST_STEP][PASSED] - Statement - assert EMDuration == "0.0": null

2018-10-02 15:06:05 - [TEST_STEP][PASSED] - Statement - assert POAFlag == "false": null

2018-10-02 15:06:05 - [TEST_STEP][PASSED] - Statement - assert Price == "0.0": null

2018-10-02 15:06:05 - [TEST_STEP][PASSED] - Statement - count_CSV += 1: null

2018-10-02 15:06:05 - [TEST_STEP][PASSED] - Statement - assert Name == Name: null

2018-10-02 15:06:05 - [TEST_STEP][PASSED] - Statement - assert DMSOperationalCode == DMSOperationalCode: null

2018-10-02 15:06:05 - [TEST_STEP][PASSED] - Statement - _duration = Duration: null

2018-10-02 15:06:05 - [TEST_STEP][PASSED] - Statement - If (!(_duration.contains("."))): null

2018-10-02 15:06:05 - [TEST_STEP][PASSED] - Statement - assert RoundNumber.call(Duration) == _duration: null

2018-10-02 15:06:05 - [TEST_STEP][PASSED] - Statement - _price = DealerPrice: null

2018-10-02 15:06:05 - [TEST_STEP][PASSED] - Statement - If (!(_price.contains("."))): null

2018-10-02 15:06:05 - [TEST_STEP][PASSED] - Statement - assert RoundNumber.call(DealerPrice) == _price: null

2018-10-02 15:06:05 - [TEST_STEP][PASSED] - Statement - assert ServiceType == ServiceType: null

2018-10-02 15:06:05 - [TEST_STEP][PASSED] - Statement - assert ServiceCode == null: null

2018-10-02 15:06:05 - [TEST_STEP][PASSED] - Statement - assert EMFlag == "false": null

2018-10-02 15:06:05 - [TEST_STEP][PASSED] - Statement - assert EMDuration == "0.0": null

2018-10-02 15:06:05 - [TEST_STEP][PASSED] - Statement - assert POAFlag == "false": null

2018-10-02 15:06:05 - [TEST_STEP][PASSED] - Statement - assert Price == "0.0": null

2018-10-02 15:06:05 - [TEST_STEP][PASSED] - Statement - count_CSV += 1: null

2018-10-02 15:06:05 - [TEST_STEP][PASSED] - Statement - assert Name == Name: null

2018-10-02 15:06:05 - [TEST_STEP][PASSED] - Statement - assert DMSOperationalCode == DMSOperationalCode: null

2018-10-02 15:06:05 - [TEST_STEP][PASSED] - Statement - _duration = Duration: null

2018-10-02 15:06:05 - [TEST_STEP][PASSED] - Statement - If (!(_duration.contains("."))): null

2018-10-02 15:06:05 - [TEST_STEP][PASSED] - Statement - assert RoundNumber.call(Duration) == _duration: null

2018-10-02 15:06:05 - [TEST_STEP][PASSED] - Statement - _price = DealerPrice: null

2018-10-02 15:06:05 - [TEST_STEP][PASSED] - Statement - If (!(_price.contains("."))): null

2018-10-02 15:06:05 - [TEST_STEP][PASSED] - Statement - assert RoundNumber.call(DealerPrice) == _price: null

2018-10-02 15:06:05 - [TEST_STEP][PASSED] - Statement - assert ServiceType == ServiceType: null

2018-10-02 15:06:05 - [TEST_STEP][PASSED] - Statement - assert ServiceCode == null: null

2018-10-02 15:06:05 - [TEST_STEP][PASSED] - Statement - assert EMFlag == "false": null

2018-10-02 15:06:05 - [TEST_STEP][PASSED] - Statement - assert EMDuration == "0.0": null

2018-10-02 15:06:05 - [TEST_STEP][PASSED] - Statement - assert POAFlag == "false": null

2018-10-02 15:06:05 - [TEST_STEP][PASSED] - Statement - assert Price == "0.0": null

2018-10-02 15:06:05 - [TEST_STEP][PASSED] - Statement - count_CSV += 1: null

2018-10-02 15:06:05 - [TEST_STEP][PASSED] - Statement - assert Name == Name: null

2018-10-02 15:06:05 - [TEST_STEP][PASSED] - Statement - assert DMSOperationalCode == DMSOperationalCode: null

2018-10-02 15:06:05 - [TEST_STEP][PASSED] - Statement - _duration = Duration: null

2018-10-02 15:06:05 - [TEST_STEP][PASSED] - Statement - If (!(_duration.contains("."))): null

2018-10-02 15:06:05 - [TEST_STEP][PASSED] - Statement - assert RoundNumber.call(Duration) == _duration: null

2018-10-02 15:06:05 - [TEST_STEP][PASSED] - Statement - _price = DealerPrice: null

2018-10-02 15:06:05 - [TEST_STEP][PASSED] - Statement - If (!(_price.contains("."))): null

2018-10-02 15:06:05 - [TEST_STEP][PASSED] - Statement - assert RoundNumber.call(DealerPrice) == _price: null

2018-10-02 15:06:05 - [TEST_STEP][PASSED] - Statement - assert ServiceType == ServiceType: null

2018-10-02 15:06:05 - [TEST_STEP][PASSED] - Statement - assert ServiceCode == null: null

2018-10-02 15:06:05 - [TEST_STEP][PASSED] - Statement - assert EMFlag == "false": null

2018-10-02 15:06:05 - [TEST_STEP][PASSED] - Statement - assert EMDuration == "0.0": null

2018-10-02 15:06:05 - [TEST_STEP][PASSED] - Statement - assert POAFlag == "false": null

2018-10-02 15:06:05 - [TEST_STEP][PASSED] - Statement - assert Price == "0.0": null

2018-10-02 15:06:05 - [TEST_STEP][PASSED] - Statement - count_CSV += 1: null

2018-10-02 15:06:05 - [TEST_STEP][PASSED] - Statement - assert Name == Name: null

2018-10-02 15:06:05 - [TEST_STEP][PASSED] - Statement - assert DMSOperationalCode == DMSOperationalCode: null

2018-10-02 15:06:05 - [TEST_STEP][PASSED] - Statement - _duration = Duration: null

2018-10-02 15:06:05 - [TEST_STEP][PASSED] - Statement - If (!(_duration.contains("."))): null

2018-10-02 15:06:05 - [TEST_STEP][PASSED] - Statement - assert RoundNumber.call(Duration) == _duration: null

2018-10-02 15:06:05 - [TEST_STEP][PASSED] - Statement - _price = DealerPrice: null

2018-10-02 15:06:05 - [TEST_STEP][PASSED] - Statement - If (!(_price.contains("."))): null

2018-10-02 15:06:05 - [TEST_STEP][PASSED] - Statement - assert RoundNumber.call(DealerPrice) == _price: null

2018-10-02 15:06:05 - [TEST_STEP][PASSED] - Statement - assert ServiceType == ServiceType: null

2018-10-02 15:06:05 - [TEST_STEP][PASSED] - Statement - assert ServiceCode == null: null

2018-10-02 15:06:05 - [TEST_STEP][PASSED] - Statement - assert EMFlag == "false": null

2018-10-02 15:06:05 - [TEST_STEP][PASSED] - Statement - assert EMDuration == "0.0": null

2018-10-02 15:06:05 - [TEST_STEP][PASSED] - Statement - assert POAFlag == "false": null

2018-10-02 15:06:05 - [TEST_STEP][PASSED] - Statement - assert Price == "0.0": null

2018-10-02 15:06:05 - [TEST_STEP][PASSED] - Statement - count_CSV += 1: null

2018-10-02 15:06:05 - [TEST_STEP][PASSED] - Statement - assert Name == Name: null

2018-10-02 15:06:05 - [TEST_STEP][PASSED] - Statement - assert DMSOperationalCode == DMSOperationalCode: null

2018-10-02 15:06:05 - [TEST_STEP][PASSED] - Statement - _duration = Duration: null

2018-10-02 15:06:05 - [TEST_STEP][PASSED] - Statement - If (!(_duration.contains("."))): null

2018-10-02 15:06:05 - [TEST_STEP][PASSED] - Statement - assert RoundNumber.call(Duration) == _duration: null

2018-10-02 15:06:05 - [TEST_STEP][PASSED] - Statement - _price = DealerPrice: null

2018-10-02 15:06:05 - [TEST_STEP][PASSED] - Statement - If (!(_price.contains("."))): null

2018-10-02 15:06:05 - [TEST_STEP][PASSED] - Statement - assert RoundNumber.call(DealerPrice) == _price: null

2018-10-02 15:06:05 - [TEST_STEP][PASSED] - Statement - assert ServiceType == ServiceType: null

2018-10-02 15:06:05 - [TEST_STEP][PASSED] - Statement - assert ServiceCode == null: null

2018-10-02 15:06:05 - [TEST_STEP][PASSED] - Statement - assert EMFlag == "false": null

2018-10-02 15:06:05 - [TEST_STEP][PASSED] - Statement - assert EMDuration == "0.0": null

2018-10-02 15:06:05 - [TEST_STEP][PASSED] - Statement - assert POAFlag == "false": null

2018-10-02 15:06:05 - [TEST_STEP][PASSED] - Statement - assert Price == "0.0": null

2018-10-02 15:06:05 - [TEST_STEP][PASSED] - Statement - count_CSV += 1: null

2018-10-02 15:06:05 - [TEST_STEP][PASSED] - Statement - assert Name == Name: null

2018-10-02 15:06:05 - [TEST_STEP][PASSED] - Statement - assert DMSOperationalCode == DMSOperationalCode: null

2018-10-02 15:06:05 - [TEST_STEP][PASSED] - Statement - _duration = Duration: null

2018-10-02 15:06:05 - [TEST_STEP][PASSED] - Statement - If (!(_duration.contains("."))): null

2018-10-02 15:06:05 - [TEST_STEP][PASSED] - Statement - assert RoundNumber.call(Duration) == _duration: null

2018-10-02 15:06:05 - [TEST_STEP][PASSED] - Statement - _price = DealerPrice: null

2018-10-02 15:06:05 - [TEST_STEP][PASSED] - Statement - If (!(_price.contains("."))): null

2018-10-02 15:06:05 - [TEST_STEP][PASSED] - Statement - assert RoundNumber.call(DealerPrice) == _price: null

2018-10-02 15:06:05 - [TEST_STEP][PASSED] - Statement - assert ServiceType == ServiceType: null

2018-10-02 15:06:05 - [TEST_STEP][PASSED] - Statement - assert ServiceCode == null: null

2018-10-02 15:06:05 - [TEST_STEP][PASSED] - Statement - assert EMFlag == "false": null

2018-10-02 15:06:05 - [TEST_STEP][PASSED] - Statement - assert EMDuration == "0.0": null

2018-10-02 15:06:05 - [TEST_STEP][PASSED] - Statement - assert POAFlag == "false": null

2018-10-02 15:06:05 - [TEST_STEP][PASSED] - Statement - assert Price == "0.0": null

2018-10-02 15:06:05 - [TEST_STEP][PASSED] - Statement - count_CSV += 1: null

2018-10-02 15:06:05 - [TEST_STEP][PASSED] - Statement - assert Name == Name: null

2018-10-02 15:06:05 - [TEST_STEP][PASSED] - Statement - assert DMSOperationalCode == DMSOperationalCode: null

2018-10-02 15:06:05 - [TEST_STEP][PASSED] - Statement - _duration = Duration: null

2018-10-02 15:06:05 - [TEST_STEP][PASSED] - Statement - If (!(_duration.contains("."))): null

2018-10-02 15:06:05 - [TEST_STEP][PASSED] - Statement - assert RoundNumber.call(Duration) == _duration: null

2018-10-02 15:06:05 - [TEST_STEP][PASSED] - Statement - _price = DealerPrice: null

2018-10-02 15:06:05 - [TEST_STEP][PASSED] - Statement - If (!(_price.contains("."))): null

2018-10-02 15:06:05 - [TEST_STEP][PASSED] - Statement - assert RoundNumber.call(DealerPrice) == _price: null

2018-10-02 15:06:05 - [TEST_STEP][PASSED] - Statement - assert ServiceType == ServiceType: null

2018-10-02 15:06:05 - [TEST_STEP][PASSED] - Statement - assert ServiceCode == null: null

2018-10-02 15:06:05 - [TEST_STEP][PASSED] - Statement - assert EMFlag == "false": null

2018-10-02 15:06:05 - [TEST_STEP][PASSED] - Statement - assert EMDuration == "0.0": null

2018-10-02 15:06:05 - [TEST_STEP][PASSED] - Statement - assert POAFlag == "false": null

2018-10-02 15:06:05 - [TEST_STEP][PASSED] - Statement - assert Price == "0.0": null

2018-10-02 15:06:05 - [TEST_STEP][PASSED] - Statement - count_CSV += 1: null

2018-10-02 15:06:05 - [TEST_STEP][PASSED] - Statement - assert Name == Name: null

2018-10-02 15:06:05 - [TEST_STEP][PASSED] - Statement - assert DMSOperationalCode == DMSOperationalCode: null

2018-10-02 15:06:05 - [TEST_STEP][PASSED] - Statement - _duration = Duration: null

2018-10-02 15:06:05 - [TEST_STEP][PASSED] - Statement - If (!(_duration.contains("."))): null

2018-10-02 15:06:05 - [TEST_STEP][PASSED] - Statement - assert RoundNumber.call(Duration) == _duration: null

2018-10-02 15:06:05 - [TEST_STEP][PASSED] - Statement - _price = DealerPrice: null

2018-10-02 15:06:05 - [TEST_STEP][PASSED] - Statement - If (!(_price.contains("."))): null

2018-10-02 15:06:05 - [TEST_STEP][PASSED] - Statement - assert RoundNumber.call(DealerPrice) == _price: null

2018-10-02 15:06:05 - [TEST_STEP][PASSED] - Statement - assert ServiceType == ServiceType: null

2018-10-02 15:06:05 - [TEST_STEP][PASSED] - Statement - assert ServiceCode == null: null

2018-10-02 15:06:05 - [TEST_STEP][PASSED] - Statement - assert EMFlag == "false": null

2018-10-02 15:06:05 - [TEST_STEP][PASSED] - Statement - assert EMDuration == "0.0": null

2018-10-02 15:06:05 - [TEST_STEP][PASSED] - Statement - assert POAFlag == "false": null

2018-10-02 15:06:05 - [TEST_STEP][PASSED] - Statement - assert Price == "0.0": null

2018-10-02 15:06:05 - [TEST_STEP][PASSED] - Statement - count_CSV += 1: null

2018-10-02 15:06:05 - [TEST_STEP][PASSED] - Statement - assert Name == Name: null

2018-10-02 15:06:05 - [TEST_STEP][PASSED] - Statement - assert DMSOperationalCode == DMSOperationalCode: null

2018-10-02 15:06:05 - [TEST_STEP][PASSED] - Statement - _duration = Duration: null

2018-10-02 15:06:05 - [TEST_STEP][PASSED] - Statement - If (!(_duration.contains("."))): null

2018-10-02 15:06:05 - [TEST_STEP][PASSED] - Statement - assert RoundNumber.call(Duration) == _duration: null

2018-10-02 15:06:05 - [TEST_STEP][PASSED] - Statement - _price = DealerPrice: null

2018-10-02 15:06:05 - [TEST_STEP][PASSED] - Statement - If (!(_price.contains("."))): null

2018-10-02 15:06:05 - [TEST_STEP][PASSED] - Statement - assert RoundNumber.call(DealerPrice) == _price: null

2018-10-02 15:06:05 - [TEST_STEP][PASSED] - Statement - assert ServiceType == ServiceType: null

2018-10-02 15:06:05 - [TEST_STEP][PASSED] - Statement - assert ServiceCode == null: null

2018-10-02 15:06:05 - [TEST_STEP][PASSED] - Statement - assert EMFlag == "false": null

2018-10-02 15:06:05 - [TEST_STEP][PASSED] - Statement - assert EMDuration == "0.0": null

2018-10-02 15:06:05 - [TEST_STEP][PASSED] - Statement - assert POAFlag == "false": null

2018-10-02 15:06:05 - [TEST_STEP][PASSED] - Statement - assert Price == "0.0": null

2018-10-02 15:06:05 - [TEST_STEP][PASSED] - Statement - count_CSV += 1: null

2018-10-02 15:06:05 - [TEST_STEP][PASSED] - Statement - assert Name == Name: null

2018-10-02 15:06:05 - [TEST_STEP][PASSED] - Statement - assert DMSOperationalCode == DMSOperationalCode: null

2018-10-02 15:06:05 - [TEST_STEP][PASSED] - Statement - _duration = Duration: null

2018-10-02 15:06:05 - [TEST_STEP][PASSED] - Statement - If (!(_duration.contains("."))): null

2018-10-02 15:06:05 - [TEST_STEP][PASSED] - Statement - assert RoundNumber.call(Duration) == _duration: null

2018-10-02 15:06:05 - [TEST_STEP][PASSED] - Statement - _price = DealerPrice: null

2018-10-02 15:06:05 - [TEST_STEP][PASSED] - Statement - If (!(_price.contains("."))): null

2018-10-02 15:06:05 - [TEST_STEP][PASSED] - Statement - assert RoundNumber.call(DealerPrice) == _price: null

2018-10-02 15:06:05 - [TEST_STEP][PASSED] - Statement - assert ServiceType == ServiceType: null

2018-10-02 15:06:05 - [TEST_STEP][PASSED] - Statement - assert ServiceCode == null: null

2018-10-02 15:06:05 - [TEST_STEP][PASSED] - Statement - assert EMFlag == "false": null

2018-10-02 15:06:05 - [TEST_STEP][PASSED] - Statement - assert EMDuration == "0.0": null

2018-10-02 15:06:05 - [TEST_STEP][PASSED] - Statement - assert POAFlag == "false": null

2018-10-02 15:06:05 - [TEST_STEP][PASSED] - Statement - assert Price == "0.0": null

2018-10-02 15:06:05 - [TEST_STEP][PASSED] - Statement - count_CSV += 1: null

2018-10-02 15:06:05 - [TEST_STEP][PASSED] - Statement - assert Name == Name: null

2018-10-02 15:06:05 - [TEST_STEP][PASSED] - Statement - assert DMSOperationalCode == DMSOperationalCode: null

2018-10-02 15:06:05 - [TEST_STEP][PASSED] - Statement - _duration = Duration: null

2018-10-02 15:06:05 - [TEST_STEP][PASSED] - Statement - If (!(_duration.contains("."))): null

2018-10-02 15:06:05 - [TEST_STEP][PASSED] - Statement - assert RoundNumber.call(Duration) == _duration: null

2018-10-02 15:06:05 - [TEST_STEP][PASSED] - Statement - _price = DealerPrice: null

2018-10-02 15:06:05 - [TEST_STEP][PASSED] - Statement - If (!(_price.contains("."))): null

2018-10-02 15:06:05 - [TEST_STEP][PASSED] - Statement - assert RoundNumber.call(DealerPrice) == _price: null

2018-10-02 15:06:05 - [TEST_STEP][PASSED] - Statement - assert ServiceType == ServiceType: null

2018-10-02 15:06:05 - [TEST_STEP][PASSED] - Statement - assert ServiceCode == null: null

2018-10-02 15:06:05 - [TEST_STEP][PASSED] - Statement - assert EMFlag == "false": null

2018-10-02 15:06:05 - [TEST_STEP][PASSED] - Statement - assert EMDuration == "0.0": null

2018-10-02 15:06:05 - [TEST_STEP][PASSED] - Statement - assert POAFlag == "false": null

2018-10-02 15:06:05 - [TEST_STEP][PASSED] - Statement - assert Price == "0.0": null

2018-10-02 15:06:05 - [TEST_STEP][PASSED] - Statement - count_CSV += 1: null

2018-10-02 15:06:05 - [TEST_STEP][PASSED] - Statement - assert Name == Name: null

2018-10-02 15:06:05 - [TEST_STEP][PASSED] - Statement - assert DMSOperationalCode == DMSOperationalCode: null

2018-10-02 15:06:05 - [TEST_STEP][PASSED] - Statement - _duration = Duration: null

2018-10-02 15:06:05 - [TEST_STEP][PASSED] - Statement - If (!(_duration.contains("."))): null

2018-10-02 15:06:05 - [TEST_STEP][PASSED] - Statement - assert RoundNumber.call(Duration) == _duration: null

2018-10-02 15:06:05 - [TEST_STEP][PASSED] - Statement - _price = DealerPrice: null

2018-10-02 15:06:05 - [TEST_STEP][PASSED] - Statement - If (!(_price.contains("."))): null

2018-10-02 15:06:05 - [TEST_STEP][PASSED] - Statement - assert RoundNumber.call(DealerPrice) == _price: null

2018-10-02 15:06:05 - [TEST_STEP][PASSED] - Statement - assert ServiceType == ServiceType: null

2018-10-02 15:06:05 - [TEST_STEP][PASSED] - Statement - assert ServiceCode == null: null

2018-10-02 15:06:05 - [TEST_STEP][PASSED] - Statement - assert EMFlag == "false": null

2018-10-02 15:06:05 - [TEST_STEP][PASSED] - Statement - assert EMDuration == "0.0": null

2018-10-02 15:06:05 - [TEST_STEP][PASSED] - Statement - assert POAFlag == "false": null

2018-10-02 15:06:05 - [TEST_STEP][PASSED] - Statement - assert Price == "0.0": null

2018-10-02 15:06:05 - [TEST_STEP][PASSED] - Statement - count_CSV += 1: null

2018-10-02 15:06:05 - [TEST_STEP][PASSED] - Statement - assert Name == Name: null

2018-10-02 15:06:05 - [TEST_STEP][PASSED] - Statement - assert DMSOperationalCode == DMSOperationalCode: null

2018-10-02 15:06:05 - [TEST_STEP][PASSED] - Statement - _duration = Duration: null

2018-10-02 15:06:05 - [TEST_STEP][PASSED] - Statement - If (!(_duration.contains("."))): null

2018-10-02 15:06:05 - [TEST_STEP][PASSED] - Statement - assert RoundNumber.call(Duration) == _duration: null

2018-10-02 15:06:05 - [TEST_STEP][PASSED] - Statement - _price = DealerPrice: null

2018-10-02 15:06:05 - [TEST_STEP][PASSED] - Statement - If (!(_price.contains("."))): null

2018-10-02 15:06:05 - [TEST_STEP][PASSED] - Statement - assert RoundNumber.call(DealerPrice) == _price: null

2018-10-02 15:06:05 - [TEST_STEP][PASSED] - Statement - assert ServiceType == ServiceType: null

2018-10-02 15:06:05 - [TEST_STEP][PASSED] - Statement - assert ServiceCode == null: null

2018-10-02 15:06:05 - [TEST_STEP][PASSED] - Statement - assert EMFlag == "false": null

2018-10-02 15:06:05 - [TEST_STEP][PASSED] - Statement - assert EMDuration == "0.0": null

2018-10-02 15:06:05 - [TEST_STEP][PASSED] - Statement - assert POAFlag == "false": null

2018-10-02 15:06:05 - [TEST_STEP][PASSED] - Statement - assert Price == "0.0": null

2018-10-02 15:06:05 - [TEST_STEP][PASSED] - Statement - count_CSV += 1: null

2018-10-02 15:06:05 - [TEST_STEP][PASSED] - Statement - assert Name == Name: null

2018-10-02 15:06:05 - [TEST_STEP][PASSED] - Statement - assert DMSOperationalCode == DMSOperationalCode: null

2018-10-02 15:06:05 - [TEST_STEP][PASSED] - Statement - _duration = Duration: null

2018-10-02 15:06:05 - [TEST_STEP][PASSED] - Statement - If (!(_duration.contains("."))): null

2018-10-02 15:06:05 - [TEST_STEP][PASSED] - Statement - assert RoundNumber.call(Duration) == _duration: null

2018-10-02 15:06:05 - [TEST_STEP][PASSED] - Statement - _price = DealerPrice: null

2018-10-02 15:06:05 - [TEST_STEP][PASSED] - Statement - If (!(_price.contains("."))): null

2018-10-02 15:06:05 - [TEST_STEP][PASSED] - Statement - assert RoundNumber.call(DealerPrice) == _price: null

2018-10-02 15:06:05 - [TEST_STEP][PASSED] - Statement - assert ServiceType == ServiceType: null

2018-10-02 15:06:05 - [TEST_STEP][PASSED] - Statement - assert ServiceCode == null: null

2018-10-02 15:06:05 - [TEST_STEP][PASSED] - Statement - assert EMFlag == "false": null

2018-10-02 15:06:05 - [TEST_STEP][PASSED] - Statement - assert EMDuration == "0.0": null

2018-10-02 15:06:05 - [TEST_STEP][PASSED] - Statement - assert POAFlag == "false": null

2018-10-02 15:06:05 - [TEST_STEP][PASSED] - Statement - assert Price == "0.0": null

2018-10-02 15:06:05 - [TEST_STEP][PASSED] - Statement - count_CSV += 1: null

2018-10-02 15:06:05 - [TEST_STEP][PASSED] - Statement - assert Name == Name: null

2018-10-02 15:06:05 - [TEST_STEP][PASSED] - Statement - assert DMSOperationalCode == DMSOperationalCode: null

2018-10-02 15:06:05 - [TEST_STEP][PASSED] - Statement - _duration = Duration: null

2018-10-02 15:06:05 - [TEST_STEP][PASSED] - Statement - If (!(_duration.contains("."))): null

2018-10-02 15:06:05 - [TEST_STEP][PASSED] - Statement - assert RoundNumber.call(Duration) == _duration: null

2018-10-02 15:06:05 - [TEST_STEP][PASSED] - Statement - _price = DealerPrice: null

2018-10-02 15:06:05 - [TEST_STEP][PASSED] - Statement - If (!(_price.contains("."))): null

2018-10-02 15:06:05 - [TEST_STEP][PASSED] - Statement - assert RoundNumber.call(DealerPrice) == _price: null

2018-10-02 15:06:05 - [TEST_STEP][PASSED] - Statement - assert ServiceType == ServiceType: null

2018-10-02 15:06:05 - [TEST_STEP][PASSED] - Statement - assert ServiceCode == null: null

2018-10-02 15:06:05 - [TEST_STEP][PASSED] - Statement - assert EMFlag == "false": null

2018-10-02 15:06:05 - [TEST_STEP][PASSED] - Statement - assert EMDuration == "0.0": null

2018-10-02 15:06:05 - [TEST_STEP][PASSED] - Statement - assert POAFlag == "false": null

2018-10-02 15:06:05 - [TEST_STEP][PASSED] - Statement - assert Price == "0.0": null

2018-10-02 15:06:05 - [TEST_STEP][PASSED] - Statement - count_CSV += 1: null

2018-10-02 15:06:05 - [TEST_STEP][PASSED] - Statement - assert OpCodeJSON == count_CSV: null

2018-10-02 15:06:05 - [MESSAGE][PASSED] - Call Test Case 'Test Cases/TOYOTA/Library_TestCase/Toyota_GetServiceOperation_JSON - V2' successfully

2018-10-02 15:06:05 - [TEST_STEP][PASSED] - Statement - If (var_Status_GetOffTime == "true"): null

2018-10-02 15:06:05 - [TEST_STEP][PASSED] - Statement - If (var_Status_PickupTime == "true"): null

2018-10-02 15:06:05 - [TEST_STEP][PASSED] - Statement - If (var_Status_ReservedTimeslot == "true"): null

2018-10-02 15:06:05 - [TEST_STEP][PASSED] - Statement - If (var_Status_GetTransport == "true"): null

2018-10-02 15:06:05 - [TEST_STEP][PASSED] - Statement - If (var_Status_MakeBooking == "true"): null

2018-10-02 15:06:05 - [TEST_STEP][PASSED] - Statement - If (var_Status_SearchBooking == "true"): null

2018-10-02 15:06:05 - [TEST_STEP][PASSED] - Statement - If (var_Status_GetBookingDetail == "true"): null

2018-10-02 15:06:05 - [TEST_STEP][PASSED] - Statement - If (var_Status_ChangeBooking == "true"): null

2018-10-02 15:06:05 - [TEST_STEP][PASSED] - Statement - If (var_Status_CancelBooking == "true"): null]]></system-out>
         <system-err><![CDATA[]]></system-err>
      </testcase>
      <testcase name="Test Cases/TOYOTA/Main_Toyota_TestCase - AllSprints" classname="Test Cases/TOYOTA/Main_Toyota_TestCase - AllSprints" status="PASSED">
         <system-out><![CDATA[2018-10-02 15:06:05 - [TEST_CASE][PASSED] - Test Cases/TOYOTA/Main_Toyota_TestCase - AllSprints: Test Cases/TOYOTA/Main_Toyota_TestCase - AllSprints

2018-10-02 15:06:05 - [TEST_STEP][PASSED] - callTestCase: Call Test Case 'Test Cases/TOYOTA/Library_TestCase/Setup_Method_And_Variables - V1' successfully

2018-10-02 15:06:05 - [TEST_CASE][PASSED] - Test Cases/TOYOTA/Library_TestCase/Setup_Method_And_Variables - V1: Test Cases/TOYOTA/Library_TestCase/Setup_Method_And_Variables - V1

2018-10-02 15:06:05 - [TEST_STEP][PASSED] - Statement - If (!(Setup_Interval == "")): null

2018-10-02 15:06:05 - [TEST_STEP][PASSED] - Statement - If (!(Setup_WorkshopStart == "")): null

2018-10-02 15:06:05 - [TEST_STEP][PASSED] - Statement - If (!(Setup_WorkshopEnd == "")): null

2018-10-02 15:06:05 - [TEST_STEP][PASSED] - Statement - If (!(Setup_Dealer_Code == "")): null

2018-10-02 15:06:05 - [TEST_STEP][PASSED] - Statement - If (!(Setup_Location_Code == "")): null

2018-10-02 15:06:05 - [TEST_STEP][PASSED] - Statement - If (!(Setup_VIN == "")): null

2018-10-02 15:06:05 - [TEST_STEP][PASSED] - Statement - If (!(Setup_REGNumber == "")): null

2018-10-02 15:06:05 - [TEST_STEP][PASSED] - Statement - If (!(Setup_FirstName == "")): null

2018-10-02 15:06:05 - [TEST_STEP][PASSED] - Statement - If (!(Setup_LastName == "")): null

2018-10-02 15:06:05 - [TEST_STEP][PASSED] - Statement - If (!(Setup_TotalPrice == "")): null

2018-10-02 15:06:05 - [TEST_STEP][PASSED] - Statement - If (!(Setup_TotalDuration == "")): null

2018-10-02 15:06:05 - [TEST_STEP][PASSED] - Statement - If (!(Setup_StartDropDate == "")): null

2018-10-02 15:06:05 - [TEST_STEP][PASSED] - Statement - If (!(Setup_EndDropDate == "")): null

2018-10-02 15:06:05 - [TEST_STEP][PASSED] - Statement - If (!(Setup_StartSearchDate == "")): null

2018-10-02 15:06:05 - [TEST_STEP][PASSED] - Statement - If (!(Setup_EndSearchDate == "")): null

2018-10-02 15:06:05 - [TEST_STEP][PASSED] - Statement - If (!(Setup_Duration == "")): null

2018-10-02 15:06:05 - [TEST_STEP][PASSED] - Statement - If (!(Setup_ServiceDate == "")): null

2018-10-02 15:06:05 - [TEST_STEP][PASSED] - Statement - If (!(Setup_StartDropDate == "")): null

2018-10-02 15:06:05 - [TEST_STEP][PASSED] - Statement - If (!(Setup_EndDropDate == "")): null

2018-10-02 15:06:05 - [TEST_STEP][PASSED] - Statement - If (!(Setup_StartSearchDate == "")): null

2018-10-02 15:06:05 - [TEST_STEP][PASSED] - Statement - If (!(Setup_EndSearchDate == "")): null

2018-10-02 15:06:05 - [TEST_STEP][PASSED] - Statement - If (!(Setup_BookingId == "")): null

2018-10-02 15:06:05 - [TEST_STEP][PASSED] - Statement - If (!(Setup_ServiceType == "")): null

2018-10-02 15:06:18 - [TEST_STEP][PASSED] - Statement - SetDate = { java.util.Date current_time, int number_month, int number_day, int number_hour, java.lang.String format_date -> ... }: null

2018-10-02 15:06:18 - [TEST_STEP][PASSED] - Statement - RandomNumber = { int number -> ... }: null

2018-10-02 15:06:18 - [TEST_STEP][PASSED] - Statement - today = new java.util.Date(): null

2018-10-02 15:06:18 - [TEST_STEP][PASSED] - Statement - current_date = today.format("YYYY-MM-dd"): null

2018-10-02 15:06:18 - [TEST_STEP][PASSED] - Statement - Glb_Current_Date = current_date: null

2018-10-02 15:06:18 - [TEST_STEP][PASSED] - Statement - Glb_Current_Hour = SetDate.call(today, 0, 0, 3, "HH:mm"): null

2018-10-02 15:06:18 - [TEST_STEP][PASSED] - Statement - If (Glb_ServiceDate.toString().toLowerCase() == "cr"): null

2018-10-02 15:06:18 - [TEST_STEP][PASSED] - Statement - If (Glb_StartDate.toString().toLowerCase() == "cr"): null

2018-10-02 15:06:18 - [TEST_STEP][PASSED] - Statement - If (Glb_EndDate.toString().toLowerCase() == "cr"): null

2018-10-02 15:06:18 - [TEST_STEP][PASSED] - Statement - If (Glb_StartSearchDate.toString().toLowerCase() == "cr"): null

2018-10-02 15:06:18 - [TEST_STEP][PASSED] - Statement - If (Glb_EndSearchDate.toString().toLowerCase() == "cr"): null

2018-10-02 15:06:18 - [TEST_STEP][PASSED] - Statement - Glb_ContactId = "1901" + RandomNumber.call(999999): null

2018-10-02 15:06:18 - [MESSAGE][PASSED] - Call Test Case 'Test Cases/TOYOTA/Library_TestCase/Setup_Method_And_Variables - V1' successfully

2018-10-02 15:06:18 - [TEST_STEP][PASSED] - Statement - If (var_Status_OpCode == "true"): Call Test Case 'Test Cases/TOYOTA/Library_TestCase/Toyota_GetServiceOperation_JSON - V2' successfully

2018-10-02 15:06:18 - [TEST_STEP][PASSED] - callTestCase: Call Test Case 'Test Cases/TOYOTA/Library_TestCase/Toyota_GetServiceOperation_JSON - V2' successfully

2018-10-02 15:06:18 - [TEST_CASE][PASSED] - Test Cases/TOYOTA/Library_TestCase/Toyota_GetServiceOperation_JSON - V2: Test Cases/TOYOTA/Library_TestCase/Toyota_GetServiceOperation_JSON - V2

2018-10-02 15:06:18 - [TEST_STEP][PASSED] - Statement - RoundNumber = { java.lang.Float floatnumber -> ... }: null

2018-10-02 15:06:18 - [TEST_STEP][PASSED] - Statement - ServiceType = Glb_ServiceType: null

2018-10-02 15:06:18 - [TEST_STEP][PASSED] - Statement - Filepath = <not implemented yet for class: org.codehaus.groovy.ast.expr.EmptyExpression>: null

2018-10-02 15:06:18 - [TEST_STEP][PASSED] - Statement - If (Glb_ServiceType == "OSB_SERVICE_TYPE_LOGBOOK"): null

2018-10-02 15:06:18 - [TEST_STEP][PASSED] - Statement - Else: null

2018-10-02 15:06:18 - [TEST_STEP][PASSED] - Statement - Filepath = "Data Files/Toyota/OperationCode_ADDITIONAL.csv": null

2018-10-02 15:06:18 - [TEST_STEP][PASSED] - Statement - GetServiceOperation = com.kms.katalon.core.testobject.ObjectRepository.findTestObject(Toyota/GetServiceOperations_JSON, [Dealer_Code:internal.GlobalVariable.Glb_Dealer_Code, Location_Code:internal.GlobalVariable.Glb_Location_Code, VIN:internal.GlobalVariable.Glb_VIN, ... ]): Finding Test Object with id 'Object Repository/Toyota/GetServiceOperations_JSON'

2018-10-02 15:06:18 - [TEST_STEP][PASSED] - Statement - GetServiceOperation.getHttpHeaderProperties().add(new com.kms.katalon.core.testobject.TestObjectProperty(Authorization, com.kms.katalon.core.testobject.ConditionType.EQUALS, (Basic  + internal.GlobalVariable.Glb_Authorization_Token))): null

2018-10-02 15:06:18 - [TEST_STEP][PASSED] - Statement - res_GetServiceOperation = com.kms.katalon.core.webservice.keyword.WSBuiltInKeywords.sendRequest(GetServiceOperation): Send request successfully

2018-10-02 15:06:18 - [MESSAGE][PASSED] - Send request successfully

2018-10-02 15:06:18 - [TEST_STEP][PASSED] - Statement - If (!(Glb_Dealer_Code == "765A")): null

2018-10-02 15:06:18 - [TEST_STEP][PASSED] - verifyResponseStatusCode: Verify response status code successfully

2018-10-02 15:06:18 - [MESSAGE][PASSED] - Verify response status code successfully

2018-10-02 15:06:18 - [TEST_STEP][PASSED] - Statement - res_Text = new groovy.json.JsonSlurper().parseText(response.getResponseText()): null

2018-10-02 15:06:18 - [TEST_STEP][PASSED] - Statement - If (!(ExpectedMessage == "")): null

2018-10-02 15:06:18 - [MESSAGE][PASSED] - Call Test Case 'Test Cases/TOYOTA/Library_TestCase/Toyota_GetServiceOperation_JSON - V2' successfully

2018-10-02 15:06:18 - [TEST_STEP][PASSED] - Statement - If (var_Status_GetOffTime == "true"): null

2018-10-02 15:06:18 - [TEST_STEP][PASSED] - Statement - If (var_Status_PickupTime == "true"): null

2018-10-02 15:06:18 - [TEST_STEP][PASSED] - Statement - If (var_Status_ReservedTimeslot == "true"): null

2018-10-02 15:06:18 - [TEST_STEP][PASSED] - Statement - If (var_Status_GetTransport == "true"): null

2018-10-02 15:06:18 - [TEST_STEP][PASSED] - Statement - If (var_Status_MakeBooking == "true"): null

2018-10-02 15:06:18 - [TEST_STEP][PASSED] - Statement - If (var_Status_SearchBooking == "true"): null

2018-10-02 15:06:18 - [TEST_STEP][PASSED] - Statement - If (var_Status_GetBookingDetail == "true"): null

2018-10-02 15:06:18 - [TEST_STEP][PASSED] - Statement - If (var_Status_ChangeBooking == "true"): null

2018-10-02 15:06:18 - [TEST_STEP][PASSED] - Statement - If (var_Status_CancelBooking == "true"): null]]></system-out>
         <system-err><![CDATA[]]></system-err>
      </testcase>
      <testcase name="Test Cases/TOYOTA/Main_Toyota_TestCase - AllSprints" classname="Test Cases/TOYOTA/Main_Toyota_TestCase - AllSprints" status="PASSED">
         <system-out><![CDATA[2018-10-02 15:06:18 - [TEST_CASE][PASSED] - Test Cases/TOYOTA/Main_Toyota_TestCase - AllSprints: Test Cases/TOYOTA/Main_Toyota_TestCase - AllSprints

2018-10-02 15:06:18 - [TEST_STEP][PASSED] - callTestCase: Call Test Case 'Test Cases/TOYOTA/Library_TestCase/Setup_Method_And_Variables - V1' successfully

2018-10-02 15:06:18 - [TEST_CASE][PASSED] - Test Cases/TOYOTA/Library_TestCase/Setup_Method_And_Variables - V1: Test Cases/TOYOTA/Library_TestCase/Setup_Method_And_Variables - V1

2018-10-02 15:06:18 - [TEST_STEP][PASSED] - Statement - If (!(Setup_Interval == "")): null

2018-10-02 15:06:18 - [TEST_STEP][PASSED] - Statement - If (!(Setup_WorkshopStart == "")): null

2018-10-02 15:06:18 - [TEST_STEP][PASSED] - Statement - If (!(Setup_WorkshopEnd == "")): null

2018-10-02 15:06:18 - [TEST_STEP][PASSED] - Statement - If (!(Setup_Dealer_Code == "")): null

2018-10-02 15:06:18 - [TEST_STEP][PASSED] - Statement - If (!(Setup_Location_Code == "")): null

2018-10-02 15:06:18 - [TEST_STEP][PASSED] - Statement - If (!(Setup_VIN == "")): null

2018-10-02 15:06:18 - [TEST_STEP][PASSED] - Statement - If (!(Setup_REGNumber == "")): null

2018-10-02 15:06:18 - [TEST_STEP][PASSED] - Statement - If (!(Setup_FirstName == "")): null

2018-10-02 15:06:18 - [TEST_STEP][PASSED] - Statement - If (!(Setup_LastName == "")): null

2018-10-02 15:06:18 - [TEST_STEP][PASSED] - Statement - If (!(Setup_TotalPrice == "")): null

2018-10-02 15:06:18 - [TEST_STEP][PASSED] - Statement - If (!(Setup_TotalDuration == "")): null

2018-10-02 15:06:18 - [TEST_STEP][PASSED] - Statement - If (!(Setup_StartDropDate == "")): null

2018-10-02 15:06:18 - [TEST_STEP][PASSED] - Statement - If (!(Setup_EndDropDate == "")): null

2018-10-02 15:06:18 - [TEST_STEP][PASSED] - Statement - If (!(Setup_StartSearchDate == "")): null

2018-10-02 15:06:18 - [TEST_STEP][PASSED] - Statement - If (!(Setup_EndSearchDate == "")): null

2018-10-02 15:06:18 - [TEST_STEP][PASSED] - Statement - If (!(Setup_Duration == "")): null

2018-10-02 15:06:18 - [TEST_STEP][PASSED] - Statement - If (!(Setup_ServiceDate == "")): null

2018-10-02 15:06:18 - [TEST_STEP][PASSED] - Statement - If (!(Setup_StartDropDate == "")): null

2018-10-02 15:06:18 - [TEST_STEP][PASSED] - Statement - If (!(Setup_EndDropDate == "")): null

2018-10-02 15:06:18 - [TEST_STEP][PASSED] - Statement - If (!(Setup_StartSearchDate == "")): null

2018-10-02 15:06:18 - [TEST_STEP][PASSED] - Statement - If (!(Setup_EndSearchDate == "")): null

2018-10-02 15:06:18 - [TEST_STEP][PASSED] - Statement - If (!(Setup_BookingId == "")): null

2018-10-02 15:06:18 - [TEST_STEP][PASSED] - Statement - If (!(Setup_ServiceType == "")): null

2018-10-02 15:06:18 - [TEST_STEP][PASSED] - Statement - SetDate = { java.util.Date current_time, int number_month, int number_day, int number_hour, java.lang.String format_date -> ... }: null

2018-10-02 15:06:18 - [TEST_STEP][PASSED] - Statement - RandomNumber = { int number -> ... }: null

2018-10-02 15:06:18 - [TEST_STEP][PASSED] - Statement - today = new java.util.Date(): null

2018-10-02 15:06:18 - [TEST_STEP][PASSED] - Statement - current_date = today.format("YYYY-MM-dd"): null

2018-10-02 15:06:18 - [TEST_STEP][PASSED] - Statement - Glb_Current_Date = current_date: null

2018-10-02 15:06:18 - [TEST_STEP][PASSED] - Statement - Glb_Current_Hour = SetDate.call(today, 0, 0, 3, "HH:mm"): null

2018-10-02 15:06:18 - [TEST_STEP][PASSED] - Statement - If (Glb_ServiceDate.toString().toLowerCase() == "cr"): null

2018-10-02 15:06:18 - [TEST_STEP][PASSED] - Statement - If (Glb_StartDate.toString().toLowerCase() == "cr"): null

2018-10-02 15:06:18 - [TEST_STEP][PASSED] - Statement - If (Glb_EndDate.toString().toLowerCase() == "cr"): null

2018-10-02 15:06:18 - [TEST_STEP][PASSED] - Statement - If (Glb_StartSearchDate.toString().toLowerCase() == "cr"): null

2018-10-02 15:06:18 - [TEST_STEP][PASSED] - Statement - If (Glb_EndSearchDate.toString().toLowerCase() == "cr"): null

2018-10-02 15:06:18 - [TEST_STEP][PASSED] - Statement - Glb_ContactId = "1901" + RandomNumber.call(999999): null

2018-10-02 15:06:18 - [MESSAGE][PASSED] - Call Test Case 'Test Cases/TOYOTA/Library_TestCase/Setup_Method_And_Variables - V1' successfully

2018-10-02 15:06:18 - [TEST_STEP][PASSED] - Statement - If (var_Status_OpCode == "true"): Call Test Case 'Test Cases/TOYOTA/Library_TestCase/Toyota_GetServiceOperation_JSON - V2' successfully

2018-10-02 15:06:18 - [TEST_STEP][PASSED] - callTestCase: Call Test Case 'Test Cases/TOYOTA/Library_TestCase/Toyota_GetServiceOperation_JSON - V2' successfully

2018-10-02 15:06:18 - [TEST_CASE][PASSED] - Test Cases/TOYOTA/Library_TestCase/Toyota_GetServiceOperation_JSON - V2: Test Cases/TOYOTA/Library_TestCase/Toyota_GetServiceOperation_JSON - V2

2018-10-02 15:06:18 - [TEST_STEP][PASSED] - Statement - RoundNumber = { java.lang.Float floatnumber -> ... }: null

2018-10-02 15:06:18 - [TEST_STEP][PASSED] - Statement - ServiceType = Glb_ServiceType: null

2018-10-02 15:06:18 - [TEST_STEP][PASSED] - Statement - Filepath = <not implemented yet for class: org.codehaus.groovy.ast.expr.EmptyExpression>: null

2018-10-02 15:06:18 - [TEST_STEP][PASSED] - Statement - If (Glb_ServiceType == "OSB_SERVICE_TYPE_LOGBOOK"): null

2018-10-02 15:06:18 - [TEST_STEP][PASSED] - Statement - Else: null

2018-10-02 15:06:18 - [TEST_STEP][PASSED] - Statement - Filepath = "Data Files/Toyota/OperationCode_ADDITIONAL.csv": null

2018-10-02 15:06:18 - [TEST_STEP][PASSED] - Statement - GetServiceOperation = com.kms.katalon.core.testobject.ObjectRepository.findTestObject(Toyota/GetServiceOperations_JSON, [Dealer_Code:internal.GlobalVariable.Glb_Dealer_Code, Location_Code:internal.GlobalVariable.Glb_Location_Code, VIN:internal.GlobalVariable.Glb_VIN, ... ]): Finding Test Object with id 'Object Repository/Toyota/GetServiceOperations_JSON'

2018-10-02 15:06:18 - [TEST_STEP][PASSED] - Statement - GetServiceOperation.getHttpHeaderProperties().add(new com.kms.katalon.core.testobject.TestObjectProperty(Authorization, com.kms.katalon.core.testobject.ConditionType.EQUALS, (Basic  + internal.GlobalVariable.Glb_Authorization_Token))): null

2018-10-02 15:06:18 - [TEST_STEP][PASSED] - Statement - res_GetServiceOperation = com.kms.katalon.core.webservice.keyword.WSBuiltInKeywords.sendRequest(GetServiceOperation): Send request successfully

2018-10-02 15:06:19 - [MESSAGE][PASSED] - Send request successfully

2018-10-02 15:06:19 - [TEST_STEP][PASSED] - Statement - If (!(Glb_Dealer_Code == "765A")): null

2018-10-02 15:06:19 - [TEST_STEP][PASSED] - verifyResponseStatusCode: Verify response status code successfully

2018-10-02 15:06:19 - [MESSAGE][PASSED] - Verify response status code successfully

2018-10-02 15:06:19 - [TEST_STEP][PASSED] - Statement - res_Text = new groovy.json.JsonSlurper().parseText(response.getResponseText()): null

2018-10-02 15:06:19 - [TEST_STEP][PASSED] - Statement - If (!(ExpectedMessage == "")): null

2018-10-02 15:06:19 - [MESSAGE][PASSED] - Call Test Case 'Test Cases/TOYOTA/Library_TestCase/Toyota_GetServiceOperation_JSON - V2' successfully

2018-10-02 15:06:19 - [TEST_STEP][PASSED] - Statement - If (var_Status_GetOffTime == "true"): null

2018-10-02 15:06:19 - [TEST_STEP][PASSED] - Statement - If (var_Status_PickupTime == "true"): null

2018-10-02 15:06:19 - [TEST_STEP][PASSED] - Statement - If (var_Status_ReservedTimeslot == "true"): null

2018-10-02 15:06:19 - [TEST_STEP][PASSED] - Statement - If (var_Status_GetTransport == "true"): null

2018-10-02 15:06:19 - [TEST_STEP][PASSED] - Statement - If (var_Status_MakeBooking == "true"): null

2018-10-02 15:06:19 - [TEST_STEP][PASSED] - Statement - If (var_Status_SearchBooking == "true"): null

2018-10-02 15:06:19 - [TEST_STEP][PASSED] - Statement - If (var_Status_GetBookingDetail == "true"): null

2018-10-02 15:06:19 - [TEST_STEP][PASSED] - Statement - If (var_Status_ChangeBooking == "true"): null

2018-10-02 15:06:19 - [TEST_STEP][PASSED] - Statement - If (var_Status_CancelBooking == "true"): null]]></system-out>
         <system-err><![CDATA[]]></system-err>
      </testcase>
      <testcase name="Test Cases/TOYOTA/Main_Toyota_TestCase - AllSprints" classname="Test Cases/TOYOTA/Main_Toyota_TestCase - AllSprints" status="PASSED">
         <system-out><![CDATA[2018-10-02 15:06:19 - [TEST_CASE][PASSED] - Test Cases/TOYOTA/Main_Toyota_TestCase - AllSprints: Test Cases/TOYOTA/Main_Toyota_TestCase - AllSprints

2018-10-02 15:06:19 - [TEST_STEP][PASSED] - callTestCase: Call Test Case 'Test Cases/TOYOTA/Library_TestCase/Setup_Method_And_Variables - V1' successfully

2018-10-02 15:06:19 - [TEST_CASE][PASSED] - Test Cases/TOYOTA/Library_TestCase/Setup_Method_And_Variables - V1: Test Cases/TOYOTA/Library_TestCase/Setup_Method_And_Variables - V1

2018-10-02 15:06:19 - [TEST_STEP][PASSED] - Statement - If (!(Setup_Interval == "")): null

2018-10-02 15:06:19 - [TEST_STEP][PASSED] - Statement - If (!(Setup_WorkshopStart == "")): null

2018-10-02 15:06:19 - [TEST_STEP][PASSED] - Statement - If (!(Setup_WorkshopEnd == "")): null

2018-10-02 15:06:19 - [TEST_STEP][PASSED] - Statement - If (!(Setup_Dealer_Code == "")): null

2018-10-02 15:06:19 - [TEST_STEP][PASSED] - Statement - If (!(Setup_Location_Code == "")): null

2018-10-02 15:06:19 - [TEST_STEP][PASSED] - Statement - If (!(Setup_VIN == "")): null

2018-10-02 15:06:19 - [TEST_STEP][PASSED] - Statement - If (!(Setup_REGNumber == "")): null

2018-10-02 15:06:19 - [TEST_STEP][PASSED] - Statement - If (!(Setup_FirstName == "")): null

2018-10-02 15:06:19 - [TEST_STEP][PASSED] - Statement - If (!(Setup_LastName == "")): null

2018-10-02 15:06:19 - [TEST_STEP][PASSED] - Statement - If (!(Setup_TotalPrice == "")): null

2018-10-02 15:06:19 - [TEST_STEP][PASSED] - Statement - If (!(Setup_TotalDuration == "")): null

2018-10-02 15:06:19 - [TEST_STEP][PASSED] - Statement - If (!(Setup_StartDropDate == "")): null

2018-10-02 15:06:19 - [TEST_STEP][PASSED] - Statement - If (!(Setup_EndDropDate == "")): null

2018-10-02 15:06:19 - [TEST_STEP][PASSED] - Statement - If (!(Setup_StartSearchDate == "")): null

2018-10-02 15:06:19 - [TEST_STEP][PASSED] - Statement - If (!(Setup_EndSearchDate == "")): null

2018-10-02 15:06:19 - [TEST_STEP][PASSED] - Statement - If (!(Setup_Duration == "")): null

2018-10-02 15:06:19 - [TEST_STEP][PASSED] - Statement - If (!(Setup_ServiceDate == "")): null

2018-10-02 15:06:19 - [TEST_STEP][PASSED] - Statement - If (!(Setup_StartDropDate == "")): null

2018-10-02 15:06:19 - [TEST_STEP][PASSED] - Statement - If (!(Setup_EndDropDate == "")): null

2018-10-02 15:06:19 - [TEST_STEP][PASSED] - Statement - If (!(Setup_StartSearchDate == "")): null

2018-10-02 15:06:19 - [TEST_STEP][PASSED] - Statement - If (!(Setup_EndSearchDate == "")): null

2018-10-02 15:06:19 - [TEST_STEP][PASSED] - Statement - If (!(Setup_BookingId == "")): null

2018-10-02 15:06:19 - [TEST_STEP][PASSED] - Statement - If (!(Setup_ServiceType == "")): null

2018-10-02 15:06:19 - [TEST_STEP][PASSED] - Statement - SetDate = { java.util.Date current_time, int number_month, int number_day, int number_hour, java.lang.String format_date -> ... }: null

2018-10-02 15:06:19 - [TEST_STEP][PASSED] - Statement - RandomNumber = { int number -> ... }: null

2018-10-02 15:06:19 - [TEST_STEP][PASSED] - Statement - today = new java.util.Date(): null

2018-10-02 15:06:19 - [TEST_STEP][PASSED] - Statement - current_date = today.format("YYYY-MM-dd"): null

2018-10-02 15:06:19 - [TEST_STEP][PASSED] - Statement - Glb_Current_Date = current_date: null

2018-10-02 15:06:19 - [TEST_STEP][PASSED] - Statement - Glb_Current_Hour = SetDate.call(today, 0, 0, 3, "HH:mm"): null

2018-10-02 15:06:19 - [TEST_STEP][PASSED] - Statement - If (Glb_ServiceDate.toString().toLowerCase() == "cr"): null

2018-10-02 15:06:19 - [TEST_STEP][PASSED] - Statement - If (Glb_StartDate.toString().toLowerCase() == "cr"): null

2018-10-02 15:06:19 - [TEST_STEP][PASSED] - Statement - If (Glb_EndDate.toString().toLowerCase() == "cr"): null

2018-10-02 15:06:19 - [TEST_STEP][PASSED] - Statement - If (Glb_StartSearchDate.toString().toLowerCase() == "cr"): null

2018-10-02 15:06:19 - [TEST_STEP][PASSED] - Statement - If (Glb_EndSearchDate.toString().toLowerCase() == "cr"): null

2018-10-02 15:06:19 - [TEST_STEP][PASSED] - Statement - Glb_ContactId = "1901" + RandomNumber.call(999999): null

2018-10-02 15:06:19 - [MESSAGE][PASSED] - Call Test Case 'Test Cases/TOYOTA/Library_TestCase/Setup_Method_And_Variables - V1' successfully

2018-10-02 15:06:19 - [TEST_STEP][PASSED] - Statement - If (var_Status_OpCode == "true"): Call Test Case 'Test Cases/TOYOTA/Library_TestCase/Toyota_GetServiceOperation_JSON - V2' successfully

2018-10-02 15:06:19 - [TEST_STEP][PASSED] - callTestCase: Call Test Case 'Test Cases/TOYOTA/Library_TestCase/Toyota_GetServiceOperation_JSON - V2' successfully

2018-10-02 15:06:19 - [TEST_CASE][PASSED] - Test Cases/TOYOTA/Library_TestCase/Toyota_GetServiceOperation_JSON - V2: Test Cases/TOYOTA/Library_TestCase/Toyota_GetServiceOperation_JSON - V2

2018-10-02 15:06:19 - [TEST_STEP][PASSED] - Statement - RoundNumber = { java.lang.Float floatnumber -> ... }: null

2018-10-02 15:06:19 - [TEST_STEP][PASSED] - Statement - ServiceType = Glb_ServiceType: null

2018-10-02 15:06:19 - [TEST_STEP][PASSED] - Statement - Filepath = <not implemented yet for class: org.codehaus.groovy.ast.expr.EmptyExpression>: null

2018-10-02 15:06:19 - [TEST_STEP][PASSED] - Statement - If (Glb_ServiceType == "OSB_SERVICE_TYPE_LOGBOOK"): null

2018-10-02 15:06:19 - [TEST_STEP][PASSED] - Statement - Else: null

2018-10-02 15:06:19 - [TEST_STEP][PASSED] - Statement - Filepath = "Data Files/Toyota/OperationCode_ADDITIONAL.csv": null

2018-10-02 15:06:19 - [TEST_STEP][PASSED] - Statement - GetServiceOperation = com.kms.katalon.core.testobject.ObjectRepository.findTestObject(Toyota/GetServiceOperations_JSON, [Dealer_Code:internal.GlobalVariable.Glb_Dealer_Code, Location_Code:internal.GlobalVariable.Glb_Location_Code, VIN:internal.GlobalVariable.Glb_VIN, ... ]): Finding Test Object with id 'Object Repository/Toyota/GetServiceOperations_JSON'

2018-10-02 15:06:19 - [TEST_STEP][PASSED] - Statement - GetServiceOperation.getHttpHeaderProperties().add(new com.kms.katalon.core.testobject.TestObjectProperty(Authorization, com.kms.katalon.core.testobject.ConditionType.EQUALS, (Basic  + internal.GlobalVariable.Glb_Authorization_Token))): null

2018-10-02 15:06:19 - [TEST_STEP][PASSED] - Statement - res_GetServiceOperation = com.kms.katalon.core.webservice.keyword.WSBuiltInKeywords.sendRequest(GetServiceOperation): Send request successfully

2018-10-02 15:06:19 - [MESSAGE][PASSED] - Send request successfully

2018-10-02 15:06:19 - [TEST_STEP][PASSED] - Statement - If (!(Glb_Dealer_Code == "765A")): null

2018-10-02 15:06:19 - [TEST_STEP][PASSED] - verifyResponseStatusCode: Verify response status code successfully

2018-10-02 15:06:19 - [MESSAGE][PASSED] - Verify response status code successfully

2018-10-02 15:06:19 - [TEST_STEP][PASSED] - Statement - res_Text = new groovy.json.JsonSlurper().parseText(response.getResponseText()): null

2018-10-02 15:06:19 - [TEST_STEP][PASSED] - Statement - If (!(ExpectedMessage == "")): null

2018-10-02 15:06:19 - [MESSAGE][PASSED] - Call Test Case 'Test Cases/TOYOTA/Library_TestCase/Toyota_GetServiceOperation_JSON - V2' successfully

2018-10-02 15:06:19 - [TEST_STEP][PASSED] - Statement - If (var_Status_GetOffTime == "true"): null

2018-10-02 15:06:19 - [TEST_STEP][PASSED] - Statement - If (var_Status_PickupTime == "true"): null

2018-10-02 15:06:19 - [TEST_STEP][PASSED] - Statement - If (var_Status_ReservedTimeslot == "true"): null

2018-10-02 15:06:19 - [TEST_STEP][PASSED] - Statement - If (var_Status_GetTransport == "true"): null

2018-10-02 15:06:19 - [TEST_STEP][PASSED] - Statement - If (var_Status_MakeBooking == "true"): null

2018-10-02 15:06:19 - [TEST_STEP][PASSED] - Statement - If (var_Status_SearchBooking == "true"): null

2018-10-02 15:06:19 - [TEST_STEP][PASSED] - Statement - If (var_Status_GetBookingDetail == "true"): null

2018-10-02 15:06:19 - [TEST_STEP][PASSED] - Statement - If (var_Status_ChangeBooking == "true"): null

2018-10-02 15:06:19 - [TEST_STEP][PASSED] - Statement - If (var_Status_CancelBooking == "true"): null]]></system-out>
         <system-err><![CDATA[]]></system-err>
      </testcase>
      <testcase name="Test Cases/TOYOTA/Main_Toyota_TestCase - AllSprints" classname="Test Cases/TOYOTA/Main_Toyota_TestCase - AllSprints" status="PASSED">
         <system-out><![CDATA[2018-10-02 15:06:19 - [TEST_CASE][PASSED] - Test Cases/TOYOTA/Main_Toyota_TestCase - AllSprints: Test Cases/TOYOTA/Main_Toyota_TestCase - AllSprints

2018-10-02 15:06:19 - [TEST_STEP][PASSED] - callTestCase: Call Test Case 'Test Cases/TOYOTA/Library_TestCase/Setup_Method_And_Variables - V1' successfully

2018-10-02 15:06:19 - [TEST_CASE][PASSED] - Test Cases/TOYOTA/Library_TestCase/Setup_Method_And_Variables - V1: Test Cases/TOYOTA/Library_TestCase/Setup_Method_And_Variables - V1

2018-10-02 15:06:19 - [TEST_STEP][PASSED] - Statement - If (!(Setup_Interval == "")): null

2018-10-02 15:06:19 - [TEST_STEP][PASSED] - Statement - If (!(Setup_WorkshopStart == "")): null

2018-10-02 15:06:19 - [TEST_STEP][PASSED] - Statement - If (!(Setup_WorkshopEnd == "")): null

2018-10-02 15:06:19 - [TEST_STEP][PASSED] - Statement - If (!(Setup_Dealer_Code == "")): null

2018-10-02 15:06:19 - [TEST_STEP][PASSED] - Statement - If (!(Setup_Location_Code == "")): null

2018-10-02 15:06:19 - [TEST_STEP][PASSED] - Statement - If (!(Setup_VIN == "")): null

2018-10-02 15:06:19 - [TEST_STEP][PASSED] - Statement - If (!(Setup_REGNumber == "")): null

2018-10-02 15:06:19 - [TEST_STEP][PASSED] - Statement - If (!(Setup_FirstName == "")): null

2018-10-02 15:06:19 - [TEST_STEP][PASSED] - Statement - If (!(Setup_LastName == "")): null

2018-10-02 15:06:19 - [TEST_STEP][PASSED] - Statement - If (!(Setup_TotalPrice == "")): null

2018-10-02 15:06:19 - [TEST_STEP][PASSED] - Statement - If (!(Setup_TotalDuration == "")): null

2018-10-02 15:06:19 - [TEST_STEP][PASSED] - Statement - If (!(Setup_StartDropDate == "")): null

2018-10-02 15:06:19 - [TEST_STEP][PASSED] - Statement - If (!(Setup_EndDropDate == "")): null

2018-10-02 15:06:19 - [TEST_STEP][PASSED] - Statement - If (!(Setup_StartSearchDate == "")): null

2018-10-02 15:06:19 - [TEST_STEP][PASSED] - Statement - If (!(Setup_EndSearchDate == "")): null

2018-10-02 15:06:19 - [TEST_STEP][PASSED] - Statement - If (!(Setup_Duration == "")): null

2018-10-02 15:06:19 - [TEST_STEP][PASSED] - Statement - If (!(Setup_ServiceDate == "")): null

2018-10-02 15:06:19 - [TEST_STEP][PASSED] - Statement - If (!(Setup_StartDropDate == "")): null

2018-10-02 15:06:19 - [TEST_STEP][PASSED] - Statement - If (!(Setup_EndDropDate == "")): null

2018-10-02 15:06:19 - [TEST_STEP][PASSED] - Statement - If (!(Setup_StartSearchDate == "")): null

2018-10-02 15:06:19 - [TEST_STEP][PASSED] - Statement - If (!(Setup_EndSearchDate == "")): null

2018-10-02 15:06:19 - [TEST_STEP][PASSED] - Statement - If (!(Setup_BookingId == "")): null

2018-10-02 15:06:19 - [TEST_STEP][PASSED] - Statement - If (!(Setup_ServiceType == "")): null

2018-10-02 15:06:19 - [TEST_STEP][PASSED] - Statement - SetDate = { java.util.Date current_time, int number_month, int number_day, int number_hour, java.lang.String format_date -> ... }: null

2018-10-02 15:06:19 - [TEST_STEP][PASSED] - Statement - RandomNumber = { int number -> ... }: null

2018-10-02 15:06:19 - [TEST_STEP][PASSED] - Statement - today = new java.util.Date(): null

2018-10-02 15:06:19 - [TEST_STEP][PASSED] - Statement - current_date = today.format("YYYY-MM-dd"): null

2018-10-02 15:06:19 - [TEST_STEP][PASSED] - Statement - Glb_Current_Date = current_date: null

2018-10-02 15:06:19 - [TEST_STEP][PASSED] - Statement - Glb_Current_Hour = SetDate.call(today, 0, 0, 3, "HH:mm"): null

2018-10-02 15:06:19 - [TEST_STEP][PASSED] - Statement - If (Glb_ServiceDate.toString().toLowerCase() == "cr"): null

2018-10-02 15:06:19 - [TEST_STEP][PASSED] - Statement - If (Glb_StartDate.toString().toLowerCase() == "cr"): null

2018-10-02 15:06:19 - [TEST_STEP][PASSED] - Statement - If (Glb_EndDate.toString().toLowerCase() == "cr"): null

2018-10-02 15:06:19 - [TEST_STEP][PASSED] - Statement - If (Glb_StartSearchDate.toString().toLowerCase() == "cr"): null

2018-10-02 15:06:19 - [TEST_STEP][PASSED] - Statement - If (Glb_EndSearchDate.toString().toLowerCase() == "cr"): null

2018-10-02 15:06:19 - [TEST_STEP][PASSED] - Statement - Glb_ContactId = "1901" + RandomNumber.call(999999): null

2018-10-02 15:06:19 - [MESSAGE][PASSED] - Call Test Case 'Test Cases/TOYOTA/Library_TestCase/Setup_Method_And_Variables - V1' successfully

2018-10-02 15:06:19 - [TEST_STEP][PASSED] - Statement - If (var_Status_OpCode == "true"): Call Test Case 'Test Cases/TOYOTA/Library_TestCase/Toyota_GetServiceOperation_JSON - V2' successfully

2018-10-02 15:06:19 - [TEST_STEP][PASSED] - callTestCase: Call Test Case 'Test Cases/TOYOTA/Library_TestCase/Toyota_GetServiceOperation_JSON - V2' successfully

2018-10-02 15:06:19 - [TEST_CASE][PASSED] - Test Cases/TOYOTA/Library_TestCase/Toyota_GetServiceOperation_JSON - V2: Test Cases/TOYOTA/Library_TestCase/Toyota_GetServiceOperation_JSON - V2

2018-10-02 15:06:19 - [TEST_STEP][PASSED] - Statement - RoundNumber = { java.lang.Float floatnumber -> ... }: null

2018-10-02 15:06:19 - [TEST_STEP][PASSED] - Statement - ServiceType = Glb_ServiceType: null

2018-10-02 15:06:19 - [TEST_STEP][PASSED] - Statement - Filepath = <not implemented yet for class: org.codehaus.groovy.ast.expr.EmptyExpression>: null

2018-10-02 15:06:19 - [TEST_STEP][PASSED] - Statement - If (Glb_ServiceType == "OSB_SERVICE_TYPE_LOGBOOK"): null

2018-10-02 15:06:19 - [TEST_STEP][PASSED] - Statement - Else: null

2018-10-02 15:06:19 - [TEST_STEP][PASSED] - Statement - Filepath = "Data Files/Toyota/OperationCode_ADDITIONAL.csv": null

2018-10-02 15:06:19 - [TEST_STEP][PASSED] - Statement - GetServiceOperation = com.kms.katalon.core.testobject.ObjectRepository.findTestObject(Toyota/GetServiceOperations_JSON, [Dealer_Code:internal.GlobalVariable.Glb_Dealer_Code, Location_Code:internal.GlobalVariable.Glb_Location_Code, VIN:internal.GlobalVariable.Glb_VIN, ... ]): Finding Test Object with id 'Object Repository/Toyota/GetServiceOperations_JSON'

2018-10-02 15:06:19 - [TEST_STEP][PASSED] - Statement - GetServiceOperation.getHttpHeaderProperties().add(new com.kms.katalon.core.testobject.TestObjectProperty(Authorization, com.kms.katalon.core.testobject.ConditionType.EQUALS, (Basic  + internal.GlobalVariable.Glb_Authorization_Token))): null

2018-10-02 15:06:19 - [TEST_STEP][PASSED] - Statement - res_GetServiceOperation = com.kms.katalon.core.webservice.keyword.WSBuiltInKeywords.sendRequest(GetServiceOperation): Send request successfully

2018-10-02 15:06:19 - [MESSAGE][PASSED] - Send request successfully

2018-10-02 15:06:19 - [TEST_STEP][PASSED] - Statement - If (!(Glb_Dealer_Code == "765A")): null

2018-10-02 15:06:19 - [TEST_STEP][PASSED] - verifyResponseStatusCode: Verify response status code successfully

2018-10-02 15:06:19 - [MESSAGE][PASSED] - Verify response status code successfully

2018-10-02 15:06:19 - [TEST_STEP][PASSED] - Statement - res_Text = new groovy.json.JsonSlurper().parseText(response.getResponseText()): null

2018-10-02 15:06:19 - [TEST_STEP][PASSED] - Statement - If (!(ExpectedMessage == "")): null

2018-10-02 15:06:19 - [MESSAGE][PASSED] - Call Test Case 'Test Cases/TOYOTA/Library_TestCase/Toyota_GetServiceOperation_JSON - V2' successfully

2018-10-02 15:06:19 - [TEST_STEP][PASSED] - Statement - If (var_Status_GetOffTime == "true"): null

2018-10-02 15:06:19 - [TEST_STEP][PASSED] - Statement - If (var_Status_PickupTime == "true"): null

2018-10-02 15:06:19 - [TEST_STEP][PASSED] - Statement - If (var_Status_ReservedTimeslot == "true"): null

2018-10-02 15:06:19 - [TEST_STEP][PASSED] - Statement - If (var_Status_GetTransport == "true"): null

2018-10-02 15:06:19 - [TEST_STEP][PASSED] - Statement - If (var_Status_MakeBooking == "true"): null

2018-10-02 15:06:19 - [TEST_STEP][PASSED] - Statement - If (var_Status_SearchBooking == "true"): null

2018-10-02 15:06:19 - [TEST_STEP][PASSED] - Statement - If (var_Status_GetBookingDetail == "true"): null

2018-10-02 15:06:19 - [TEST_STEP][PASSED] - Statement - If (var_Status_ChangeBooking == "true"): null

2018-10-02 15:06:19 - [TEST_STEP][PASSED] - Statement - If (var_Status_CancelBooking == "true"): null]]></system-out>
         <system-err><![CDATA[]]></system-err>
      </testcase>
      <testcase name="Test Cases/TOYOTA/Main_Toyota_TestCase - AllSprints" classname="Test Cases/TOYOTA/Main_Toyota_TestCase - AllSprints" status="PASSED">
         <system-out><![CDATA[2018-10-02 15:06:19 - [TEST_CASE][PASSED] - Test Cases/TOYOTA/Main_Toyota_TestCase - AllSprints: Test Cases/TOYOTA/Main_Toyota_TestCase - AllSprints

2018-10-02 15:06:19 - [TEST_STEP][PASSED] - callTestCase: Call Test Case 'Test Cases/TOYOTA/Library_TestCase/Setup_Method_And_Variables - V1' successfully

2018-10-02 15:06:19 - [TEST_CASE][PASSED] - Test Cases/TOYOTA/Library_TestCase/Setup_Method_And_Variables - V1: Test Cases/TOYOTA/Library_TestCase/Setup_Method_And_Variables - V1

2018-10-02 15:06:19 - [TEST_STEP][PASSED] - Statement - If (!(Setup_Interval == "")): null

2018-10-02 15:06:19 - [TEST_STEP][PASSED] - Statement - If (!(Setup_WorkshopStart == "")): null

2018-10-02 15:06:19 - [TEST_STEP][PASSED] - Statement - If (!(Setup_WorkshopEnd == "")): null

2018-10-02 15:06:19 - [TEST_STEP][PASSED] - Statement - If (!(Setup_Dealer_Code == "")): null

2018-10-02 15:06:19 - [TEST_STEP][PASSED] - Statement - If (!(Setup_Location_Code == "")): null

2018-10-02 15:06:19 - [TEST_STEP][PASSED] - Statement - If (!(Setup_VIN == "")): null

2018-10-02 15:06:19 - [TEST_STEP][PASSED] - Statement - If (!(Setup_REGNumber == "")): null

2018-10-02 15:06:19 - [TEST_STEP][PASSED] - Statement - If (!(Setup_FirstName == "")): null

2018-10-02 15:06:19 - [TEST_STEP][PASSED] - Statement - If (!(Setup_LastName == "")): null

2018-10-02 15:06:19 - [TEST_STEP][PASSED] - Statement - If (!(Setup_TotalPrice == "")): null

2018-10-02 15:06:19 - [TEST_STEP][PASSED] - Statement - If (!(Setup_TotalDuration == "")): null

2018-10-02 15:06:19 - [TEST_STEP][PASSED] - Statement - If (!(Setup_StartDropDate == "")): null

2018-10-02 15:06:19 - [TEST_STEP][PASSED] - Statement - If (!(Setup_EndDropDate == "")): null

2018-10-02 15:06:19 - [TEST_STEP][PASSED] - Statement - If (!(Setup_StartSearchDate == "")): null

2018-10-02 15:06:19 - [TEST_STEP][PASSED] - Statement - If (!(Setup_EndSearchDate == "")): null

2018-10-02 15:06:19 - [TEST_STEP][PASSED] - Statement - If (!(Setup_Duration == "")): null

2018-10-02 15:06:19 - [TEST_STEP][PASSED] - Statement - If (!(Setup_ServiceDate == "")): null

2018-10-02 15:06:19 - [TEST_STEP][PASSED] - Statement - If (!(Setup_StartDropDate == "")): null

2018-10-02 15:06:19 - [TEST_STEP][PASSED] - Statement - If (!(Setup_EndDropDate == "")): null

2018-10-02 15:06:19 - [TEST_STEP][PASSED] - Statement - If (!(Setup_StartSearchDate == "")): null

2018-10-02 15:06:19 - [TEST_STEP][PASSED] - Statement - If (!(Setup_EndSearchDate == "")): null

2018-10-02 15:06:19 - [TEST_STEP][PASSED] - Statement - If (!(Setup_BookingId == "")): null

2018-10-02 15:06:19 - [TEST_STEP][PASSED] - Statement - If (!(Setup_ServiceType == "")): null

2018-10-02 15:06:19 - [TEST_STEP][PASSED] - Statement - SetDate = { java.util.Date current_time, int number_month, int number_day, int number_hour, java.lang.String format_date -> ... }: null

2018-10-02 15:06:19 - [TEST_STEP][PASSED] - Statement - RandomNumber = { int number -> ... }: null

2018-10-02 15:06:19 - [TEST_STEP][PASSED] - Statement - today = new java.util.Date(): null

2018-10-02 15:06:19 - [TEST_STEP][PASSED] - Statement - current_date = today.format("YYYY-MM-dd"): null

2018-10-02 15:06:19 - [TEST_STEP][PASSED] - Statement - Glb_Current_Date = current_date: null

2018-10-02 15:06:19 - [TEST_STEP][PASSED] - Statement - Glb_Current_Hour = SetDate.call(today, 0, 0, 3, "HH:mm"): null

2018-10-02 15:06:19 - [TEST_STEP][PASSED] - Statement - If (Glb_ServiceDate.toString().toLowerCase() == "cr"): null

2018-10-02 15:06:19 - [TEST_STEP][PASSED] - Statement - If (Glb_StartDate.toString().toLowerCase() == "cr"): null

2018-10-02 15:06:19 - [TEST_STEP][PASSED] - Statement - If (Glb_EndDate.toString().toLowerCase() == "cr"): null

2018-10-02 15:06:19 - [TEST_STEP][PASSED] - Statement - If (Glb_StartSearchDate.toString().toLowerCase() == "cr"): null

2018-10-02 15:06:19 - [TEST_STEP][PASSED] - Statement - If (Glb_EndSearchDate.toString().toLowerCase() == "cr"): null

2018-10-02 15:06:19 - [TEST_STEP][PASSED] - Statement - Glb_ContactId = "1901" + RandomNumber.call(999999): null

2018-10-02 15:06:19 - [MESSAGE][PASSED] - Call Test Case 'Test Cases/TOYOTA/Library_TestCase/Setup_Method_And_Variables - V1' successfully

2018-10-02 15:06:19 - [TEST_STEP][PASSED] - Statement - If (var_Status_OpCode == "true"): Call Test Case 'Test Cases/TOYOTA/Library_TestCase/Toyota_GetServiceOperation_JSON - V2' successfully

2018-10-02 15:06:19 - [TEST_STEP][PASSED] - callTestCase: Call Test Case 'Test Cases/TOYOTA/Library_TestCase/Toyota_GetServiceOperation_JSON - V2' successfully

2018-10-02 15:06:19 - [TEST_CASE][PASSED] - Test Cases/TOYOTA/Library_TestCase/Toyota_GetServiceOperation_JSON - V2: Test Cases/TOYOTA/Library_TestCase/Toyota_GetServiceOperation_JSON - V2

2018-10-02 15:06:19 - [TEST_STEP][PASSED] - Statement - RoundNumber = { java.lang.Float floatnumber -> ... }: null

2018-10-02 15:06:19 - [TEST_STEP][PASSED] - Statement - ServiceType = Glb_ServiceType: null

2018-10-02 15:06:19 - [TEST_STEP][PASSED] - Statement - Filepath = <not implemented yet for class: org.codehaus.groovy.ast.expr.EmptyExpression>: null

2018-10-02 15:06:19 - [TEST_STEP][PASSED] - Statement - If (Glb_ServiceType == "OSB_SERVICE_TYPE_LOGBOOK"): null

2018-10-02 15:06:19 - [TEST_STEP][PASSED] - Statement - Else: null

2018-10-02 15:06:19 - [TEST_STEP][PASSED] - Statement - Filepath = "Data Files/Toyota/OperationCode_ADDITIONAL.csv": null

2018-10-02 15:06:19 - [TEST_STEP][PASSED] - Statement - GetServiceOperation = com.kms.katalon.core.testobject.ObjectRepository.findTestObject(Toyota/GetServiceOperations_JSON, [Dealer_Code:internal.GlobalVariable.Glb_Dealer_Code, Location_Code:internal.GlobalVariable.Glb_Location_Code, VIN:internal.GlobalVariable.Glb_VIN, ... ]): Finding Test Object with id 'Object Repository/Toyota/GetServiceOperations_JSON'

2018-10-02 15:06:19 - [TEST_STEP][PASSED] - Statement - GetServiceOperation.getHttpHeaderProperties().add(new com.kms.katalon.core.testobject.TestObjectProperty(Authorization, com.kms.katalon.core.testobject.ConditionType.EQUALS, (Basic  + internal.GlobalVariable.Glb_Authorization_Token))): null

2018-10-02 15:06:19 - [TEST_STEP][PASSED] - Statement - res_GetServiceOperation = com.kms.katalon.core.webservice.keyword.WSBuiltInKeywords.sendRequest(GetServiceOperation): Send request successfully

2018-10-02 15:06:19 - [MESSAGE][PASSED] - Send request successfully

2018-10-02 15:06:19 - [TEST_STEP][PASSED] - Statement - If (!(Glb_Dealer_Code == "765A")): null

2018-10-02 15:06:19 - [TEST_STEP][PASSED] - verifyResponseStatusCode: Verify response status code successfully

2018-10-02 15:06:19 - [MESSAGE][PASSED] - Verify response status code successfully

2018-10-02 15:06:19 - [TEST_STEP][PASSED] - Statement - res_Text = new groovy.json.JsonSlurper().parseText(response.getResponseText()): null

2018-10-02 15:06:19 - [TEST_STEP][PASSED] - Statement - If (!(ExpectedMessage == "")): null

2018-10-02 15:06:19 - [MESSAGE][PASSED] - Call Test Case 'Test Cases/TOYOTA/Library_TestCase/Toyota_GetServiceOperation_JSON - V2' successfully

2018-10-02 15:06:19 - [TEST_STEP][PASSED] - Statement - If (var_Status_GetOffTime == "true"): null

2018-10-02 15:06:19 - [TEST_STEP][PASSED] - Statement - If (var_Status_PickupTime == "true"): null

2018-10-02 15:06:19 - [TEST_STEP][PASSED] - Statement - If (var_Status_ReservedTimeslot == "true"): null

2018-10-02 15:06:19 - [TEST_STEP][PASSED] - Statement - If (var_Status_GetTransport == "true"): null

2018-10-02 15:06:19 - [TEST_STEP][PASSED] - Statement - If (var_Status_MakeBooking == "true"): null

2018-10-02 15:06:19 - [TEST_STEP][PASSED] - Statement - If (var_Status_SearchBooking == "true"): null

2018-10-02 15:06:19 - [TEST_STEP][PASSED] - Statement - If (var_Status_GetBookingDetail == "true"): null

2018-10-02 15:06:19 - [TEST_STEP][PASSED] - Statement - If (var_Status_ChangeBooking == "true"): null

2018-10-02 15:06:19 - [TEST_STEP][PASSED] - Statement - If (var_Status_CancelBooking == "true"): null]]></system-out>
         <system-err><![CDATA[]]></system-err>
      </testcase>
      <testcase name="Test Cases/TOYOTA/Main_Toyota_TestCase - AllSprints" classname="Test Cases/TOYOTA/Main_Toyota_TestCase - AllSprints" status="PASSED">
         <system-out><![CDATA[2018-10-02 15:06:19 - [TEST_CASE][PASSED] - Test Cases/TOYOTA/Main_Toyota_TestCase - AllSprints: Test Cases/TOYOTA/Main_Toyota_TestCase - AllSprints

2018-10-02 15:06:19 - [TEST_STEP][PASSED] - callTestCase: Call Test Case 'Test Cases/TOYOTA/Library_TestCase/Setup_Method_And_Variables - V1' successfully

2018-10-02 15:06:19 - [TEST_CASE][PASSED] - Test Cases/TOYOTA/Library_TestCase/Setup_Method_And_Variables - V1: Test Cases/TOYOTA/Library_TestCase/Setup_Method_And_Variables - V1

2018-10-02 15:06:19 - [TEST_STEP][PASSED] - Statement - If (!(Setup_Interval == "")): null

2018-10-02 15:06:19 - [TEST_STEP][PASSED] - Statement - If (!(Setup_WorkshopStart == "")): null

2018-10-02 15:06:19 - [TEST_STEP][PASSED] - Statement - If (!(Setup_WorkshopEnd == "")): null

2018-10-02 15:06:19 - [TEST_STEP][PASSED] - Statement - If (!(Setup_Dealer_Code == "")): null

2018-10-02 15:06:19 - [TEST_STEP][PASSED] - Statement - If (!(Setup_Location_Code == "")): null

2018-10-02 15:06:19 - [TEST_STEP][PASSED] - Statement - If (!(Setup_VIN == "")): null

2018-10-02 15:06:19 - [TEST_STEP][PASSED] - Statement - If (!(Setup_REGNumber == "")): null

2018-10-02 15:06:19 - [TEST_STEP][PASSED] - Statement - If (!(Setup_FirstName == "")): null

2018-10-02 15:06:19 - [TEST_STEP][PASSED] - Statement - If (!(Setup_LastName == "")): null

2018-10-02 15:06:19 - [TEST_STEP][PASSED] - Statement - If (!(Setup_TotalPrice == "")): null

2018-10-02 15:06:19 - [TEST_STEP][PASSED] - Statement - If (!(Setup_TotalDuration == "")): null

2018-10-02 15:06:19 - [TEST_STEP][PASSED] - Statement - If (!(Setup_StartDropDate == "")): null

2018-10-02 15:06:19 - [TEST_STEP][PASSED] - Statement - If (!(Setup_EndDropDate == "")): null

2018-10-02 15:06:19 - [TEST_STEP][PASSED] - Statement - If (!(Setup_StartSearchDate == "")): null

2018-10-02 15:06:19 - [TEST_STEP][PASSED] - Statement - If (!(Setup_EndSearchDate == "")): null

2018-10-02 15:06:19 - [TEST_STEP][PASSED] - Statement - If (!(Setup_Duration == "")): null

2018-10-02 15:06:19 - [TEST_STEP][PASSED] - Statement - If (!(Setup_ServiceDate == "")): null

2018-10-02 15:06:19 - [TEST_STEP][PASSED] - Statement - If (!(Setup_StartDropDate == "")): null

2018-10-02 15:06:19 - [TEST_STEP][PASSED] - Statement - If (!(Setup_EndDropDate == "")): null

2018-10-02 15:06:19 - [TEST_STEP][PASSED] - Statement - If (!(Setup_StartSearchDate == "")): null

2018-10-02 15:06:19 - [TEST_STEP][PASSED] - Statement - If (!(Setup_EndSearchDate == "")): null

2018-10-02 15:06:19 - [TEST_STEP][PASSED] - Statement - If (!(Setup_BookingId == "")): null

2018-10-02 15:06:19 - [TEST_STEP][PASSED] - Statement - If (!(Setup_ServiceType == "")): null

2018-10-02 15:06:19 - [TEST_STEP][PASSED] - Statement - SetDate = { java.util.Date current_time, int number_month, int number_day, int number_hour, java.lang.String format_date -> ... }: null

2018-10-02 15:06:19 - [TEST_STEP][PASSED] - Statement - RandomNumber = { int number -> ... }: null

2018-10-02 15:06:19 - [TEST_STEP][PASSED] - Statement - today = new java.util.Date(): null

2018-10-02 15:06:19 - [TEST_STEP][PASSED] - Statement - current_date = today.format("YYYY-MM-dd"): null

2018-10-02 15:06:19 - [TEST_STEP][PASSED] - Statement - Glb_Current_Date = current_date: null

2018-10-02 15:06:19 - [TEST_STEP][PASSED] - Statement - Glb_Current_Hour = SetDate.call(today, 0, 0, 3, "HH:mm"): null

2018-10-02 15:06:19 - [TEST_STEP][PASSED] - Statement - If (Glb_ServiceDate.toString().toLowerCase() == "cr"): null

2018-10-02 15:06:19 - [TEST_STEP][PASSED] - Statement - If (Glb_StartDate.toString().toLowerCase() == "cr"): null

2018-10-02 15:06:19 - [TEST_STEP][PASSED] - Statement - If (Glb_EndDate.toString().toLowerCase() == "cr"): null

2018-10-02 15:06:19 - [TEST_STEP][PASSED] - Statement - If (Glb_StartSearchDate.toString().toLowerCase() == "cr"): null

2018-10-02 15:06:19 - [TEST_STEP][PASSED] - Statement - If (Glb_EndSearchDate.toString().toLowerCase() == "cr"): null

2018-10-02 15:06:19 - [TEST_STEP][PASSED] - Statement - Glb_ContactId = "1901" + RandomNumber.call(999999): null

2018-10-02 15:06:19 - [MESSAGE][PASSED] - Call Test Case 'Test Cases/TOYOTA/Library_TestCase/Setup_Method_And_Variables - V1' successfully

2018-10-02 15:06:19 - [TEST_STEP][PASSED] - Statement - If (var_Status_OpCode == "true"): Call Test Case 'Test Cases/TOYOTA/Library_TestCase/Toyota_GetServiceOperation_JSON - V2' successfully

2018-10-02 15:06:19 - [TEST_STEP][PASSED] - callTestCase: Call Test Case 'Test Cases/TOYOTA/Library_TestCase/Toyota_GetServiceOperation_JSON - V2' successfully

2018-10-02 15:06:19 - [TEST_CASE][PASSED] - Test Cases/TOYOTA/Library_TestCase/Toyota_GetServiceOperation_JSON - V2: Test Cases/TOYOTA/Library_TestCase/Toyota_GetServiceOperation_JSON - V2

2018-10-02 15:06:19 - [TEST_STEP][PASSED] - Statement - RoundNumber = { java.lang.Float floatnumber -> ... }: null

2018-10-02 15:06:19 - [TEST_STEP][PASSED] - Statement - ServiceType = Glb_ServiceType: null

2018-10-02 15:06:19 - [TEST_STEP][PASSED] - Statement - Filepath = <not implemented yet for class: org.codehaus.groovy.ast.expr.EmptyExpression>: null

2018-10-02 15:06:19 - [TEST_STEP][PASSED] - Statement - If (Glb_ServiceType == "OSB_SERVICE_TYPE_LOGBOOK"): null

2018-10-02 15:06:19 - [TEST_STEP][PASSED] - Statement - Else: null

2018-10-02 15:06:19 - [TEST_STEP][PASSED] - Statement - Filepath = "Data Files/Toyota/OperationCode_ADDITIONAL.csv": null

2018-10-02 15:06:19 - [TEST_STEP][PASSED] - Statement - GetServiceOperation = com.kms.katalon.core.testobject.ObjectRepository.findTestObject(Toyota/GetServiceOperations_JSON, [Dealer_Code:internal.GlobalVariable.Glb_Dealer_Code, Location_Code:internal.GlobalVariable.Glb_Location_Code, VIN:internal.GlobalVariable.Glb_VIN, ... ]): Finding Test Object with id 'Object Repository/Toyota/GetServiceOperations_JSON'

2018-10-02 15:06:19 - [TEST_STEP][PASSED] - Statement - GetServiceOperation.getHttpHeaderProperties().add(new com.kms.katalon.core.testobject.TestObjectProperty(Authorization, com.kms.katalon.core.testobject.ConditionType.EQUALS, (Basic  + internal.GlobalVariable.Glb_Authorization_Token))): null

2018-10-02 15:06:19 - [TEST_STEP][PASSED] - Statement - res_GetServiceOperation = com.kms.katalon.core.webservice.keyword.WSBuiltInKeywords.sendRequest(GetServiceOperation): Send request successfully

2018-10-02 15:06:20 - [MESSAGE][PASSED] - Send request successfully

2018-10-02 15:06:20 - [TEST_STEP][PASSED] - Statement - If (!(Glb_Dealer_Code == "765A")): null

2018-10-02 15:06:20 - [TEST_STEP][PASSED] - verifyResponseStatusCode: Verify response status code successfully

2018-10-02 15:06:20 - [MESSAGE][PASSED] - Verify response status code successfully

2018-10-02 15:06:20 - [TEST_STEP][PASSED] - Statement - res_Text = new groovy.json.JsonSlurper().parseText(response.getResponseText()): null

2018-10-02 15:06:20 - [TEST_STEP][PASSED] - Statement - If (!(ExpectedMessage == "")): null

2018-10-02 15:06:20 - [MESSAGE][PASSED] - Call Test Case 'Test Cases/TOYOTA/Library_TestCase/Toyota_GetServiceOperation_JSON - V2' successfully

2018-10-02 15:06:20 - [TEST_STEP][PASSED] - Statement - If (var_Status_GetOffTime == "true"): null

2018-10-02 15:06:20 - [TEST_STEP][PASSED] - Statement - If (var_Status_PickupTime == "true"): null

2018-10-02 15:06:20 - [TEST_STEP][PASSED] - Statement - If (var_Status_ReservedTimeslot == "true"): null

2018-10-02 15:06:20 - [TEST_STEP][PASSED] - Statement - If (var_Status_GetTransport == "true"): null

2018-10-02 15:06:20 - [TEST_STEP][PASSED] - Statement - If (var_Status_MakeBooking == "true"): null

2018-10-02 15:06:20 - [TEST_STEP][PASSED] - Statement - If (var_Status_SearchBooking == "true"): null

2018-10-02 15:06:20 - [TEST_STEP][PASSED] - Statement - If (var_Status_GetBookingDetail == "true"): null

2018-10-02 15:06:20 - [TEST_STEP][PASSED] - Statement - If (var_Status_ChangeBooking == "true"): null

2018-10-02 15:06:20 - [TEST_STEP][PASSED] - Statement - If (var_Status_CancelBooking == "true"): null]]></system-out>
         <system-err><![CDATA[]]></system-err>
      </testcase>
      <testcase name="Test Cases/TOYOTA/Main_Toyota_TestCase - AllSprints" classname="Test Cases/TOYOTA/Main_Toyota_TestCase - AllSprints" status="PASSED">
         <system-out><![CDATA[2018-10-02 15:06:20 - [TEST_CASE][PASSED] - Test Cases/TOYOTA/Main_Toyota_TestCase - AllSprints: Test Cases/TOYOTA/Main_Toyota_TestCase - AllSprints

2018-10-02 15:06:20 - [TEST_STEP][PASSED] - callTestCase: Call Test Case 'Test Cases/TOYOTA/Library_TestCase/Setup_Method_And_Variables - V1' successfully

2018-10-02 15:06:20 - [TEST_CASE][PASSED] - Test Cases/TOYOTA/Library_TestCase/Setup_Method_And_Variables - V1: Test Cases/TOYOTA/Library_TestCase/Setup_Method_And_Variables - V1

2018-10-02 15:06:20 - [TEST_STEP][PASSED] - Statement - If (!(Setup_Interval == "")): null

2018-10-02 15:06:20 - [TEST_STEP][PASSED] - Statement - If (!(Setup_WorkshopStart == "")): null

2018-10-02 15:06:20 - [TEST_STEP][PASSED] - Statement - If (!(Setup_WorkshopEnd == "")): null

2018-10-02 15:06:20 - [TEST_STEP][PASSED] - Statement - If (!(Setup_Dealer_Code == "")): null

2018-10-02 15:06:20 - [TEST_STEP][PASSED] - Statement - If (!(Setup_Location_Code == "")): null

2018-10-02 15:06:20 - [TEST_STEP][PASSED] - Statement - If (!(Setup_VIN == "")): null

2018-10-02 15:06:20 - [TEST_STEP][PASSED] - Statement - If (!(Setup_REGNumber == "")): null

2018-10-02 15:06:20 - [TEST_STEP][PASSED] - Statement - If (!(Setup_FirstName == "")): null

2018-10-02 15:06:20 - [TEST_STEP][PASSED] - Statement - If (!(Setup_LastName == "")): null

2018-10-02 15:06:20 - [TEST_STEP][PASSED] - Statement - If (!(Setup_TotalPrice == "")): null

2018-10-02 15:06:20 - [TEST_STEP][PASSED] - Statement - If (!(Setup_TotalDuration == "")): null

2018-10-02 15:06:20 - [TEST_STEP][PASSED] - Statement - If (!(Setup_StartDropDate == "")): null

2018-10-02 15:06:20 - [TEST_STEP][PASSED] - Statement - If (!(Setup_EndDropDate == "")): null

2018-10-02 15:06:20 - [TEST_STEP][PASSED] - Statement - If (!(Setup_StartSearchDate == "")): null

2018-10-02 15:06:20 - [TEST_STEP][PASSED] - Statement - If (!(Setup_EndSearchDate == "")): null

2018-10-02 15:06:20 - [TEST_STEP][PASSED] - Statement - If (!(Setup_Duration == "")): null

2018-10-02 15:06:20 - [TEST_STEP][PASSED] - Statement - If (!(Setup_ServiceDate == "")): null

2018-10-02 15:06:20 - [TEST_STEP][PASSED] - Statement - If (!(Setup_StartDropDate == "")): null

2018-10-02 15:06:20 - [TEST_STEP][PASSED] - Statement - If (!(Setup_EndDropDate == "")): null

2018-10-02 15:06:20 - [TEST_STEP][PASSED] - Statement - If (!(Setup_StartSearchDate == "")): null

2018-10-02 15:06:20 - [TEST_STEP][PASSED] - Statement - If (!(Setup_EndSearchDate == "")): null

2018-10-02 15:06:20 - [TEST_STEP][PASSED] - Statement - If (!(Setup_BookingId == "")): null

2018-10-02 15:06:20 - [TEST_STEP][PASSED] - Statement - If (!(Setup_ServiceType == "")): null

2018-10-02 15:06:20 - [TEST_STEP][PASSED] - Statement - SetDate = { java.util.Date current_time, int number_month, int number_day, int number_hour, java.lang.String format_date -> ... }: null

2018-10-02 15:06:20 - [TEST_STEP][PASSED] - Statement - RandomNumber = { int number -> ... }: null

2018-10-02 15:06:20 - [TEST_STEP][PASSED] - Statement - today = new java.util.Date(): null

2018-10-02 15:06:20 - [TEST_STEP][PASSED] - Statement - current_date = today.format("YYYY-MM-dd"): null

2018-10-02 15:06:20 - [TEST_STEP][PASSED] - Statement - Glb_Current_Date = current_date: null

2018-10-02 15:06:20 - [TEST_STEP][PASSED] - Statement - Glb_Current_Hour = SetDate.call(today, 0, 0, 3, "HH:mm"): null

2018-10-02 15:06:20 - [TEST_STEP][PASSED] - Statement - If (Glb_ServiceDate.toString().toLowerCase() == "cr"): null

2018-10-02 15:06:20 - [TEST_STEP][PASSED] - Statement - If (Glb_StartDate.toString().toLowerCase() == "cr"): null

2018-10-02 15:06:20 - [TEST_STEP][PASSED] - Statement - If (Glb_EndDate.toString().toLowerCase() == "cr"): null

2018-10-02 15:06:20 - [TEST_STEP][PASSED] - Statement - If (Glb_StartSearchDate.toString().toLowerCase() == "cr"): null

2018-10-02 15:06:20 - [TEST_STEP][PASSED] - Statement - If (Glb_EndSearchDate.toString().toLowerCase() == "cr"): null

2018-10-02 15:06:20 - [TEST_STEP][PASSED] - Statement - Glb_ContactId = "1901" + RandomNumber.call(999999): null

2018-10-02 15:06:20 - [MESSAGE][PASSED] - Call Test Case 'Test Cases/TOYOTA/Library_TestCase/Setup_Method_And_Variables - V1' successfully

2018-10-02 15:06:20 - [TEST_STEP][PASSED] - Statement - If (var_Status_OpCode == "true"): Call Test Case 'Test Cases/TOYOTA/Library_TestCase/Toyota_GetServiceOperation_JSON - V2' successfully

2018-10-02 15:06:20 - [TEST_STEP][PASSED] - callTestCase: Call Test Case 'Test Cases/TOYOTA/Library_TestCase/Toyota_GetServiceOperation_JSON - V2' successfully

2018-10-02 15:06:20 - [TEST_CASE][PASSED] - Test Cases/TOYOTA/Library_TestCase/Toyota_GetServiceOperation_JSON - V2: Test Cases/TOYOTA/Library_TestCase/Toyota_GetServiceOperation_JSON - V2

2018-10-02 15:06:20 - [TEST_STEP][PASSED] - Statement - RoundNumber = { java.lang.Float floatnumber -> ... }: null

2018-10-02 15:06:20 - [TEST_STEP][PASSED] - Statement - ServiceType = Glb_ServiceType: null

2018-10-02 15:06:20 - [TEST_STEP][PASSED] - Statement - Filepath = <not implemented yet for class: org.codehaus.groovy.ast.expr.EmptyExpression>: null

2018-10-02 15:06:20 - [TEST_STEP][PASSED] - Statement - If (Glb_ServiceType == "OSB_SERVICE_TYPE_LOGBOOK"): null

2018-10-02 15:06:20 - [TEST_STEP][PASSED] - Statement - Else: null

2018-10-02 15:06:20 - [TEST_STEP][PASSED] - Statement - Filepath = "Data Files/Toyota/OperationCode_ADDITIONAL.csv": null

2018-10-02 15:06:20 - [TEST_STEP][PASSED] - Statement - GetServiceOperation = com.kms.katalon.core.testobject.ObjectRepository.findTestObject(Toyota/GetServiceOperations_JSON, [Dealer_Code:internal.GlobalVariable.Glb_Dealer_Code, Location_Code:internal.GlobalVariable.Glb_Location_Code, VIN:internal.GlobalVariable.Glb_VIN, ... ]): Finding Test Object with id 'Object Repository/Toyota/GetServiceOperations_JSON'

2018-10-02 15:06:20 - [TEST_STEP][PASSED] - Statement - GetServiceOperation.getHttpHeaderProperties().add(new com.kms.katalon.core.testobject.TestObjectProperty(Authorization, com.kms.katalon.core.testobject.ConditionType.EQUALS, (Basic  + internal.GlobalVariable.Glb_Authorization_Token))): null

2018-10-02 15:06:20 - [TEST_STEP][PASSED] - Statement - res_GetServiceOperation = com.kms.katalon.core.webservice.keyword.WSBuiltInKeywords.sendRequest(GetServiceOperation): Send request successfully

2018-10-02 15:06:20 - [MESSAGE][PASSED] - Send request successfully

2018-10-02 15:06:20 - [TEST_STEP][PASSED] - Statement - If (!(Glb_Dealer_Code == "765A")): null

2018-10-02 15:06:45 - [TEST_STEP][PASSED] - verifyResponseStatusCode: Verify response status code successfully

2018-10-02 15:06:45 - [MESSAGE][PASSED] - Verify response status code successfully

2018-10-02 15:06:45 - [TEST_STEP][PASSED] - Statement - res_Text = new groovy.json.JsonSlurper().parseText(response.getResponseText()): null

2018-10-02 15:06:45 - [TEST_STEP][PASSED] - Statement - If (!(ExpectedMessage == "")): null

2018-10-02 15:06:45 - [MESSAGE][PASSED] - Call Test Case 'Test Cases/TOYOTA/Library_TestCase/Toyota_GetServiceOperation_JSON - V2' successfully

2018-10-02 15:06:45 - [TEST_STEP][PASSED] - Statement - If (var_Status_GetOffTime == "true"): null

2018-10-02 15:06:45 - [TEST_STEP][PASSED] - Statement - If (var_Status_PickupTime == "true"): null

2018-10-02 15:06:45 - [TEST_STEP][PASSED] - Statement - If (var_Status_ReservedTimeslot == "true"): null

2018-10-02 15:06:45 - [TEST_STEP][PASSED] - Statement - If (var_Status_GetTransport == "true"): null

2018-10-02 15:06:45 - [TEST_STEP][PASSED] - Statement - If (var_Status_MakeBooking == "true"): null

2018-10-02 15:06:45 - [TEST_STEP][PASSED] - Statement - If (var_Status_SearchBooking == "true"): null

2018-10-02 15:06:45 - [TEST_STEP][PASSED] - Statement - If (var_Status_GetBookingDetail == "true"): null

2018-10-02 15:06:45 - [TEST_STEP][PASSED] - Statement - If (var_Status_ChangeBooking == "true"): null

2018-10-02 15:06:45 - [TEST_STEP][PASSED] - Statement - If (var_Status_CancelBooking == "true"): null]]></system-out>
         <system-err><![CDATA[]]></system-err>
      </testcase>
      <testcase name="Test Cases/TOYOTA/Main_Toyota_TestCase - AllSprints" classname="Test Cases/TOYOTA/Main_Toyota_TestCase - AllSprints" status="PASSED">
         <system-out><![CDATA[2018-10-02 15:06:45 - [TEST_CASE][PASSED] - Test Cases/TOYOTA/Main_Toyota_TestCase - AllSprints: Test Cases/TOYOTA/Main_Toyota_TestCase - AllSprints

2018-10-02 15:06:45 - [TEST_STEP][PASSED] - callTestCase: Call Test Case 'Test Cases/TOYOTA/Library_TestCase/Setup_Method_And_Variables - V1' successfully

2018-10-02 15:06:45 - [TEST_CASE][PASSED] - Test Cases/TOYOTA/Library_TestCase/Setup_Method_And_Variables - V1: Test Cases/TOYOTA/Library_TestCase/Setup_Method_And_Variables - V1

2018-10-02 15:06:45 - [TEST_STEP][PASSED] - Statement - If (!(Setup_Interval == "")): null

2018-10-02 15:06:45 - [TEST_STEP][PASSED] - Statement - If (!(Setup_WorkshopStart == "")): null

2018-10-02 15:06:45 - [TEST_STEP][PASSED] - Statement - If (!(Setup_WorkshopEnd == "")): null

2018-10-02 15:06:45 - [TEST_STEP][PASSED] - Statement - If (!(Setup_Dealer_Code == "")): null

2018-10-02 15:06:45 - [TEST_STEP][PASSED] - Statement - If (!(Setup_Location_Code == "")): null

2018-10-02 15:06:45 - [TEST_STEP][PASSED] - Statement - If (!(Setup_VIN == "")): null

2018-10-02 15:06:45 - [TEST_STEP][PASSED] - Statement - If (!(Setup_REGNumber == "")): null

2018-10-02 15:06:45 - [TEST_STEP][PASSED] - Statement - If (!(Setup_FirstName == "")): null

2018-10-02 15:06:45 - [TEST_STEP][PASSED] - Statement - If (!(Setup_LastName == "")): null

2018-10-02 15:06:45 - [TEST_STEP][PASSED] - Statement - If (!(Setup_TotalPrice == "")): null

2018-10-02 15:06:45 - [TEST_STEP][PASSED] - Statement - If (!(Setup_TotalDuration == "")): null

2018-10-02 15:06:45 - [TEST_STEP][PASSED] - Statement - If (!(Setup_StartDropDate == "")): null

2018-10-02 15:06:45 - [TEST_STEP][PASSED] - Statement - If (!(Setup_EndDropDate == "")): null

2018-10-02 15:06:45 - [TEST_STEP][PASSED] - Statement - If (!(Setup_StartSearchDate == "")): null

2018-10-02 15:06:45 - [TEST_STEP][PASSED] - Statement - If (!(Setup_EndSearchDate == "")): null

2018-10-02 15:06:45 - [TEST_STEP][PASSED] - Statement - If (!(Setup_Duration == "")): null

2018-10-02 15:06:45 - [TEST_STEP][PASSED] - Statement - If (!(Setup_ServiceDate == "")): null

2018-10-02 15:06:45 - [TEST_STEP][PASSED] - Statement - If (!(Setup_StartDropDate == "")): null

2018-10-02 15:06:45 - [TEST_STEP][PASSED] - Statement - If (!(Setup_EndDropDate == "")): null

2018-10-02 15:06:45 - [TEST_STEP][PASSED] - Statement - If (!(Setup_StartSearchDate == "")): null

2018-10-02 15:06:45 - [TEST_STEP][PASSED] - Statement - If (!(Setup_EndSearchDate == "")): null

2018-10-02 15:06:45 - [TEST_STEP][PASSED] - Statement - If (!(Setup_BookingId == "")): null

2018-10-02 15:06:45 - [TEST_STEP][PASSED] - Statement - If (!(Setup_ServiceType == "")): null

2018-10-02 15:06:45 - [TEST_STEP][PASSED] - Statement - SetDate = { java.util.Date current_time, int number_month, int number_day, int number_hour, java.lang.String format_date -> ... }: null

2018-10-02 15:06:45 - [TEST_STEP][PASSED] - Statement - RandomNumber = { int number -> ... }: null

2018-10-02 15:06:45 - [TEST_STEP][PASSED] - Statement - today = new java.util.Date(): null

2018-10-02 15:06:45 - [TEST_STEP][PASSED] - Statement - current_date = today.format("YYYY-MM-dd"): null

2018-10-02 15:06:45 - [TEST_STEP][PASSED] - Statement - Glb_Current_Date = current_date: null

2018-10-02 15:06:45 - [TEST_STEP][PASSED] - Statement - Glb_Current_Hour = SetDate.call(today, 0, 0, 3, "HH:mm"): null

2018-10-02 15:06:45 - [TEST_STEP][PASSED] - Statement - If (Glb_ServiceDate.toString().toLowerCase() == "cr"): null

2018-10-02 15:06:45 - [TEST_STEP][PASSED] - Statement - If (Glb_StartDate.toString().toLowerCase() == "cr"): null

2018-10-02 15:06:45 - [TEST_STEP][PASSED] - Statement - If (Glb_EndDate.toString().toLowerCase() == "cr"): null

2018-10-02 15:06:45 - [TEST_STEP][PASSED] - Statement - If (Glb_StartSearchDate.toString().toLowerCase() == "cr"): null

2018-10-02 15:06:45 - [TEST_STEP][PASSED] - Statement - If (Glb_EndSearchDate.toString().toLowerCase() == "cr"): null

2018-10-02 15:06:45 - [TEST_STEP][PASSED] - Statement - Glb_ContactId = "1901" + RandomNumber.call(999999): null

2018-10-02 15:06:45 - [MESSAGE][PASSED] - Call Test Case 'Test Cases/TOYOTA/Library_TestCase/Setup_Method_And_Variables - V1' successfully

2018-10-02 15:06:45 - [TEST_STEP][PASSED] - Statement - If (var_Status_OpCode == "true"): Call Test Case 'Test Cases/TOYOTA/Library_TestCase/Toyota_GetServiceOperation_JSON - V2' successfully

2018-10-02 15:06:45 - [TEST_STEP][PASSED] - callTestCase: Call Test Case 'Test Cases/TOYOTA/Library_TestCase/Toyota_GetServiceOperation_JSON - V2' successfully

2018-10-02 15:06:45 - [TEST_CASE][PASSED] - Test Cases/TOYOTA/Library_TestCase/Toyota_GetServiceOperation_JSON - V2: Test Cases/TOYOTA/Library_TestCase/Toyota_GetServiceOperation_JSON - V2

2018-10-02 15:06:45 - [TEST_STEP][PASSED] - Statement - RoundNumber = { java.lang.Float floatnumber -> ... }: null

2018-10-02 15:06:45 - [TEST_STEP][PASSED] - Statement - ServiceType = Glb_ServiceType: null

2018-10-02 15:06:45 - [TEST_STEP][PASSED] - Statement - Filepath = <not implemented yet for class: org.codehaus.groovy.ast.expr.EmptyExpression>: null

2018-10-02 15:06:45 - [TEST_STEP][PASSED] - Statement - If (Glb_ServiceType == "OSB_SERVICE_TYPE_LOGBOOK"): null

2018-10-02 15:06:45 - [TEST_STEP][PASSED] - Statement - Else: null

2018-10-02 15:06:45 - [TEST_STEP][PASSED] - Statement - Filepath = "Data Files/Toyota/OperationCode_ADDITIONAL.csv": null

2018-10-02 15:06:45 - [TEST_STEP][PASSED] - Statement - GetServiceOperation = com.kms.katalon.core.testobject.ObjectRepository.findTestObject(Toyota/GetServiceOperations_JSON, [Dealer_Code:internal.GlobalVariable.Glb_Dealer_Code, Location_Code:internal.GlobalVariable.Glb_Location_Code, VIN:internal.GlobalVariable.Glb_VIN, ... ]): Finding Test Object with id 'Object Repository/Toyota/GetServiceOperations_JSON'

2018-10-02 15:06:45 - [TEST_STEP][PASSED] - Statement - GetServiceOperation.getHttpHeaderProperties().add(new com.kms.katalon.core.testobject.TestObjectProperty(Authorization, com.kms.katalon.core.testobject.ConditionType.EQUALS, (Basic  + internal.GlobalVariable.Glb_Authorization_Token))): null

2018-10-02 15:06:45 - [TEST_STEP][PASSED] - Statement - res_GetServiceOperation = com.kms.katalon.core.webservice.keyword.WSBuiltInKeywords.sendRequest(GetServiceOperation): Send request successfully

2018-10-02 15:06:46 - [MESSAGE][PASSED] - Send request successfully

2018-10-02 15:06:46 - [TEST_STEP][PASSED] - Statement - If (!(Glb_Dealer_Code == "765A")): null

2018-10-02 15:06:46 - [TEST_STEP][PASSED] - verifyResponseStatusCode: Verify response status code successfully

2018-10-02 15:06:46 - [MESSAGE][PASSED] - Verify response status code successfully

2018-10-02 15:06:46 - [TEST_STEP][PASSED] - Statement - res_Text = new groovy.json.JsonSlurper().parseText(response.getResponseText()): null

2018-10-02 15:06:46 - [TEST_STEP][PASSED] - Statement - If (!(ExpectedMessage == "")): null

2018-10-02 15:06:46 - [MESSAGE][PASSED] - Call Test Case 'Test Cases/TOYOTA/Library_TestCase/Toyota_GetServiceOperation_JSON - V2' successfully

2018-10-02 15:06:46 - [TEST_STEP][PASSED] - Statement - If (var_Status_GetOffTime == "true"): null

2018-10-02 15:06:46 - [TEST_STEP][PASSED] - Statement - If (var_Status_PickupTime == "true"): null

2018-10-02 15:06:46 - [TEST_STEP][PASSED] - Statement - If (var_Status_ReservedTimeslot == "true"): null

2018-10-02 15:06:46 - [TEST_STEP][PASSED] - Statement - If (var_Status_GetTransport == "true"): null

2018-10-02 15:06:46 - [TEST_STEP][PASSED] - Statement - If (var_Status_MakeBooking == "true"): null

2018-10-02 15:06:46 - [TEST_STEP][PASSED] - Statement - If (var_Status_SearchBooking == "true"): null

2018-10-02 15:06:46 - [TEST_STEP][PASSED] - Statement - If (var_Status_GetBookingDetail == "true"): null

2018-10-02 15:06:46 - [TEST_STEP][PASSED] - Statement - If (var_Status_ChangeBooking == "true"): null

2018-10-02 15:06:46 - [TEST_STEP][PASSED] - Statement - If (var_Status_CancelBooking == "true"): null]]></system-out>
         <system-err><![CDATA[]]></system-err>
      </testcase>
      <testcase name="Test Cases/TOYOTA/Main_Toyota_TestCase - AllSprints" classname="Test Cases/TOYOTA/Main_Toyota_TestCase - AllSprints" status="PASSED">
         <system-out><![CDATA[2018-10-02 15:06:46 - [TEST_CASE][PASSED] - Test Cases/TOYOTA/Main_Toyota_TestCase - AllSprints: Test Cases/TOYOTA/Main_Toyota_TestCase - AllSprints

2018-10-02 15:06:46 - [TEST_STEP][PASSED] - callTestCase: Call Test Case 'Test Cases/TOYOTA/Library_TestCase/Setup_Method_And_Variables - V1' successfully

2018-10-02 15:06:46 - [TEST_CASE][PASSED] - Test Cases/TOYOTA/Library_TestCase/Setup_Method_And_Variables - V1: Test Cases/TOYOTA/Library_TestCase/Setup_Method_And_Variables - V1

2018-10-02 15:06:46 - [TEST_STEP][PASSED] - Statement - If (!(Setup_Interval == "")): null

2018-10-02 15:06:46 - [TEST_STEP][PASSED] - Statement - If (!(Setup_WorkshopStart == "")): null

2018-10-02 15:06:46 - [TEST_STEP][PASSED] - Statement - If (!(Setup_WorkshopEnd == "")): null

2018-10-02 15:06:46 - [TEST_STEP][PASSED] - Statement - If (!(Setup_Dealer_Code == "")): null

2018-10-02 15:06:46 - [TEST_STEP][PASSED] - Statement - If (!(Setup_Location_Code == "")): null

2018-10-02 15:06:46 - [TEST_STEP][PASSED] - Statement - If (!(Setup_VIN == "")): null

2018-10-02 15:06:46 - [TEST_STEP][PASSED] - Statement - If (!(Setup_REGNumber == "")): null

2018-10-02 15:06:46 - [TEST_STEP][PASSED] - Statement - If (!(Setup_FirstName == "")): null

2018-10-02 15:06:46 - [TEST_STEP][PASSED] - Statement - If (!(Setup_LastName == "")): null

2018-10-02 15:06:46 - [TEST_STEP][PASSED] - Statement - If (!(Setup_TotalPrice == "")): null

2018-10-02 15:06:46 - [TEST_STEP][PASSED] - Statement - If (!(Setup_TotalDuration == "")): null

2018-10-02 15:06:46 - [TEST_STEP][PASSED] - Statement - If (!(Setup_StartDropDate == "")): null

2018-10-02 15:06:46 - [TEST_STEP][PASSED] - Statement - If (!(Setup_EndDropDate == "")): null

2018-10-02 15:06:46 - [TEST_STEP][PASSED] - Statement - If (!(Setup_StartSearchDate == "")): null

2018-10-02 15:06:46 - [TEST_STEP][PASSED] - Statement - If (!(Setup_EndSearchDate == "")): null

2018-10-02 15:06:46 - [TEST_STEP][PASSED] - Statement - If (!(Setup_Duration == "")): null

2018-10-02 15:06:46 - [TEST_STEP][PASSED] - Statement - If (!(Setup_ServiceDate == "")): null

2018-10-02 15:06:46 - [TEST_STEP][PASSED] - Statement - If (!(Setup_StartDropDate == "")): null

2018-10-02 15:06:46 - [TEST_STEP][PASSED] - Statement - If (!(Setup_EndDropDate == "")): null

2018-10-02 15:06:46 - [TEST_STEP][PASSED] - Statement - If (!(Setup_StartSearchDate == "")): null

2018-10-02 15:06:46 - [TEST_STEP][PASSED] - Statement - If (!(Setup_EndSearchDate == "")): null

2018-10-02 15:06:46 - [TEST_STEP][PASSED] - Statement - If (!(Setup_BookingId == "")): null

2018-10-02 15:06:46 - [TEST_STEP][PASSED] - Statement - If (!(Setup_ServiceType == "")): null

2018-10-02 15:06:46 - [TEST_STEP][PASSED] - Statement - SetDate = { java.util.Date current_time, int number_month, int number_day, int number_hour, java.lang.String format_date -> ... }: null

2018-10-02 15:06:46 - [TEST_STEP][PASSED] - Statement - RandomNumber = { int number -> ... }: null

2018-10-02 15:06:46 - [TEST_STEP][PASSED] - Statement - today = new java.util.Date(): null

2018-10-02 15:06:46 - [TEST_STEP][PASSED] - Statement - current_date = today.format("YYYY-MM-dd"): null

2018-10-02 15:06:46 - [TEST_STEP][PASSED] - Statement - Glb_Current_Date = current_date: null

2018-10-02 15:06:46 - [TEST_STEP][PASSED] - Statement - Glb_Current_Hour = SetDate.call(today, 0, 0, 3, "HH:mm"): null

2018-10-02 15:06:46 - [TEST_STEP][PASSED] - Statement - If (Glb_ServiceDate.toString().toLowerCase() == "cr"): null

2018-10-02 15:06:46 - [TEST_STEP][PASSED] - Statement - If (Glb_StartDate.toString().toLowerCase() == "cr"): null

2018-10-02 15:06:46 - [TEST_STEP][PASSED] - Statement - If (Glb_EndDate.toString().toLowerCase() == "cr"): null

2018-10-02 15:06:46 - [TEST_STEP][PASSED] - Statement - If (Glb_StartSearchDate.toString().toLowerCase() == "cr"): null

2018-10-02 15:06:46 - [TEST_STEP][PASSED] - Statement - If (Glb_EndSearchDate.toString().toLowerCase() == "cr"): null

2018-10-02 15:06:46 - [TEST_STEP][PASSED] - Statement - Glb_ContactId = "1901" + RandomNumber.call(999999): null

2018-10-02 15:06:46 - [MESSAGE][PASSED] - Call Test Case 'Test Cases/TOYOTA/Library_TestCase/Setup_Method_And_Variables - V1' successfully

2018-10-02 15:06:46 - [TEST_STEP][PASSED] - Statement - If (var_Status_OpCode == "true"): Call Test Case 'Test Cases/TOYOTA/Library_TestCase/Toyota_GetServiceOperation_JSON - V2' successfully

2018-10-02 15:06:46 - [TEST_STEP][PASSED] - callTestCase: Call Test Case 'Test Cases/TOYOTA/Library_TestCase/Toyota_GetServiceOperation_JSON - V2' successfully

2018-10-02 15:06:46 - [TEST_CASE][PASSED] - Test Cases/TOYOTA/Library_TestCase/Toyota_GetServiceOperation_JSON - V2: Test Cases/TOYOTA/Library_TestCase/Toyota_GetServiceOperation_JSON - V2

2018-10-02 15:06:46 - [TEST_STEP][PASSED] - Statement - RoundNumber = { java.lang.Float floatnumber -> ... }: null

2018-10-02 15:06:46 - [TEST_STEP][PASSED] - Statement - ServiceType = Glb_ServiceType: null

2018-10-02 15:06:46 - [TEST_STEP][PASSED] - Statement - Filepath = <not implemented yet for class: org.codehaus.groovy.ast.expr.EmptyExpression>: null

2018-10-02 15:06:46 - [TEST_STEP][PASSED] - Statement - If (Glb_ServiceType == "OSB_SERVICE_TYPE_LOGBOOK"): null

2018-10-02 15:06:46 - [TEST_STEP][PASSED] - Statement - Else: null

2018-10-02 15:06:46 - [TEST_STEP][PASSED] - Statement - Filepath = "Data Files/Toyota/OperationCode_ADDITIONAL.csv": null

2018-10-02 15:06:46 - [TEST_STEP][PASSED] - Statement - GetServiceOperation = com.kms.katalon.core.testobject.ObjectRepository.findTestObject(Toyota/GetServiceOperations_JSON, [Dealer_Code:internal.GlobalVariable.Glb_Dealer_Code, Location_Code:internal.GlobalVariable.Glb_Location_Code, VIN:internal.GlobalVariable.Glb_VIN, ... ]): Finding Test Object with id 'Object Repository/Toyota/GetServiceOperations_JSON'

2018-10-02 15:06:46 - [TEST_STEP][PASSED] - Statement - GetServiceOperation.getHttpHeaderProperties().add(new com.kms.katalon.core.testobject.TestObjectProperty(Authorization, com.kms.katalon.core.testobject.ConditionType.EQUALS, (Basic  + internal.GlobalVariable.Glb_Authorization_Token))): null

2018-10-02 15:06:46 - [TEST_STEP][PASSED] - Statement - res_GetServiceOperation = com.kms.katalon.core.webservice.keyword.WSBuiltInKeywords.sendRequest(GetServiceOperation): Send request successfully

2018-10-02 15:06:46 - [MESSAGE][PASSED] - Send request successfully

2018-10-02 15:06:46 - [TEST_STEP][PASSED] - Statement - If (!(Glb_Dealer_Code == "765A")): null

2018-10-02 15:06:46 - [TEST_STEP][PASSED] - verifyResponseStatusCode: Verify response status code successfully

2018-10-02 15:06:46 - [MESSAGE][PASSED] - Verify response status code successfully

2018-10-02 15:06:46 - [TEST_STEP][PASSED] - Statement - res_Text = new groovy.json.JsonSlurper().parseText(response.getResponseText()): null

2018-10-02 15:06:46 - [TEST_STEP][PASSED] - Statement - If (!(ExpectedMessage == "")): null

2018-10-02 15:06:46 - [MESSAGE][PASSED] - Call Test Case 'Test Cases/TOYOTA/Library_TestCase/Toyota_GetServiceOperation_JSON - V2' successfully

2018-10-02 15:06:46 - [TEST_STEP][PASSED] - Statement - If (var_Status_GetOffTime == "true"): null

2018-10-02 15:06:46 - [TEST_STEP][PASSED] - Statement - If (var_Status_PickupTime == "true"): null

2018-10-02 15:06:46 - [TEST_STEP][PASSED] - Statement - If (var_Status_ReservedTimeslot == "true"): null

2018-10-02 15:06:46 - [TEST_STEP][PASSED] - Statement - If (var_Status_GetTransport == "true"): null

2018-10-02 15:06:46 - [TEST_STEP][PASSED] - Statement - If (var_Status_MakeBooking == "true"): null

2018-10-02 15:06:46 - [TEST_STEP][PASSED] - Statement - If (var_Status_SearchBooking == "true"): null

2018-10-02 15:06:46 - [TEST_STEP][PASSED] - Statement - If (var_Status_GetBookingDetail == "true"): null

2018-10-02 15:06:46 - [TEST_STEP][PASSED] - Statement - If (var_Status_ChangeBooking == "true"): null

2018-10-02 15:06:46 - [TEST_STEP][PASSED] - Statement - If (var_Status_CancelBooking == "true"): null]]></system-out>
         <system-err><![CDATA[]]></system-err>
      </testcase>
      <testcase name="Test Cases/TOYOTA/Main_Toyota_TestCase - AllSprints" classname="Test Cases/TOYOTA/Main_Toyota_TestCase - AllSprints" status="PASSED">
         <system-out><![CDATA[2018-10-02 15:06:46 - [TEST_CASE][PASSED] - Test Cases/TOYOTA/Main_Toyota_TestCase - AllSprints: Test Cases/TOYOTA/Main_Toyota_TestCase - AllSprints

2018-10-02 15:06:46 - [TEST_STEP][PASSED] - callTestCase: Call Test Case 'Test Cases/TOYOTA/Library_TestCase/Setup_Method_And_Variables - V1' successfully

2018-10-02 15:06:46 - [TEST_CASE][PASSED] - Test Cases/TOYOTA/Library_TestCase/Setup_Method_And_Variables - V1: Test Cases/TOYOTA/Library_TestCase/Setup_Method_And_Variables - V1

2018-10-02 15:06:46 - [TEST_STEP][PASSED] - Statement - If (!(Setup_Interval == "")): null

2018-10-02 15:06:46 - [TEST_STEP][PASSED] - Statement - If (!(Setup_WorkshopStart == "")): null

2018-10-02 15:06:46 - [TEST_STEP][PASSED] - Statement - If (!(Setup_WorkshopEnd == "")): null

2018-10-02 15:06:46 - [TEST_STEP][PASSED] - Statement - If (!(Setup_Dealer_Code == "")): null

2018-10-02 15:06:46 - [TEST_STEP][PASSED] - Statement - If (!(Setup_Location_Code == "")): null

2018-10-02 15:06:46 - [TEST_STEP][PASSED] - Statement - If (!(Setup_VIN == "")): null

2018-10-02 15:06:46 - [TEST_STEP][PASSED] - Statement - If (!(Setup_REGNumber == "")): null

2018-10-02 15:06:46 - [TEST_STEP][PASSED] - Statement - If (!(Setup_FirstName == "")): null

2018-10-02 15:06:46 - [TEST_STEP][PASSED] - Statement - If (!(Setup_LastName == "")): null

2018-10-02 15:06:46 - [TEST_STEP][PASSED] - Statement - If (!(Setup_TotalPrice == "")): null

2018-10-02 15:06:46 - [TEST_STEP][PASSED] - Statement - If (!(Setup_TotalDuration == "")): null

2018-10-02 15:06:46 - [TEST_STEP][PASSED] - Statement - If (!(Setup_StartDropDate == "")): null

2018-10-02 15:06:46 - [TEST_STEP][PASSED] - Statement - If (!(Setup_EndDropDate == "")): null

2018-10-02 15:06:46 - [TEST_STEP][PASSED] - Statement - If (!(Setup_StartSearchDate == "")): null

2018-10-02 15:06:46 - [TEST_STEP][PASSED] - Statement - If (!(Setup_EndSearchDate == "")): null

2018-10-02 15:06:46 - [TEST_STEP][PASSED] - Statement - If (!(Setup_Duration == "")): null

2018-10-02 15:06:46 - [TEST_STEP][PASSED] - Statement - If (!(Setup_ServiceDate == "")): null

2018-10-02 15:06:46 - [TEST_STEP][PASSED] - Statement - If (!(Setup_StartDropDate == "")): null

2018-10-02 15:06:46 - [TEST_STEP][PASSED] - Statement - If (!(Setup_EndDropDate == "")): null

2018-10-02 15:06:46 - [TEST_STEP][PASSED] - Statement - If (!(Setup_StartSearchDate == "")): null

2018-10-02 15:06:46 - [TEST_STEP][PASSED] - Statement - If (!(Setup_EndSearchDate == "")): null

2018-10-02 15:06:46 - [TEST_STEP][PASSED] - Statement - If (!(Setup_BookingId == "")): null

2018-10-02 15:06:46 - [TEST_STEP][PASSED] - Statement - If (!(Setup_ServiceType == "")): null

2018-10-02 15:06:46 - [TEST_STEP][PASSED] - Statement - SetDate = { java.util.Date current_time, int number_month, int number_day, int number_hour, java.lang.String format_date -> ... }: null

2018-10-02 15:06:46 - [TEST_STEP][PASSED] - Statement - RandomNumber = { int number -> ... }: null

2018-10-02 15:06:46 - [TEST_STEP][PASSED] - Statement - today = new java.util.Date(): null

2018-10-02 15:06:46 - [TEST_STEP][PASSED] - Statement - current_date = today.format("YYYY-MM-dd"): null

2018-10-02 15:06:46 - [TEST_STEP][PASSED] - Statement - Glb_Current_Date = current_date: null

2018-10-02 15:06:46 - [TEST_STEP][PASSED] - Statement - Glb_Current_Hour = SetDate.call(today, 0, 0, 3, "HH:mm"): null

2018-10-02 15:06:46 - [TEST_STEP][PASSED] - Statement - If (Glb_ServiceDate.toString().toLowerCase() == "cr"): null

2018-10-02 15:06:46 - [TEST_STEP][PASSED] - Statement - If (Glb_StartDate.toString().toLowerCase() == "cr"): null

2018-10-02 15:06:46 - [TEST_STEP][PASSED] - Statement - If (Glb_EndDate.toString().toLowerCase() == "cr"): null

2018-10-02 15:06:46 - [TEST_STEP][PASSED] - Statement - If (Glb_StartSearchDate.toString().toLowerCase() == "cr"): null

2018-10-02 15:06:46 - [TEST_STEP][PASSED] - Statement - If (Glb_EndSearchDate.toString().toLowerCase() == "cr"): null

2018-10-02 15:06:46 - [TEST_STEP][PASSED] - Statement - Glb_ContactId = "1901" + RandomNumber.call(999999): null

2018-10-02 15:06:46 - [MESSAGE][PASSED] - Call Test Case 'Test Cases/TOYOTA/Library_TestCase/Setup_Method_And_Variables - V1' successfully

2018-10-02 15:06:46 - [TEST_STEP][PASSED] - Statement - If (var_Status_OpCode == "true"): Call Test Case 'Test Cases/TOYOTA/Library_TestCase/Toyota_GetServiceOperation_JSON - V2' successfully

2018-10-02 15:06:46 - [TEST_STEP][PASSED] - callTestCase: Call Test Case 'Test Cases/TOYOTA/Library_TestCase/Toyota_GetServiceOperation_JSON - V2' successfully

2018-10-02 15:06:46 - [TEST_CASE][PASSED] - Test Cases/TOYOTA/Library_TestCase/Toyota_GetServiceOperation_JSON - V2: Test Cases/TOYOTA/Library_TestCase/Toyota_GetServiceOperation_JSON - V2

2018-10-02 15:06:46 - [TEST_STEP][PASSED] - Statement - RoundNumber = { java.lang.Float floatnumber -> ... }: null

2018-10-02 15:06:46 - [TEST_STEP][PASSED] - Statement - ServiceType = Glb_ServiceType: null

2018-10-02 15:06:46 - [TEST_STEP][PASSED] - Statement - Filepath = <not implemented yet for class: org.codehaus.groovy.ast.expr.EmptyExpression>: null

2018-10-02 15:06:46 - [TEST_STEP][PASSED] - Statement - If (Glb_ServiceType == "OSB_SERVICE_TYPE_LOGBOOK"): null

2018-10-02 15:06:46 - [TEST_STEP][PASSED] - Statement - Else: null

2018-10-02 15:06:46 - [TEST_STEP][PASSED] - Statement - Filepath = "Data Files/Toyota/OperationCode_ADDITIONAL.csv": null

2018-10-02 15:06:46 - [TEST_STEP][PASSED] - Statement - GetServiceOperation = com.kms.katalon.core.testobject.ObjectRepository.findTestObject(Toyota/GetServiceOperations_JSON, [Dealer_Code:internal.GlobalVariable.Glb_Dealer_Code, Location_Code:internal.GlobalVariable.Glb_Location_Code, VIN:internal.GlobalVariable.Glb_VIN, ... ]): Finding Test Object with id 'Object Repository/Toyota/GetServiceOperations_JSON'

2018-10-02 15:06:46 - [TEST_STEP][PASSED] - Statement - GetServiceOperation.getHttpHeaderProperties().add(new com.kms.katalon.core.testobject.TestObjectProperty(Authorization, com.kms.katalon.core.testobject.ConditionType.EQUALS, (Basic  + internal.GlobalVariable.Glb_Authorization_Token))): null

2018-10-02 15:06:46 - [TEST_STEP][PASSED] - Statement - res_GetServiceOperation = com.kms.katalon.core.webservice.keyword.WSBuiltInKeywords.sendRequest(GetServiceOperation): Send request successfully

2018-10-02 15:06:46 - [MESSAGE][PASSED] - Send request successfully

2018-10-02 15:06:46 - [TEST_STEP][PASSED] - Statement - If (!(Glb_Dealer_Code == "765A")): null

2018-10-02 15:06:46 - [TEST_STEP][PASSED] - verifyResponseStatusCode: Verify response status code successfully

2018-10-02 15:06:46 - [MESSAGE][PASSED] - Verify response status code successfully

2018-10-02 15:06:46 - [TEST_STEP][PASSED] - Statement - res_Text = new groovy.json.JsonSlurper().parseText(response.getResponseText()): null

2018-10-02 15:06:46 - [TEST_STEP][PASSED] - Statement - If (!(ExpectedMessage == "")): null

2018-10-02 15:06:46 - [MESSAGE][PASSED] - Call Test Case 'Test Cases/TOYOTA/Library_TestCase/Toyota_GetServiceOperation_JSON - V2' successfully

2018-10-02 15:06:46 - [TEST_STEP][PASSED] - Statement - If (var_Status_GetOffTime == "true"): null

2018-10-02 15:06:46 - [TEST_STEP][PASSED] - Statement - If (var_Status_PickupTime == "true"): null

2018-10-02 15:06:46 - [TEST_STEP][PASSED] - Statement - If (var_Status_ReservedTimeslot == "true"): null

2018-10-02 15:06:46 - [TEST_STEP][PASSED] - Statement - If (var_Status_GetTransport == "true"): null

2018-10-02 15:06:46 - [TEST_STEP][PASSED] - Statement - If (var_Status_MakeBooking == "true"): null

2018-10-02 15:06:46 - [TEST_STEP][PASSED] - Statement - If (var_Status_SearchBooking == "true"): null

2018-10-02 15:06:46 - [TEST_STEP][PASSED] - Statement - If (var_Status_GetBookingDetail == "true"): null

2018-10-02 15:06:46 - [TEST_STEP][PASSED] - Statement - If (var_Status_ChangeBooking == "true"): null

2018-10-02 15:06:46 - [TEST_STEP][PASSED] - Statement - If (var_Status_CancelBooking == "true"): null]]></system-out>
         <system-err><![CDATA[]]></system-err>
      </testcase>
      <testcase name="Test Cases/TOYOTA/Main_Toyota_TestCase - AllSprints" classname="Test Cases/TOYOTA/Main_Toyota_TestCase - AllSprints" status="PASSED">
         <system-out><![CDATA[2018-10-02 15:06:46 - [TEST_CASE][PASSED] - Test Cases/TOYOTA/Main_Toyota_TestCase - AllSprints: Test Cases/TOYOTA/Main_Toyota_TestCase - AllSprints

2018-10-02 15:06:46 - [TEST_STEP][PASSED] - callTestCase: Call Test Case 'Test Cases/TOYOTA/Library_TestCase/Setup_Method_And_Variables - V1' successfully

2018-10-02 15:06:46 - [TEST_CASE][PASSED] - Test Cases/TOYOTA/Library_TestCase/Setup_Method_And_Variables - V1: Test Cases/TOYOTA/Library_TestCase/Setup_Method_And_Variables - V1

2018-10-02 15:06:46 - [TEST_STEP][PASSED] - Statement - If (!(Setup_Interval == "")): null

2018-10-02 15:06:46 - [TEST_STEP][PASSED] - Statement - If (!(Setup_WorkshopStart == "")): null

2018-10-02 15:06:46 - [TEST_STEP][PASSED] - Statement - If (!(Setup_WorkshopEnd == "")): null

2018-10-02 15:06:46 - [TEST_STEP][PASSED] - Statement - If (!(Setup_Dealer_Code == "")): null

2018-10-02 15:06:46 - [TEST_STEP][PASSED] - Statement - If (!(Setup_Location_Code == "")): null

2018-10-02 15:06:46 - [TEST_STEP][PASSED] - Statement - If (!(Setup_VIN == "")): null

2018-10-02 15:06:46 - [TEST_STEP][PASSED] - Statement - If (!(Setup_REGNumber == "")): null

2018-10-02 15:06:46 - [TEST_STEP][PASSED] - Statement - If (!(Setup_FirstName == "")): null

2018-10-02 15:06:46 - [TEST_STEP][PASSED] - Statement - If (!(Setup_LastName == "")): null

2018-10-02 15:06:46 - [TEST_STEP][PASSED] - Statement - If (!(Setup_TotalPrice == "")): null

2018-10-02 15:06:46 - [TEST_STEP][PASSED] - Statement - If (!(Setup_TotalDuration == "")): null

2018-10-02 15:06:46 - [TEST_STEP][PASSED] - Statement - If (!(Setup_StartDropDate == "")): null

2018-10-02 15:06:46 - [TEST_STEP][PASSED] - Statement - If (!(Setup_EndDropDate == "")): null

2018-10-02 15:06:46 - [TEST_STEP][PASSED] - Statement - If (!(Setup_StartSearchDate == "")): null

2018-10-02 15:06:46 - [TEST_STEP][PASSED] - Statement - If (!(Setup_EndSearchDate == "")): null

2018-10-02 15:06:46 - [TEST_STEP][PASSED] - Statement - If (!(Setup_Duration == "")): null

2018-10-02 15:06:46 - [TEST_STEP][PASSED] - Statement - If (!(Setup_ServiceDate == "")): null

2018-10-02 15:06:46 - [TEST_STEP][PASSED] - Statement - If (!(Setup_StartDropDate == "")): null

2018-10-02 15:06:46 - [TEST_STEP][PASSED] - Statement - If (!(Setup_EndDropDate == "")): null

2018-10-02 15:06:46 - [TEST_STEP][PASSED] - Statement - If (!(Setup_StartSearchDate == "")): null

2018-10-02 15:06:46 - [TEST_STEP][PASSED] - Statement - If (!(Setup_EndSearchDate == "")): null

2018-10-02 15:06:46 - [TEST_STEP][PASSED] - Statement - If (!(Setup_BookingId == "")): null

2018-10-02 15:06:46 - [TEST_STEP][PASSED] - Statement - If (!(Setup_ServiceType == "")): null

2018-10-02 15:06:46 - [TEST_STEP][PASSED] - Statement - SetDate = { java.util.Date current_time, int number_month, int number_day, int number_hour, java.lang.String format_date -> ... }: null

2018-10-02 15:06:46 - [TEST_STEP][PASSED] - Statement - RandomNumber = { int number -> ... }: null

2018-10-02 15:06:46 - [TEST_STEP][PASSED] - Statement - today = new java.util.Date(): null

2018-10-02 15:06:46 - [TEST_STEP][PASSED] - Statement - current_date = today.format("YYYY-MM-dd"): null

2018-10-02 15:06:46 - [TEST_STEP][PASSED] - Statement - Glb_Current_Date = current_date: null

2018-10-02 15:06:46 - [TEST_STEP][PASSED] - Statement - Glb_Current_Hour = SetDate.call(today, 0, 0, 3, "HH:mm"): null

2018-10-02 15:06:46 - [TEST_STEP][PASSED] - Statement - If (Glb_ServiceDate.toString().toLowerCase() == "cr"): null

2018-10-02 15:06:46 - [TEST_STEP][PASSED] - Statement - If (Glb_StartDate.toString().toLowerCase() == "cr"): null

2018-10-02 15:06:46 - [TEST_STEP][PASSED] - Statement - If (Glb_EndDate.toString().toLowerCase() == "cr"): null

2018-10-02 15:06:46 - [TEST_STEP][PASSED] - Statement - If (Glb_StartSearchDate.toString().toLowerCase() == "cr"): null

2018-10-02 15:06:46 - [TEST_STEP][PASSED] - Statement - If (Glb_EndSearchDate.toString().toLowerCase() == "cr"): null

2018-10-02 15:06:46 - [TEST_STEP][PASSED] - Statement - Glb_ContactId = "1901" + RandomNumber.call(999999): null

2018-10-02 15:06:46 - [MESSAGE][PASSED] - Call Test Case 'Test Cases/TOYOTA/Library_TestCase/Setup_Method_And_Variables - V1' successfully

2018-10-02 15:06:46 - [TEST_STEP][PASSED] - Statement - If (var_Status_OpCode == "true"): Call Test Case 'Test Cases/TOYOTA/Library_TestCase/Toyota_GetServiceOperation_JSON - V2' successfully

2018-10-02 15:06:46 - [TEST_STEP][PASSED] - callTestCase: Call Test Case 'Test Cases/TOYOTA/Library_TestCase/Toyota_GetServiceOperation_JSON - V2' successfully

2018-10-02 15:06:46 - [TEST_CASE][PASSED] - Test Cases/TOYOTA/Library_TestCase/Toyota_GetServiceOperation_JSON - V2: Test Cases/TOYOTA/Library_TestCase/Toyota_GetServiceOperation_JSON - V2

2018-10-02 15:06:46 - [TEST_STEP][PASSED] - Statement - RoundNumber = { java.lang.Float floatnumber -> ... }: null

2018-10-02 15:06:46 - [TEST_STEP][PASSED] - Statement - ServiceType = Glb_ServiceType: null

2018-10-02 15:06:46 - [TEST_STEP][PASSED] - Statement - Filepath = <not implemented yet for class: org.codehaus.groovy.ast.expr.EmptyExpression>: null

2018-10-02 15:06:46 - [TEST_STEP][PASSED] - Statement - If (Glb_ServiceType == "OSB_SERVICE_TYPE_LOGBOOK"): null

2018-10-02 15:06:46 - [TEST_STEP][PASSED] - Statement - Else: null

2018-10-02 15:06:46 - [TEST_STEP][PASSED] - Statement - Filepath = "Data Files/Toyota/OperationCode_ADDITIONAL.csv": null

2018-10-02 15:06:46 - [TEST_STEP][PASSED] - Statement - GetServiceOperation = com.kms.katalon.core.testobject.ObjectRepository.findTestObject(Toyota/GetServiceOperations_JSON, [Dealer_Code:internal.GlobalVariable.Glb_Dealer_Code, Location_Code:internal.GlobalVariable.Glb_Location_Code, VIN:internal.GlobalVariable.Glb_VIN, ... ]): Finding Test Object with id 'Object Repository/Toyota/GetServiceOperations_JSON'

2018-10-02 15:06:46 - [TEST_STEP][PASSED] - Statement - GetServiceOperation.getHttpHeaderProperties().add(new com.kms.katalon.core.testobject.TestObjectProperty(Authorization, com.kms.katalon.core.testobject.ConditionType.EQUALS, (Basic  + internal.GlobalVariable.Glb_Authorization_Token))): null

2018-10-02 15:06:46 - [TEST_STEP][PASSED] - Statement - res_GetServiceOperation = com.kms.katalon.core.webservice.keyword.WSBuiltInKeywords.sendRequest(GetServiceOperation): Send request successfully

2018-10-02 15:06:46 - [MESSAGE][PASSED] - Send request successfully

2018-10-02 15:06:46 - [TEST_STEP][PASSED] - Statement - If (!(Glb_Dealer_Code == "765A")): null

2018-10-02 15:06:46 - [TEST_STEP][PASSED] - verifyResponseStatusCode: Verify response status code successfully

2018-10-02 15:06:46 - [MESSAGE][PASSED] - Verify response status code successfully

2018-10-02 15:06:46 - [TEST_STEP][PASSED] - Statement - res_Text = new groovy.json.JsonSlurper().parseText(response.getResponseText()): null

2018-10-02 15:06:46 - [TEST_STEP][PASSED] - Statement - If (!(ExpectedMessage == "")): null

2018-10-02 15:06:46 - [MESSAGE][PASSED] - Call Test Case 'Test Cases/TOYOTA/Library_TestCase/Toyota_GetServiceOperation_JSON - V2' successfully

2018-10-02 15:06:46 - [TEST_STEP][PASSED] - Statement - If (var_Status_GetOffTime == "true"): null

2018-10-02 15:06:46 - [TEST_STEP][PASSED] - Statement - If (var_Status_PickupTime == "true"): null

2018-10-02 15:06:46 - [TEST_STEP][PASSED] - Statement - If (var_Status_ReservedTimeslot == "true"): null

2018-10-02 15:06:46 - [TEST_STEP][PASSED] - Statement - If (var_Status_GetTransport == "true"): null

2018-10-02 15:06:46 - [TEST_STEP][PASSED] - Statement - If (var_Status_MakeBooking == "true"): null

2018-10-02 15:06:46 - [TEST_STEP][PASSED] - Statement - If (var_Status_SearchBooking == "true"): null

2018-10-02 15:06:46 - [TEST_STEP][PASSED] - Statement - If (var_Status_GetBookingDetail == "true"): null

2018-10-02 15:06:46 - [TEST_STEP][PASSED] - Statement - If (var_Status_ChangeBooking == "true"): null

2018-10-02 15:06:46 - [TEST_STEP][PASSED] - Statement - If (var_Status_CancelBooking == "true"): null]]></system-out>
         <system-err><![CDATA[]]></system-err>
      </testcase>
      <testcase name="Test Cases/TOYOTA/Main_Toyota_TestCase - AllSprints" classname="Test Cases/TOYOTA/Main_Toyota_TestCase - AllSprints" status="PASSED">
         <system-out><![CDATA[2018-10-02 15:06:46 - [TEST_CASE][PASSED] - Test Cases/TOYOTA/Main_Toyota_TestCase - AllSprints: Test Cases/TOYOTA/Main_Toyota_TestCase - AllSprints

2018-10-02 15:06:46 - [TEST_STEP][PASSED] - callTestCase: Call Test Case 'Test Cases/TOYOTA/Library_TestCase/Setup_Method_And_Variables - V1' successfully

2018-10-02 15:06:46 - [TEST_CASE][PASSED] - Test Cases/TOYOTA/Library_TestCase/Setup_Method_And_Variables - V1: Test Cases/TOYOTA/Library_TestCase/Setup_Method_And_Variables - V1

2018-10-02 15:06:46 - [TEST_STEP][PASSED] - Statement - If (!(Setup_Interval == "")): null

2018-10-02 15:06:46 - [TEST_STEP][PASSED] - Statement - If (!(Setup_WorkshopStart == "")): null

2018-10-02 15:06:46 - [TEST_STEP][PASSED] - Statement - If (!(Setup_WorkshopEnd == "")): null

2018-10-02 15:06:46 - [TEST_STEP][PASSED] - Statement - If (!(Setup_Dealer_Code == "")): null

2018-10-02 15:06:46 - [TEST_STEP][PASSED] - Statement - If (!(Setup_Location_Code == "")): null

2018-10-02 15:06:46 - [TEST_STEP][PASSED] - Statement - If (!(Setup_VIN == "")): null

2018-10-02 15:06:46 - [TEST_STEP][PASSED] - Statement - If (!(Setup_REGNumber == "")): null

2018-10-02 15:06:46 - [TEST_STEP][PASSED] - Statement - If (!(Setup_FirstName == "")): null

2018-10-02 15:06:46 - [TEST_STEP][PASSED] - Statement - If (!(Setup_LastName == "")): null

2018-10-02 15:06:46 - [TEST_STEP][PASSED] - Statement - If (!(Setup_TotalPrice == "")): null

2018-10-02 15:06:46 - [TEST_STEP][PASSED] - Statement - If (!(Setup_TotalDuration == "")): null

2018-10-02 15:06:46 - [TEST_STEP][PASSED] - Statement - If (!(Setup_StartDropDate == "")): null

2018-10-02 15:06:46 - [TEST_STEP][PASSED] - Statement - If (!(Setup_EndDropDate == "")): null

2018-10-02 15:06:46 - [TEST_STEP][PASSED] - Statement - If (!(Setup_StartSearchDate == "")): null

2018-10-02 15:06:46 - [TEST_STEP][PASSED] - Statement - If (!(Setup_EndSearchDate == "")): null

2018-10-02 15:06:46 - [TEST_STEP][PASSED] - Statement - If (!(Setup_Duration == "")): null

2018-10-02 15:06:46 - [TEST_STEP][PASSED] - Statement - If (!(Setup_ServiceDate == "")): null

2018-10-02 15:06:46 - [TEST_STEP][PASSED] - Statement - If (!(Setup_StartDropDate == "")): null

2018-10-02 15:06:46 - [TEST_STEP][PASSED] - Statement - If (!(Setup_EndDropDate == "")): null

2018-10-02 15:06:46 - [TEST_STEP][PASSED] - Statement - If (!(Setup_StartSearchDate == "")): null

2018-10-02 15:06:46 - [TEST_STEP][PASSED] - Statement - If (!(Setup_EndSearchDate == "")): null

2018-10-02 15:06:46 - [TEST_STEP][PASSED] - Statement - If (!(Setup_BookingId == "")): null

2018-10-02 15:06:46 - [TEST_STEP][PASSED] - Statement - If (!(Setup_ServiceType == "")): null

2018-10-02 15:06:46 - [TEST_STEP][PASSED] - Statement - SetDate = { java.util.Date current_time, int number_month, int number_day, int number_hour, java.lang.String format_date -> ... }: null

2018-10-02 15:06:46 - [TEST_STEP][PASSED] - Statement - RandomNumber = { int number -> ... }: null

2018-10-02 15:06:46 - [TEST_STEP][PASSED] - Statement - today = new java.util.Date(): null

2018-10-02 15:06:46 - [TEST_STEP][PASSED] - Statement - current_date = today.format("YYYY-MM-dd"): null

2018-10-02 15:06:46 - [TEST_STEP][PASSED] - Statement - Glb_Current_Date = current_date: null

2018-10-02 15:06:46 - [TEST_STEP][PASSED] - Statement - Glb_Current_Hour = SetDate.call(today, 0, 0, 3, "HH:mm"): null

2018-10-02 15:06:46 - [TEST_STEP][PASSED] - Statement - If (Glb_ServiceDate.toString().toLowerCase() == "cr"): null

2018-10-02 15:06:46 - [TEST_STEP][PASSED] - Statement - If (Glb_StartDate.toString().toLowerCase() == "cr"): null

2018-10-02 15:06:46 - [TEST_STEP][PASSED] - Statement - If (Glb_EndDate.toString().toLowerCase() == "cr"): null

2018-10-02 15:06:46 - [TEST_STEP][PASSED] - Statement - If (Glb_StartSearchDate.toString().toLowerCase() == "cr"): null

2018-10-02 15:06:46 - [TEST_STEP][PASSED] - Statement - If (Glb_EndSearchDate.toString().toLowerCase() == "cr"): null

2018-10-02 15:06:46 - [TEST_STEP][PASSED] - Statement - Glb_ContactId = "1901" + RandomNumber.call(999999): null

2018-10-02 15:06:46 - [MESSAGE][PASSED] - Call Test Case 'Test Cases/TOYOTA/Library_TestCase/Setup_Method_And_Variables - V1' successfully

2018-10-02 15:06:46 - [TEST_STEP][PASSED] - Statement - If (var_Status_OpCode == "true"): Call Test Case 'Test Cases/TOYOTA/Library_TestCase/Toyota_GetServiceOperation_JSON - V2' successfully

2018-10-02 15:06:46 - [TEST_STEP][PASSED] - callTestCase: Call Test Case 'Test Cases/TOYOTA/Library_TestCase/Toyota_GetServiceOperation_JSON - V2' successfully

2018-10-02 15:06:46 - [TEST_CASE][PASSED] - Test Cases/TOYOTA/Library_TestCase/Toyota_GetServiceOperation_JSON - V2: Test Cases/TOYOTA/Library_TestCase/Toyota_GetServiceOperation_JSON - V2

2018-10-02 15:06:46 - [TEST_STEP][PASSED] - Statement - RoundNumber = { java.lang.Float floatnumber -> ... }: null

2018-10-02 15:06:46 - [TEST_STEP][PASSED] - Statement - ServiceType = Glb_ServiceType: null

2018-10-02 15:06:46 - [TEST_STEP][PASSED] - Statement - Filepath = <not implemented yet for class: org.codehaus.groovy.ast.expr.EmptyExpression>: null

2018-10-02 15:06:46 - [TEST_STEP][PASSED] - Statement - If (Glb_ServiceType == "OSB_SERVICE_TYPE_LOGBOOK"): null

2018-10-02 15:06:46 - [TEST_STEP][PASSED] - Statement - Else: null

2018-10-02 15:06:46 - [TEST_STEP][PASSED] - Statement - Filepath = "Data Files/Toyota/OperationCode_ADDITIONAL.csv": null

2018-10-02 15:06:46 - [TEST_STEP][PASSED] - Statement - GetServiceOperation = com.kms.katalon.core.testobject.ObjectRepository.findTestObject(Toyota/GetServiceOperations_JSON, [Dealer_Code:internal.GlobalVariable.Glb_Dealer_Code, Location_Code:internal.GlobalVariable.Glb_Location_Code, VIN:internal.GlobalVariable.Glb_VIN, ... ]): Finding Test Object with id 'Object Repository/Toyota/GetServiceOperations_JSON'

2018-10-02 15:06:46 - [TEST_STEP][PASSED] - Statement - GetServiceOperation.getHttpHeaderProperties().add(new com.kms.katalon.core.testobject.TestObjectProperty(Authorization, com.kms.katalon.core.testobject.ConditionType.EQUALS, (Basic  + internal.GlobalVariable.Glb_Authorization_Token))): null

2018-10-02 15:06:46 - [TEST_STEP][PASSED] - Statement - res_GetServiceOperation = com.kms.katalon.core.webservice.keyword.WSBuiltInKeywords.sendRequest(GetServiceOperation): Send request successfully

2018-10-02 15:06:46 - [MESSAGE][PASSED] - Send request successfully

2018-10-02 15:06:46 - [TEST_STEP][PASSED] - Statement - If (!(Glb_Dealer_Code == "765A")): null

2018-10-02 15:06:46 - [TEST_STEP][PASSED] - verifyResponseStatusCode: Verify response status code successfully

2018-10-02 15:06:46 - [MESSAGE][PASSED] - Verify response status code successfully

2018-10-02 15:06:46 - [TEST_STEP][PASSED] - Statement - res_Text = new groovy.json.JsonSlurper().parseText(response.getResponseText()): null

2018-10-02 15:06:46 - [TEST_STEP][PASSED] - Statement - If (!(ExpectedMessage == "")): null

2018-10-02 15:06:46 - [MESSAGE][PASSED] - Call Test Case 'Test Cases/TOYOTA/Library_TestCase/Toyota_GetServiceOperation_JSON - V2' successfully

2018-10-02 15:06:46 - [TEST_STEP][PASSED] - Statement - If (var_Status_GetOffTime == "true"): null

2018-10-02 15:06:46 - [TEST_STEP][PASSED] - Statement - If (var_Status_PickupTime == "true"): null

2018-10-02 15:06:46 - [TEST_STEP][PASSED] - Statement - If (var_Status_ReservedTimeslot == "true"): null

2018-10-02 15:06:46 - [TEST_STEP][PASSED] - Statement - If (var_Status_GetTransport == "true"): null

2018-10-02 15:06:46 - [TEST_STEP][PASSED] - Statement - If (var_Status_MakeBooking == "true"): null

2018-10-02 15:06:46 - [TEST_STEP][PASSED] - Statement - If (var_Status_SearchBooking == "true"): null

2018-10-02 15:06:46 - [TEST_STEP][PASSED] - Statement - If (var_Status_GetBookingDetail == "true"): null

2018-10-02 15:06:46 - [TEST_STEP][PASSED] - Statement - If (var_Status_ChangeBooking == "true"): null

2018-10-02 15:06:46 - [TEST_STEP][PASSED] - Statement - If (var_Status_CancelBooking == "true"): null]]></system-out>
         <system-err><![CDATA[]]></system-err>
      </testcase>
      <testcase name="Test Cases/TOYOTA/Main_Toyota_TestCase - AllSprints" classname="Test Cases/TOYOTA/Main_Toyota_TestCase - AllSprints" status="PASSED">
         <system-out><![CDATA[2018-10-02 15:06:46 - [TEST_CASE][PASSED] - Test Cases/TOYOTA/Main_Toyota_TestCase - AllSprints: Test Cases/TOYOTA/Main_Toyota_TestCase - AllSprints

2018-10-02 15:06:46 - [TEST_STEP][PASSED] - callTestCase: Call Test Case 'Test Cases/TOYOTA/Library_TestCase/Setup_Method_And_Variables - V1' successfully

2018-10-02 15:06:46 - [TEST_CASE][PASSED] - Test Cases/TOYOTA/Library_TestCase/Setup_Method_And_Variables - V1: Test Cases/TOYOTA/Library_TestCase/Setup_Method_And_Variables - V1

2018-10-02 15:06:46 - [TEST_STEP][PASSED] - Statement - If (!(Setup_Interval == "")): null

2018-10-02 15:06:46 - [TEST_STEP][PASSED] - Statement - If (!(Setup_WorkshopStart == "")): null

2018-10-02 15:06:46 - [TEST_STEP][PASSED] - Statement - If (!(Setup_WorkshopEnd == "")): null

2018-10-02 15:06:46 - [TEST_STEP][PASSED] - Statement - If (!(Setup_Dealer_Code == "")): null

2018-10-02 15:06:46 - [TEST_STEP][PASSED] - Statement - If (!(Setup_Location_Code == "")): null

2018-10-02 15:06:46 - [TEST_STEP][PASSED] - Statement - If (!(Setup_VIN == "")): null

2018-10-02 15:06:46 - [TEST_STEP][PASSED] - Statement - If (!(Setup_REGNumber == "")): null

2018-10-02 15:06:46 - [TEST_STEP][PASSED] - Statement - If (!(Setup_FirstName == "")): null

2018-10-02 15:06:46 - [TEST_STEP][PASSED] - Statement - If (!(Setup_LastName == "")): null

2018-10-02 15:06:46 - [TEST_STEP][PASSED] - Statement - If (!(Setup_TotalPrice == "")): null

2018-10-02 15:06:46 - [TEST_STEP][PASSED] - Statement - If (!(Setup_TotalDuration == "")): null

2018-10-02 15:06:46 - [TEST_STEP][PASSED] - Statement - If (!(Setup_StartDropDate == "")): null

2018-10-02 15:06:46 - [TEST_STEP][PASSED] - Statement - If (!(Setup_EndDropDate == "")): null

2018-10-02 15:06:46 - [TEST_STEP][PASSED] - Statement - If (!(Setup_StartSearchDate == "")): null

2018-10-02 15:06:46 - [TEST_STEP][PASSED] - Statement - If (!(Setup_EndSearchDate == "")): null

2018-10-02 15:06:46 - [TEST_STEP][PASSED] - Statement - If (!(Setup_Duration == "")): null

2018-10-02 15:06:46 - [TEST_STEP][PASSED] - Statement - If (!(Setup_ServiceDate == "")): null

2018-10-02 15:06:46 - [TEST_STEP][PASSED] - Statement - If (!(Setup_StartDropDate == "")): null

2018-10-02 15:06:46 - [TEST_STEP][PASSED] - Statement - If (!(Setup_EndDropDate == "")): null

2018-10-02 15:06:46 - [TEST_STEP][PASSED] - Statement - If (!(Setup_StartSearchDate == "")): null

2018-10-02 15:06:46 - [TEST_STEP][PASSED] - Statement - If (!(Setup_EndSearchDate == "")): null

2018-10-02 15:06:46 - [TEST_STEP][PASSED] - Statement - If (!(Setup_BookingId == "")): null

2018-10-02 15:06:46 - [TEST_STEP][PASSED] - Statement - If (!(Setup_ServiceType == "")): null

2018-10-02 15:06:46 - [TEST_STEP][PASSED] - Statement - SetDate = { java.util.Date current_time, int number_month, int number_day, int number_hour, java.lang.String format_date -> ... }: null

2018-10-02 15:06:46 - [TEST_STEP][PASSED] - Statement - RandomNumber = { int number -> ... }: null

2018-10-02 15:06:46 - [TEST_STEP][PASSED] - Statement - today = new java.util.Date(): null

2018-10-02 15:06:46 - [TEST_STEP][PASSED] - Statement - current_date = today.format("YYYY-MM-dd"): null

2018-10-02 15:06:46 - [TEST_STEP][PASSED] - Statement - Glb_Current_Date = current_date: null

2018-10-02 15:06:46 - [TEST_STEP][PASSED] - Statement - Glb_Current_Hour = SetDate.call(today, 0, 0, 3, "HH:mm"): null

2018-10-02 15:06:46 - [TEST_STEP][PASSED] - Statement - If (Glb_ServiceDate.toString().toLowerCase() == "cr"): null

2018-10-02 15:06:46 - [TEST_STEP][PASSED] - Statement - If (Glb_StartDate.toString().toLowerCase() == "cr"): null

2018-10-02 15:06:46 - [TEST_STEP][PASSED] - Statement - If (Glb_EndDate.toString().toLowerCase() == "cr"): null

2018-10-02 15:06:46 - [TEST_STEP][PASSED] - Statement - If (Glb_StartSearchDate.toString().toLowerCase() == "cr"): null

2018-10-02 15:06:46 - [TEST_STEP][PASSED] - Statement - If (Glb_EndSearchDate.toString().toLowerCase() == "cr"): null

2018-10-02 15:06:46 - [TEST_STEP][PASSED] - Statement - Glb_ContactId = "1901" + RandomNumber.call(999999): null

2018-10-02 15:06:46 - [MESSAGE][PASSED] - Call Test Case 'Test Cases/TOYOTA/Library_TestCase/Setup_Method_And_Variables - V1' successfully

2018-10-02 15:06:46 - [TEST_STEP][PASSED] - Statement - If (var_Status_OpCode == "true"): Call Test Case 'Test Cases/TOYOTA/Library_TestCase/Toyota_GetServiceOperation_JSON - V2' successfully

2018-10-02 15:06:46 - [TEST_STEP][PASSED] - callTestCase: Call Test Case 'Test Cases/TOYOTA/Library_TestCase/Toyota_GetServiceOperation_JSON - V2' successfully

2018-10-02 15:06:46 - [TEST_CASE][PASSED] - Test Cases/TOYOTA/Library_TestCase/Toyota_GetServiceOperation_JSON - V2: Test Cases/TOYOTA/Library_TestCase/Toyota_GetServiceOperation_JSON - V2

2018-10-02 15:06:46 - [TEST_STEP][PASSED] - Statement - RoundNumber = { java.lang.Float floatnumber -> ... }: null

2018-10-02 15:06:46 - [TEST_STEP][PASSED] - Statement - ServiceType = Glb_ServiceType: null

2018-10-02 15:06:46 - [TEST_STEP][PASSED] - Statement - Filepath = <not implemented yet for class: org.codehaus.groovy.ast.expr.EmptyExpression>: null

2018-10-02 15:06:46 - [TEST_STEP][PASSED] - Statement - If (Glb_ServiceType == "OSB_SERVICE_TYPE_LOGBOOK"): null

2018-10-02 15:06:46 - [TEST_STEP][PASSED] - Statement - Else: null

2018-10-02 15:06:46 - [TEST_STEP][PASSED] - Statement - Filepath = "Data Files/Toyota/OperationCode_ADDITIONAL.csv": null

2018-10-02 15:06:46 - [TEST_STEP][PASSED] - Statement - GetServiceOperation = com.kms.katalon.core.testobject.ObjectRepository.findTestObject(Toyota/GetServiceOperations_JSON, [Dealer_Code:internal.GlobalVariable.Glb_Dealer_Code, Location_Code:internal.GlobalVariable.Glb_Location_Code, VIN:internal.GlobalVariable.Glb_VIN, ... ]): Finding Test Object with id 'Object Repository/Toyota/GetServiceOperations_JSON'

2018-10-02 15:06:46 - [TEST_STEP][PASSED] - Statement - GetServiceOperation.getHttpHeaderProperties().add(new com.kms.katalon.core.testobject.TestObjectProperty(Authorization, com.kms.katalon.core.testobject.ConditionType.EQUALS, (Basic  + internal.GlobalVariable.Glb_Authorization_Token))): null

2018-10-02 15:06:46 - [TEST_STEP][PASSED] - Statement - res_GetServiceOperation = com.kms.katalon.core.webservice.keyword.WSBuiltInKeywords.sendRequest(GetServiceOperation): Send request successfully

2018-10-02 15:06:46 - [MESSAGE][PASSED] - Send request successfully

2018-10-02 15:06:46 - [TEST_STEP][PASSED] - Statement - If (!(Glb_Dealer_Code == "765A")): null

2018-10-02 15:06:46 - [TEST_STEP][PASSED] - verifyResponseStatusCode: Verify response status code successfully

2018-10-02 15:06:46 - [MESSAGE][PASSED] - Verify response status code successfully

2018-10-02 15:06:46 - [TEST_STEP][PASSED] - Statement - res_Text = new groovy.json.JsonSlurper().parseText(response.getResponseText()): null

2018-10-02 15:06:46 - [TEST_STEP][PASSED] - Statement - If (!(ExpectedMessage == "")): null

2018-10-02 15:06:46 - [MESSAGE][PASSED] - Call Test Case 'Test Cases/TOYOTA/Library_TestCase/Toyota_GetServiceOperation_JSON - V2' successfully

2018-10-02 15:06:46 - [TEST_STEP][PASSED] - Statement - If (var_Status_GetOffTime == "true"): null

2018-10-02 15:06:46 - [TEST_STEP][PASSED] - Statement - If (var_Status_PickupTime == "true"): null

2018-10-02 15:06:46 - [TEST_STEP][PASSED] - Statement - If (var_Status_ReservedTimeslot == "true"): null

2018-10-02 15:06:46 - [TEST_STEP][PASSED] - Statement - If (var_Status_GetTransport == "true"): null

2018-10-02 15:06:46 - [TEST_STEP][PASSED] - Statement - If (var_Status_MakeBooking == "true"): null

2018-10-02 15:06:46 - [TEST_STEP][PASSED] - Statement - If (var_Status_SearchBooking == "true"): null

2018-10-02 15:06:46 - [TEST_STEP][PASSED] - Statement - If (var_Status_GetBookingDetail == "true"): null

2018-10-02 15:06:46 - [TEST_STEP][PASSED] - Statement - If (var_Status_ChangeBooking == "true"): null

2018-10-02 15:06:46 - [TEST_STEP][PASSED] - Statement - If (var_Status_CancelBooking == "true"): null]]></system-out>
         <system-err><![CDATA[]]></system-err>
      </testcase>
      <testcase name="Test Cases/TOYOTA/Main_Toyota_TestCase - AllSprints" classname="Test Cases/TOYOTA/Main_Toyota_TestCase - AllSprints" status="PASSED">
         <system-out><![CDATA[2018-10-02 15:06:46 - [TEST_CASE][PASSED] - Test Cases/TOYOTA/Main_Toyota_TestCase - AllSprints: Test Cases/TOYOTA/Main_Toyota_TestCase - AllSprints

2018-10-02 15:07:09 - [TEST_STEP][PASSED] - callTestCase: Call Test Case 'Test Cases/TOYOTA/Library_TestCase/Setup_Method_And_Variables - V1' successfully

2018-10-02 15:07:09 - [TEST_CASE][PASSED] - Test Cases/TOYOTA/Library_TestCase/Setup_Method_And_Variables - V1: Test Cases/TOYOTA/Library_TestCase/Setup_Method_And_Variables - V1

2018-10-02 15:07:09 - [TEST_STEP][PASSED] - Statement - If (!(Setup_Interval == "")): null

2018-10-02 15:07:09 - [TEST_STEP][PASSED] - Statement - If (!(Setup_WorkshopStart == "")): null

2018-10-02 15:07:09 - [TEST_STEP][PASSED] - Statement - If (!(Setup_WorkshopEnd == "")): null

2018-10-02 15:07:09 - [TEST_STEP][PASSED] - Statement - If (!(Setup_Dealer_Code == "")): null

2018-10-02 15:07:09 - [TEST_STEP][PASSED] - Statement - If (!(Setup_Location_Code == "")): null

2018-10-02 15:07:09 - [TEST_STEP][PASSED] - Statement - If (!(Setup_VIN == "")): null

2018-10-02 15:07:09 - [TEST_STEP][PASSED] - Statement - If (!(Setup_REGNumber == "")): null

2018-10-02 15:07:09 - [TEST_STEP][PASSED] - Statement - If (!(Setup_FirstName == "")): null

2018-10-02 15:07:09 - [TEST_STEP][PASSED] - Statement - If (!(Setup_LastName == "")): null

2018-10-02 15:07:09 - [TEST_STEP][PASSED] - Statement - If (!(Setup_TotalPrice == "")): null

2018-10-02 15:07:09 - [TEST_STEP][PASSED] - Statement - If (!(Setup_TotalDuration == "")): null

2018-10-02 15:07:09 - [TEST_STEP][PASSED] - Statement - If (!(Setup_StartDropDate == "")): null

2018-10-02 15:07:09 - [TEST_STEP][PASSED] - Statement - If (!(Setup_EndDropDate == "")): null

2018-10-02 15:07:09 - [TEST_STEP][PASSED] - Statement - If (!(Setup_StartSearchDate == "")): null

2018-10-02 15:07:09 - [TEST_STEP][PASSED] - Statement - If (!(Setup_EndSearchDate == "")): null

2018-10-02 15:07:09 - [TEST_STEP][PASSED] - Statement - If (!(Setup_Duration == "")): null

2018-10-02 15:07:09 - [TEST_STEP][PASSED] - Statement - If (!(Setup_ServiceDate == "")): null

2018-10-02 15:07:09 - [TEST_STEP][PASSED] - Statement - If (!(Setup_StartDropDate == "")): null

2018-10-02 15:07:09 - [TEST_STEP][PASSED] - Statement - If (!(Setup_EndDropDate == "")): null

2018-10-02 15:07:09 - [TEST_STEP][PASSED] - Statement - If (!(Setup_StartSearchDate == "")): null

2018-10-02 15:07:09 - [TEST_STEP][PASSED] - Statement - If (!(Setup_EndSearchDate == "")): null

2018-10-02 15:07:09 - [TEST_STEP][PASSED] - Statement - If (!(Setup_BookingId == "")): null

2018-10-02 15:07:09 - [TEST_STEP][PASSED] - Statement - If (!(Setup_ServiceType == "")): null

2018-10-02 15:07:09 - [TEST_STEP][PASSED] - Statement - SetDate = { java.util.Date current_time, int number_month, int number_day, int number_hour, java.lang.String format_date -> ... }: null

2018-10-02 15:07:09 - [TEST_STEP][PASSED] - Statement - RandomNumber = { int number -> ... }: null

2018-10-02 15:07:09 - [TEST_STEP][PASSED] - Statement - today = new java.util.Date(): null

2018-10-02 15:07:09 - [TEST_STEP][PASSED] - Statement - current_date = today.format("YYYY-MM-dd"): null

2018-10-02 15:07:09 - [TEST_STEP][PASSED] - Statement - Glb_Current_Date = current_date: null

2018-10-02 15:07:09 - [TEST_STEP][PASSED] - Statement - Glb_Current_Hour = SetDate.call(today, 0, 0, 3, "HH:mm"): null

2018-10-02 15:07:09 - [TEST_STEP][PASSED] - Statement - If (Glb_ServiceDate.toString().toLowerCase() == "cr"): null

2018-10-02 15:07:09 - [TEST_STEP][PASSED] - Statement - If (Glb_StartDate.toString().toLowerCase() == "cr"): null

2018-10-02 15:07:09 - [TEST_STEP][PASSED] - Statement - If (Glb_EndDate.toString().toLowerCase() == "cr"): null

2018-10-02 15:07:09 - [TEST_STEP][PASSED] - Statement - If (Glb_StartSearchDate.toString().toLowerCase() == "cr"): null

2018-10-02 15:07:09 - [TEST_STEP][PASSED] - Statement - If (Glb_EndSearchDate.toString().toLowerCase() == "cr"): null

2018-10-02 15:07:09 - [TEST_STEP][PASSED] - Statement - Glb_ContactId = "1901" + RandomNumber.call(999999): null

2018-10-02 15:07:09 - [MESSAGE][PASSED] - Call Test Case 'Test Cases/TOYOTA/Library_TestCase/Setup_Method_And_Variables - V1' successfully

2018-10-02 15:07:09 - [TEST_STEP][PASSED] - Statement - If (var_Status_OpCode == "true"): Call Test Case 'Test Cases/TOYOTA/Library_TestCase/Toyota_GetServiceOperation_JSON - V2' successfully

2018-10-02 15:07:09 - [TEST_STEP][PASSED] - callTestCase: Call Test Case 'Test Cases/TOYOTA/Library_TestCase/Toyota_GetServiceOperation_JSON - V2' successfully

2018-10-02 15:07:09 - [TEST_CASE][PASSED] - Test Cases/TOYOTA/Library_TestCase/Toyota_GetServiceOperation_JSON - V2: Test Cases/TOYOTA/Library_TestCase/Toyota_GetServiceOperation_JSON - V2

2018-10-02 15:07:09 - [TEST_STEP][PASSED] - Statement - RoundNumber = { java.lang.Float floatnumber -> ... }: null

2018-10-02 15:07:09 - [TEST_STEP][PASSED] - Statement - ServiceType = Glb_ServiceType: null

2018-10-02 15:07:09 - [TEST_STEP][PASSED] - Statement - Filepath = <not implemented yet for class: org.codehaus.groovy.ast.expr.EmptyExpression>: null

2018-10-02 15:07:09 - [TEST_STEP][PASSED] - Statement - If (Glb_ServiceType == "OSB_SERVICE_TYPE_LOGBOOK"): null

2018-10-02 15:07:09 - [TEST_STEP][PASSED] - Statement - Else: null

2018-10-02 15:07:09 - [TEST_STEP][PASSED] - Statement - Filepath = "Data Files/Toyota/OperationCode_ADDITIONAL.csv": null

2018-10-02 15:07:09 - [TEST_STEP][PASSED] - Statement - GetServiceOperation = com.kms.katalon.core.testobject.ObjectRepository.findTestObject(Toyota/GetServiceOperations_JSON, [Dealer_Code:internal.GlobalVariable.Glb_Dealer_Code, Location_Code:internal.GlobalVariable.Glb_Location_Code, VIN:internal.GlobalVariable.Glb_VIN, ... ]): Finding Test Object with id 'Object Repository/Toyota/GetServiceOperations_JSON'

2018-10-02 15:07:09 - [TEST_STEP][PASSED] - Statement - GetServiceOperation.getHttpHeaderProperties().add(new com.kms.katalon.core.testobject.TestObjectProperty(Authorization, com.kms.katalon.core.testobject.ConditionType.EQUALS, (Basic  + internal.GlobalVariable.Glb_Authorization_Token))): null

2018-10-02 15:07:09 - [TEST_STEP][PASSED] - Statement - res_GetServiceOperation = com.kms.katalon.core.webservice.keyword.WSBuiltInKeywords.sendRequest(GetServiceOperation): Send request successfully

2018-10-02 15:07:09 - [MESSAGE][PASSED] - Send request successfully

2018-10-02 15:07:09 - [TEST_STEP][PASSED] - Statement - If (!(Glb_Dealer_Code == "765A")): null

2018-10-02 15:07:09 - [TEST_STEP][PASSED] - verifyResponseStatusCode: Verify response status code successfully

2018-10-02 15:07:09 - [MESSAGE][PASSED] - Verify response status code successfully

2018-10-02 15:07:09 - [TEST_STEP][PASSED] - Statement - res_Text = new groovy.json.JsonSlurper().parseText(response.getResponseText()): null

2018-10-02 15:07:09 - [TEST_STEP][PASSED] - Statement - If (!(ExpectedMessage == "")): null

2018-10-02 15:07:09 - [MESSAGE][PASSED] - Call Test Case 'Test Cases/TOYOTA/Library_TestCase/Toyota_GetServiceOperation_JSON - V2' successfully

2018-10-02 15:07:09 - [TEST_STEP][PASSED] - Statement - If (var_Status_GetOffTime == "true"): null

2018-10-02 15:07:09 - [TEST_STEP][PASSED] - Statement - If (var_Status_PickupTime == "true"): null

2018-10-02 15:07:09 - [TEST_STEP][PASSED] - Statement - If (var_Status_ReservedTimeslot == "true"): null

2018-10-02 15:07:09 - [TEST_STEP][PASSED] - Statement - If (var_Status_GetTransport == "true"): null

2018-10-02 15:07:09 - [TEST_STEP][PASSED] - Statement - If (var_Status_MakeBooking == "true"): null

2018-10-02 15:07:09 - [TEST_STEP][PASSED] - Statement - If (var_Status_SearchBooking == "true"): null

2018-10-02 15:07:09 - [TEST_STEP][PASSED] - Statement - If (var_Status_GetBookingDetail == "true"): null

2018-10-02 15:07:09 - [TEST_STEP][PASSED] - Statement - If (var_Status_ChangeBooking == "true"): null

2018-10-02 15:07:09 - [TEST_STEP][PASSED] - Statement - If (var_Status_CancelBooking == "true"): null]]></system-out>
         <system-err><![CDATA[]]></system-err>
      </testcase>
      <testcase name="Test Cases/TOYOTA/Main_Toyota_TestCase - AllSprints" classname="Test Cases/TOYOTA/Main_Toyota_TestCase - AllSprints" status="PASSED">
         <system-out><![CDATA[2018-10-02 15:07:09 - [TEST_CASE][PASSED] - Test Cases/TOYOTA/Main_Toyota_TestCase - AllSprints: Test Cases/TOYOTA/Main_Toyota_TestCase - AllSprints

2018-10-02 15:07:09 - [TEST_STEP][PASSED] - callTestCase: Call Test Case 'Test Cases/TOYOTA/Library_TestCase/Setup_Method_And_Variables - V1' successfully

2018-10-02 15:07:09 - [TEST_CASE][PASSED] - Test Cases/TOYOTA/Library_TestCase/Setup_Method_And_Variables - V1: Test Cases/TOYOTA/Library_TestCase/Setup_Method_And_Variables - V1

2018-10-02 15:07:09 - [TEST_STEP][PASSED] - Statement - If (!(Setup_Interval == "")): null

2018-10-02 15:07:09 - [TEST_STEP][PASSED] - Statement - If (!(Setup_WorkshopStart == "")): null

2018-10-02 15:07:09 - [TEST_STEP][PASSED] - Statement - If (!(Setup_WorkshopEnd == "")): null

2018-10-02 15:07:09 - [TEST_STEP][PASSED] - Statement - If (!(Setup_Dealer_Code == "")): null

2018-10-02 15:07:09 - [TEST_STEP][PASSED] - Statement - If (!(Setup_Location_Code == "")): null

2018-10-02 15:07:09 - [TEST_STEP][PASSED] - Statement - If (!(Setup_VIN == "")): null

2018-10-02 15:07:09 - [TEST_STEP][PASSED] - Statement - If (!(Setup_REGNumber == "")): null

2018-10-02 15:07:09 - [TEST_STEP][PASSED] - Statement - If (!(Setup_FirstName == "")): null

2018-10-02 15:07:09 - [TEST_STEP][PASSED] - Statement - If (!(Setup_LastName == "")): null

2018-10-02 15:07:09 - [TEST_STEP][PASSED] - Statement - If (!(Setup_TotalPrice == "")): null

2018-10-02 15:07:09 - [TEST_STEP][PASSED] - Statement - If (!(Setup_TotalDuration == "")): null

2018-10-02 15:07:09 - [TEST_STEP][PASSED] - Statement - If (!(Setup_StartDropDate == "")): null

2018-10-02 15:07:09 - [TEST_STEP][PASSED] - Statement - If (!(Setup_EndDropDate == "")): null

2018-10-02 15:07:09 - [TEST_STEP][PASSED] - Statement - If (!(Setup_StartSearchDate == "")): null

2018-10-02 15:07:09 - [TEST_STEP][PASSED] - Statement - If (!(Setup_EndSearchDate == "")): null

2018-10-02 15:07:09 - [TEST_STEP][PASSED] - Statement - If (!(Setup_Duration == "")): null

2018-10-02 15:07:09 - [TEST_STEP][PASSED] - Statement - If (!(Setup_ServiceDate == "")): null

2018-10-02 15:07:09 - [TEST_STEP][PASSED] - Statement - If (!(Setup_StartDropDate == "")): null

2018-10-02 15:07:09 - [TEST_STEP][PASSED] - Statement - If (!(Setup_EndDropDate == "")): null

2018-10-02 15:07:09 - [TEST_STEP][PASSED] - Statement - If (!(Setup_StartSearchDate == "")): null

2018-10-02 15:07:09 - [TEST_STEP][PASSED] - Statement - If (!(Setup_EndSearchDate == "")): null

2018-10-02 15:07:09 - [TEST_STEP][PASSED] - Statement - If (!(Setup_BookingId == "")): null

2018-10-02 15:07:09 - [TEST_STEP][PASSED] - Statement - If (!(Setup_ServiceType == "")): null

2018-10-02 15:07:09 - [TEST_STEP][PASSED] - Statement - SetDate = { java.util.Date current_time, int number_month, int number_day, int number_hour, java.lang.String format_date -> ... }: null

2018-10-02 15:07:09 - [TEST_STEP][PASSED] - Statement - RandomNumber = { int number -> ... }: null

2018-10-02 15:07:09 - [TEST_STEP][PASSED] - Statement - today = new java.util.Date(): null

2018-10-02 15:07:09 - [TEST_STEP][PASSED] - Statement - current_date = today.format("YYYY-MM-dd"): null

2018-10-02 15:07:09 - [TEST_STEP][PASSED] - Statement - Glb_Current_Date = current_date: null

2018-10-02 15:07:09 - [TEST_STEP][PASSED] - Statement - Glb_Current_Hour = SetDate.call(today, 0, 0, 3, "HH:mm"): null

2018-10-02 15:07:09 - [TEST_STEP][PASSED] - Statement - If (Glb_ServiceDate.toString().toLowerCase() == "cr"): null

2018-10-02 15:07:09 - [TEST_STEP][PASSED] - Statement - If (Glb_StartDate.toString().toLowerCase() == "cr"): null

2018-10-02 15:07:09 - [TEST_STEP][PASSED] - Statement - If (Glb_EndDate.toString().toLowerCase() == "cr"): null

2018-10-02 15:07:09 - [TEST_STEP][PASSED] - Statement - If (Glb_StartSearchDate.toString().toLowerCase() == "cr"): null

2018-10-02 15:07:09 - [TEST_STEP][PASSED] - Statement - If (Glb_EndSearchDate.toString().toLowerCase() == "cr"): null

2018-10-02 15:07:09 - [TEST_STEP][PASSED] - Statement - Glb_ContactId = "1901" + RandomNumber.call(999999): null

2018-10-02 15:07:09 - [MESSAGE][PASSED] - Call Test Case 'Test Cases/TOYOTA/Library_TestCase/Setup_Method_And_Variables - V1' successfully

2018-10-02 15:07:09 - [TEST_STEP][PASSED] - Statement - If (var_Status_OpCode == "true"): Call Test Case 'Test Cases/TOYOTA/Library_TestCase/Toyota_GetServiceOperation_JSON - V2' successfully

2018-10-02 15:07:09 - [TEST_STEP][PASSED] - callTestCase: Call Test Case 'Test Cases/TOYOTA/Library_TestCase/Toyota_GetServiceOperation_JSON - V2' successfully

2018-10-02 15:07:09 - [TEST_CASE][PASSED] - Test Cases/TOYOTA/Library_TestCase/Toyota_GetServiceOperation_JSON - V2: Test Cases/TOYOTA/Library_TestCase/Toyota_GetServiceOperation_JSON - V2

2018-10-02 15:07:09 - [TEST_STEP][PASSED] - Statement - RoundNumber = { java.lang.Float floatnumber -> ... }: null

2018-10-02 15:07:09 - [TEST_STEP][PASSED] - Statement - ServiceType = Glb_ServiceType: null

2018-10-02 15:07:09 - [TEST_STEP][PASSED] - Statement - Filepath = <not implemented yet for class: org.codehaus.groovy.ast.expr.EmptyExpression>: null

2018-10-02 15:07:09 - [TEST_STEP][PASSED] - Statement - If (Glb_ServiceType == "OSB_SERVICE_TYPE_LOGBOOK"): null

2018-10-02 15:07:09 - [TEST_STEP][PASSED] - Statement - Else: null

2018-10-02 15:07:09 - [TEST_STEP][PASSED] - Statement - Filepath = "Data Files/Toyota/OperationCode_ADDITIONAL.csv": null

2018-10-02 15:07:09 - [TEST_STEP][PASSED] - Statement - GetServiceOperation = com.kms.katalon.core.testobject.ObjectRepository.findTestObject(Toyota/GetServiceOperations_JSON, [Dealer_Code:internal.GlobalVariable.Glb_Dealer_Code, Location_Code:internal.GlobalVariable.Glb_Location_Code, VIN:internal.GlobalVariable.Glb_VIN, ... ]): Finding Test Object with id 'Object Repository/Toyota/GetServiceOperations_JSON'

2018-10-02 15:07:09 - [TEST_STEP][PASSED] - Statement - GetServiceOperation.getHttpHeaderProperties().add(new com.kms.katalon.core.testobject.TestObjectProperty(Authorization, com.kms.katalon.core.testobject.ConditionType.EQUALS, (Basic  + internal.GlobalVariable.Glb_Authorization_Token))): null

2018-10-02 15:07:09 - [TEST_STEP][PASSED] - Statement - res_GetServiceOperation = com.kms.katalon.core.webservice.keyword.WSBuiltInKeywords.sendRequest(GetServiceOperation): Send request successfully

2018-10-02 15:07:09 - [MESSAGE][PASSED] - Send request successfully

2018-10-02 15:07:09 - [TEST_STEP][PASSED] - Statement - If (!(Glb_Dealer_Code == "765A")): null

2018-10-02 15:07:09 - [TEST_STEP][PASSED] - verifyResponseStatusCode: Verify response status code successfully

2018-10-02 15:07:09 - [MESSAGE][PASSED] - Verify response status code successfully

2018-10-02 15:07:09 - [TEST_STEP][PASSED] - Statement - res_Text = new groovy.json.JsonSlurper().parseText(response.getResponseText()): null

2018-10-02 15:07:09 - [TEST_STEP][PASSED] - Statement - If (!(ExpectedMessage == "")): null

2018-10-02 15:07:09 - [MESSAGE][PASSED] - Call Test Case 'Test Cases/TOYOTA/Library_TestCase/Toyota_GetServiceOperation_JSON - V2' successfully

2018-10-02 15:07:09 - [TEST_STEP][PASSED] - Statement - If (var_Status_GetOffTime == "true"): null

2018-10-02 15:07:09 - [TEST_STEP][PASSED] - Statement - If (var_Status_PickupTime == "true"): null

2018-10-02 15:07:09 - [TEST_STEP][PASSED] - Statement - If (var_Status_ReservedTimeslot == "true"): null

2018-10-02 15:07:09 - [TEST_STEP][PASSED] - Statement - If (var_Status_GetTransport == "true"): null

2018-10-02 15:07:09 - [TEST_STEP][PASSED] - Statement - If (var_Status_MakeBooking == "true"): null

2018-10-02 15:07:09 - [TEST_STEP][PASSED] - Statement - If (var_Status_SearchBooking == "true"): null

2018-10-02 15:07:09 - [TEST_STEP][PASSED] - Statement - If (var_Status_GetBookingDetail == "true"): null

2018-10-02 15:07:09 - [TEST_STEP][PASSED] - Statement - If (var_Status_ChangeBooking == "true"): null

2018-10-02 15:07:09 - [TEST_STEP][PASSED] - Statement - If (var_Status_CancelBooking == "true"): null]]></system-out>
         <system-err><![CDATA[]]></system-err>
      </testcase>
      <testcase name="Test Cases/TOYOTA/Main_Toyota_TestCase - AllSprints" classname="Test Cases/TOYOTA/Main_Toyota_TestCase - AllSprints" status="PASSED">
         <system-out><![CDATA[2018-10-02 15:07:09 - [TEST_CASE][PASSED] - Test Cases/TOYOTA/Main_Toyota_TestCase - AllSprints: Test Cases/TOYOTA/Main_Toyota_TestCase - AllSprints

2018-10-02 15:07:09 - [TEST_STEP][PASSED] - callTestCase: Call Test Case 'Test Cases/TOYOTA/Library_TestCase/Setup_Method_And_Variables - V1' successfully

2018-10-02 15:07:09 - [TEST_CASE][PASSED] - Test Cases/TOYOTA/Library_TestCase/Setup_Method_And_Variables - V1: Test Cases/TOYOTA/Library_TestCase/Setup_Method_And_Variables - V1

2018-10-02 15:07:09 - [TEST_STEP][PASSED] - Statement - If (!(Setup_Interval == "")): null

2018-10-02 15:07:09 - [TEST_STEP][PASSED] - Statement - If (!(Setup_WorkshopStart == "")): null

2018-10-02 15:07:09 - [TEST_STEP][PASSED] - Statement - If (!(Setup_WorkshopEnd == "")): null

2018-10-02 15:07:09 - [TEST_STEP][PASSED] - Statement - If (!(Setup_Dealer_Code == "")): null

2018-10-02 15:07:09 - [TEST_STEP][PASSED] - Statement - If (!(Setup_Location_Code == "")): null

2018-10-02 15:07:09 - [TEST_STEP][PASSED] - Statement - If (!(Setup_VIN == "")): null

2018-10-02 15:07:09 - [TEST_STEP][PASSED] - Statement - If (!(Setup_REGNumber == "")): null

2018-10-02 15:07:09 - [TEST_STEP][PASSED] - Statement - If (!(Setup_FirstName == "")): null

2018-10-02 15:07:09 - [TEST_STEP][PASSED] - Statement - If (!(Setup_LastName == "")): null

2018-10-02 15:07:09 - [TEST_STEP][PASSED] - Statement - If (!(Setup_TotalPrice == "")): null

2018-10-02 15:07:09 - [TEST_STEP][PASSED] - Statement - If (!(Setup_TotalDuration == "")): null

2018-10-02 15:07:09 - [TEST_STEP][PASSED] - Statement - If (!(Setup_StartDropDate == "")): null

2018-10-02 15:07:09 - [TEST_STEP][PASSED] - Statement - If (!(Setup_EndDropDate == "")): null

2018-10-02 15:07:09 - [TEST_STEP][PASSED] - Statement - If (!(Setup_StartSearchDate == "")): null

2018-10-02 15:07:09 - [TEST_STEP][PASSED] - Statement - If (!(Setup_EndSearchDate == "")): null

2018-10-02 15:07:09 - [TEST_STEP][PASSED] - Statement - If (!(Setup_Duration == "")): null

2018-10-02 15:07:09 - [TEST_STEP][PASSED] - Statement - If (!(Setup_ServiceDate == "")): null

2018-10-02 15:07:09 - [TEST_STEP][PASSED] - Statement - If (!(Setup_StartDropDate == "")): null

2018-10-02 15:07:09 - [TEST_STEP][PASSED] - Statement - If (!(Setup_EndDropDate == "")): null

2018-10-02 15:07:09 - [TEST_STEP][PASSED] - Statement - If (!(Setup_StartSearchDate == "")): null

2018-10-02 15:07:09 - [TEST_STEP][PASSED] - Statement - If (!(Setup_EndSearchDate == "")): null

2018-10-02 15:07:09 - [TEST_STEP][PASSED] - Statement - If (!(Setup_BookingId == "")): null

2018-10-02 15:07:09 - [TEST_STEP][PASSED] - Statement - If (!(Setup_ServiceType == "")): null

2018-10-02 15:07:09 - [TEST_STEP][PASSED] - Statement - SetDate = { java.util.Date current_time, int number_month, int number_day, int number_hour, java.lang.String format_date -> ... }: null

2018-10-02 15:07:09 - [TEST_STEP][PASSED] - Statement - RandomNumber = { int number -> ... }: null

2018-10-02 15:07:09 - [TEST_STEP][PASSED] - Statement - today = new java.util.Date(): null

2018-10-02 15:07:09 - [TEST_STEP][PASSED] - Statement - current_date = today.format("YYYY-MM-dd"): null

2018-10-02 15:07:09 - [TEST_STEP][PASSED] - Statement - Glb_Current_Date = current_date: null

2018-10-02 15:07:09 - [TEST_STEP][PASSED] - Statement - Glb_Current_Hour = SetDate.call(today, 0, 0, 3, "HH:mm"): null

2018-10-02 15:07:09 - [TEST_STEP][PASSED] - Statement - If (Glb_ServiceDate.toString().toLowerCase() == "cr"): null

2018-10-02 15:07:09 - [TEST_STEP][PASSED] - Statement - If (Glb_StartDate.toString().toLowerCase() == "cr"): null

2018-10-02 15:07:09 - [TEST_STEP][PASSED] - Statement - If (Glb_EndDate.toString().toLowerCase() == "cr"): null

2018-10-02 15:07:09 - [TEST_STEP][PASSED] - Statement - If (Glb_StartSearchDate.toString().toLowerCase() == "cr"): null

2018-10-02 15:07:09 - [TEST_STEP][PASSED] - Statement - If (Glb_EndSearchDate.toString().toLowerCase() == "cr"): null

2018-10-02 15:07:09 - [TEST_STEP][PASSED] - Statement - Glb_ContactId = "1901" + RandomNumber.call(999999): null

2018-10-02 15:07:09 - [MESSAGE][PASSED] - Call Test Case 'Test Cases/TOYOTA/Library_TestCase/Setup_Method_And_Variables - V1' successfully

2018-10-02 15:07:09 - [TEST_STEP][PASSED] - Statement - If (var_Status_OpCode == "true"): Call Test Case 'Test Cases/TOYOTA/Library_TestCase/Toyota_GetServiceOperation_JSON - V2' successfully

2018-10-02 15:07:09 - [TEST_STEP][PASSED] - callTestCase: Call Test Case 'Test Cases/TOYOTA/Library_TestCase/Toyota_GetServiceOperation_JSON - V2' successfully

2018-10-02 15:07:09 - [TEST_CASE][PASSED] - Test Cases/TOYOTA/Library_TestCase/Toyota_GetServiceOperation_JSON - V2: Test Cases/TOYOTA/Library_TestCase/Toyota_GetServiceOperation_JSON - V2

2018-10-02 15:07:09 - [TEST_STEP][PASSED] - Statement - RoundNumber = { java.lang.Float floatnumber -> ... }: null

2018-10-02 15:07:09 - [TEST_STEP][PASSED] - Statement - ServiceType = Glb_ServiceType: null

2018-10-02 15:07:09 - [TEST_STEP][PASSED] - Statement - Filepath = <not implemented yet for class: org.codehaus.groovy.ast.expr.EmptyExpression>: null

2018-10-02 15:07:09 - [TEST_STEP][PASSED] - Statement - If (Glb_ServiceType == "OSB_SERVICE_TYPE_LOGBOOK"): null

2018-10-02 15:07:09 - [TEST_STEP][PASSED] - Statement - Else: null

2018-10-02 15:07:09 - [TEST_STEP][PASSED] - Statement - Filepath = "Data Files/Toyota/OperationCode_ADDITIONAL.csv": null

2018-10-02 15:07:09 - [TEST_STEP][PASSED] - Statement - GetServiceOperation = com.kms.katalon.core.testobject.ObjectRepository.findTestObject(Toyota/GetServiceOperations_JSON, [Dealer_Code:internal.GlobalVariable.Glb_Dealer_Code, Location_Code:internal.GlobalVariable.Glb_Location_Code, VIN:internal.GlobalVariable.Glb_VIN, ... ]): Finding Test Object with id 'Object Repository/Toyota/GetServiceOperations_JSON'

2018-10-02 15:07:09 - [TEST_STEP][PASSED] - Statement - GetServiceOperation.getHttpHeaderProperties().add(new com.kms.katalon.core.testobject.TestObjectProperty(Authorization, com.kms.katalon.core.testobject.ConditionType.EQUALS, (Basic  + internal.GlobalVariable.Glb_Authorization_Token))): null

2018-10-02 15:07:09 - [TEST_STEP][PASSED] - Statement - res_GetServiceOperation = com.kms.katalon.core.webservice.keyword.WSBuiltInKeywords.sendRequest(GetServiceOperation): Send request successfully

2018-10-02 15:07:09 - [MESSAGE][PASSED] - Send request successfully

2018-10-02 15:07:09 - [TEST_STEP][PASSED] - Statement - If (!(Glb_Dealer_Code == "765A")): null

2018-10-02 15:07:09 - [TEST_STEP][PASSED] - verifyResponseStatusCode: Verify response status code successfully

2018-10-02 15:07:09 - [MESSAGE][PASSED] - Verify response status code successfully

2018-10-02 15:07:09 - [TEST_STEP][PASSED] - Statement - res_Text = new groovy.json.JsonSlurper().parseText(response.getResponseText()): null

2018-10-02 15:07:09 - [TEST_STEP][PASSED] - Statement - If (!(ExpectedMessage == "")): null

2018-10-02 15:07:09 - [MESSAGE][PASSED] - Call Test Case 'Test Cases/TOYOTA/Library_TestCase/Toyota_GetServiceOperation_JSON - V2' successfully

2018-10-02 15:07:09 - [TEST_STEP][PASSED] - Statement - If (var_Status_GetOffTime == "true"): null

2018-10-02 15:07:09 - [TEST_STEP][PASSED] - Statement - If (var_Status_PickupTime == "true"): null

2018-10-02 15:07:09 - [TEST_STEP][PASSED] - Statement - If (var_Status_ReservedTimeslot == "true"): null

2018-10-02 15:07:09 - [TEST_STEP][PASSED] - Statement - If (var_Status_GetTransport == "true"): null

2018-10-02 15:07:09 - [TEST_STEP][PASSED] - Statement - If (var_Status_MakeBooking == "true"): null

2018-10-02 15:07:09 - [TEST_STEP][PASSED] - Statement - If (var_Status_SearchBooking == "true"): null

2018-10-02 15:07:09 - [TEST_STEP][PASSED] - Statement - If (var_Status_GetBookingDetail == "true"): null

2018-10-02 15:07:09 - [TEST_STEP][PASSED] - Statement - If (var_Status_ChangeBooking == "true"): null

2018-10-02 15:07:09 - [TEST_STEP][PASSED] - Statement - If (var_Status_CancelBooking == "true"): null]]></system-out>
         <system-err><![CDATA[]]></system-err>
      </testcase>
      <testcase name="Test Cases/TOYOTA/Main_Toyota_TestCase - AllSprints" classname="Test Cases/TOYOTA/Main_Toyota_TestCase - AllSprints" status="PASSED">
         <system-out><![CDATA[2018-10-02 15:07:09 - [TEST_CASE][PASSED] - Test Cases/TOYOTA/Main_Toyota_TestCase - AllSprints: Test Cases/TOYOTA/Main_Toyota_TestCase - AllSprints

2018-10-02 15:07:09 - [TEST_STEP][PASSED] - callTestCase: Call Test Case 'Test Cases/TOYOTA/Library_TestCase/Setup_Method_And_Variables - V1' successfully

2018-10-02 15:07:09 - [TEST_CASE][PASSED] - Test Cases/TOYOTA/Library_TestCase/Setup_Method_And_Variables - V1: Test Cases/TOYOTA/Library_TestCase/Setup_Method_And_Variables - V1

2018-10-02 15:07:09 - [TEST_STEP][PASSED] - Statement - If (!(Setup_Interval == "")): null

2018-10-02 15:07:09 - [TEST_STEP][PASSED] - Statement - If (!(Setup_WorkshopStart == "")): null

2018-10-02 15:07:09 - [TEST_STEP][PASSED] - Statement - If (!(Setup_WorkshopEnd == "")): null

2018-10-02 15:07:09 - [TEST_STEP][PASSED] - Statement - If (!(Setup_Dealer_Code == "")): null

2018-10-02 15:07:09 - [TEST_STEP][PASSED] - Statement - If (!(Setup_Location_Code == "")): null

2018-10-02 15:07:09 - [TEST_STEP][PASSED] - Statement - If (!(Setup_VIN == "")): null

2018-10-02 15:07:09 - [TEST_STEP][PASSED] - Statement - If (!(Setup_REGNumber == "")): null

2018-10-02 15:07:09 - [TEST_STEP][PASSED] - Statement - If (!(Setup_FirstName == "")): null

2018-10-02 15:07:09 - [TEST_STEP][PASSED] - Statement - If (!(Setup_LastName == "")): null

2018-10-02 15:07:09 - [TEST_STEP][PASSED] - Statement - If (!(Setup_TotalPrice == "")): null

2018-10-02 15:07:09 - [TEST_STEP][PASSED] - Statement - If (!(Setup_TotalDuration == "")): null

2018-10-02 15:07:09 - [TEST_STEP][PASSED] - Statement - If (!(Setup_StartDropDate == "")): null

2018-10-02 15:07:09 - [TEST_STEP][PASSED] - Statement - If (!(Setup_EndDropDate == "")): null

2018-10-02 15:07:09 - [TEST_STEP][PASSED] - Statement - If (!(Setup_StartSearchDate == "")): null

2018-10-02 15:07:09 - [TEST_STEP][PASSED] - Statement - If (!(Setup_EndSearchDate == "")): null

2018-10-02 15:07:09 - [TEST_STEP][PASSED] - Statement - If (!(Setup_Duration == "")): null

2018-10-02 15:07:09 - [TEST_STEP][PASSED] - Statement - If (!(Setup_ServiceDate == "")): null

2018-10-02 15:07:09 - [TEST_STEP][PASSED] - Statement - If (!(Setup_StartDropDate == "")): null

2018-10-02 15:07:09 - [TEST_STEP][PASSED] - Statement - If (!(Setup_EndDropDate == "")): null

2018-10-02 15:07:09 - [TEST_STEP][PASSED] - Statement - If (!(Setup_StartSearchDate == "")): null

2018-10-02 15:07:09 - [TEST_STEP][PASSED] - Statement - If (!(Setup_EndSearchDate == "")): null

2018-10-02 15:07:09 - [TEST_STEP][PASSED] - Statement - If (!(Setup_BookingId == "")): null

2018-10-02 15:07:09 - [TEST_STEP][PASSED] - Statement - If (!(Setup_ServiceType == "")): null

2018-10-02 15:07:09 - [TEST_STEP][PASSED] - Statement - SetDate = { java.util.Date current_time, int number_month, int number_day, int number_hour, java.lang.String format_date -> ... }: null

2018-10-02 15:07:09 - [TEST_STEP][PASSED] - Statement - RandomNumber = { int number -> ... }: null

2018-10-02 15:07:09 - [TEST_STEP][PASSED] - Statement - today = new java.util.Date(): null

2018-10-02 15:07:09 - [TEST_STEP][PASSED] - Statement - current_date = today.format("YYYY-MM-dd"): null

2018-10-02 15:07:09 - [TEST_STEP][PASSED] - Statement - Glb_Current_Date = current_date: null

2018-10-02 15:07:09 - [TEST_STEP][PASSED] - Statement - Glb_Current_Hour = SetDate.call(today, 0, 0, 3, "HH:mm"): null

2018-10-02 15:07:09 - [TEST_STEP][PASSED] - Statement - If (Glb_ServiceDate.toString().toLowerCase() == "cr"): null

2018-10-02 15:07:09 - [TEST_STEP][PASSED] - Statement - If (Glb_StartDate.toString().toLowerCase() == "cr"): null

2018-10-02 15:07:09 - [TEST_STEP][PASSED] - Statement - If (Glb_EndDate.toString().toLowerCase() == "cr"): null

2018-10-02 15:07:09 - [TEST_STEP][PASSED] - Statement - If (Glb_StartSearchDate.toString().toLowerCase() == "cr"): null

2018-10-02 15:07:09 - [TEST_STEP][PASSED] - Statement - If (Glb_EndSearchDate.toString().toLowerCase() == "cr"): null

2018-10-02 15:07:09 - [TEST_STEP][PASSED] - Statement - Glb_ContactId = "1901" + RandomNumber.call(999999): null

2018-10-02 15:07:09 - [MESSAGE][PASSED] - Call Test Case 'Test Cases/TOYOTA/Library_TestCase/Setup_Method_And_Variables - V1' successfully

2018-10-02 15:07:09 - [TEST_STEP][PASSED] - Statement - If (var_Status_OpCode == "true"): Call Test Case 'Test Cases/TOYOTA/Library_TestCase/Toyota_GetServiceOperation_JSON - V2' successfully

2018-10-02 15:07:09 - [TEST_STEP][PASSED] - callTestCase: Call Test Case 'Test Cases/TOYOTA/Library_TestCase/Toyota_GetServiceOperation_JSON - V2' successfully

2018-10-02 15:07:09 - [TEST_CASE][PASSED] - Test Cases/TOYOTA/Library_TestCase/Toyota_GetServiceOperation_JSON - V2: Test Cases/TOYOTA/Library_TestCase/Toyota_GetServiceOperation_JSON - V2

2018-10-02 15:07:09 - [TEST_STEP][PASSED] - Statement - RoundNumber = { java.lang.Float floatnumber -> ... }: null

2018-10-02 15:07:09 - [TEST_STEP][PASSED] - Statement - ServiceType = Glb_ServiceType: null

2018-10-02 15:07:09 - [TEST_STEP][PASSED] - Statement - Filepath = <not implemented yet for class: org.codehaus.groovy.ast.expr.EmptyExpression>: null

2018-10-02 15:07:09 - [TEST_STEP][PASSED] - Statement - If (Glb_ServiceType == "OSB_SERVICE_TYPE_LOGBOOK"): null

2018-10-02 15:07:09 - [TEST_STEP][PASSED] - Statement - Else: null

2018-10-02 15:07:09 - [TEST_STEP][PASSED] - Statement - Filepath = "Data Files/Toyota/OperationCode_ADDITIONAL.csv": null

2018-10-02 15:07:09 - [TEST_STEP][PASSED] - Statement - GetServiceOperation = com.kms.katalon.core.testobject.ObjectRepository.findTestObject(Toyota/GetServiceOperations_JSON, [Dealer_Code:internal.GlobalVariable.Glb_Dealer_Code, Location_Code:internal.GlobalVariable.Glb_Location_Code, VIN:internal.GlobalVariable.Glb_VIN, ... ]): Finding Test Object with id 'Object Repository/Toyota/GetServiceOperations_JSON'

2018-10-02 15:07:09 - [TEST_STEP][PASSED] - Statement - GetServiceOperation.getHttpHeaderProperties().add(new com.kms.katalon.core.testobject.TestObjectProperty(Authorization, com.kms.katalon.core.testobject.ConditionType.EQUALS, (Basic  + internal.GlobalVariable.Glb_Authorization_Token))): null

2018-10-02 15:07:09 - [TEST_STEP][PASSED] - Statement - res_GetServiceOperation = com.kms.katalon.core.webservice.keyword.WSBuiltInKeywords.sendRequest(GetServiceOperation): Send request successfully

2018-10-02 15:07:09 - [MESSAGE][PASSED] - Send request successfully

2018-10-02 15:07:09 - [TEST_STEP][PASSED] - Statement - If (!(Glb_Dealer_Code == "765A")): null

2018-10-02 15:07:09 - [TEST_STEP][PASSED] - verifyResponseStatusCode: Verify response status code successfully

2018-10-02 15:07:09 - [MESSAGE][PASSED] - Verify response status code successfully

2018-10-02 15:07:09 - [TEST_STEP][PASSED] - Statement - res_Text = new groovy.json.JsonSlurper().parseText(response.getResponseText()): null

2018-10-02 15:07:09 - [TEST_STEP][PASSED] - Statement - If (!(ExpectedMessage == "")): null

2018-10-02 15:07:09 - [MESSAGE][PASSED] - Call Test Case 'Test Cases/TOYOTA/Library_TestCase/Toyota_GetServiceOperation_JSON - V2' successfully

2018-10-02 15:07:09 - [TEST_STEP][PASSED] - Statement - If (var_Status_GetOffTime == "true"): null

2018-10-02 15:07:09 - [TEST_STEP][PASSED] - Statement - If (var_Status_PickupTime == "true"): null

2018-10-02 15:07:09 - [TEST_STEP][PASSED] - Statement - If (var_Status_ReservedTimeslot == "true"): null

2018-10-02 15:07:09 - [TEST_STEP][PASSED] - Statement - If (var_Status_GetTransport == "true"): null

2018-10-02 15:07:09 - [TEST_STEP][PASSED] - Statement - If (var_Status_MakeBooking == "true"): null

2018-10-02 15:07:09 - [TEST_STEP][PASSED] - Statement - If (var_Status_SearchBooking == "true"): null

2018-10-02 15:07:09 - [TEST_STEP][PASSED] - Statement - If (var_Status_GetBookingDetail == "true"): null

2018-10-02 15:07:09 - [TEST_STEP][PASSED] - Statement - If (var_Status_ChangeBooking == "true"): null

2018-10-02 15:07:09 - [TEST_STEP][PASSED] - Statement - If (var_Status_CancelBooking == "true"): null]]></system-out>
         <system-err><![CDATA[]]></system-err>
      </testcase>
      <testcase name="Test Cases/TOYOTA/Main_Toyota_TestCase - AllSprints" classname="Test Cases/TOYOTA/Main_Toyota_TestCase - AllSprints" status="PASSED">
         <system-out><![CDATA[2018-10-02 15:07:09 - [TEST_CASE][PASSED] - Test Cases/TOYOTA/Main_Toyota_TestCase - AllSprints: Test Cases/TOYOTA/Main_Toyota_TestCase - AllSprints

2018-10-02 15:07:09 - [TEST_STEP][PASSED] - callTestCase: Call Test Case 'Test Cases/TOYOTA/Library_TestCase/Setup_Method_And_Variables - V1' successfully

2018-10-02 15:07:09 - [TEST_CASE][PASSED] - Test Cases/TOYOTA/Library_TestCase/Setup_Method_And_Variables - V1: Test Cases/TOYOTA/Library_TestCase/Setup_Method_And_Variables - V1

2018-10-02 15:07:09 - [TEST_STEP][PASSED] - Statement - If (!(Setup_Interval == "")): null

2018-10-02 15:07:09 - [TEST_STEP][PASSED] - Statement - If (!(Setup_WorkshopStart == "")): null

2018-10-02 15:07:09 - [TEST_STEP][PASSED] - Statement - If (!(Setup_WorkshopEnd == "")): null

2018-10-02 15:07:09 - [TEST_STEP][PASSED] - Statement - If (!(Setup_Dealer_Code == "")): null

2018-10-02 15:07:09 - [TEST_STEP][PASSED] - Statement - If (!(Setup_Location_Code == "")): null

2018-10-02 15:07:09 - [TEST_STEP][PASSED] - Statement - If (!(Setup_VIN == "")): null

2018-10-02 15:07:09 - [TEST_STEP][PASSED] - Statement - If (!(Setup_REGNumber == "")): null

2018-10-02 15:07:09 - [TEST_STEP][PASSED] - Statement - If (!(Setup_FirstName == "")): null

2018-10-02 15:07:09 - [TEST_STEP][PASSED] - Statement - If (!(Setup_LastName == "")): null

2018-10-02 15:07:09 - [TEST_STEP][PASSED] - Statement - If (!(Setup_TotalPrice == "")): null

2018-10-02 15:07:09 - [TEST_STEP][PASSED] - Statement - If (!(Setup_TotalDuration == "")): null

2018-10-02 15:07:09 - [TEST_STEP][PASSED] - Statement - If (!(Setup_StartDropDate == "")): null

2018-10-02 15:07:09 - [TEST_STEP][PASSED] - Statement - If (!(Setup_EndDropDate == "")): null

2018-10-02 15:07:09 - [TEST_STEP][PASSED] - Statement - If (!(Setup_StartSearchDate == "")): null

2018-10-02 15:07:09 - [TEST_STEP][PASSED] - Statement - If (!(Setup_EndSearchDate == "")): null

2018-10-02 15:07:09 - [TEST_STEP][PASSED] - Statement - If (!(Setup_Duration == "")): null

2018-10-02 15:07:09 - [TEST_STEP][PASSED] - Statement - If (!(Setup_ServiceDate == "")): null

2018-10-02 15:07:09 - [TEST_STEP][PASSED] - Statement - If (!(Setup_StartDropDate == "")): null

2018-10-02 15:07:09 - [TEST_STEP][PASSED] - Statement - If (!(Setup_EndDropDate == "")): null

2018-10-02 15:07:09 - [TEST_STEP][PASSED] - Statement - If (!(Setup_StartSearchDate == "")): null

2018-10-02 15:07:09 - [TEST_STEP][PASSED] - Statement - If (!(Setup_EndSearchDate == "")): null

2018-10-02 15:07:09 - [TEST_STEP][PASSED] - Statement - If (!(Setup_BookingId == "")): null

2018-10-02 15:07:09 - [TEST_STEP][PASSED] - Statement - If (!(Setup_ServiceType == "")): null

2018-10-02 15:07:09 - [TEST_STEP][PASSED] - Statement - SetDate = { java.util.Date current_time, int number_month, int number_day, int number_hour, java.lang.String format_date -> ... }: null

2018-10-02 15:07:09 - [TEST_STEP][PASSED] - Statement - RandomNumber = { int number -> ... }: null

2018-10-02 15:07:09 - [TEST_STEP][PASSED] - Statement - today = new java.util.Date(): null

2018-10-02 15:07:09 - [TEST_STEP][PASSED] - Statement - current_date = today.format("YYYY-MM-dd"): null

2018-10-02 15:07:09 - [TEST_STEP][PASSED] - Statement - Glb_Current_Date = current_date: null

2018-10-02 15:07:09 - [TEST_STEP][PASSED] - Statement - Glb_Current_Hour = SetDate.call(today, 0, 0, 3, "HH:mm"): null

2018-10-02 15:07:09 - [TEST_STEP][PASSED] - Statement - If (Glb_ServiceDate.toString().toLowerCase() == "cr"): null

2018-10-02 15:07:09 - [TEST_STEP][PASSED] - Statement - If (Glb_StartDate.toString().toLowerCase() == "cr"): null

2018-10-02 15:07:09 - [TEST_STEP][PASSED] - Statement - If (Glb_EndDate.toString().toLowerCase() == "cr"): null

2018-10-02 15:07:09 - [TEST_STEP][PASSED] - Statement - If (Glb_StartSearchDate.toString().toLowerCase() == "cr"): null

2018-10-02 15:07:09 - [TEST_STEP][PASSED] - Statement - If (Glb_EndSearchDate.toString().toLowerCase() == "cr"): null

2018-10-02 15:07:09 - [TEST_STEP][PASSED] - Statement - Glb_ContactId = "1901" + RandomNumber.call(999999): null

2018-10-02 15:07:09 - [MESSAGE][PASSED] - Call Test Case 'Test Cases/TOYOTA/Library_TestCase/Setup_Method_And_Variables - V1' successfully

2018-10-02 15:07:09 - [TEST_STEP][PASSED] - Statement - If (var_Status_OpCode == "true"): Call Test Case 'Test Cases/TOYOTA/Library_TestCase/Toyota_GetServiceOperation_JSON - V2' successfully

2018-10-02 15:07:09 - [TEST_STEP][PASSED] - callTestCase: Call Test Case 'Test Cases/TOYOTA/Library_TestCase/Toyota_GetServiceOperation_JSON - V2' successfully

2018-10-02 15:07:10 - [TEST_CASE][PASSED] - Test Cases/TOYOTA/Library_TestCase/Toyota_GetServiceOperation_JSON - V2: Test Cases/TOYOTA/Library_TestCase/Toyota_GetServiceOperation_JSON - V2

2018-10-02 15:07:10 - [TEST_STEP][PASSED] - Statement - RoundNumber = { java.lang.Float floatnumber -> ... }: null

2018-10-02 15:07:10 - [TEST_STEP][PASSED] - Statement - ServiceType = Glb_ServiceType: null

2018-10-02 15:07:10 - [TEST_STEP][PASSED] - Statement - Filepath = <not implemented yet for class: org.codehaus.groovy.ast.expr.EmptyExpression>: null

2018-10-02 15:07:10 - [TEST_STEP][PASSED] - Statement - If (Glb_ServiceType == "OSB_SERVICE_TYPE_LOGBOOK"): null

2018-10-02 15:07:10 - [TEST_STEP][PASSED] - Statement - Else: null

2018-10-02 15:07:10 - [TEST_STEP][PASSED] - Statement - Filepath = "Data Files/Toyota/OperationCode_ADDITIONAL.csv": null

2018-10-02 15:07:10 - [TEST_STEP][PASSED] - Statement - GetServiceOperation = com.kms.katalon.core.testobject.ObjectRepository.findTestObject(Toyota/GetServiceOperations_JSON, [Dealer_Code:internal.GlobalVariable.Glb_Dealer_Code, Location_Code:internal.GlobalVariable.Glb_Location_Code, VIN:internal.GlobalVariable.Glb_VIN, ... ]): Finding Test Object with id 'Object Repository/Toyota/GetServiceOperations_JSON'

2018-10-02 15:07:10 - [TEST_STEP][PASSED] - Statement - GetServiceOperation.getHttpHeaderProperties().add(new com.kms.katalon.core.testobject.TestObjectProperty(Authorization, com.kms.katalon.core.testobject.ConditionType.EQUALS, (Basic  + internal.GlobalVariable.Glb_Authorization_Token))): null

2018-10-02 15:07:10 - [TEST_STEP][PASSED] - Statement - res_GetServiceOperation = com.kms.katalon.core.webservice.keyword.WSBuiltInKeywords.sendRequest(GetServiceOperation): Send request successfully

2018-10-02 15:07:10 - [MESSAGE][PASSED] - Send request successfully

2018-10-02 15:07:10 - [TEST_STEP][PASSED] - Statement - If (!(Glb_Dealer_Code == "765A")): null

2018-10-02 15:07:10 - [TEST_STEP][PASSED] - verifyResponseStatusCode: Verify response status code successfully

2018-10-02 15:07:10 - [MESSAGE][PASSED] - Verify response status code successfully

2018-10-02 15:07:10 - [TEST_STEP][PASSED] - Statement - res_Text = new groovy.json.JsonSlurper().parseText(response.getResponseText()): null

2018-10-02 15:07:10 - [TEST_STEP][PASSED] - Statement - If (!(ExpectedMessage == "")): null

2018-10-02 15:07:10 - [MESSAGE][PASSED] - Call Test Case 'Test Cases/TOYOTA/Library_TestCase/Toyota_GetServiceOperation_JSON - V2' successfully

2018-10-02 15:07:10 - [TEST_STEP][PASSED] - Statement - If (var_Status_GetOffTime == "true"): null

2018-10-02 15:07:10 - [TEST_STEP][PASSED] - Statement - If (var_Status_PickupTime == "true"): null

2018-10-02 15:07:10 - [TEST_STEP][PASSED] - Statement - If (var_Status_ReservedTimeslot == "true"): null

2018-10-02 15:07:10 - [TEST_STEP][PASSED] - Statement - If (var_Status_GetTransport == "true"): null

2018-10-02 15:07:10 - [TEST_STEP][PASSED] - Statement - If (var_Status_MakeBooking == "true"): null

2018-10-02 15:07:10 - [TEST_STEP][PASSED] - Statement - If (var_Status_SearchBooking == "true"): null

2018-10-02 15:07:10 - [TEST_STEP][PASSED] - Statement - If (var_Status_GetBookingDetail == "true"): null

2018-10-02 15:07:10 - [TEST_STEP][PASSED] - Statement - If (var_Status_ChangeBooking == "true"): null

2018-10-02 15:07:10 - [TEST_STEP][PASSED] - Statement - If (var_Status_CancelBooking == "true"): null]]></system-out>
         <system-err><![CDATA[]]></system-err>
      </testcase>
      <testcase name="Test Cases/TOYOTA/Main_Toyota_TestCase - AllSprints" classname="Test Cases/TOYOTA/Main_Toyota_TestCase - AllSprints" status="PASSED">
         <system-out><![CDATA[2018-10-02 15:07:10 - [TEST_CASE][PASSED] - Test Cases/TOYOTA/Main_Toyota_TestCase - AllSprints: Test Cases/TOYOTA/Main_Toyota_TestCase - AllSprints

2018-10-02 15:07:10 - [TEST_STEP][PASSED] - callTestCase: Call Test Case 'Test Cases/TOYOTA/Library_TestCase/Setup_Method_And_Variables - V1' successfully

2018-10-02 15:07:10 - [TEST_CASE][PASSED] - Test Cases/TOYOTA/Library_TestCase/Setup_Method_And_Variables - V1: Test Cases/TOYOTA/Library_TestCase/Setup_Method_And_Variables - V1

2018-10-02 15:07:10 - [TEST_STEP][PASSED] - Statement - If (!(Setup_Interval == "")): null

2018-10-02 15:07:10 - [TEST_STEP][PASSED] - Statement - If (!(Setup_WorkshopStart == "")): null

2018-10-02 15:07:10 - [TEST_STEP][PASSED] - Statement - If (!(Setup_WorkshopEnd == "")): null

2018-10-02 15:07:10 - [TEST_STEP][PASSED] - Statement - If (!(Setup_Dealer_Code == "")): null

2018-10-02 15:07:10 - [TEST_STEP][PASSED] - Statement - If (!(Setup_Location_Code == "")): null

2018-10-02 15:07:10 - [TEST_STEP][PASSED] - Statement - If (!(Setup_VIN == "")): null

2018-10-02 15:07:10 - [TEST_STEP][PASSED] - Statement - If (!(Setup_REGNumber == "")): null

2018-10-02 15:07:10 - [TEST_STEP][PASSED] - Statement - If (!(Setup_FirstName == "")): null

2018-10-02 15:07:10 - [TEST_STEP][PASSED] - Statement - If (!(Setup_LastName == "")): null

2018-10-02 15:07:10 - [TEST_STEP][PASSED] - Statement - If (!(Setup_TotalPrice == "")): null

2018-10-02 15:07:10 - [TEST_STEP][PASSED] - Statement - If (!(Setup_TotalDuration == "")): null

2018-10-02 15:07:10 - [TEST_STEP][PASSED] - Statement - If (!(Setup_StartDropDate == "")): null

2018-10-02 15:07:10 - [TEST_STEP][PASSED] - Statement - If (!(Setup_EndDropDate == "")): null

2018-10-02 15:07:10 - [TEST_STEP][PASSED] - Statement - If (!(Setup_StartSearchDate == "")): null

2018-10-02 15:07:10 - [TEST_STEP][PASSED] - Statement - If (!(Setup_EndSearchDate == "")): null

2018-10-02 15:07:10 - [TEST_STEP][PASSED] - Statement - If (!(Setup_Duration == "")): null

2018-10-02 15:07:10 - [TEST_STEP][PASSED] - Statement - If (!(Setup_ServiceDate == "")): null

2018-10-02 15:07:10 - [TEST_STEP][PASSED] - Statement - If (!(Setup_StartDropDate == "")): null

2018-10-02 15:07:10 - [TEST_STEP][PASSED] - Statement - If (!(Setup_EndDropDate == "")): null

2018-10-02 15:07:10 - [TEST_STEP][PASSED] - Statement - If (!(Setup_StartSearchDate == "")): null

2018-10-02 15:07:10 - [TEST_STEP][PASSED] - Statement - If (!(Setup_EndSearchDate == "")): null

2018-10-02 15:07:10 - [TEST_STEP][PASSED] - Statement - If (!(Setup_BookingId == "")): null

2018-10-02 15:07:10 - [TEST_STEP][PASSED] - Statement - If (!(Setup_ServiceType == "")): null

2018-10-02 15:07:10 - [TEST_STEP][PASSED] - Statement - SetDate = { java.util.Date current_time, int number_month, int number_day, int number_hour, java.lang.String format_date -> ... }: null

2018-10-02 15:07:10 - [TEST_STEP][PASSED] - Statement - RandomNumber = { int number -> ... }: null

2018-10-02 15:07:10 - [TEST_STEP][PASSED] - Statement - today = new java.util.Date(): null

2018-10-02 15:07:10 - [TEST_STEP][PASSED] - Statement - current_date = today.format("YYYY-MM-dd"): null

2018-10-02 15:07:10 - [TEST_STEP][PASSED] - Statement - Glb_Current_Date = current_date: null

2018-10-02 15:07:10 - [TEST_STEP][PASSED] - Statement - Glb_Current_Hour = SetDate.call(today, 0, 0, 3, "HH:mm"): null

2018-10-02 15:07:10 - [TEST_STEP][PASSED] - Statement - If (Glb_ServiceDate.toString().toLowerCase() == "cr"): null

2018-10-02 15:07:10 - [TEST_STEP][PASSED] - Statement - If (Glb_StartDate.toString().toLowerCase() == "cr"): null

2018-10-02 15:07:10 - [TEST_STEP][PASSED] - Statement - If (Glb_EndDate.toString().toLowerCase() == "cr"): null

2018-10-02 15:07:10 - [TEST_STEP][PASSED] - Statement - If (Glb_StartSearchDate.toString().toLowerCase() == "cr"): null

2018-10-02 15:07:10 - [TEST_STEP][PASSED] - Statement - If (Glb_EndSearchDate.toString().toLowerCase() == "cr"): null

2018-10-02 15:07:10 - [TEST_STEP][PASSED] - Statement - Glb_ContactId = "1901" + RandomNumber.call(999999): null

2018-10-02 15:07:10 - [MESSAGE][PASSED] - Call Test Case 'Test Cases/TOYOTA/Library_TestCase/Setup_Method_And_Variables - V1' successfully

2018-10-02 15:07:10 - [TEST_STEP][PASSED] - Statement - If (var_Status_OpCode == "true"): Call Test Case 'Test Cases/TOYOTA/Library_TestCase/Toyota_GetServiceOperation_JSON - V2' successfully

2018-10-02 15:07:10 - [TEST_STEP][PASSED] - callTestCase: Call Test Case 'Test Cases/TOYOTA/Library_TestCase/Toyota_GetServiceOperation_JSON - V2' successfully

2018-10-02 15:07:10 - [TEST_CASE][PASSED] - Test Cases/TOYOTA/Library_TestCase/Toyota_GetServiceOperation_JSON - V2: Test Cases/TOYOTA/Library_TestCase/Toyota_GetServiceOperation_JSON - V2

2018-10-02 15:07:10 - [TEST_STEP][PASSED] - Statement - RoundNumber = { java.lang.Float floatnumber -> ... }: null

2018-10-02 15:07:10 - [TEST_STEP][PASSED] - Statement - ServiceType = Glb_ServiceType: null

2018-10-02 15:07:10 - [TEST_STEP][PASSED] - Statement - Filepath = <not implemented yet for class: org.codehaus.groovy.ast.expr.EmptyExpression>: null

2018-10-02 15:07:10 - [TEST_STEP][PASSED] - Statement - If (Glb_ServiceType == "OSB_SERVICE_TYPE_LOGBOOK"): null

2018-10-02 15:07:10 - [TEST_STEP][PASSED] - Statement - Else: null

2018-10-02 15:07:10 - [TEST_STEP][PASSED] - Statement - Filepath = "Data Files/Toyota/OperationCode_ADDITIONAL.csv": null

2018-10-02 15:07:10 - [TEST_STEP][PASSED] - Statement - GetServiceOperation = com.kms.katalon.core.testobject.ObjectRepository.findTestObject(Toyota/GetServiceOperations_JSON, [Dealer_Code:internal.GlobalVariable.Glb_Dealer_Code, Location_Code:internal.GlobalVariable.Glb_Location_Code, VIN:internal.GlobalVariable.Glb_VIN, ... ]): Finding Test Object with id 'Object Repository/Toyota/GetServiceOperations_JSON'

2018-10-02 15:07:10 - [TEST_STEP][PASSED] - Statement - GetServiceOperation.getHttpHeaderProperties().add(new com.kms.katalon.core.testobject.TestObjectProperty(Authorization, com.kms.katalon.core.testobject.ConditionType.EQUALS, (Basic  + internal.GlobalVariable.Glb_Authorization_Token))): null

2018-10-02 15:07:10 - [TEST_STEP][PASSED] - Statement - res_GetServiceOperation = com.kms.katalon.core.webservice.keyword.WSBuiltInKeywords.sendRequest(GetServiceOperation): Send request successfully

2018-10-02 15:07:10 - [MESSAGE][PASSED] - Send request successfully

2018-10-02 15:07:10 - [TEST_STEP][PASSED] - Statement - If (!(Glb_Dealer_Code == "765A")): null

2018-10-02 15:07:10 - [TEST_STEP][PASSED] - verifyResponseStatusCode: Verify response status code successfully

2018-10-02 15:07:10 - [MESSAGE][PASSED] - Verify response status code successfully

2018-10-02 15:07:10 - [TEST_STEP][PASSED] - Statement - res_Text = new groovy.json.JsonSlurper().parseText(response.getResponseText()): null

2018-10-02 15:07:10 - [TEST_STEP][PASSED] - Statement - If (!(ExpectedMessage == "")): null

2018-10-02 15:07:10 - [MESSAGE][PASSED] - Call Test Case 'Test Cases/TOYOTA/Library_TestCase/Toyota_GetServiceOperation_JSON - V2' successfully

2018-10-02 15:07:10 - [TEST_STEP][PASSED] - Statement - If (var_Status_GetOffTime == "true"): null

2018-10-02 15:07:10 - [TEST_STEP][PASSED] - Statement - If (var_Status_PickupTime == "true"): null

2018-10-02 15:07:10 - [TEST_STEP][PASSED] - Statement - If (var_Status_ReservedTimeslot == "true"): null

2018-10-02 15:07:10 - [TEST_STEP][PASSED] - Statement - If (var_Status_GetTransport == "true"): null

2018-10-02 15:07:10 - [TEST_STEP][PASSED] - Statement - If (var_Status_MakeBooking == "true"): null

2018-10-02 15:07:10 - [TEST_STEP][PASSED] - Statement - If (var_Status_SearchBooking == "true"): null

2018-10-02 15:07:10 - [TEST_STEP][PASSED] - Statement - If (var_Status_GetBookingDetail == "true"): null

2018-10-02 15:07:10 - [TEST_STEP][PASSED] - Statement - If (var_Status_ChangeBooking == "true"): null

2018-10-02 15:07:10 - [TEST_STEP][PASSED] - Statement - If (var_Status_CancelBooking == "true"): null]]></system-out>
         <system-err><![CDATA[]]></system-err>
      </testcase>
      <testcase name="Test Cases/TOYOTA/Main_Toyota_TestCase - AllSprints" classname="Test Cases/TOYOTA/Main_Toyota_TestCase - AllSprints" status="PASSED">
         <system-out><![CDATA[2018-10-02 15:07:10 - [TEST_CASE][PASSED] - Test Cases/TOYOTA/Main_Toyota_TestCase - AllSprints: Test Cases/TOYOTA/Main_Toyota_TestCase - AllSprints

2018-10-02 15:07:10 - [TEST_STEP][PASSED] - callTestCase: Call Test Case 'Test Cases/TOYOTA/Library_TestCase/Setup_Method_And_Variables - V1' successfully

2018-10-02 15:07:10 - [TEST_CASE][PASSED] - Test Cases/TOYOTA/Library_TestCase/Setup_Method_And_Variables - V1: Test Cases/TOYOTA/Library_TestCase/Setup_Method_And_Variables - V1

2018-10-02 15:07:10 - [TEST_STEP][PASSED] - Statement - If (!(Setup_Interval == "")): null

2018-10-02 15:07:10 - [TEST_STEP][PASSED] - Statement - If (!(Setup_WorkshopStart == "")): null

2018-10-02 15:07:10 - [TEST_STEP][PASSED] - Statement - If (!(Setup_WorkshopEnd == "")): null

2018-10-02 15:07:10 - [TEST_STEP][PASSED] - Statement - If (!(Setup_Dealer_Code == "")): null

2018-10-02 15:07:10 - [TEST_STEP][PASSED] - Statement - If (!(Setup_Location_Code == "")): null

2018-10-02 15:07:10 - [TEST_STEP][PASSED] - Statement - If (!(Setup_VIN == "")): null

2018-10-02 15:07:10 - [TEST_STEP][PASSED] - Statement - If (!(Setup_REGNumber == "")): null

2018-10-02 15:07:10 - [TEST_STEP][PASSED] - Statement - If (!(Setup_FirstName == "")): null

2018-10-02 15:07:10 - [TEST_STEP][PASSED] - Statement - If (!(Setup_LastName == "")): null

2018-10-02 15:07:10 - [TEST_STEP][PASSED] - Statement - If (!(Setup_TotalPrice == "")): null

2018-10-02 15:07:10 - [TEST_STEP][PASSED] - Statement - If (!(Setup_TotalDuration == "")): null

2018-10-02 15:07:10 - [TEST_STEP][PASSED] - Statement - If (!(Setup_StartDropDate == "")): null

2018-10-02 15:07:10 - [TEST_STEP][PASSED] - Statement - If (!(Setup_EndDropDate == "")): null

2018-10-02 15:07:36 - [TEST_STEP][PASSED] - Statement - If (!(Setup_StartSearchDate == "")): null

2018-10-02 15:07:36 - [TEST_STEP][PASSED] - Statement - If (!(Setup_EndSearchDate == "")): null

2018-10-02 15:07:36 - [TEST_STEP][PASSED] - Statement - If (!(Setup_Duration == "")): null

2018-10-02 15:07:36 - [TEST_STEP][PASSED] - Statement - If (!(Setup_ServiceDate == "")): null

2018-10-02 15:07:36 - [TEST_STEP][PASSED] - Statement - If (!(Setup_StartDropDate == "")): null

2018-10-02 15:07:37 - [TEST_STEP][PASSED] - Statement - If (!(Setup_EndDropDate == "")): null

2018-10-02 15:07:37 - [TEST_STEP][PASSED] - Statement - If (!(Setup_StartSearchDate == "")): null

2018-10-02 15:07:37 - [TEST_STEP][PASSED] - Statement - If (!(Setup_EndSearchDate == "")): null

2018-10-02 15:07:37 - [TEST_STEP][PASSED] - Statement - If (!(Setup_BookingId == "")): null

2018-10-02 15:07:37 - [TEST_STEP][PASSED] - Statement - If (!(Setup_ServiceType == "")): null

2018-10-02 15:07:37 - [TEST_STEP][PASSED] - Statement - SetDate = { java.util.Date current_time, int number_month, int number_day, int number_hour, java.lang.String format_date -> ... }: null

2018-10-02 15:07:37 - [TEST_STEP][PASSED] - Statement - RandomNumber = { int number -> ... }: null

2018-10-02 15:07:37 - [TEST_STEP][PASSED] - Statement - today = new java.util.Date(): null

2018-10-02 15:07:37 - [TEST_STEP][PASSED] - Statement - current_date = today.format("YYYY-MM-dd"): null

2018-10-02 15:07:37 - [TEST_STEP][PASSED] - Statement - Glb_Current_Date = current_date: null

2018-10-02 15:07:37 - [TEST_STEP][PASSED] - Statement - Glb_Current_Hour = SetDate.call(today, 0, 0, 3, "HH:mm"): null

2018-10-02 15:07:37 - [TEST_STEP][PASSED] - Statement - If (Glb_ServiceDate.toString().toLowerCase() == "cr"): null

2018-10-02 15:07:37 - [TEST_STEP][PASSED] - Statement - If (Glb_StartDate.toString().toLowerCase() == "cr"): null

2018-10-02 15:07:37 - [TEST_STEP][PASSED] - Statement - If (Glb_EndDate.toString().toLowerCase() == "cr"): null

2018-10-02 15:07:37 - [TEST_STEP][PASSED] - Statement - If (Glb_StartSearchDate.toString().toLowerCase() == "cr"): null

2018-10-02 15:07:37 - [TEST_STEP][PASSED] - Statement - If (Glb_EndSearchDate.toString().toLowerCase() == "cr"): null

2018-10-02 15:07:37 - [TEST_STEP][PASSED] - Statement - Glb_ContactId = "1901" + RandomNumber.call(999999): null

2018-10-02 15:07:37 - [MESSAGE][PASSED] - Call Test Case 'Test Cases/TOYOTA/Library_TestCase/Setup_Method_And_Variables - V1' successfully

2018-10-02 15:07:37 - [TEST_STEP][PASSED] - Statement - If (var_Status_OpCode == "true"): Call Test Case 'Test Cases/TOYOTA/Library_TestCase/Toyota_GetServiceOperation_JSON - V2' successfully

2018-10-02 15:07:37 - [TEST_STEP][PASSED] - callTestCase: Call Test Case 'Test Cases/TOYOTA/Library_TestCase/Toyota_GetServiceOperation_JSON - V2' successfully

2018-10-02 15:07:37 - [TEST_CASE][PASSED] - Test Cases/TOYOTA/Library_TestCase/Toyota_GetServiceOperation_JSON - V2: Test Cases/TOYOTA/Library_TestCase/Toyota_GetServiceOperation_JSON - V2

2018-10-02 15:07:37 - [TEST_STEP][PASSED] - Statement - RoundNumber = { java.lang.Float floatnumber -> ... }: null

2018-10-02 15:07:37 - [TEST_STEP][PASSED] - Statement - ServiceType = Glb_ServiceType: null

2018-10-02 15:07:37 - [TEST_STEP][PASSED] - Statement - Filepath = <not implemented yet for class: org.codehaus.groovy.ast.expr.EmptyExpression>: null

2018-10-02 15:07:37 - [TEST_STEP][PASSED] - Statement - If (Glb_ServiceType == "OSB_SERVICE_TYPE_LOGBOOK"): null

2018-10-02 15:07:37 - [TEST_STEP][PASSED] - Statement - Else: null

2018-10-02 15:07:37 - [TEST_STEP][PASSED] - Statement - Filepath = "Data Files/Toyota/OperationCode_ADDITIONAL.csv": null

2018-10-02 15:07:37 - [TEST_STEP][PASSED] - Statement - GetServiceOperation = com.kms.katalon.core.testobject.ObjectRepository.findTestObject(Toyota/GetServiceOperations_JSON, [Dealer_Code:internal.GlobalVariable.Glb_Dealer_Code, Location_Code:internal.GlobalVariable.Glb_Location_Code, VIN:internal.GlobalVariable.Glb_VIN, ... ]): Finding Test Object with id 'Object Repository/Toyota/GetServiceOperations_JSON'

2018-10-02 15:07:37 - [TEST_STEP][PASSED] - Statement - GetServiceOperation.getHttpHeaderProperties().add(new com.kms.katalon.core.testobject.TestObjectProperty(Authorization, com.kms.katalon.core.testobject.ConditionType.EQUALS, (Basic  + internal.GlobalVariable.Glb_Authorization_Token))): null

2018-10-02 15:07:37 - [TEST_STEP][PASSED] - Statement - res_GetServiceOperation = com.kms.katalon.core.webservice.keyword.WSBuiltInKeywords.sendRequest(GetServiceOperation): Send request successfully

2018-10-02 15:07:37 - [MESSAGE][PASSED] - Send request successfully

2018-10-02 15:07:37 - [TEST_STEP][PASSED] - Statement - If (!(Glb_Dealer_Code == "765A")): null

2018-10-02 15:07:37 - [TEST_STEP][PASSED] - verifyResponseStatusCode: Verify response status code successfully

2018-10-02 15:07:37 - [MESSAGE][PASSED] - Verify response status code successfully

2018-10-02 15:07:37 - [TEST_STEP][PASSED] - Statement - res_Text = new groovy.json.JsonSlurper().parseText(response.getResponseText()): null

2018-10-02 15:07:37 - [TEST_STEP][PASSED] - Statement - If (!(ExpectedMessage == "")): null

2018-10-02 15:07:37 - [MESSAGE][PASSED] - Call Test Case 'Test Cases/TOYOTA/Library_TestCase/Toyota_GetServiceOperation_JSON - V2' successfully

2018-10-02 15:07:37 - [TEST_STEP][PASSED] - Statement - If (var_Status_GetOffTime == "true"): null

2018-10-02 15:07:37 - [TEST_STEP][PASSED] - Statement - If (var_Status_PickupTime == "true"): null

2018-10-02 15:07:37 - [TEST_STEP][PASSED] - Statement - If (var_Status_ReservedTimeslot == "true"): null

2018-10-02 15:07:37 - [TEST_STEP][PASSED] - Statement - If (var_Status_GetTransport == "true"): null

2018-10-02 15:07:37 - [TEST_STEP][PASSED] - Statement - If (var_Status_MakeBooking == "true"): null

2018-10-02 15:07:37 - [TEST_STEP][PASSED] - Statement - If (var_Status_SearchBooking == "true"): null

2018-10-02 15:07:37 - [TEST_STEP][PASSED] - Statement - If (var_Status_GetBookingDetail == "true"): null

2018-10-02 15:07:37 - [TEST_STEP][PASSED] - Statement - If (var_Status_ChangeBooking == "true"): null

2018-10-02 15:07:37 - [TEST_STEP][PASSED] - Statement - If (var_Status_CancelBooking == "true"): null]]></system-out>
         <system-err><![CDATA[]]></system-err>
      </testcase>
      <testcase name="Test Cases/TOYOTA/Main_Toyota_TestCase - AllSprints" classname="Test Cases/TOYOTA/Main_Toyota_TestCase - AllSprints" status="PASSED">
         <system-out><![CDATA[2018-10-02 15:07:37 - [TEST_CASE][PASSED] - Test Cases/TOYOTA/Main_Toyota_TestCase - AllSprints: Test Cases/TOYOTA/Main_Toyota_TestCase - AllSprints

2018-10-02 15:07:37 - [TEST_STEP][PASSED] - callTestCase: Call Test Case 'Test Cases/TOYOTA/Library_TestCase/Setup_Method_And_Variables - V1' successfully

2018-10-02 15:07:37 - [TEST_CASE][PASSED] - Test Cases/TOYOTA/Library_TestCase/Setup_Method_And_Variables - V1: Test Cases/TOYOTA/Library_TestCase/Setup_Method_And_Variables - V1

2018-10-02 15:07:37 - [TEST_STEP][PASSED] - Statement - If (!(Setup_Interval == "")): null

2018-10-02 15:07:37 - [TEST_STEP][PASSED] - Statement - If (!(Setup_WorkshopStart == "")): null

2018-10-02 15:07:37 - [TEST_STEP][PASSED] - Statement - If (!(Setup_WorkshopEnd == "")): null

2018-10-02 15:07:37 - [TEST_STEP][PASSED] - Statement - If (!(Setup_Dealer_Code == "")): null

2018-10-02 15:07:37 - [TEST_STEP][PASSED] - Statement - If (!(Setup_Location_Code == "")): null

2018-10-02 15:07:37 - [TEST_STEP][PASSED] - Statement - If (!(Setup_VIN == "")): null

2018-10-02 15:07:37 - [TEST_STEP][PASSED] - Statement - If (!(Setup_REGNumber == "")): null

2018-10-02 15:07:37 - [TEST_STEP][PASSED] - Statement - If (!(Setup_FirstName == "")): null

2018-10-02 15:07:37 - [TEST_STEP][PASSED] - Statement - If (!(Setup_LastName == "")): null

2018-10-02 15:07:37 - [TEST_STEP][PASSED] - Statement - If (!(Setup_TotalPrice == "")): null

2018-10-02 15:07:37 - [TEST_STEP][PASSED] - Statement - If (!(Setup_TotalDuration == "")): null

2018-10-02 15:07:37 - [TEST_STEP][PASSED] - Statement - If (!(Setup_StartDropDate == "")): null

2018-10-02 15:07:37 - [TEST_STEP][PASSED] - Statement - If (!(Setup_EndDropDate == "")): null

2018-10-02 15:07:37 - [TEST_STEP][PASSED] - Statement - If (!(Setup_StartSearchDate == "")): null

2018-10-02 15:07:37 - [TEST_STEP][PASSED] - Statement - If (!(Setup_EndSearchDate == "")): null

2018-10-02 15:07:37 - [TEST_STEP][PASSED] - Statement - If (!(Setup_Duration == "")): null

2018-10-02 15:07:37 - [TEST_STEP][PASSED] - Statement - If (!(Setup_ServiceDate == "")): null

2018-10-02 15:07:37 - [TEST_STEP][PASSED] - Statement - If (!(Setup_StartDropDate == "")): null

2018-10-02 15:07:37 - [TEST_STEP][PASSED] - Statement - If (!(Setup_EndDropDate == "")): null

2018-10-02 15:07:37 - [TEST_STEP][PASSED] - Statement - If (!(Setup_StartSearchDate == "")): null

2018-10-02 15:07:37 - [TEST_STEP][PASSED] - Statement - If (!(Setup_EndSearchDate == "")): null

2018-10-02 15:07:37 - [TEST_STEP][PASSED] - Statement - If (!(Setup_BookingId == "")): null

2018-10-02 15:07:37 - [TEST_STEP][PASSED] - Statement - If (!(Setup_ServiceType == "")): null

2018-10-02 15:07:37 - [TEST_STEP][PASSED] - Statement - SetDate = { java.util.Date current_time, int number_month, int number_day, int number_hour, java.lang.String format_date -> ... }: null

2018-10-02 15:07:37 - [TEST_STEP][PASSED] - Statement - RandomNumber = { int number -> ... }: null

2018-10-02 15:07:37 - [TEST_STEP][PASSED] - Statement - today = new java.util.Date(): null

2018-10-02 15:07:37 - [TEST_STEP][PASSED] - Statement - current_date = today.format("YYYY-MM-dd"): null

2018-10-02 15:07:37 - [TEST_STEP][PASSED] - Statement - Glb_Current_Date = current_date: null

2018-10-02 15:07:37 - [TEST_STEP][PASSED] - Statement - Glb_Current_Hour = SetDate.call(today, 0, 0, 3, "HH:mm"): null

2018-10-02 15:07:37 - [TEST_STEP][PASSED] - Statement - If (Glb_ServiceDate.toString().toLowerCase() == "cr"): null

2018-10-02 15:07:37 - [TEST_STEP][PASSED] - Statement - If (Glb_StartDate.toString().toLowerCase() == "cr"): null

2018-10-02 15:07:37 - [TEST_STEP][PASSED] - Statement - If (Glb_EndDate.toString().toLowerCase() == "cr"): null

2018-10-02 15:07:37 - [TEST_STEP][PASSED] - Statement - If (Glb_StartSearchDate.toString().toLowerCase() == "cr"): null

2018-10-02 15:07:37 - [TEST_STEP][PASSED] - Statement - If (Glb_EndSearchDate.toString().toLowerCase() == "cr"): null

2018-10-02 15:07:37 - [TEST_STEP][PASSED] - Statement - Glb_ContactId = "1901" + RandomNumber.call(999999): null

2018-10-02 15:07:37 - [MESSAGE][PASSED] - Call Test Case 'Test Cases/TOYOTA/Library_TestCase/Setup_Method_And_Variables - V1' successfully

2018-10-02 15:07:37 - [TEST_STEP][PASSED] - Statement - If (var_Status_OpCode == "true"): Call Test Case 'Test Cases/TOYOTA/Library_TestCase/Toyota_GetServiceOperation_JSON - V2' successfully

2018-10-02 15:07:37 - [TEST_STEP][PASSED] - callTestCase: Call Test Case 'Test Cases/TOYOTA/Library_TestCase/Toyota_GetServiceOperation_JSON - V2' successfully

2018-10-02 15:07:37 - [TEST_CASE][PASSED] - Test Cases/TOYOTA/Library_TestCase/Toyota_GetServiceOperation_JSON - V2: Test Cases/TOYOTA/Library_TestCase/Toyota_GetServiceOperation_JSON - V2

2018-10-02 15:07:37 - [TEST_STEP][PASSED] - Statement - RoundNumber = { java.lang.Float floatnumber -> ... }: null

2018-10-02 15:07:37 - [TEST_STEP][PASSED] - Statement - ServiceType = Glb_ServiceType: null

2018-10-02 15:07:37 - [TEST_STEP][PASSED] - Statement - Filepath = <not implemented yet for class: org.codehaus.groovy.ast.expr.EmptyExpression>: null

2018-10-02 15:07:37 - [TEST_STEP][PASSED] - Statement - If (Glb_ServiceType == "OSB_SERVICE_TYPE_LOGBOOK"): null

2018-10-02 15:07:37 - [TEST_STEP][PASSED] - Statement - Else: null

2018-10-02 15:07:37 - [TEST_STEP][PASSED] - Statement - Filepath = "Data Files/Toyota/OperationCode_ADDITIONAL.csv": null

2018-10-02 15:07:37 - [TEST_STEP][PASSED] - Statement - GetServiceOperation = com.kms.katalon.core.testobject.ObjectRepository.findTestObject(Toyota/GetServiceOperations_JSON, [Dealer_Code:internal.GlobalVariable.Glb_Dealer_Code, Location_Code:internal.GlobalVariable.Glb_Location_Code, VIN:internal.GlobalVariable.Glb_VIN, ... ]): Finding Test Object with id 'Object Repository/Toyota/GetServiceOperations_JSON'

2018-10-02 15:07:37 - [TEST_STEP][PASSED] - Statement - GetServiceOperation.getHttpHeaderProperties().add(new com.kms.katalon.core.testobject.TestObjectProperty(Authorization, com.kms.katalon.core.testobject.ConditionType.EQUALS, (Basic  + internal.GlobalVariable.Glb_Authorization_Token))): null

2018-10-02 15:07:37 - [TEST_STEP][PASSED] - Statement - res_GetServiceOperation = com.kms.katalon.core.webservice.keyword.WSBuiltInKeywords.sendRequest(GetServiceOperation): Send request successfully

2018-10-02 15:07:37 - [MESSAGE][PASSED] - Send request successfully

2018-10-02 15:07:37 - [TEST_STEP][PASSED] - Statement - If (!(Glb_Dealer_Code == "765A")): null

2018-10-02 15:07:37 - [TEST_STEP][PASSED] - verifyResponseStatusCode: Verify response status code successfully

2018-10-02 15:07:37 - [MESSAGE][PASSED] - Verify response status code successfully

2018-10-02 15:07:37 - [TEST_STEP][PASSED] - Statement - res_Text = new groovy.json.JsonSlurper().parseText(response.getResponseText()): null

2018-10-02 15:07:37 - [TEST_STEP][PASSED] - Statement - If (!(ExpectedMessage == "")): null

2018-10-02 15:07:37 - [MESSAGE][PASSED] - Call Test Case 'Test Cases/TOYOTA/Library_TestCase/Toyota_GetServiceOperation_JSON - V2' successfully

2018-10-02 15:07:37 - [TEST_STEP][PASSED] - Statement - If (var_Status_GetOffTime == "true"): null

2018-10-02 15:07:37 - [TEST_STEP][PASSED] - Statement - If (var_Status_PickupTime == "true"): null

2018-10-02 15:07:37 - [TEST_STEP][PASSED] - Statement - If (var_Status_ReservedTimeslot == "true"): null

2018-10-02 15:07:37 - [TEST_STEP][PASSED] - Statement - If (var_Status_GetTransport == "true"): null

2018-10-02 15:07:37 - [TEST_STEP][PASSED] - Statement - If (var_Status_MakeBooking == "true"): null

2018-10-02 15:07:37 - [TEST_STEP][PASSED] - Statement - If (var_Status_SearchBooking == "true"): null

2018-10-02 15:07:37 - [TEST_STEP][PASSED] - Statement - If (var_Status_GetBookingDetail == "true"): null

2018-10-02 15:07:37 - [TEST_STEP][PASSED] - Statement - If (var_Status_ChangeBooking == "true"): null

2018-10-02 15:07:37 - [TEST_STEP][PASSED] - Statement - If (var_Status_CancelBooking == "true"): null]]></system-out>
         <system-err><![CDATA[]]></system-err>
      </testcase>
      <testcase name="Test Cases/TOYOTA/Main_Toyota_TestCase - AllSprints" classname="Test Cases/TOYOTA/Main_Toyota_TestCase - AllSprints" status="PASSED">
         <system-out><![CDATA[2018-10-02 15:07:37 - [TEST_CASE][PASSED] - Test Cases/TOYOTA/Main_Toyota_TestCase - AllSprints: Test Cases/TOYOTA/Main_Toyota_TestCase - AllSprints

2018-10-02 15:07:37 - [TEST_STEP][PASSED] - callTestCase: Call Test Case 'Test Cases/TOYOTA/Library_TestCase/Setup_Method_And_Variables - V1' successfully

2018-10-02 15:07:37 - [TEST_CASE][PASSED] - Test Cases/TOYOTA/Library_TestCase/Setup_Method_And_Variables - V1: Test Cases/TOYOTA/Library_TestCase/Setup_Method_And_Variables - V1

2018-10-02 15:07:37 - [TEST_STEP][PASSED] - Statement - If (!(Setup_Interval == "")): null

2018-10-02 15:07:37 - [TEST_STEP][PASSED] - Statement - If (!(Setup_WorkshopStart == "")): null

2018-10-02 15:07:37 - [TEST_STEP][PASSED] - Statement - If (!(Setup_WorkshopEnd == "")): null

2018-10-02 15:07:37 - [TEST_STEP][PASSED] - Statement - If (!(Setup_Dealer_Code == "")): null

2018-10-02 15:07:37 - [TEST_STEP][PASSED] - Statement - If (!(Setup_Location_Code == "")): null

2018-10-02 15:07:37 - [TEST_STEP][PASSED] - Statement - If (!(Setup_VIN == "")): null

2018-10-02 15:07:37 - [TEST_STEP][PASSED] - Statement - If (!(Setup_REGNumber == "")): null

2018-10-02 15:07:37 - [TEST_STEP][PASSED] - Statement - If (!(Setup_FirstName == "")): null

2018-10-02 15:07:37 - [TEST_STEP][PASSED] - Statement - If (!(Setup_LastName == "")): null

2018-10-02 15:07:37 - [TEST_STEP][PASSED] - Statement - If (!(Setup_TotalPrice == "")): null

2018-10-02 15:07:37 - [TEST_STEP][PASSED] - Statement - If (!(Setup_TotalDuration == "")): null

2018-10-02 15:07:37 - [TEST_STEP][PASSED] - Statement - If (!(Setup_StartDropDate == "")): null

2018-10-02 15:07:37 - [TEST_STEP][PASSED] - Statement - If (!(Setup_EndDropDate == "")): null

2018-10-02 15:07:37 - [TEST_STEP][PASSED] - Statement - If (!(Setup_StartSearchDate == "")): null

2018-10-02 15:07:37 - [TEST_STEP][PASSED] - Statement - If (!(Setup_EndSearchDate == "")): null

2018-10-02 15:07:37 - [TEST_STEP][PASSED] - Statement - If (!(Setup_Duration == "")): null

2018-10-02 15:07:37 - [TEST_STEP][PASSED] - Statement - If (!(Setup_ServiceDate == "")): null

2018-10-02 15:07:37 - [TEST_STEP][PASSED] - Statement - If (!(Setup_StartDropDate == "")): null

2018-10-02 15:07:37 - [TEST_STEP][PASSED] - Statement - If (!(Setup_EndDropDate == "")): null

2018-10-02 15:07:37 - [TEST_STEP][PASSED] - Statement - If (!(Setup_StartSearchDate == "")): null

2018-10-02 15:07:37 - [TEST_STEP][PASSED] - Statement - If (!(Setup_EndSearchDate == "")): null

2018-10-02 15:07:37 - [TEST_STEP][PASSED] - Statement - If (!(Setup_BookingId == "")): null

2018-10-02 15:07:37 - [TEST_STEP][PASSED] - Statement - If (!(Setup_ServiceType == "")): null

2018-10-02 15:07:37 - [TEST_STEP][PASSED] - Statement - SetDate = { java.util.Date current_time, int number_month, int number_day, int number_hour, java.lang.String format_date -> ... }: null

2018-10-02 15:07:37 - [TEST_STEP][PASSED] - Statement - RandomNumber = { int number -> ... }: null

2018-10-02 15:07:37 - [TEST_STEP][PASSED] - Statement - today = new java.util.Date(): null

2018-10-02 15:07:37 - [TEST_STEP][PASSED] - Statement - current_date = today.format("YYYY-MM-dd"): null

2018-10-02 15:07:37 - [TEST_STEP][PASSED] - Statement - Glb_Current_Date = current_date: null

2018-10-02 15:07:37 - [TEST_STEP][PASSED] - Statement - Glb_Current_Hour = SetDate.call(today, 0, 0, 3, "HH:mm"): null

2018-10-02 15:07:37 - [TEST_STEP][PASSED] - Statement - If (Glb_ServiceDate.toString().toLowerCase() == "cr"): null

2018-10-02 15:07:37 - [TEST_STEP][PASSED] - Statement - If (Glb_StartDate.toString().toLowerCase() == "cr"): null

2018-10-02 15:07:37 - [TEST_STEP][PASSED] - Statement - If (Glb_EndDate.toString().toLowerCase() == "cr"): null

2018-10-02 15:07:37 - [TEST_STEP][PASSED] - Statement - If (Glb_StartSearchDate.toString().toLowerCase() == "cr"): null

2018-10-02 15:07:37 - [TEST_STEP][PASSED] - Statement - If (Glb_EndSearchDate.toString().toLowerCase() == "cr"): null

2018-10-02 15:07:37 - [TEST_STEP][PASSED] - Statement - Glb_ContactId = "1901" + RandomNumber.call(999999): null

2018-10-02 15:07:37 - [MESSAGE][PASSED] - Call Test Case 'Test Cases/TOYOTA/Library_TestCase/Setup_Method_And_Variables - V1' successfully

2018-10-02 15:07:37 - [TEST_STEP][PASSED] - Statement - If (var_Status_OpCode == "true"): Call Test Case 'Test Cases/TOYOTA/Library_TestCase/Toyota_GetServiceOperation_JSON - V2' successfully

2018-10-02 15:07:37 - [TEST_STEP][PASSED] - callTestCase: Call Test Case 'Test Cases/TOYOTA/Library_TestCase/Toyota_GetServiceOperation_JSON - V2' successfully

2018-10-02 15:07:37 - [TEST_CASE][PASSED] - Test Cases/TOYOTA/Library_TestCase/Toyota_GetServiceOperation_JSON - V2: Test Cases/TOYOTA/Library_TestCase/Toyota_GetServiceOperation_JSON - V2

2018-10-02 15:07:37 - [TEST_STEP][PASSED] - Statement - RoundNumber = { java.lang.Float floatnumber -> ... }: null

2018-10-02 15:07:37 - [TEST_STEP][PASSED] - Statement - ServiceType = Glb_ServiceType: null

2018-10-02 15:07:37 - [TEST_STEP][PASSED] - Statement - Filepath = <not implemented yet for class: org.codehaus.groovy.ast.expr.EmptyExpression>: null

2018-10-02 15:07:37 - [TEST_STEP][PASSED] - Statement - If (Glb_ServiceType == "OSB_SERVICE_TYPE_LOGBOOK"): null

2018-10-02 15:07:37 - [TEST_STEP][PASSED] - Statement - Else: null

2018-10-02 15:07:37 - [TEST_STEP][PASSED] - Statement - Filepath = "Data Files/Toyota/OperationCode_ADDITIONAL.csv": null

2018-10-02 15:07:37 - [TEST_STEP][PASSED] - Statement - GetServiceOperation = com.kms.katalon.core.testobject.ObjectRepository.findTestObject(Toyota/GetServiceOperations_JSON, [Dealer_Code:internal.GlobalVariable.Glb_Dealer_Code, Location_Code:internal.GlobalVariable.Glb_Location_Code, VIN:internal.GlobalVariable.Glb_VIN, ... ]): Finding Test Object with id 'Object Repository/Toyota/GetServiceOperations_JSON'

2018-10-02 15:07:37 - [TEST_STEP][PASSED] - Statement - GetServiceOperation.getHttpHeaderProperties().add(new com.kms.katalon.core.testobject.TestObjectProperty(Authorization, com.kms.katalon.core.testobject.ConditionType.EQUALS, (Basic  + internal.GlobalVariable.Glb_Authorization_Token))): null

2018-10-02 15:07:37 - [TEST_STEP][PASSED] - Statement - res_GetServiceOperation = com.kms.katalon.core.webservice.keyword.WSBuiltInKeywords.sendRequest(GetServiceOperation): Send request successfully

2018-10-02 15:07:38 - [MESSAGE][PASSED] - Send request successfully

2018-10-02 15:07:38 - [TEST_STEP][PASSED] - Statement - If (!(Glb_Dealer_Code == "765A")): null

2018-10-02 15:07:38 - [TEST_STEP][PASSED] - verifyResponseStatusCode: Verify response status code successfully

2018-10-02 15:07:38 - [MESSAGE][PASSED] - Verify response status code successfully

2018-10-02 15:07:38 - [TEST_STEP][PASSED] - Statement - res_Text = new groovy.json.JsonSlurper().parseText(response.getResponseText()): null

2018-10-02 15:07:38 - [TEST_STEP][PASSED] - Statement - If (!(ExpectedMessage == "")): null

2018-10-02 15:07:38 - [MESSAGE][PASSED] - Call Test Case 'Test Cases/TOYOTA/Library_TestCase/Toyota_GetServiceOperation_JSON - V2' successfully

2018-10-02 15:07:38 - [TEST_STEP][PASSED] - Statement - If (var_Status_GetOffTime == "true"): null

2018-10-02 15:07:38 - [TEST_STEP][PASSED] - Statement - If (var_Status_PickupTime == "true"): null

2018-10-02 15:07:38 - [TEST_STEP][PASSED] - Statement - If (var_Status_ReservedTimeslot == "true"): null

2018-10-02 15:07:38 - [TEST_STEP][PASSED] - Statement - If (var_Status_GetTransport == "true"): null

2018-10-02 15:07:38 - [TEST_STEP][PASSED] - Statement - If (var_Status_MakeBooking == "true"): null

2018-10-02 15:07:38 - [TEST_STEP][PASSED] - Statement - If (var_Status_SearchBooking == "true"): null

2018-10-02 15:07:38 - [TEST_STEP][PASSED] - Statement - If (var_Status_GetBookingDetail == "true"): null

2018-10-02 15:07:38 - [TEST_STEP][PASSED] - Statement - If (var_Status_ChangeBooking == "true"): null

2018-10-02 15:07:38 - [TEST_STEP][PASSED] - Statement - If (var_Status_CancelBooking == "true"): null]]></system-out>
         <system-err><![CDATA[]]></system-err>
      </testcase>
      <system-out><![CDATA[2018-10-02 15:04:54 - [TEST_SUITE][PASSED] - Sprint_GetOperationCode: Test Cases/TOYOTA/Main_Toyota_TestCase - AllSprints]]></system-out>
      <system-err><![CDATA[]]></system-err>
   </testsuite>
</testsuites>
