<?xml version="1.0" encoding="UTF-8"?>
<testsuites name="Toyota" time="2" tests="2" failures="0" errors="0">
   <testsuite name="Toyota" tests="2" failures="0" errors="0" time="2" timestamp="2018-09-20 11:31:17" hostname="vinh.le - TITAN-V-2001.titandms.local" id="Test Suites/API_Toyota/Toyota">
      <properties>
         <property name="deviceName" value=""/>
         <property name="devicePlatform" value=""/>
         <property name="logFolder" value="C:\\Users\\vinh.le\\git\\TitanAPIKatalon\\Reports\\API_Toyota\\Toyota\\20180920_113116"/>
         <property name="logFiles" value="C:\\Users\\vinh.le\\git\\TitanAPIKatalon\\Reports\\API_Toyota\\Toyota\\20180920_113116\\execution0.log"/>
         <property name="attachments" value=""/>
         <property name="hostName" value="vinh.le - TITAN-V-2001.titandms.local"/>
         <property name="hostAddress" value="192.168.3.19"/>
         <property name="os" value="Windows 10 64bit"/>
         <property name="katalonVersion" value="5.7.1.1"/>
      </properties>
      <testcase name="Test Cases/Toyota_GetDropOffTimes_JSON" classname="Test Cases/Toyota_GetDropOffTimes_JSON" status="PASSED">
         <system-out><![CDATA[2018-09-20 11:31:17 - [TEST_CASE][PASSED] - Test Cases/Toyota_GetDropOffTimes_JSON: Test Cases/Toyota_GetDropOffTimes_JSON

2018-09-20 11:31:17 - [TEST_STEP][PASSED] - Statement - Start_Date = Glb_ServiceDate: null

2018-09-20 11:31:17 - [TEST_STEP][PASSED] - Statement - End_Date = Glb_ServiceDate: null

2018-09-20 11:31:17 - [TEST_STEP][PASSED] - Statement - mainrequest = com.kms.katalon.core.testobject.ObjectRepository.findTestObject(Toyota/GetDropOffTimes_JSON, [Start_Date:Start_Date, End_Date:End_Date, ServiceBay_Type:internal.GlobalVariable.Glb_ServiceBay_Type, Duration_Time:internal.GlobalVariable.Glb_Duration_Time]): Finding Test Object with id 'Object Repository/Toyota/GetDropOffTimes_JSON'

2018-09-20 11:31:17 - [TEST_STEP][PASSED] - Statement - mainrequest.getHttpHeaderProperties().add(new com.kms.katalon.core.testobject.TestObjectProperty(Authorization, com.kms.katalon.core.testobject.ConditionType.EQUALS, (Basic  + internal.GlobalVariable.Glb_Authorization_Token))): null

2018-09-20 11:31:17 - [TEST_STEP][PASSED] - Statement - response = com.kms.katalon.core.webservice.keyword.WSBuiltInKeywords.sendRequest(mainrequest): Send request successfully

2018-09-20 11:31:18 - [MESSAGE][PASSED] - Send request successfully

2018-09-20 11:31:18 - [TEST_STEP][PASSED] - verifyResponseStatusCode: Verify response status code successfully

2018-09-20 11:31:18 - [MESSAGE][PASSED] - Verify response status code successfully

2018-09-20 11:31:18 - [TEST_STEP][PASSED] - verifyElementPropertyValue: Verify element property value successfully

2018-09-20 11:31:18 - [MESSAGE][PASSED] - Verify element property value successfully

2018-09-20 11:31:18 - [TEST_STEP][PASSED] - Statement - realtime_ws = new java.util.Date(): null

2018-09-20 11:31:18 - [TEST_STEP][PASSED] - Statement - Start = Glb_WorkshopStart: null

2018-09-20 11:31:18 - [TEST_STEP][PASSED] - Statement - End = Glb_WorkshopEnd: null

2018-09-20 11:31:18 - [TEST_STEP][PASSED] - Statement - Interval = Glb_Interval: null

2018-09-20 11:31:18 - [TEST_STEP][PASSED] - Statement - Duration = Glb_Duration_Time: null

2018-09-20 11:31:18 - [TEST_STEP][PASSED] - Statement - realtime_ws.set(["hourOfDay":Start, "minute":0]): null

2018-09-20 11:31:18 - [TEST_STEP][PASSED] - Statement - println(realtime_ws.format("HH:mm")): null

2018-09-20 11:31:18 - [TEST_STEP][PASSED] - Statement - time_close_ws = new java.util.Date(): null

2018-09-20 11:31:18 - [TEST_STEP][PASSED] - Statement - time_close_ws.set(["hourOfDay":End - Duration, "minute":0]): null

2018-09-20 11:31:18 - [TEST_STEP][PASSED] - Statement - times = []: null

2018-09-20 11:31:18 - [TEST_STEP][PASSED] - Statement - count = 0: null

2018-09-20 11:31:18 - [TEST_STEP][PASSED] - Statement - While (realtime_ws.before(time_close_ws)): null

2018-09-20 11:31:18 - [TEST_STEP][PASSED] - Statement - times[count] = realtime_ws.format("HH:mm"): null

2018-09-20 11:31:18 - [TEST_STEP][PASSED] - Statement - count = count + 1: null

2018-09-20 11:31:18 - [TEST_STEP][PASSED] - Statement - use(groovy.time.TimeCategory, { -> ... }): null

2018-09-20 11:31:18 - [TEST_STEP][PASSED] - Statement - times[count] = realtime_ws.format("HH:mm"): null

2018-09-20 11:31:18 - [TEST_STEP][PASSED] - Statement - count = count + 1: null

2018-09-20 11:31:18 - [TEST_STEP][PASSED] - Statement - use(groovy.time.TimeCategory, { -> ... }): null

2018-09-20 11:31:18 - [TEST_STEP][PASSED] - Statement - times[count] = realtime_ws.format("HH:mm"): null

2018-09-20 11:31:18 - [TEST_STEP][PASSED] - Statement - count = count + 1: null

2018-09-20 11:31:18 - [TEST_STEP][PASSED] - Statement - use(groovy.time.TimeCategory, { -> ... }): null

2018-09-20 11:31:18 - [TEST_STEP][PASSED] - Statement - times[count] = realtime_ws.format("HH:mm"): null

2018-09-20 11:31:18 - [TEST_STEP][PASSED] - Statement - count = count + 1: null

2018-09-20 11:31:18 - [TEST_STEP][PASSED] - Statement - use(groovy.time.TimeCategory, { -> ... }): null

2018-09-20 11:31:18 - [TEST_STEP][PASSED] - Statement - times[count] = realtime_ws.format("HH:mm"): null

2018-09-20 11:31:18 - [TEST_STEP][PASSED] - Statement - count = count + 1: null

2018-09-20 11:31:18 - [TEST_STEP][PASSED] - Statement - use(groovy.time.TimeCategory, { -> ... }): null

2018-09-20 11:31:18 - [TEST_STEP][PASSED] - Statement - times[count] = realtime_ws.format("HH:mm"): null

2018-09-20 11:31:18 - [TEST_STEP][PASSED] - Statement - count = count + 1: null

2018-09-20 11:31:18 - [TEST_STEP][PASSED] - Statement - use(groovy.time.TimeCategory, { -> ... }): null

2018-09-20 11:31:18 - [TEST_STEP][PASSED] - Statement - times[count] = realtime_ws.format("HH:mm"): null

2018-09-20 11:31:18 - [TEST_STEP][PASSED] - Statement - count = count + 1: null

2018-09-20 11:31:18 - [TEST_STEP][PASSED] - Statement - use(groovy.time.TimeCategory, { -> ... }): null

2018-09-20 11:31:18 - [TEST_STEP][PASSED] - Statement - times[count] = realtime_ws.format("HH:mm"): null

2018-09-20 11:31:18 - [TEST_STEP][PASSED] - Statement - count = count + 1: null

2018-09-20 11:31:18 - [TEST_STEP][PASSED] - Statement - use(groovy.time.TimeCategory, { -> ... }): null

2018-09-20 11:31:18 - [TEST_STEP][PASSED] - Statement - times[count] = realtime_ws.format("HH:mm"): null

2018-09-20 11:31:18 - [TEST_STEP][PASSED] - Statement - count = count + 1: null

2018-09-20 11:31:18 - [TEST_STEP][PASSED] - Statement - use(groovy.time.TimeCategory, { -> ... }): null

2018-09-20 11:31:18 - [TEST_STEP][PASSED] - Statement - times[count] = realtime_ws.format("HH:mm"): null

2018-09-20 11:31:18 - [TEST_STEP][PASSED] - Statement - count = count + 1: null

2018-09-20 11:31:18 - [TEST_STEP][PASSED] - Statement - use(groovy.time.TimeCategory, { -> ... }): null

2018-09-20 11:31:18 - [TEST_STEP][PASSED] - Statement - times[count] = realtime_ws.format("HH:mm"): null

2018-09-20 11:31:18 - [TEST_STEP][PASSED] - Statement - count = count + 1: null

2018-09-20 11:31:18 - [TEST_STEP][PASSED] - Statement - use(groovy.time.TimeCategory, { -> ... }): null

2018-09-20 11:31:18 - [TEST_STEP][PASSED] - Statement - times[count] = realtime_ws.format("HH:mm"): null

2018-09-20 11:31:18 - [TEST_STEP][PASSED] - Statement - count = count + 1: null

2018-09-20 11:31:18 - [TEST_STEP][PASSED] - Statement - use(groovy.time.TimeCategory, { -> ... }): null

2018-09-20 11:31:18 - [TEST_STEP][PASSED] - Statement - times[count] = realtime_ws.format("HH:mm"): null

2018-09-20 11:31:18 - [TEST_STEP][PASSED] - Statement - count = count + 1: null

2018-09-20 11:31:18 - [TEST_STEP][PASSED] - Statement - use(groovy.time.TimeCategory, { -> ... }): null

2018-09-20 11:31:18 - [TEST_STEP][PASSED] - Statement - times[count] = realtime_ws.format("HH:mm"): null

2018-09-20 11:31:18 - [TEST_STEP][PASSED] - Statement - count = count + 1: null

2018-09-20 11:31:18 - [TEST_STEP][PASSED] - Statement - use(groovy.time.TimeCategory, { -> ... }): null

2018-09-20 11:31:18 - [TEST_STEP][PASSED] - Statement - times[count] = realtime_ws.format("HH:mm"): null

2018-09-20 11:31:18 - [TEST_STEP][PASSED] - Statement - count = count + 1: null

2018-09-20 11:31:18 - [TEST_STEP][PASSED] - Statement - use(groovy.time.TimeCategory, { -> ... }): null

2018-09-20 11:31:18 - [TEST_STEP][PASSED] - Statement - times[count] = realtime_ws.format("HH:mm"): null

2018-09-20 11:31:18 - [TEST_STEP][PASSED] - Statement - count = count + 1: null

2018-09-20 11:31:18 - [TEST_STEP][PASSED] - Statement - use(groovy.time.TimeCategory, { -> ... }): null

2018-09-20 11:31:18 - [TEST_STEP][PASSED] - Statement - times[count] = realtime_ws.format("HH:mm"): null

2018-09-20 11:31:18 - [TEST_STEP][PASSED] - Statement - count = count + 1: null

2018-09-20 11:31:18 - [TEST_STEP][PASSED] - Statement - use(groovy.time.TimeCategory, { -> ... }): null

2018-09-20 11:31:18 - [TEST_STEP][PASSED] - Statement - times[count] = realtime_ws.format("HH:mm"): null

2018-09-20 11:31:18 - [TEST_STEP][PASSED] - Statement - count = count + 1: null

2018-09-20 11:31:18 - [TEST_STEP][PASSED] - Statement - use(groovy.time.TimeCategory, { -> ... }): null

2018-09-20 11:31:18 - [TEST_STEP][PASSED] - Statement - times[count] = realtime_ws.format("HH:mm"): null

2018-09-20 11:31:18 - [TEST_STEP][PASSED] - Statement - count = count + 1: null

2018-09-20 11:31:18 - [TEST_STEP][PASSED] - Statement - use(groovy.time.TimeCategory, { -> ... }): null

2018-09-20 11:31:18 - [TEST_STEP][PASSED] - Statement - times[count] = realtime_ws.format("HH:mm"): null

2018-09-20 11:31:18 - [TEST_STEP][PASSED] - Statement - count = count + 1: null

2018-09-20 11:31:18 - [TEST_STEP][PASSED] - Statement - use(groovy.time.TimeCategory, { -> ... }): null

2018-09-20 11:31:18 - [TEST_STEP][PASSED] - Statement - times[count] = realtime_ws.format("HH:mm"): null

2018-09-20 11:31:18 - [TEST_STEP][PASSED] - Statement - count = count + 1: null

2018-09-20 11:31:18 - [TEST_STEP][PASSED] - Statement - use(groovy.time.TimeCategory, { -> ... }): null

2018-09-20 11:31:18 - [TEST_STEP][PASSED] - Statement - times[count] = realtime_ws.format("HH:mm"): null

2018-09-20 11:31:18 - [TEST_STEP][PASSED] - Statement - count = count + 1: null

2018-09-20 11:31:18 - [TEST_STEP][PASSED] - Statement - use(groovy.time.TimeCategory, { -> ... }): null

2018-09-20 11:31:18 - [TEST_STEP][PASSED] - Statement - times[count] = realtime_ws.format("HH:mm"): null

2018-09-20 11:31:18 - [TEST_STEP][PASSED] - Statement - count = count + 1: null

2018-09-20 11:31:18 - [TEST_STEP][PASSED] - Statement - use(groovy.time.TimeCategory, { -> ... }): null

2018-09-20 11:31:18 - [TEST_STEP][PASSED] - Statement - times[count] = realtime_ws.format("HH:mm"): null

2018-09-20 11:31:18 - [TEST_STEP][PASSED] - Statement - count = count + 1: null

2018-09-20 11:31:18 - [TEST_STEP][PASSED] - Statement - use(groovy.time.TimeCategory, { -> ... }): null

2018-09-20 11:31:18 - [TEST_STEP][PASSED] - Statement - times[count] = realtime_ws.format("HH:mm"): null

2018-09-20 11:31:18 - [TEST_STEP][PASSED] - Statement - count = count + 1: null

2018-09-20 11:31:18 - [TEST_STEP][PASSED] - Statement - use(groovy.time.TimeCategory, { -> ... }): null

2018-09-20 11:31:18 - [TEST_STEP][PASSED] - Statement - times[count] = realtime_ws.format("HH:mm"): null

2018-09-20 11:31:18 - [TEST_STEP][PASSED] - Statement - count = count + 1: null

2018-09-20 11:31:18 - [TEST_STEP][PASSED] - Statement - use(groovy.time.TimeCategory, { -> ... }): null

2018-09-20 11:31:18 - [TEST_STEP][PASSED] - Statement - times[count] = realtime_ws.format("HH:mm"): null

2018-09-20 11:31:18 - [TEST_STEP][PASSED] - Statement - count = count + 1: null

2018-09-20 11:31:18 - [TEST_STEP][PASSED] - Statement - use(groovy.time.TimeCategory, { -> ... }): null

2018-09-20 11:31:18 - [TEST_STEP][PASSED] - Statement - times[count] = realtime_ws.format("HH:mm"): null

2018-09-20 11:31:18 - [TEST_STEP][PASSED] - Statement - count = count + 1: null

2018-09-20 11:31:18 - [TEST_STEP][PASSED] - Statement - use(groovy.time.TimeCategory, { -> ... }): null

2018-09-20 11:31:18 - [TEST_STEP][PASSED] - Statement - times[count] = realtime_ws.format("HH:mm"): null

2018-09-20 11:31:18 - [TEST_STEP][PASSED] - Statement - count = count + 1: null

2018-09-20 11:31:18 - [TEST_STEP][PASSED] - Statement - use(groovy.time.TimeCategory, { -> ... }): null

2018-09-20 11:31:18 - [TEST_STEP][PASSED] - Statement - times[count] = realtime_ws.format("HH:mm"): null

2018-09-20 11:31:18 - [TEST_STEP][PASSED] - Statement - count = count + 1: null

2018-09-20 11:31:18 - [TEST_STEP][PASSED] - Statement - use(groovy.time.TimeCategory, { -> ... }): null

2018-09-20 11:31:18 - [TEST_STEP][PASSED] - Statement - times[count] = realtime_ws.format("HH:mm"): null

2018-09-20 11:31:18 - [TEST_STEP][PASSED] - Statement - count = count + 1: null

2018-09-20 11:31:18 - [TEST_STEP][PASSED] - Statement - use(groovy.time.TimeCategory, { -> ... }): null

2018-09-20 11:31:18 - [TEST_STEP][PASSED] - Statement - times[count] = realtime_ws.format("HH:mm"): null

2018-09-20 11:31:18 - [TEST_STEP][PASSED] - Statement - count = count + 1: null

2018-09-20 11:31:18 - [TEST_STEP][PASSED] - Statement - use(groovy.time.TimeCategory, { -> ... }): null

2018-09-20 11:31:18 - [TEST_STEP][PASSED] - Statement - times[count] = realtime_ws.format("HH:mm"): null

2018-09-20 11:31:18 - [TEST_STEP][PASSED] - Statement - count = count + 1: null

2018-09-20 11:31:18 - [TEST_STEP][PASSED] - Statement - use(groovy.time.TimeCategory, { -> ... }): null

2018-09-20 11:31:18 - [TEST_STEP][PASSED] - Statement - For ([j = 0, j < count, (j++)]): Verify element property value successfully

2018-09-20 11:31:18 - [MESSAGE][PASSED] - Verify element property value successfully

2018-09-20 11:31:18 - [MESSAGE][PASSED] - Verify element property value successfully

2018-09-20 11:31:18 - [MESSAGE][PASSED] - Verify element property value successfully

2018-09-20 11:31:18 - [MESSAGE][PASSED] - Verify element property value successfully

2018-09-20 11:31:18 - [MESSAGE][PASSED] - Verify element property value successfully

2018-09-20 11:31:18 - [MESSAGE][PASSED] - Verify element property value successfully

2018-09-20 11:31:18 - [MESSAGE][PASSED] - Verify element property value successfully

2018-09-20 11:31:18 - [MESSAGE][PASSED] - Verify element property value successfully

2018-09-20 11:31:18 - [MESSAGE][PASSED] - Verify element property value successfully

2018-09-20 11:31:18 - [MESSAGE][PASSED] - Verify element property value successfully

2018-09-20 11:31:18 - [MESSAGE][PASSED] - Verify element property value successfully

2018-09-20 11:31:18 - [MESSAGE][PASSED] - Verify element property value successfully

2018-09-20 11:31:18 - [MESSAGE][PASSED] - Verify element property value successfully

2018-09-20 11:31:18 - [MESSAGE][PASSED] - Verify element property value successfully

2018-09-20 11:31:18 - [MESSAGE][PASSED] - Verify element property value successfully

2018-09-20 11:31:18 - [MESSAGE][PASSED] - Verify element property value successfully

2018-09-20 11:31:18 - [MESSAGE][PASSED] - Verify element property value successfully

2018-09-20 11:31:18 - [MESSAGE][PASSED] - Verify element property value successfully

2018-09-20 11:31:18 - [MESSAGE][PASSED] - Verify element property value successfully

2018-09-20 11:31:18 - [MESSAGE][PASSED] - Verify element property value successfully

2018-09-20 11:31:18 - [MESSAGE][PASSED] - Verify element property value successfully

2018-09-20 11:31:18 - [MESSAGE][PASSED] - Verify element property value successfully

2018-09-20 11:31:18 - [MESSAGE][PASSED] - Verify element property value successfully

2018-09-20 11:31:18 - [MESSAGE][PASSED] - Verify element property value successfully

2018-09-20 11:31:18 - [MESSAGE][PASSED] - Verify element property value successfully

2018-09-20 11:31:18 - [MESSAGE][PASSED] - Verify element property value successfully

2018-09-20 11:31:18 - [MESSAGE][PASSED] - Verify element property value successfully

2018-09-20 11:31:18 - [MESSAGE][PASSED] - Verify element property value successfully

2018-09-20 11:31:18 - [MESSAGE][PASSED] - Verify element property value successfully

2018-09-20 11:31:18 - [MESSAGE][PASSED] - Verify element property value successfully

2018-09-20 11:31:18 - [MESSAGE][PASSED] - Verify element property value successfully

2018-09-20 11:31:18 - [MESSAGE][PASSED] - Verify element property value successfully

2018-09-20 11:31:18 - [MESSAGE][PASSED] - Verify element property value successfully]]></system-out>
         <system-err><![CDATA[]]></system-err>
      </testcase>
      <testcase name="Test Cases/Toyota_GetPickUpTimes_JSON" classname="Test Cases/Toyota_GetPickUpTimes_JSON" status="PASSED">
         <system-out><![CDATA[2018-09-20 11:31:18 - [TEST_CASE][PASSED] - Test Cases/Toyota_GetPickUpTimes_JSON: Test Cases/Toyota_GetPickUpTimes_JSON

2018-09-20 11:31:18 - [TEST_STEP][PASSED] - Statement - GetPickupTime = com.kms.katalon.core.testobject.ObjectRepository.findTestObject(Toyota/GetPickUpTimes_JSON, [Service_Date:internal.GlobalVariable.Glb_ServiceDate, Drop_Off_Time:Drop_Off_Time, ServiceBay_Time:internal.GlobalVariable.Glb_ServiceBay_Type, ... ]): Finding Test Object with id 'Object Repository/Toyota/GetPickUpTimes_JSON'

2018-09-20 11:31:18 - [TEST_STEP][PASSED] - Statement - GetPickupTime.getHttpHeaderProperties().add(new com.kms.katalon.core.testobject.TestObjectProperty(Authorization, com.kms.katalon.core.testobject.ConditionType.EQUALS, (Basic  + internal.GlobalVariable.Glb_Authorization_Token))): null

2018-09-20 11:31:18 - [TEST_STEP][PASSED] - Statement - res_GetPickupTime = com.kms.katalon.core.webservice.keyword.WSBuiltInKeywords.sendRequest(GetPickupTime): Send request successfully

2018-09-20 11:31:19 - [MESSAGE][PASSED] - Send request successfully

2018-09-20 11:31:19 - [TEST_STEP][PASSED] - verifyResponseStatusCode: Verify response status code successfully

2018-09-20 11:31:19 - [MESSAGE][PASSED] - Verify response status code successfully

2018-09-20 11:31:19 - [TEST_STEP][PASSED] - verifyElementPropertyValue: Verify element property value successfully

2018-09-20 11:31:19 - [MESSAGE][PASSED] - Verify element property value successfully

2018-09-20 11:31:19 - [TEST_STEP][PASSED] - Statement - realtime_ws = new java.util.Date(): null

2018-09-20 11:31:19 - [TEST_STEP][PASSED] - Statement - Start = Glb_WorkshopStart: null

2018-09-20 11:31:19 - [TEST_STEP][PASSED] - Statement - End = Glb_WorkshopEnd: null

2018-09-20 11:31:19 - [TEST_STEP][PASSED] - Statement - Interval = Glb_Interval: null

2018-09-20 11:31:19 - [TEST_STEP][PASSED] - Statement - Duration = Glb_Duration_Time: null

2018-09-20 11:31:19 - [TEST_STEP][PASSED] - Statement - realtime_ws.set(["hourOfDay":Start + Duration, "minute":0]): null

2018-09-20 11:31:19 - [TEST_STEP][PASSED] - Statement - println(realtime_ws.format("HH:mm")): null

2018-09-20 11:31:19 - [TEST_STEP][PASSED] - Statement - time_close_ws = new java.util.Date(): null

2018-09-20 11:31:19 - [TEST_STEP][PASSED] - Statement - time_close_ws.set(["hourOfDay":End, "minute":0]): null

2018-09-20 11:31:19 - [TEST_STEP][PASSED] - Statement - times = []: null

2018-09-20 11:31:19 - [TEST_STEP][PASSED] - Statement - count = 0: null

2018-09-20 11:31:19 - [TEST_STEP][PASSED] - Statement - While (realtime_ws.before(time_close_ws)): null

2018-09-20 11:31:19 - [TEST_STEP][PASSED] - Statement - times[count] = realtime_ws.format("HH:mm"): null

2018-09-20 11:31:19 - [TEST_STEP][PASSED] - Statement - count = count + 1: null

2018-09-20 11:31:19 - [TEST_STEP][PASSED] - Statement - use(groovy.time.TimeCategory, { -> ... }): null

2018-09-20 11:31:19 - [TEST_STEP][PASSED] - Statement - times[count] = realtime_ws.format("HH:mm"): null

2018-09-20 11:31:19 - [TEST_STEP][PASSED] - Statement - count = count + 1: null

2018-09-20 11:31:19 - [TEST_STEP][PASSED] - Statement - use(groovy.time.TimeCategory, { -> ... }): null

2018-09-20 11:31:19 - [TEST_STEP][PASSED] - Statement - times[count] = realtime_ws.format("HH:mm"): null

2018-09-20 11:31:19 - [TEST_STEP][PASSED] - Statement - count = count + 1: null

2018-09-20 11:31:19 - [TEST_STEP][PASSED] - Statement - use(groovy.time.TimeCategory, { -> ... }): null

2018-09-20 11:31:19 - [TEST_STEP][PASSED] - Statement - times[count] = realtime_ws.format("HH:mm"): null

2018-09-20 11:31:19 - [TEST_STEP][PASSED] - Statement - count = count + 1: null

2018-09-20 11:31:19 - [TEST_STEP][PASSED] - Statement - use(groovy.time.TimeCategory, { -> ... }): null

2018-09-20 11:31:19 - [TEST_STEP][PASSED] - Statement - times[count] = realtime_ws.format("HH:mm"): null

2018-09-20 11:31:19 - [TEST_STEP][PASSED] - Statement - count = count + 1: null

2018-09-20 11:31:19 - [TEST_STEP][PASSED] - Statement - use(groovy.time.TimeCategory, { -> ... }): null

2018-09-20 11:31:19 - [TEST_STEP][PASSED] - Statement - times[count] = realtime_ws.format("HH:mm"): null

2018-09-20 11:31:19 - [TEST_STEP][PASSED] - Statement - count = count + 1: null

2018-09-20 11:31:19 - [TEST_STEP][PASSED] - Statement - use(groovy.time.TimeCategory, { -> ... }): null

2018-09-20 11:31:19 - [TEST_STEP][PASSED] - Statement - times[count] = realtime_ws.format("HH:mm"): null

2018-09-20 11:31:19 - [TEST_STEP][PASSED] - Statement - count = count + 1: null

2018-09-20 11:31:19 - [TEST_STEP][PASSED] - Statement - use(groovy.time.TimeCategory, { -> ... }): null

2018-09-20 11:31:19 - [TEST_STEP][PASSED] - Statement - times[count] = realtime_ws.format("HH:mm"): null

2018-09-20 11:31:19 - [TEST_STEP][PASSED] - Statement - count = count + 1: null

2018-09-20 11:31:19 - [TEST_STEP][PASSED] - Statement - use(groovy.time.TimeCategory, { -> ... }): null

2018-09-20 11:31:19 - [TEST_STEP][PASSED] - Statement - times[count] = realtime_ws.format("HH:mm"): null

2018-09-20 11:31:19 - [TEST_STEP][PASSED] - Statement - count = count + 1: null

2018-09-20 11:31:19 - [TEST_STEP][PASSED] - Statement - use(groovy.time.TimeCategory, { -> ... }): null

2018-09-20 11:31:19 - [TEST_STEP][PASSED] - Statement - times[count] = realtime_ws.format("HH:mm"): null

2018-09-20 11:31:19 - [TEST_STEP][PASSED] - Statement - count = count + 1: null

2018-09-20 11:31:19 - [TEST_STEP][PASSED] - Statement - use(groovy.time.TimeCategory, { -> ... }): null

2018-09-20 11:31:19 - [TEST_STEP][PASSED] - Statement - times[count] = realtime_ws.format("HH:mm"): null

2018-09-20 11:31:19 - [TEST_STEP][PASSED] - Statement - count = count + 1: null

2018-09-20 11:31:19 - [TEST_STEP][PASSED] - Statement - use(groovy.time.TimeCategory, { -> ... }): null

2018-09-20 11:31:19 - [TEST_STEP][PASSED] - Statement - times[count] = realtime_ws.format("HH:mm"): null

2018-09-20 11:31:19 - [TEST_STEP][PASSED] - Statement - count = count + 1: null

2018-09-20 11:31:19 - [TEST_STEP][PASSED] - Statement - use(groovy.time.TimeCategory, { -> ... }): null

2018-09-20 11:31:19 - [TEST_STEP][PASSED] - Statement - times[count] = realtime_ws.format("HH:mm"): null

2018-09-20 11:31:19 - [TEST_STEP][PASSED] - Statement - count = count + 1: null

2018-09-20 11:31:19 - [TEST_STEP][PASSED] - Statement - use(groovy.time.TimeCategory, { -> ... }): null

2018-09-20 11:31:19 - [TEST_STEP][PASSED] - Statement - times[count] = realtime_ws.format("HH:mm"): null

2018-09-20 11:31:19 - [TEST_STEP][PASSED] - Statement - count = count + 1: null

2018-09-20 11:31:19 - [TEST_STEP][PASSED] - Statement - use(groovy.time.TimeCategory, { -> ... }): null

2018-09-20 11:31:19 - [TEST_STEP][PASSED] - Statement - times[count] = realtime_ws.format("HH:mm"): null

2018-09-20 11:31:19 - [TEST_STEP][PASSED] - Statement - count = count + 1: null

2018-09-20 11:31:19 - [TEST_STEP][PASSED] - Statement - use(groovy.time.TimeCategory, { -> ... }): null

2018-09-20 11:31:19 - [TEST_STEP][PASSED] - Statement - times[count] = realtime_ws.format("HH:mm"): null

2018-09-20 11:31:19 - [TEST_STEP][PASSED] - Statement - count = count + 1: null

2018-09-20 11:31:19 - [TEST_STEP][PASSED] - Statement - use(groovy.time.TimeCategory, { -> ... }): null

2018-09-20 11:31:19 - [TEST_STEP][PASSED] - Statement - times[count] = realtime_ws.format("HH:mm"): null

2018-09-20 11:31:19 - [TEST_STEP][PASSED] - Statement - count = count + 1: null

2018-09-20 11:31:19 - [TEST_STEP][PASSED] - Statement - use(groovy.time.TimeCategory, { -> ... }): null

2018-09-20 11:31:19 - [TEST_STEP][PASSED] - Statement - times[count] = realtime_ws.format("HH:mm"): null

2018-09-20 11:31:19 - [TEST_STEP][PASSED] - Statement - count = count + 1: null

2018-09-20 11:31:19 - [TEST_STEP][PASSED] - Statement - use(groovy.time.TimeCategory, { -> ... }): null

2018-09-20 11:31:19 - [TEST_STEP][PASSED] - Statement - times[count] = realtime_ws.format("HH:mm"): null

2018-09-20 11:31:19 - [TEST_STEP][PASSED] - Statement - count = count + 1: null

2018-09-20 11:31:19 - [TEST_STEP][PASSED] - Statement - use(groovy.time.TimeCategory, { -> ... }): null

2018-09-20 11:31:19 - [TEST_STEP][PASSED] - Statement - times[count] = realtime_ws.format("HH:mm"): null

2018-09-20 11:31:19 - [TEST_STEP][PASSED] - Statement - count = count + 1: null

2018-09-20 11:31:19 - [TEST_STEP][PASSED] - Statement - use(groovy.time.TimeCategory, { -> ... }): null

2018-09-20 11:31:19 - [TEST_STEP][PASSED] - Statement - times[count] = realtime_ws.format("HH:mm"): null

2018-09-20 11:31:19 - [TEST_STEP][PASSED] - Statement - count = count + 1: null

2018-09-20 11:31:19 - [TEST_STEP][PASSED] - Statement - use(groovy.time.TimeCategory, { -> ... }): null

2018-09-20 11:31:19 - [TEST_STEP][PASSED] - Statement - times[count] = realtime_ws.format("HH:mm"): null

2018-09-20 11:31:19 - [TEST_STEP][PASSED] - Statement - count = count + 1: null

2018-09-20 11:31:19 - [TEST_STEP][PASSED] - Statement - use(groovy.time.TimeCategory, { -> ... }): null

2018-09-20 11:31:19 - [TEST_STEP][PASSED] - Statement - times[count] = realtime_ws.format("HH:mm"): null

2018-09-20 11:31:19 - [TEST_STEP][PASSED] - Statement - count = count + 1: null

2018-09-20 11:31:19 - [TEST_STEP][PASSED] - Statement - use(groovy.time.TimeCategory, { -> ... }): null

2018-09-20 11:31:19 - [TEST_STEP][PASSED] - Statement - times[count] = realtime_ws.format("HH:mm"): null

2018-09-20 11:31:19 - [TEST_STEP][PASSED] - Statement - count = count + 1: null

2018-09-20 11:31:19 - [TEST_STEP][PASSED] - Statement - use(groovy.time.TimeCategory, { -> ... }): null

2018-09-20 11:31:19 - [TEST_STEP][PASSED] - Statement - times[count] = realtime_ws.format("HH:mm"): null

2018-09-20 11:31:19 - [TEST_STEP][PASSED] - Statement - count = count + 1: null

2018-09-20 11:31:19 - [TEST_STEP][PASSED] - Statement - use(groovy.time.TimeCategory, { -> ... }): null

2018-09-20 11:31:19 - [TEST_STEP][PASSED] - Statement - times[count] = realtime_ws.format("HH:mm"): null

2018-09-20 11:31:19 - [TEST_STEP][PASSED] - Statement - count = count + 1: null

2018-09-20 11:31:19 - [TEST_STEP][PASSED] - Statement - use(groovy.time.TimeCategory, { -> ... }): null

2018-09-20 11:31:19 - [TEST_STEP][PASSED] - Statement - times[count] = realtime_ws.format("HH:mm"): null

2018-09-20 11:31:19 - [TEST_STEP][PASSED] - Statement - count = count + 1: null

2018-09-20 11:31:19 - [TEST_STEP][PASSED] - Statement - use(groovy.time.TimeCategory, { -> ... }): null

2018-09-20 11:31:19 - [TEST_STEP][PASSED] - Statement - times[count] = realtime_ws.format("HH:mm"): null

2018-09-20 11:31:19 - [TEST_STEP][PASSED] - Statement - count = count + 1: null

2018-09-20 11:31:19 - [TEST_STEP][PASSED] - Statement - use(groovy.time.TimeCategory, { -> ... }): null

2018-09-20 11:31:19 - [TEST_STEP][PASSED] - Statement - times[count] = realtime_ws.format("HH:mm"): null

2018-09-20 11:31:19 - [TEST_STEP][PASSED] - Statement - count = count + 1: null

2018-09-20 11:31:19 - [TEST_STEP][PASSED] - Statement - use(groovy.time.TimeCategory, { -> ... }): null

2018-09-20 11:31:19 - [TEST_STEP][PASSED] - Statement - times[count] = realtime_ws.format("HH:mm"): null

2018-09-20 11:31:19 - [TEST_STEP][PASSED] - Statement - count = count + 1: null

2018-09-20 11:31:19 - [TEST_STEP][PASSED] - Statement - use(groovy.time.TimeCategory, { -> ... }): null

2018-09-20 11:31:19 - [TEST_STEP][PASSED] - Statement - times[count] = realtime_ws.format("HH:mm"): null

2018-09-20 11:31:19 - [TEST_STEP][PASSED] - Statement - count = count + 1: null

2018-09-20 11:31:19 - [TEST_STEP][PASSED] - Statement - use(groovy.time.TimeCategory, { -> ... }): null

2018-09-20 11:31:19 - [TEST_STEP][PASSED] - Statement - times[count] = realtime_ws.format("HH:mm"): null

2018-09-20 11:31:19 - [TEST_STEP][PASSED] - Statement - count = count + 1: null

2018-09-20 11:31:19 - [TEST_STEP][PASSED] - Statement - use(groovy.time.TimeCategory, { -> ... }): null

2018-09-20 11:31:19 - [TEST_STEP][PASSED] - Statement - times[count] = realtime_ws.format("HH:mm"): null

2018-09-20 11:31:19 - [TEST_STEP][PASSED] - Statement - count = count + 1: null

2018-09-20 11:31:19 - [TEST_STEP][PASSED] - Statement - use(groovy.time.TimeCategory, { -> ... }): null

2018-09-20 11:31:19 - [TEST_STEP][PASSED] - Statement - For ([j = 0, j < count, (j++)]): Verify element property value successfully

2018-09-20 11:31:19 - [TEST_STEP][PASSED] - verifyElementPropertyValue: Verify element property value successfully

2018-09-20 11:31:19 - [MESSAGE][PASSED] - Verify element property value successfully

2018-09-20 11:31:19 - [TEST_STEP][PASSED] - verifyElementPropertyValue: Verify element property value successfully

2018-09-20 11:31:19 - [MESSAGE][PASSED] - Verify element property value successfully

2018-09-20 11:31:19 - [TEST_STEP][PASSED] - verifyElementPropertyValue: Verify element property value successfully

2018-09-20 11:31:19 - [MESSAGE][PASSED] - Verify element property value successfully

2018-09-20 11:31:19 - [TEST_STEP][PASSED] - verifyElementPropertyValue: Verify element property value successfully

2018-09-20 11:31:19 - [MESSAGE][PASSED] - Verify element property value successfully

2018-09-20 11:31:19 - [TEST_STEP][PASSED] - verifyElementPropertyValue: Verify element property value successfully

2018-09-20 11:31:19 - [MESSAGE][PASSED] - Verify element property value successfully

2018-09-20 11:31:19 - [TEST_STEP][PASSED] - verifyElementPropertyValue: Verify element property value successfully

2018-09-20 11:31:19 - [MESSAGE][PASSED] - Verify element property value successfully

2018-09-20 11:31:19 - [TEST_STEP][PASSED] - verifyElementPropertyValue: Verify element property value successfully

2018-09-20 11:31:19 - [MESSAGE][PASSED] - Verify element property value successfully

2018-09-20 11:31:19 - [TEST_STEP][PASSED] - verifyElementPropertyValue: Verify element property value successfully

2018-09-20 11:31:19 - [MESSAGE][PASSED] - Verify element property value successfully

2018-09-20 11:31:19 - [TEST_STEP][PASSED] - verifyElementPropertyValue: Verify element property value successfully

2018-09-20 11:31:19 - [MESSAGE][PASSED] - Verify element property value successfully

2018-09-20 11:31:19 - [TEST_STEP][PASSED] - verifyElementPropertyValue: Verify element property value successfully

2018-09-20 11:31:19 - [MESSAGE][PASSED] - Verify element property value successfully

2018-09-20 11:31:19 - [TEST_STEP][PASSED] - verifyElementPropertyValue: Verify element property value successfully

2018-09-20 11:31:19 - [MESSAGE][PASSED] - Verify element property value successfully

2018-09-20 11:31:19 - [TEST_STEP][PASSED] - verifyElementPropertyValue: Verify element property value successfully

2018-09-20 11:31:19 - [MESSAGE][PASSED] - Verify element property value successfully

2018-09-20 11:31:19 - [TEST_STEP][PASSED] - verifyElementPropertyValue: Verify element property value successfully

2018-09-20 11:31:19 - [MESSAGE][PASSED] - Verify element property value successfully

2018-09-20 11:31:19 - [TEST_STEP][PASSED] - verifyElementPropertyValue: Verify element property value successfully

2018-09-20 11:31:19 - [MESSAGE][PASSED] - Verify element property value successfully

2018-09-20 11:31:19 - [TEST_STEP][PASSED] - verifyElementPropertyValue: Verify element property value successfully

2018-09-20 11:31:19 - [MESSAGE][PASSED] - Verify element property value successfully

2018-09-20 11:31:19 - [TEST_STEP][PASSED] - verifyElementPropertyValue: Verify element property value successfully

2018-09-20 11:31:19 - [MESSAGE][PASSED] - Verify element property value successfully

2018-09-20 11:31:19 - [TEST_STEP][PASSED] - verifyElementPropertyValue: Verify element property value successfully

2018-09-20 11:31:19 - [MESSAGE][PASSED] - Verify element property value successfully

2018-09-20 11:31:19 - [TEST_STEP][PASSED] - verifyElementPropertyValue: Verify element property value successfully

2018-09-20 11:31:19 - [MESSAGE][PASSED] - Verify element property value successfully

2018-09-20 11:31:19 - [TEST_STEP][PASSED] - verifyElementPropertyValue: Verify element property value successfully

2018-09-20 11:31:19 - [MESSAGE][PASSED] - Verify element property value successfully

2018-09-20 11:31:19 - [TEST_STEP][PASSED] - verifyElementPropertyValue: Verify element property value successfully

2018-09-20 11:31:19 - [MESSAGE][PASSED] - Verify element property value successfully

2018-09-20 11:31:19 - [TEST_STEP][PASSED] - verifyElementPropertyValue: Verify element property value successfully

2018-09-20 11:31:19 - [MESSAGE][PASSED] - Verify element property value successfully

2018-09-20 11:31:19 - [TEST_STEP][PASSED] - verifyElementPropertyValue: Verify element property value successfully

2018-09-20 11:31:19 - [MESSAGE][PASSED] - Verify element property value successfully

2018-09-20 11:31:19 - [TEST_STEP][PASSED] - verifyElementPropertyValue: Verify element property value successfully

2018-09-20 11:31:19 - [MESSAGE][PASSED] - Verify element property value successfully

2018-09-20 11:31:19 - [TEST_STEP][PASSED] - verifyElementPropertyValue: Verify element property value successfully

2018-09-20 11:31:19 - [MESSAGE][PASSED] - Verify element property value successfully

2018-09-20 11:31:19 - [TEST_STEP][PASSED] - verifyElementPropertyValue: Verify element property value successfully

2018-09-20 11:31:19 - [MESSAGE][PASSED] - Verify element property value successfully

2018-09-20 11:31:19 - [TEST_STEP][PASSED] - verifyElementPropertyValue: Verify element property value successfully

2018-09-20 11:31:19 - [MESSAGE][PASSED] - Verify element property value successfully

2018-09-20 11:31:19 - [TEST_STEP][PASSED] - verifyElementPropertyValue: Verify element property value successfully

2018-09-20 11:31:19 - [MESSAGE][PASSED] - Verify element property value successfully

2018-09-20 11:31:19 - [TEST_STEP][PASSED] - verifyElementPropertyValue: Verify element property value successfully

2018-09-20 11:31:19 - [MESSAGE][PASSED] - Verify element property value successfully

2018-09-20 11:31:19 - [TEST_STEP][PASSED] - verifyElementPropertyValue: Verify element property value successfully

2018-09-20 11:31:19 - [MESSAGE][PASSED] - Verify element property value successfully

2018-09-20 11:31:19 - [TEST_STEP][PASSED] - verifyElementPropertyValue: Verify element property value successfully

2018-09-20 11:31:19 - [MESSAGE][PASSED] - Verify element property value successfully

2018-09-20 11:31:19 - [TEST_STEP][PASSED] - verifyElementPropertyValue: Verify element property value successfully

2018-09-20 11:31:19 - [MESSAGE][PASSED] - Verify element property value successfully

2018-09-20 11:31:19 - [TEST_STEP][PASSED] - verifyElementPropertyValue: Verify element property value successfully

2018-09-20 11:31:19 - [MESSAGE][PASSED] - Verify element property value successfully

2018-09-20 11:31:19 - [TEST_STEP][PASSED] - verifyElementPropertyValue: Verify element property value successfully

2018-09-20 11:31:19 - [MESSAGE][PASSED] - Verify element property value successfully]]></system-out>
         <system-err><![CDATA[]]></system-err>
      </testcase>
      <system-out><![CDATA[2018-09-20 11:31:17 - [TEST_SUITE][PASSED] - Toyota: Test Cases/Toyota_GetPickUpTimes_JSON]]></system-out>
      <system-err><![CDATA[]]></system-err>
   </testsuite>
</testsuites>
